Start testing: Jan 29 04:21 UTC
----------------------------------------------------------
1/23 Testing: LabelList.Nominal
1/23 Test: LabelList.Nominal
Command: "/usr/bin/valgrind" "--tool=memcheck" "--leak-check=yes" "--trace-children=no" "/work/hw-nlicea/hw1/hw1_tests/label_tests/label_tests" "--gtest_filter=LabelList.Nominal"
Directory: /work/hw-nlicea/hw1/hw1_tests/label_tests
"LabelList.Nominal" start time: Jan 29 04:21 UTC
Output:
----------------------------------------------------------
==902== Memcheck, a memory error detector
==902== Copyright (C) 2002-2017, and GNU GPL'd, by Julian Seward et al.
==902== Using Valgrind-3.15.0 and LibVEX; rerun with -h for copyright info
==902== Command: /work/hw-nlicea/hw1/hw1_tests/label_tests/label_tests --gtest_filter=LabelList.Nominal
==902== 
Running main() from /build/googletest-j5yxiC/googletest-1.10.0/googletest/src/gtest_main.cc
Note: Google Test filter = LabelList.Nominal
[==========] Running 1 test from 1 test suite.
[----------] Global test environment set-up.
[----------] 1 test from LabelList
[ RUN      ] LabelList.Nominal
==902== Invalid write of size 8
==902==    at 0x13A565: LabelList::label(LabelList::MsgToken const&, std::__cxx11::basic_string<char, std::char_traits<char>, std::allocator<char> > const&) (labellist.cpp:219)
==902==    by 0x11BF1F: LabelList_Nominal_Test::TestBody() (label_tests.cpp:119)
==902==    by 0x16CE80: HandleSehExceptionsInMethodIfSupported<testing::Test, void> (gtest.cc:2433)
==902==    by 0x16CE80: void testing::internal::HandleExceptionsInMethodIfSupported<testing::Test, void>(testing::Test*, void (testing::Test::*)(), char const*) (gtest.cc:2469)
==902==    by 0x160B95: Run (gtest.cc:2508)
==902==    by 0x160B95: testing::Test::Run() (gtest.cc:2498)
==902==    by 0x160CF4: Run (gtest.cc:2684)
==902==    by 0x160CF4: testing::TestInfo::Run() (gtest.cc:2657)
==902==    by 0x160DDC: Run (gtest.cc:2816)
==902==    by 0x160DDC: testing::TestSuite::Run() (gtest.cc:2795)
==902==    by 0x1612FB: testing::internal::UnitTestImpl::RunAllTests() (gtest.cc:5338)
==902==    by 0x16D3F0: HandleSehExceptionsInMethodIfSupported<testing::internal::UnitTestImpl, bool> (gtest.cc:2433)
==902==    by 0x16D3F0: bool testing::internal::HandleExceptionsInMethodIfSupported<testing::internal::UnitTestImpl, bool>(testing::internal::UnitTestImpl*, bool (testing::internal::UnitTestImpl::*)(), char const*) (gtest.cc:2469)
==902==    by 0x16152B: testing::UnitTest::Run() (gtest.cc:4925)
==902==    by 0x118AB3: main (in /work/hw-nlicea/hw1/hw1_tests/label_tests/label_tests)
==902==  Address 0x4ddaca8 is 0 bytes after a block of size 8 alloc'd
==902==    at 0x483BE63: operator new(unsigned long) (in /usr/lib/x86_64-linux-gnu/valgrind/vgpreload_memcheck-amd64-linux.so)
==902==    by 0x13D7A9: __gnu_cxx::new_allocator<LabelList::MsgNode*>::allocate(unsigned long, void const*) (new_allocator.h:114)
==902==    by 0x13D27A: std::allocator_traits<std::allocator<LabelList::MsgNode*> >::allocate(std::allocator<LabelList::MsgNode*>&, unsigned long) (alloc_traits.h:444)
==902==    by 0x13CA27: std::_Vector_base<LabelList::MsgNode*, std::allocator<LabelList::MsgNode*> >::_M_allocate(unsigned long) (stl_vector.h:343)
==902==    by 0x13C66C: void std::vector<LabelList::MsgNode*, std::allocator<LabelList::MsgNode*> >::_M_realloc_insert<LabelList::MsgNode*>(__gnu_cxx::__normal_iterator<LabelList::MsgNode**, std::vector<LabelList::MsgNode*, std::allocator<LabelList::MsgNode*> > >, LabelList::MsgNode*&&) (vector.tcc:440)
==902==    by 0x13BAA5: void std::vector<LabelList::MsgNode*, std::allocator<LabelList::MsgNode*> >::emplace_back<LabelList::MsgNode*>(LabelList::MsgNode*&&) (vector.tcc:121)
==902==    by 0x13B291: std::vector<LabelList::MsgNode*, std::allocator<LabelList::MsgNode*> >::push_back(LabelList::MsgNode*&&) (stl_vector.h:1201)
==902==    by 0x139AC3: LabelList::MsgNode::MsgNode(std::__cxx11::basic_string<char, std::char_traits<char>, std::allocator<char> > const&) (labellist.cpp:11)
==902==    by 0x13A2ED: LabelList::add(std::__cxx11::basic_string<char, std::char_traits<char>, std::allocator<char> > const&) (labellist.cpp:175)
==902==    by 0x11BEC2: LabelList_Nominal_Test::TestBody() (label_tests.cpp:114)
==902==    by 0x16CE80: HandleSehExceptionsInMethodIfSupported<testing::Test, void> (gtest.cc:2433)
==902==    by 0x16CE80: void testing::internal::HandleExceptionsInMethodIfSupported<testing::Test, void>(testing::Test*, void (testing::Test::*)(), char const*) (gtest.cc:2469)
==902==    by 0x160B95: Run (gtest.cc:2508)
==902==    by 0x160B95: testing::Test::Run() (gtest.cc:2498)
==902== 
==902== Invalid write of size 8
==902==    at 0x13A596: LabelList::label(LabelList::MsgToken const&, std::__cxx11::basic_string<char, std::char_traits<char>, std::allocator<char> > const&) (labellist.cpp:220)
==902==    by 0x11BF1F: LabelList_Nominal_Test::TestBody() (label_tests.cpp:119)
==902==    by 0x16CE80: HandleSehExceptionsInMethodIfSupported<testing::Test, void> (gtest.cc:2433)
==902==    by 0x16CE80: void testing::internal::HandleExceptionsInMethodIfSupported<testing::Test, void>(testing::Test*, void (testing::Test::*)(), char const*) (gtest.cc:2469)
==902==    by 0x160B95: Run (gtest.cc:2508)
==902==    by 0x160B95: testing::Test::Run() (gtest.cc:2498)
==902==    by 0x160CF4: Run (gtest.cc:2684)
==902==    by 0x160CF4: testing::TestInfo::Run() (gtest.cc:2657)
==902==    by 0x160DDC: Run (gtest.cc:2816)
==902==    by 0x160DDC: testing::TestSuite::Run() (gtest.cc:2795)
==902==    by 0x1612FB: testing::internal::UnitTestImpl::RunAllTests() (gtest.cc:5338)
==902==    by 0x16D3F0: HandleSehExceptionsInMethodIfSupported<testing::internal::UnitTestImpl, bool> (gtest.cc:2433)
==902==    by 0x16D3F0: bool testing::internal::HandleExceptionsInMethodIfSupported<testing::internal::UnitTestImpl, bool>(testing::internal::UnitTestImpl*, bool (testing::internal::UnitTestImpl::*)(), char const*) (gtest.cc:2469)
==902==    by 0x16152B: testing::UnitTest::Run() (gtest.cc:4925)
==902==    by 0x118AB3: main (in /work/hw-nlicea/hw1/hw1_tests/label_tests/label_tests)
==902==  Address 0x4ddac58 is 0 bytes after a block of size 8 alloc'd
==902==    at 0x483BE63: operator new(unsigned long) (in /usr/lib/x86_64-linux-gnu/valgrind/vgpreload_memcheck-amd64-linux.so)
==902==    by 0x13D7A9: __gnu_cxx::new_allocator<LabelList::MsgNode*>::allocate(unsigned long, void const*) (new_allocator.h:114)
==902==    by 0x13D27A: std::allocator_traits<std::allocator<LabelList::MsgNode*> >::allocate(std::allocator<LabelList::MsgNode*>&, unsigned long) (alloc_traits.h:444)
==902==    by 0x13CA27: std::_Vector_base<LabelList::MsgNode*, std::allocator<LabelList::MsgNode*> >::_M_allocate(unsigned long) (stl_vector.h:343)
==902==    by 0x13C66C: void std::vector<LabelList::MsgNode*, std::allocator<LabelList::MsgNode*> >::_M_realloc_insert<LabelList::MsgNode*>(__gnu_cxx::__normal_iterator<LabelList::MsgNode**, std::vector<LabelList::MsgNode*, std::allocator<LabelList::MsgNode*> > >, LabelList::MsgNode*&&) (vector.tcc:440)
==902==    by 0x13BAA5: void std::vector<LabelList::MsgNode*, std::allocator<LabelList::MsgNode*> >::emplace_back<LabelList::MsgNode*>(LabelList::MsgNode*&&) (vector.tcc:121)
==902==    by 0x13B291: std::vector<LabelList::MsgNode*, std::allocator<LabelList::MsgNode*> >::push_back(LabelList::MsgNode*&&) (stl_vector.h:1201)
==902==    by 0x139AA4: LabelList::MsgNode::MsgNode(std::__cxx11::basic_string<char, std::char_traits<char>, std::allocator<char> > const&) (labellist.cpp:10)
==902==    by 0x13A2ED: LabelList::add(std::__cxx11::basic_string<char, std::char_traits<char>, std::allocator<char> > const&) (labellist.cpp:175)
==902==    by 0x11BEC2: LabelList_Nominal_Test::TestBody() (label_tests.cpp:114)
==902==    by 0x16CE80: HandleSehExceptionsInMethodIfSupported<testing::Test, void> (gtest.cc:2433)
==902==    by 0x16CE80: void testing::internal::HandleExceptionsInMethodIfSupported<testing::Test, void>(testing::Test*, void (testing::Test::*)(), char const*) (gtest.cc:2469)
==902==    by 0x160B95: Run (gtest.cc:2508)
==902==    by 0x160B95: testing::Test::Run() (gtest.cc:2498)
==902== 
==902== Invalid write of size 8
==902==    at 0x13A565: LabelList::label(LabelList::MsgToken const&, std::__cxx11::basic_string<char, std::char_traits<char>, std::allocator<char> > const&) (labellist.cpp:219)
==902==    by 0x11BF8D: LabelList_Nominal_Test::TestBody() (label_tests.cpp:121)
==902==    by 0x16CE80: HandleSehExceptionsInMethodIfSupported<testing::Test, void> (gtest.cc:2433)
==902==    by 0x16CE80: void testing::internal::HandleExceptionsInMethodIfSupported<testing::Test, void>(testing::Test*, void (testing::Test::*)(), char const*) (gtest.cc:2469)
==902==    by 0x160B95: Run (gtest.cc:2508)
==902==    by 0x160B95: testing::Test::Run() (gtest.cc:2498)
==902==    by 0x160CF4: Run (gtest.cc:2684)
==902==    by 0x160CF4: testing::TestInfo::Run() (gtest.cc:2657)
==902==    by 0x160DDC: Run (gtest.cc:2816)
==902==    by 0x160DDC: testing::TestSuite::Run() (gtest.cc:2795)
==902==    by 0x1612FB: testing::internal::UnitTestImpl::RunAllTests() (gtest.cc:5338)
==902==    by 0x16D3F0: HandleSehExceptionsInMethodIfSupported<testing::internal::UnitTestImpl, bool> (gtest.cc:2433)
==902==    by 0x16D3F0: bool testing::internal::HandleExceptionsInMethodIfSupported<testing::internal::UnitTestImpl, bool>(testing::internal::UnitTestImpl*, bool (testing::internal::UnitTestImpl::*)(), char const*) (gtest.cc:2469)
==902==    by 0x16152B: testing::UnitTest::Run() (gtest.cc:4925)
==902==    by 0x118AB3: main (in /work/hw-nlicea/hw1/hw1_tests/label_tests/label_tests)
==902==  Address 0x4ddae60 is 8 bytes after a block of size 8 alloc'd
==902==    at 0x483BE63: operator new(unsigned long) (in /usr/lib/x86_64-linux-gnu/valgrind/vgpreload_memcheck-amd64-linux.so)
==902==    by 0x13D7A9: __gnu_cxx::new_allocator<LabelList::MsgNode*>::allocate(unsigned long, void const*) (new_allocator.h:114)
==902==    by 0x13D27A: std::allocator_traits<std::allocator<LabelList::MsgNode*> >::allocate(std::allocator<LabelList::MsgNode*>&, unsigned long) (alloc_traits.h:444)
==902==    by 0x13CA27: std::_Vector_base<LabelList::MsgNode*, std::allocator<LabelList::MsgNode*> >::_M_allocate(unsigned long) (stl_vector.h:343)
==902==    by 0x13C66C: void std::vector<LabelList::MsgNode*, std::allocator<LabelList::MsgNode*> >::_M_realloc_insert<LabelList::MsgNode*>(__gnu_cxx::__normal_iterator<LabelList::MsgNode**, std::vector<LabelList::MsgNode*, std::allocator<LabelList::MsgNode*> > >, LabelList::MsgNode*&&) (vector.tcc:440)
==902==    by 0x13BAA5: void std::vector<LabelList::MsgNode*, std::allocator<LabelList::MsgNode*> >::emplace_back<LabelList::MsgNode*>(LabelList::MsgNode*&&) (vector.tcc:121)
==902==    by 0x13B291: std::vector<LabelList::MsgNode*, std::allocator<LabelList::MsgNode*> >::push_back(LabelList::MsgNode*&&) (stl_vector.h:1201)
==902==    by 0x139AC3: LabelList::MsgNode::MsgNode(std::__cxx11::basic_string<char, std::char_traits<char>, std::allocator<char> > const&) (labellist.cpp:11)
==902==    by 0x13A2ED: LabelList::add(std::__cxx11::basic_string<char, std::char_traits<char>, std::allocator<char> > const&) (labellist.cpp:175)
==902==    by 0x11BEC2: LabelList_Nominal_Test::TestBody() (label_tests.cpp:114)
==902==    by 0x16CE80: HandleSehExceptionsInMethodIfSupported<testing::Test, void> (gtest.cc:2433)
==902==    by 0x16CE80: void testing::internal::HandleExceptionsInMethodIfSupported<testing::Test, void>(testing::Test*, void (testing::Test::*)(), char const*) (gtest.cc:2469)
==902==    by 0x160B95: Run (gtest.cc:2508)
==902==    by 0x160B95: testing::Test::Run() (gtest.cc:2498)
==902== 
==902== Invalid write of size 8
==902==    at 0x13A596: LabelList::label(LabelList::MsgToken const&, std::__cxx11::basic_string<char, std::char_traits<char>, std::allocator<char> > const&) (labellist.cpp:220)
==902==    by 0x11BF8D: LabelList_Nominal_Test::TestBody() (label_tests.cpp:121)
==902==    by 0x16CE80: HandleSehExceptionsInMethodIfSupported<testing::Test, void> (gtest.cc:2433)
==902==    by 0x16CE80: void testing::internal::HandleExceptionsInMethodIfSupported<testing::Test, void>(testing::Test*, void (testing::Test::*)(), char const*) (gtest.cc:2469)
==902==    by 0x160B95: Run (gtest.cc:2508)
==902==    by 0x160B95: testing::Test::Run() (gtest.cc:2498)
==902==    by 0x160CF4: Run (gtest.cc:2684)
==902==    by 0x160CF4: testing::TestInfo::Run() (gtest.cc:2657)
==902==    by 0x160DDC: Run (gtest.cc:2816)
==902==    by 0x160DDC: testing::TestSuite::Run() (gtest.cc:2795)
==902==    by 0x1612FB: testing::internal::UnitTestImpl::RunAllTests() (gtest.cc:5338)
==902==    by 0x16D3F0: HandleSehExceptionsInMethodIfSupported<testing::internal::UnitTestImpl, bool> (gtest.cc:2433)
==902==    by 0x16D3F0: bool testing::internal::HandleExceptionsInMethodIfSupported<testing::internal::UnitTestImpl, bool>(testing::internal::UnitTestImpl*, bool (testing::internal::UnitTestImpl::*)(), char const*) (gtest.cc:2469)
==902==    by 0x16152B: testing::UnitTest::Run() (gtest.cc:4925)
==902==    by 0x118AB3: main (in /work/hw-nlicea/hw1/hw1_tests/label_tests/label_tests)
==902==  Address 0x4ddae10 is 8 bytes after a block of size 8 alloc'd
==902==    at 0x483BE63: operator new(unsigned long) (in /usr/lib/x86_64-linux-gnu/valgrind/vgpreload_memcheck-amd64-linux.so)
==902==    by 0x13D7A9: __gnu_cxx::new_allocator<LabelList::MsgNode*>::allocate(unsigned long, void const*) (new_allocator.h:114)
==902==    by 0x13D27A: std::allocator_traits<std::allocator<LabelList::MsgNode*> >::allocate(std::allocator<LabelList::MsgNode*>&, unsigned long) (alloc_traits.h:444)
==902==    by 0x13CA27: std::_Vector_base<LabelList::MsgNode*, std::allocator<LabelList::MsgNode*> >::_M_allocate(unsigned long) (stl_vector.h:343)
==902==    by 0x13C66C: void std::vector<LabelList::MsgNode*, std::allocator<LabelList::MsgNode*> >::_M_realloc_insert<LabelList::MsgNode*>(__gnu_cxx::__normal_iterator<LabelList::MsgNode**, std::vector<LabelList::MsgNode*, std::allocator<LabelList::MsgNode*> > >, LabelList::MsgNode*&&) (vector.tcc:440)
==902==    by 0x13BAA5: void std::vector<LabelList::MsgNode*, std::allocator<LabelList::MsgNode*> >::emplace_back<LabelList::MsgNode*>(LabelList::MsgNode*&&) (vector.tcc:121)
==902==    by 0x13B291: std::vector<LabelList::MsgNode*, std::allocator<LabelList::MsgNode*> >::push_back(LabelList::MsgNode*&&) (stl_vector.h:1201)
==902==    by 0x139AA4: LabelList::MsgNode::MsgNode(std::__cxx11::basic_string<char, std::char_traits<char>, std::allocator<char> > const&) (labellist.cpp:10)
==902==    by 0x13A2ED: LabelList::add(std::__cxx11::basic_string<char, std::char_traits<char>, std::allocator<char> > const&) (labellist.cpp:175)
==902==    by 0x11BEC2: LabelList_Nominal_Test::TestBody() (label_tests.cpp:114)
==902==    by 0x16CE80: HandleSehExceptionsInMethodIfSupported<testing::Test, void> (gtest.cc:2433)
==902==    by 0x16CE80: void testing::internal::HandleExceptionsInMethodIfSupported<testing::Test, void>(testing::Test*, void (testing::Test::*)(), char const*) (gtest.cc:2469)
==902==    by 0x160B95: Run (gtest.cc:2508)
==902==    by 0x160B95: testing::Test::Run() (gtest.cc:2498)
==902== 
==902== Invalid write of size 8
==902==    at 0x13A5C2: LabelList::label(LabelList::MsgToken const&, std::__cxx11::basic_string<char, std::char_traits<char>, std::allocator<char> > const&) (labellist.cpp:223)
==902==    by 0x11BFFB: LabelList_Nominal_Test::TestBody() (label_tests.cpp:122)
==902==    by 0x16CE80: HandleSehExceptionsInMethodIfSupported<testing::Test, void> (gtest.cc:2433)
==902==    by 0x16CE80: void testing::internal::HandleExceptionsInMethodIfSupported<testing::Test, void>(testing::Test*, void (testing::Test::*)(), char const*) (gtest.cc:2469)
==902==    by 0x160B95: Run (gtest.cc:2508)
==902==    by 0x160B95: testing::Test::Run() (gtest.cc:2498)
==902==    by 0x160CF4: Run (gtest.cc:2684)
==902==    by 0x160CF4: testing::TestInfo::Run() (gtest.cc:2657)
==902==    by 0x160DDC: Run (gtest.cc:2816)
==902==    by 0x160DDC: testing::TestSuite::Run() (gtest.cc:2795)
==902==    by 0x1612FB: testing::internal::UnitTestImpl::RunAllTests() (gtest.cc:5338)
==902==    by 0x16D3F0: HandleSehExceptionsInMethodIfSupported<testing::internal::UnitTestImpl, bool> (gtest.cc:2433)
==902==    by 0x16D3F0: bool testing::internal::HandleExceptionsInMethodIfSupported<testing::internal::UnitTestImpl, bool>(testing::internal::UnitTestImpl*, bool (testing::internal::UnitTestImpl::*)(), char const*) (gtest.cc:2469)
==902==    by 0x16152B: testing::UnitTest::Run() (gtest.cc:4925)
==902==    by 0x118AB3: main (in /work/hw-nlicea/hw1/hw1_tests/label_tests/label_tests)
==902==  Address 0x4ddb008 is 0 bytes after a block of size 8 alloc'd
==902==    at 0x483BE63: operator new(unsigned long) (in /usr/lib/x86_64-linux-gnu/valgrind/vgpreload_memcheck-amd64-linux.so)
==902==    by 0x13D7A9: __gnu_cxx::new_allocator<LabelList::MsgNode*>::allocate(unsigned long, void const*) (new_allocator.h:114)
==902==    by 0x13D27A: std::allocator_traits<std::allocator<LabelList::MsgNode*> >::allocate(std::allocator<LabelList::MsgNode*>&, unsigned long) (alloc_traits.h:444)
==902==    by 0x13CA27: std::_Vector_base<LabelList::MsgNode*, std::allocator<LabelList::MsgNode*> >::_M_allocate(unsigned long) (stl_vector.h:343)
==902==    by 0x13C66C: void std::vector<LabelList::MsgNode*, std::allocator<LabelList::MsgNode*> >::_M_realloc_insert<LabelList::MsgNode*>(__gnu_cxx::__normal_iterator<LabelList::MsgNode**, std::vector<LabelList::MsgNode*, std::allocator<LabelList::MsgNode*> > >, LabelList::MsgNode*&&) (vector.tcc:440)
==902==    by 0x13BAA5: void std::vector<LabelList::MsgNode*, std::allocator<LabelList::MsgNode*> >::emplace_back<LabelList::MsgNode*>(LabelList::MsgNode*&&) (vector.tcc:121)
==902==    by 0x13B291: std::vector<LabelList::MsgNode*, std::allocator<LabelList::MsgNode*> >::push_back(LabelList::MsgNode*&&) (stl_vector.h:1201)
==902==    by 0x139AC3: LabelList::MsgNode::MsgNode(std::__cxx11::basic_string<char, std::char_traits<char>, std::allocator<char> > const&) (labellist.cpp:11)
==902==    by 0x13A2ED: LabelList::add(std::__cxx11::basic_string<char, std::char_traits<char>, std::allocator<char> > const&) (labellist.cpp:175)
==902==    by 0x11BEC2: LabelList_Nominal_Test::TestBody() (label_tests.cpp:114)
==902==    by 0x16CE80: HandleSehExceptionsInMethodIfSupported<testing::Test, void> (gtest.cc:2433)
==902==    by 0x16CE80: void testing::internal::HandleExceptionsInMethodIfSupported<testing::Test, void>(testing::Test*, void (testing::Test::*)(), char const*) (gtest.cc:2469)
==902==    by 0x160B95: Run (gtest.cc:2508)
==902==    by 0x160B95: testing::Test::Run() (gtest.cc:2498)
==902== 
==902== Invalid write of size 8
==902==    at 0x13A5E0: LabelList::label(LabelList::MsgToken const&, std::__cxx11::basic_string<char, std::char_traits<char>, std::allocator<char> > const&) (labellist.cpp:224)
==902==    by 0x11BFFB: LabelList_Nominal_Test::TestBody() (label_tests.cpp:122)
==902==    by 0x16CE80: HandleSehExceptionsInMethodIfSupported<testing::Test, void> (gtest.cc:2433)
==902==    by 0x16CE80: void testing::internal::HandleExceptionsInMethodIfSupported<testing::Test, void>(testing::Test*, void (testing::Test::*)(), char const*) (gtest.cc:2469)
==902==    by 0x160B95: Run (gtest.cc:2508)
==902==    by 0x160B95: testing::Test::Run() (gtest.cc:2498)
==902==    by 0x160CF4: Run (gtest.cc:2684)
==902==    by 0x160CF4: testing::TestInfo::Run() (gtest.cc:2657)
==902==    by 0x160DDC: Run (gtest.cc:2816)
==902==    by 0x160DDC: testing::TestSuite::Run() (gtest.cc:2795)
==902==    by 0x1612FB: testing::internal::UnitTestImpl::RunAllTests() (gtest.cc:5338)
==902==    by 0x16D3F0: HandleSehExceptionsInMethodIfSupported<testing::internal::UnitTestImpl, bool> (gtest.cc:2433)
==902==    by 0x16D3F0: bool testing::internal::HandleExceptionsInMethodIfSupported<testing::internal::UnitTestImpl, bool>(testing::internal::UnitTestImpl*, bool (testing::internal::UnitTestImpl::*)(), char const*) (gtest.cc:2469)
==902==    by 0x16152B: testing::UnitTest::Run() (gtest.cc:4925)
==902==    by 0x118AB3: main (in /work/hw-nlicea/hw1/hw1_tests/label_tests/label_tests)
==902==  Address 0x4ddafb8 is 0 bytes after a block of size 8 alloc'd
==902==    at 0x483BE63: operator new(unsigned long) (in /usr/lib/x86_64-linux-gnu/valgrind/vgpreload_memcheck-amd64-linux.so)
==902==    by 0x13D7A9: __gnu_cxx::new_allocator<LabelList::MsgNode*>::allocate(unsigned long, void const*) (new_allocator.h:114)
==902==    by 0x13D27A: std::allocator_traits<std::allocator<LabelList::MsgNode*> >::allocate(std::allocator<LabelList::MsgNode*>&, unsigned long) (alloc_traits.h:444)
==902==    by 0x13CA27: std::_Vector_base<LabelList::MsgNode*, std::allocator<LabelList::MsgNode*> >::_M_allocate(unsigned long) (stl_vector.h:343)
==902==    by 0x13C66C: void std::vector<LabelList::MsgNode*, std::allocator<LabelList::MsgNode*> >::_M_realloc_insert<LabelList::MsgNode*>(__gnu_cxx::__normal_iterator<LabelList::MsgNode**, std::vector<LabelList::MsgNode*, std::allocator<LabelList::MsgNode*> > >, LabelList::MsgNode*&&) (vector.tcc:440)
==902==    by 0x13BAA5: void std::vector<LabelList::MsgNode*, std::allocator<LabelList::MsgNode*> >::emplace_back<LabelList::MsgNode*>(LabelList::MsgNode*&&) (vector.tcc:121)
==902==    by 0x13B291: std::vector<LabelList::MsgNode*, std::allocator<LabelList::MsgNode*> >::push_back(LabelList::MsgNode*&&) (stl_vector.h:1201)
==902==    by 0x139AA4: LabelList::MsgNode::MsgNode(std::__cxx11::basic_string<char, std::char_traits<char>, std::allocator<char> > const&) (labellist.cpp:10)
==902==    by 0x13A2ED: LabelList::add(std::__cxx11::basic_string<char, std::char_traits<char>, std::allocator<char> > const&) (labellist.cpp:175)
==902==    by 0x11BEC2: LabelList_Nominal_Test::TestBody() (label_tests.cpp:114)
==902==    by 0x16CE80: HandleSehExceptionsInMethodIfSupported<testing::Test, void> (gtest.cc:2433)
==902==    by 0x16CE80: void testing::internal::HandleExceptionsInMethodIfSupported<testing::Test, void>(testing::Test*, void (testing::Test::*)(), char const*) (gtest.cc:2469)
==902==    by 0x160B95: Run (gtest.cc:2508)
==902==    by 0x160B95: testing::Test::Run() (gtest.cc:2498)
==902== 
==902== Conditional jump or move depends on uninitialised value(s)
==902==    at 0x13EEFA: testing::internal::PrintAsStringLiteralTo(wchar_t, std::ostream*) (gtest-printers.cc:197)
==902==    by 0x13EFA5: PrintAsStringLiteralTo (gtest-printers.cc:212)
==902==    by 0x13EFA5: testing::internal::CharFormat testing::internal::PrintCharsAsStringTo<char>(char const*, unsigned long, std::ostream*) (gtest-printers.cc:281)
==902==    by 0x142066: testing::internal::PrintStringTo(std::__cxx11::basic_string<char, std::char_traits<char>, std::allocator<char> > const&, std::ostream*) (gtest-printers.cc:427)
==902==    by 0x131DC0: testing::internal::PrintTo(std::__cxx11::basic_string<char, std::char_traits<char>, std::allocator<char> > const&, std::ostream*) (gtest-printers.h:595)
==902==    by 0x132AF4: testing::internal::UniversalPrinter<std::__cxx11::basic_string<char, std::char_traits<char>, std::allocator<char> > >::Print(std::__cxx11::basic_string<char, std::char_traits<char>, std::allocator<char> > const&, std::ostream*) (gtest-printers.h:679)
==902==    by 0x132ACA: void testing::internal::UniversalPrint<std::__cxx11::basic_string<char, std::char_traits<char>, std::allocator<char> > >(std::__cxx11::basic_string<char, std::char_traits<char>, std::allocator<char> > const&, std::ostream*) (gtest-printers.h:869)
==902==    by 0x137CE9: testing::internal::UniversalTersePrinter<std::__cxx11::basic_string<char, std::char_traits<char>, std::allocator<char> > >::Print(std::__cxx11::basic_string<char, std::char_traits<char>, std::allocator<char> > const&, std::ostream*) (gtest-printers.h:797)
==902==    by 0x137652: std::__cxx11::basic_string<char, std::char_traits<char>, std::allocator<char> > testing::PrintToString<std::__cxx11::basic_string<char, std::char_traits<char>, std::allocator<char> > >(std::__cxx11::basic_string<char, std::char_traits<char>, std::allocator<char> > const&) (gtest-printers.h:917)
==902==    by 0x136B8E: testing::internal::FormatForComparison<std::__cxx11::basic_string<char, std::char_traits<char>, std::allocator<char> >, std::__cxx11::basic_string<char, std::char_traits<char>, std::allocator<char> > >::Format(std::__cxx11::basic_string<char, std::char_traits<char>, std::allocator<char> > const&) (gtest-printers.h:314)
==902==    by 0x135DCC: std::__cxx11::basic_string<char, std::char_traits<char>, std::allocator<char> > testing::internal::FormatForComparisonFailureMessage<std::__cxx11::basic_string<char, std::char_traits<char>, std::allocator<char> >, std::__cxx11::basic_string<char, std::char_traits<char>, std::allocator<char> > >(std::__cxx11::basic_string<char, std::char_traits<char>, std::allocator<char> > const&, std::__cxx11::basic_string<char, std::char_traits<char>, std::allocator<char> > const&) (gtest-printers.h:379)
==902==    by 0x134E6B: testing::AssertionResult testing::internal::CmpHelperEQFailure<std::__cxx11::basic_string<char, std::char_traits<char>, std::allocator<char> >, std::__cxx11::basic_string<char, std::char_traits<char>, std::allocator<char> > >(char const*, char const*, std::__cxx11::basic_string<char, std::char_traits<char>, std::allocator<char> > const&, std::__cxx11::basic_string<char, std::char_traits<char>, std::allocator<char> > const&) (gtest.h:1511)
==902==    by 0x134085: testing::AssertionResult testing::internal::CmpHelperEQ<std::__cxx11::basic_string<char, std::char_traits<char>, std::allocator<char> >, std::__cxx11::basic_string<char, std::char_traits<char>, std::allocator<char> > >(char const*, char const*, std::__cxx11::basic_string<char, std::char_traits<char>, std::allocator<char> > const&, std::__cxx11::basic_string<char, std::char_traits<char>, std::allocator<char> > const&) (gtest.h:1531)
==902== 
==902== Conditional jump or move depends on uninitialised value(s)
==902==    at 0x13EEFF: testing::internal::PrintAsStringLiteralTo(wchar_t, std::ostream*) (gtest-printers.cc:197)
==902==    by 0x13EFA5: PrintAsStringLiteralTo (gtest-printers.cc:212)
==902==    by 0x13EFA5: testing::internal::CharFormat testing::internal::PrintCharsAsStringTo<char>(char const*, unsigned long, std::ostream*) (gtest-printers.cc:281)
==902==    by 0x142066: testing::internal::PrintStringTo(std::__cxx11::basic_string<char, std::char_traits<char>, std::allocator<char> > const&, std::ostream*) (gtest-printers.cc:427)
==902==    by 0x131DC0: testing::internal::PrintTo(std::__cxx11::basic_string<char, std::char_traits<char>, std::allocator<char> > const&, std::ostream*) (gtest-printers.h:595)
==902==    by 0x132AF4: testing::internal::UniversalPrinter<std::__cxx11::basic_string<char, std::char_traits<char>, std::allocator<char> > >::Print(std::__cxx11::basic_string<char, std::char_traits<char>, std::allocator<char> > const&, std::ostream*) (gtest-printers.h:679)
==902==    by 0x132ACA: void testing::internal::UniversalPrint<std::__cxx11::basic_string<char, std::char_traits<char>, std::allocator<char> > >(std::__cxx11::basic_string<char, std::char_traits<char>, std::allocator<char> > const&, std::ostream*) (gtest-printers.h:869)
==902==    by 0x137CE9: testing::internal::UniversalTersePrinter<std::__cxx11::basic_string<char, std::char_traits<char>, std::allocator<char> > >::Print(std::__cxx11::basic_string<char, std::char_traits<char>, std::allocator<char> > const&, std::ostream*) (gtest-printers.h:797)
==902==    by 0x137652: std::__cxx11::basic_string<char, std::char_traits<char>, std::allocator<char> > testing::PrintToString<std::__cxx11::basic_string<char, std::char_traits<char>, std::allocator<char> > >(std::__cxx11::basic_string<char, std::char_traits<char>, std::allocator<char> > const&) (gtest-printers.h:917)
==902==    by 0x136B8E: testing::internal::FormatForComparison<std::__cxx11::basic_string<char, std::char_traits<char>, std::allocator<char> >, std::__cxx11::basic_string<char, std::char_traits<char>, std::allocator<char> > >::Format(std::__cxx11::basic_string<char, std::char_traits<char>, std::allocator<char> > const&) (gtest-printers.h:314)
==902==    by 0x135DCC: std::__cxx11::basic_string<char, std::char_traits<char>, std::allocator<char> > testing::internal::FormatForComparisonFailureMessage<std::__cxx11::basic_string<char, std::char_traits<char>, std::allocator<char> >, std::__cxx11::basic_string<char, std::char_traits<char>, std::allocator<char> > >(std::__cxx11::basic_string<char, std::char_traits<char>, std::allocator<char> > const&, std::__cxx11::basic_string<char, std::char_traits<char>, std::allocator<char> > const&) (gtest-printers.h:379)
==902==    by 0x134E6B: testing::AssertionResult testing::internal::CmpHelperEQFailure<std::__cxx11::basic_string<char, std::char_traits<char>, std::allocator<char> >, std::__cxx11::basic_string<char, std::char_traits<char>, std::allocator<char> > >(char const*, char const*, std::__cxx11::basic_string<char, std::char_traits<char>, std::allocator<char> > const&, std::__cxx11::basic_string<char, std::char_traits<char>, std::allocator<char> > const&) (gtest.h:1511)
==902==    by 0x134085: testing::AssertionResult testing::internal::CmpHelperEQ<std::__cxx11::basic_string<char, std::char_traits<char>, std::allocator<char> >, std::__cxx11::basic_string<char, std::char_traits<char>, std::allocator<char> > >(char const*, char const*, std::__cxx11::basic_string<char, std::char_traits<char>, std::allocator<char> > const&, std::__cxx11::basic_string<char, std::char_traits<char>, std::allocator<char> > const&) (gtest.h:1531)
==902== 
==902== Conditional jump or move depends on uninitialised value(s)
==902==    at 0x13ED0E: testing::internal::CharFormat testing::internal::PrintAsCharLiteralTo<wchar_t, wchar_t>(wchar_t, std::ostream*) (gtest-printers.cc:148)
==902==    by 0x13EFA5: PrintAsStringLiteralTo (gtest-printers.cc:212)
==902==    by 0x13EFA5: testing::internal::CharFormat testing::internal::PrintCharsAsStringTo<char>(char const*, unsigned long, std::ostream*) (gtest-printers.cc:281)
==902==    by 0x142066: testing::internal::PrintStringTo(std::__cxx11::basic_string<char, std::char_traits<char>, std::allocator<char> > const&, std::ostream*) (gtest-printers.cc:427)
==902==    by 0x131DC0: testing::internal::PrintTo(std::__cxx11::basic_string<char, std::char_traits<char>, std::allocator<char> > const&, std::ostream*) (gtest-printers.h:595)
==902==    by 0x132AF4: testing::internal::UniversalPrinter<std::__cxx11::basic_string<char, std::char_traits<char>, std::allocator<char> > >::Print(std::__cxx11::basic_string<char, std::char_traits<char>, std::allocator<char> > const&, std::ostream*) (gtest-printers.h:679)
==902==    by 0x132ACA: void testing::internal::UniversalPrint<std::__cxx11::basic_string<char, std::char_traits<char>, std::allocator<char> > >(std::__cxx11::basic_string<char, std::char_traits<char>, std::allocator<char> > const&, std::ostream*) (gtest-printers.h:869)
==902==    by 0x137CE9: testing::internal::UniversalTersePrinter<std::__cxx11::basic_string<char, std::char_traits<char>, std::allocator<char> > >::Print(std::__cxx11::basic_string<char, std::char_traits<char>, std::allocator<char> > const&, std::ostream*) (gtest-printers.h:797)
==902==    by 0x137652: std::__cxx11::basic_string<char, std::char_traits<char>, std::allocator<char> > testing::PrintToString<std::__cxx11::basic_string<char, std::char_traits<char>, std::allocator<char> > >(std::__cxx11::basic_string<char, std::char_traits<char>, std::allocator<char> > const&) (gtest-printers.h:917)
==902==    by 0x136B8E: testing::internal::FormatForComparison<std::__cxx11::basic_string<char, std::char_traits<char>, std::allocator<char> >, std::__cxx11::basic_string<char, std::char_traits<char>, std::allocator<char> > >::Format(std::__cxx11::basic_string<char, std::char_traits<char>, std::allocator<char> > const&) (gtest-printers.h:314)
==902==    by 0x135DCC: std::__cxx11::basic_string<char, std::char_traits<char>, std::allocator<char> > testing::internal::FormatForComparisonFailureMessage<std::__cxx11::basic_string<char, std::char_traits<char>, std::allocator<char> >, std::__cxx11::basic_string<char, std::char_traits<char>, std::allocator<char> > >(std::__cxx11::basic_string<char, std::char_traits<char>, std::allocator<char> > const&, std::__cxx11::basic_string<char, std::char_traits<char>, std::allocator<char> > const&) (gtest-printers.h:379)
==902==    by 0x134E6B: testing::AssertionResult testing::internal::CmpHelperEQFailure<std::__cxx11::basic_string<char, std::char_traits<char>, std::allocator<char> >, std::__cxx11::basic_string<char, std::char_traits<char>, std::allocator<char> > >(char const*, char const*, std::__cxx11::basic_string<char, std::char_traits<char>, std::allocator<char> > const&, std::__cxx11::basic_string<char, std::char_traits<char>, std::allocator<char> > const&) (gtest.h:1511)
==902==    by 0x134085: testing::AssertionResult testing::internal::CmpHelperEQ<std::__cxx11::basic_string<char, std::char_traits<char>, std::allocator<char> >, std::__cxx11::basic_string<char, std::char_traits<char>, std::allocator<char> > >(char const*, char const*, std::__cxx11::basic_string<char, std::char_traits<char>, std::allocator<char> > const&, std::__cxx11::basic_string<char, std::char_traits<char>, std::allocator<char> > const&) (gtest.h:1531)
==902== 
==902== Conditional jump or move depends on uninitialised value(s)
==902==    at 0x13ED17: testing::internal::CharFormat testing::internal::PrintAsCharLiteralTo<wchar_t, wchar_t>(wchar_t, std::ostream*) (gtest-printers.cc:148)
==902==    by 0x13EFA5: PrintAsStringLiteralTo (gtest-printers.cc:212)
==902==    by 0x13EFA5: testing::internal::CharFormat testing::internal::PrintCharsAsStringTo<char>(char const*, unsigned long, std::ostream*) (gtest-printers.cc:281)
==902==    by 0x142066: testing::internal::PrintStringTo(std::__cxx11::basic_string<char, std::char_traits<char>, std::allocator<char> > const&, std::ostream*) (gtest-printers.cc:427)
==902==    by 0x131DC0: testing::internal::PrintTo(std::__cxx11::basic_string<char, std::char_traits<char>, std::allocator<char> > const&, std::ostream*) (gtest-printers.h:595)
==902==    by 0x132AF4: testing::internal::UniversalPrinter<std::__cxx11::basic_string<char, std::char_traits<char>, std::allocator<char> > >::Print(std::__cxx11::basic_string<char, std::char_traits<char>, std::allocator<char> > const&, std::ostream*) (gtest-printers.h:679)
==902==    by 0x132ACA: void testing::internal::UniversalPrint<std::__cxx11::basic_string<char, std::char_traits<char>, std::allocator<char> > >(std::__cxx11::basic_string<char, std::char_traits<char>, std::allocator<char> > const&, std::ostream*) (gtest-printers.h:869)
==902==    by 0x137CE9: testing::internal::UniversalTersePrinter<std::__cxx11::basic_string<char, std::char_traits<char>, std::allocator<char> > >::Print(std::__cxx11::basic_string<char, std::char_traits<char>, std::allocator<char> > const&, std::ostream*) (gtest-printers.h:797)
==902==    by 0x137652: std::__cxx11::basic_string<char, std::char_traits<char>, std::allocator<char> > testing::PrintToString<std::__cxx11::basic_string<char, std::char_traits<char>, std::allocator<char> > >(std::__cxx11::basic_string<char, std::char_traits<char>, std::allocator<char> > const&) (gtest-printers.h:917)
==902==    by 0x136B8E: testing::internal::FormatForComparison<std::__cxx11::basic_string<char, std::char_traits<char>, std::allocator<char> >, std::__cxx11::basic_string<char, std::char_traits<char>, std::allocator<char> > >::Format(std::__cxx11::basic_string<char, std::char_traits<char>, std::allocator<char> > const&) (gtest-printers.h:314)
==902==    by 0x135DCC: std::__cxx11::basic_string<char, std::char_traits<char>, std::allocator<char> > testing::internal::FormatForComparisonFailureMessage<std::__cxx11::basic_string<char, std::char_traits<char>, std::allocator<char> >, std::__cxx11::basic_string<char, std::char_traits<char>, std::allocator<char> > >(std::__cxx11::basic_string<char, std::char_traits<char>, std::allocator<char> > const&, std::__cxx11::basic_string<char, std::char_traits<char>, std::allocator<char> > const&) (gtest-printers.h:379)
==902==    by 0x134E6B: testing::AssertionResult testing::internal::CmpHelperEQFailure<std::__cxx11::basic_string<char, std::char_traits<char>, std::allocator<char> >, std::__cxx11::basic_string<char, std::char_traits<char>, std::allocator<char> > >(char const*, char const*, std::__cxx11::basic_string<char, std::char_traits<char>, std::allocator<char> > const&, std::__cxx11::basic_string<char, std::char_traits<char>, std::allocator<char> > const&) (gtest.h:1511)
==902==    by 0x134085: testing::AssertionResult testing::internal::CmpHelperEQ<std::__cxx11::basic_string<char, std::char_traits<char>, std::allocator<char> >, std::__cxx11::basic_string<char, std::char_traits<char>, std::allocator<char> > >(char const*, char const*, std::__cxx11::basic_string<char, std::char_traits<char>, std::allocator<char> > const&, std::__cxx11::basic_string<char, std::char_traits<char>, std::allocator<char> > const&) (gtest.h:1531)
==902== 
==902== Use of uninitialised value of size 8
==902==    at 0x13ED22: testing::internal::CharFormat testing::internal::PrintAsCharLiteralTo<wchar_t, wchar_t>(wchar_t, std::ostream*) (gtest-printers.cc:148)
==902==    by 0x13EFA5: PrintAsStringLiteralTo (gtest-printers.cc:212)
==902==    by 0x13EFA5: testing::internal::CharFormat testing::internal::PrintCharsAsStringTo<char>(char const*, unsigned long, std::ostream*) (gtest-printers.cc:281)
==902==    by 0x142066: testing::internal::PrintStringTo(std::__cxx11::basic_string<char, std::char_traits<char>, std::allocator<char> > const&, std::ostream*) (gtest-printers.cc:427)
==902==    by 0x131DC0: testing::internal::PrintTo(std::__cxx11::basic_string<char, std::char_traits<char>, std::allocator<char> > const&, std::ostream*) (gtest-printers.h:595)
==902==    by 0x132AF4: testing::internal::UniversalPrinter<std::__cxx11::basic_string<char, std::char_traits<char>, std::allocator<char> > >::Print(std::__cxx11::basic_string<char, std::char_traits<char>, std::allocator<char> > const&, std::ostream*) (gtest-printers.h:679)
==902==    by 0x132ACA: void testing::internal::UniversalPrint<std::__cxx11::basic_string<char, std::char_traits<char>, std::allocator<char> > >(std::__cxx11::basic_string<char, std::char_traits<char>, std::allocator<char> > const&, std::ostream*) (gtest-printers.h:869)
==902==    by 0x137CE9: testing::internal::UniversalTersePrinter<std::__cxx11::basic_string<char, std::char_traits<char>, std::allocator<char> > >::Print(std::__cxx11::basic_string<char, std::char_traits<char>, std::allocator<char> > const&, std::ostream*) (gtest-printers.h:797)
==902==    by 0x137652: std::__cxx11::basic_string<char, std::char_traits<char>, std::allocator<char> > testing::PrintToString<std::__cxx11::basic_string<char, std::char_traits<char>, std::allocator<char> > >(std::__cxx11::basic_string<char, std::char_traits<char>, std::allocator<char> > const&) (gtest-printers.h:917)
==902==    by 0x136B8E: testing::internal::FormatForComparison<std::__cxx11::basic_string<char, std::char_traits<char>, std::allocator<char> >, std::__cxx11::basic_string<char, std::char_traits<char>, std::allocator<char> > >::Format(std::__cxx11::basic_string<char, std::char_traits<char>, std::allocator<char> > const&) (gtest-printers.h:314)
==902==    by 0x135DCC: std::__cxx11::basic_string<char, std::char_traits<char>, std::allocator<char> > testing::internal::FormatForComparisonFailureMessage<std::__cxx11::basic_string<char, std::char_traits<char>, std::allocator<char> >, std::__cxx11::basic_string<char, std::char_traits<char>, std::allocator<char> > >(std::__cxx11::basic_string<char, std::char_traits<char>, std::allocator<char> > const&, std::__cxx11::basic_string<char, std::char_traits<char>, std::allocator<char> > const&) (gtest-printers.h:379)
==902==    by 0x134E6B: testing::AssertionResult testing::internal::CmpHelperEQFailure<std::__cxx11::basic_string<char, std::char_traits<char>, std::allocator<char> >, std::__cxx11::basic_string<char, std::char_traits<char>, std::allocator<char> > >(char const*, char const*, std::__cxx11::basic_string<char, std::char_traits<char>, std::allocator<char> > const&, std::__cxx11::basic_string<char, std::char_traits<char>, std::allocator<char> > const&) (gtest.h:1511)
==902==    by 0x134085: testing::AssertionResult testing::internal::CmpHelperEQ<std::__cxx11::basic_string<char, std::char_traits<char>, std::allocator<char> >, std::__cxx11::basic_string<char, std::char_traits<char>, std::allocator<char> > >(char const*, char const*, std::__cxx11::basic_string<char, std::char_traits<char>, std::allocator<char> > const&, std::__cxx11::basic_string<char, std::char_traits<char>, std::allocator<char> > const&) (gtest.h:1531)
==902== 
==902== Invalid read of size 1
==902==    at 0x13EF95: testing::internal::CharFormat testing::internal::PrintCharsAsStringTo<char>(char const*, unsigned long, std::ostream*) (gtest-printers.cc:273)
==902==    by 0x142066: testing::internal::PrintStringTo(std::__cxx11::basic_string<char, std::char_traits<char>, std::allocator<char> > const&, std::ostream*) (gtest-printers.cc:427)
==902==    by 0x131DC0: testing::internal::PrintTo(std::__cxx11::basic_string<char, std::char_traits<char>, std::allocator<char> > const&, std::ostream*) (gtest-printers.h:595)
==902==    by 0x132AF4: testing::internal::UniversalPrinter<std::__cxx11::basic_string<char, std::char_traits<char>, std::allocator<char> > >::Print(std::__cxx11::basic_string<char, std::char_traits<char>, std::allocator<char> > const&, std::ostream*) (gtest-printers.h:679)
==902==    by 0x132ACA: void testing::internal::UniversalPrint<std::__cxx11::basic_string<char, std::char_traits<char>, std::allocator<char> > >(std::__cxx11::basic_string<char, std::char_traits<char>, std::allocator<char> > const&, std::ostream*) (gtest-printers.h:869)
==902==    by 0x137CE9: testing::internal::UniversalTersePrinter<std::__cxx11::basic_string<char, std::char_traits<char>, std::allocator<char> > >::Print(std::__cxx11::basic_string<char, std::char_traits<char>, std::allocator<char> > const&, std::ostream*) (gtest-printers.h:797)
==902==    by 0x137652: std::__cxx11::basic_string<char, std::char_traits<char>, std::allocator<char> > testing::PrintToString<std::__cxx11::basic_string<char, std::char_traits<char>, std::allocator<char> > >(std::__cxx11::basic_string<char, std::char_traits<char>, std::allocator<char> > const&) (gtest-printers.h:917)
==902==    by 0x136B8E: testing::internal::FormatForComparison<std::__cxx11::basic_string<char, std::char_traits<char>, std::allocator<char> >, std::__cxx11::basic_string<char, std::char_traits<char>, std::allocator<char> > >::Format(std::__cxx11::basic_string<char, std::char_traits<char>, std::allocator<char> > const&) (gtest-printers.h:314)
==902==    by 0x135DCC: std::__cxx11::basic_string<char, std::char_traits<char>, std::allocator<char> > testing::internal::FormatForComparisonFailureMessage<std::__cxx11::basic_string<char, std::char_traits<char>, std::allocator<char> >, std::__cxx11::basic_string<char, std::char_traits<char>, std::allocator<char> > >(std::__cxx11::basic_string<char, std::char_traits<char>, std::allocator<char> > const&, std::__cxx11::basic_string<char, std::char_traits<char>, std::allocator<char> > const&) (gtest-printers.h:379)
==902==    by 0x134E6B: testing::AssertionResult testing::internal::CmpHelperEQFailure<std::__cxx11::basic_string<char, std::char_traits<char>, std::allocator<char> >, std::__cxx11::basic_string<char, std::char_traits<char>, std::allocator<char> > >(char const*, char const*, std::__cxx11::basic_string<char, std::char_traits<char>, std::allocator<char> > const&, std::__cxx11::basic_string<char, std::char_traits<char>, std::allocator<char> > const&) (gtest.h:1511)
==902==    by 0x134085: testing::AssertionResult testing::internal::CmpHelperEQ<std::__cxx11::basic_string<char, std::char_traits<char>, std::allocator<char> >, std::__cxx11::basic_string<char, std::char_traits<char>, std::allocator<char> > >(char const*, char const*, std::__cxx11::basic_string<char, std::char_traits<char>, std::allocator<char> > const&, std::__cxx11::basic_string<char, std::char_traits<char>, std::allocator<char> > const&) (gtest.h:1531)
==902==    by 0x133269: testing::AssertionResult testing::internal::EqHelper::Compare<std::__cxx11::basic_string<char, std::char_traits<char>, std::allocator<char> >, std::__cxx11::basic_string<char, std::char_traits<char>, std::allocator<char> >, (void*)0>(char const*, char const*, std::__cxx11::basic_string<char, std::char_traits<char>, std::allocator<char> > const&, std::__cxx11::basic_string<char, std::char_traits<char>, std::allocator<char> > const&) (gtest.h:1554)
==902==  Address 0x4ddb200 is 0 bytes after a block of size 32 alloc'd
==902==    at 0x483BE63: operator new(unsigned long) (in /usr/lib/x86_64-linux-gnu/valgrind/vgpreload_memcheck-amd64-linux.so)
==902==    by 0x13D7A9: __gnu_cxx::new_allocator<LabelList::MsgNode*>::allocate(unsigned long, void const*) (new_allocator.h:114)
==902==    by 0x13D27A: std::allocator_traits<std::allocator<LabelList::MsgNode*> >::allocate(std::allocator<LabelList::MsgNode*>&, unsigned long) (alloc_traits.h:444)
==902==    by 0x13CA27: std::_Vector_base<LabelList::MsgNode*, std::allocator<LabelList::MsgNode*> >::_M_allocate(unsigned long) (stl_vector.h:343)
==902==    by 0x13BE20: void std::vector<LabelList::MsgNode*, std::allocator<LabelList::MsgNode*> >::_M_realloc_insert<LabelList::MsgNode* const&>(__gnu_cxx::__normal_iterator<LabelList::MsgNode**, std::vector<LabelList::MsgNode*, std::allocator<LabelList::MsgNode*> > >, LabelList::MsgNode* const&) (vector.tcc:440)
==902==    by 0x13B511: std::vector<LabelList::MsgNode*, std::allocator<LabelList::MsgNode*> >::push_back(LabelList::MsgNode* const&) (stl_vector.h:1195)
==902==    by 0x13A53A: LabelList::label(LabelList::MsgToken const&, std::__cxx11::basic_string<char, std::char_traits<char>, std::allocator<char> > const&) (labellist.cpp:218)
==902==    by 0x11BF8D: LabelList_Nominal_Test::TestBody() (label_tests.cpp:121)
==902==    by 0x16CE80: HandleSehExceptionsInMethodIfSupported<testing::Test, void> (gtest.cc:2433)
==902==    by 0x16CE80: void testing::internal::HandleExceptionsInMethodIfSupported<testing::Test, void>(testing::Test*, void (testing::Test::*)(), char const*) (gtest.cc:2469)
==902==    by 0x160B95: Run (gtest.cc:2508)
==902==    by 0x160B95: testing::Test::Run() (gtest.cc:2498)
==902==    by 0x160CF4: Run (gtest.cc:2684)
==902==    by 0x160CF4: testing::TestInfo::Run() (gtest.cc:2657)
==902==    by 0x160DDC: Run (gtest.cc:2816)
==902==    by 0x160DDC: testing::TestSuite::Run() (gtest.cc:2795)
==902== 
==902== Invalid read of size 1
==902==    at 0x13EFB0: IsXDigit (gtest-port.h:1930)
==902==    by 0x13EFB0: testing::internal::CharFormat testing::internal::PrintCharsAsStringTo<char>(char const*, unsigned long, std::ostream*) (gtest-printers.cc:275)
==902==    by 0x142066: testing::internal::PrintStringTo(std::__cxx11::basic_string<char, std::char_traits<char>, std::allocator<char> > const&, std::ostream*) (gtest-printers.cc:427)
==902==    by 0x131DC0: testing::internal::PrintTo(std::__cxx11::basic_string<char, std::char_traits<char>, std::allocator<char> > const&, std::ostream*) (gtest-printers.h:595)
==902==    by 0x132AF4: testing::internal::UniversalPrinter<std::__cxx11::basic_string<char, std::char_traits<char>, std::allocator<char> > >::Print(std::__cxx11::basic_string<char, std::char_traits<char>, std::allocator<char> > const&, std::ostream*) (gtest-printers.h:679)
==902==    by 0x132ACA: void testing::internal::UniversalPrint<std::__cxx11::basic_string<char, std::char_traits<char>, std::allocator<char> > >(std::__cxx11::basic_string<char, std::char_traits<char>, std::allocator<char> > const&, std::ostream*) (gtest-printers.h:869)
==902==    by 0x137CE9: testing::internal::UniversalTersePrinter<std::__cxx11::basic_string<char, std::char_traits<char>, std::allocator<char> > >::Print(std::__cxx11::basic_string<char, std::char_traits<char>, std::allocator<char> > const&, std::ostream*) (gtest-printers.h:797)
==902==    by 0x137652: std::__cxx11::basic_string<char, std::char_traits<char>, std::allocator<char> > testing::PrintToString<std::__cxx11::basic_string<char, std::char_traits<char>, std::allocator<char> > >(std::__cxx11::basic_string<char, std::char_traits<char>, std::allocator<char> > const&) (gtest-printers.h:917)
==902==    by 0x136B8E: testing::internal::FormatForComparison<std::__cxx11::basic_string<char, std::char_traits<char>, std::allocator<char> >, std::__cxx11::basic_string<char, std::char_traits<char>, std::allocator<char> > >::Format(std::__cxx11::basic_string<char, std::char_traits<char>, std::allocator<char> > const&) (gtest-printers.h:314)
==902==    by 0x135DCC: std::__cxx11::basic_string<char, std::char_traits<char>, std::allocator<char> > testing::internal::FormatForComparisonFailureMessage<std::__cxx11::basic_string<char, std::char_traits<char>, std::allocator<char> >, std::__cxx11::basic_string<char, std::char_traits<char>, std::allocator<char> > >(std::__cxx11::basic_string<char, std::char_traits<char>, std::allocator<char> > const&, std::__cxx11::basic_string<char, std::char_traits<char>, std::allocator<char> > const&) (gtest-printers.h:379)
==902==    by 0x134E6B: testing::AssertionResult testing::internal::CmpHelperEQFailure<std::__cxx11::basic_string<char, std::char_traits<char>, std::allocator<char> >, std::__cxx11::basic_string<char, std::char_traits<char>, std::allocator<char> > >(char const*, char const*, std::__cxx11::basic_string<char, std::char_traits<char>, std::allocator<char> > const&, std::__cxx11::basic_string<char, std::char_traits<char>, std::allocator<char> > const&) (gtest.h:1511)
==902==    by 0x134085: testing::AssertionResult testing::internal::CmpHelperEQ<std::__cxx11::basic_string<char, std::char_traits<char>, std::allocator<char> >, std::__cxx11::basic_string<char, std::char_traits<char>, std::allocator<char> > >(char const*, char const*, std::__cxx11::basic_string<char, std::char_traits<char>, std::allocator<char> > const&, std::__cxx11::basic_string<char, std::char_traits<char>, std::allocator<char> > const&) (gtest.h:1531)
==902==    by 0x133269: testing::AssertionResult testing::internal::EqHelper::Compare<std::__cxx11::basic_string<char, std::char_traits<char>, std::allocator<char> >, std::__cxx11::basic_string<char, std::char_traits<char>, std::allocator<char> >, (void*)0>(char const*, char const*, std::__cxx11::basic_string<char, std::char_traits<char>, std::allocator<char> > const&, std::__cxx11::basic_string<char, std::char_traits<char>, std::allocator<char> > const&) (gtest.h:1554)
==902==  Address 0x4ddb222 is 30 bytes before a block of size 528 in arena "client"
==902== 
==902== 
==902== More than 10000000 total errors detected.  I'm not reporting any more.
==902== Final error counts will be inaccurate.  Go fix your program!
==902== Rerun with --error-limit=no to disable this cutoff.  Note
==902== that errors may occur in your program without prior warning from
==902== Valgrind, because errors are no longer being displayed.
==902== 
==902== 
==902== Process terminating with default action of signal 11 (SIGSEGV)
==902==  Access not within mapped region at address 0x5E70749
==902==    at 0x13EF95: testing::internal::CharFormat testing::internal::PrintCharsAsStringTo<char>(char const*, unsigned long, std::ostream*) (gtest-printers.cc:273)
==902==    by 0x142066: testing::internal::PrintStringTo(std::__cxx11::basic_string<char, std::char_traits<char>, std::allocator<char> > const&, std::ostream*) (gtest-printers.cc:427)
==902==    by 0x131DC0: testing::internal::PrintTo(std::__cxx11::basic_string<char, std::char_traits<char>, std::allocator<char> > const&, std::ostream*) (gtest-printers.h:595)
==902==    by 0x132AF4: testing::internal::UniversalPrinter<std::__cxx11::basic_string<char, std::char_traits<char>, std::allocator<char> > >::Print(std::__cxx11::basic_string<char, std::char_traits<char>, std::allocator<char> > const&, std::ostream*) (gtest-printers.h:679)
==902==    by 0x132ACA: void testing::internal::UniversalPrint<std::__cxx11::basic_string<char, std::char_traits<char>, std::allocator<char> > >(std::__cxx11::basic_string<char, std::char_traits<char>, std::allocator<char> > const&, std::ostream*) (gtest-printers.h:869)
==902==    by 0x137CE9: testing::internal::UniversalTersePrinter<std::__cxx11::basic_string<char, std::char_traits<char>, std::allocator<char> > >::Print(std::__cxx11::basic_string<char, std::char_traits<char>, std::allocator<char> > const&, std::ostream*) (gtest-printers.h:797)
==902==    by 0x137652: std::__cxx11::basic_string<char, std::char_traits<char>, std::allocator<char> > testing::PrintToString<std::__cxx11::basic_string<char, std::char_traits<char>, std::allocator<char> > >(std::__cxx11::basic_string<char, std::char_traits<char>, std::allocator<char> > const&) (gtest-printers.h:917)
==902==    by 0x136B8E: testing::internal::FormatForComparison<std::__cxx11::basic_string<char, std::char_traits<char>, std::allocator<char> >, std::__cxx11::basic_string<char, std::char_traits<char>, std::allocator<char> > >::Format(std::__cxx11::basic_string<char, std::char_traits<char>, std::allocator<char> > const&) (gtest-printers.h:314)
==902==    by 0x135DCC: std::__cxx11::basic_string<char, std::char_traits<char>, std::allocator<char> > testing::internal::FormatForComparisonFailureMessage<std::__cxx11::basic_string<char, std::char_traits<char>, std::allocator<char> >, std::__cxx11::basic_string<char, std::char_traits<char>, std::allocator<char> > >(std::__cxx11::basic_string<char, std::char_traits<char>, std::allocator<char> > const&, std::__cxx11::basic_string<char, std::char_traits<char>, std::allocator<char> > const&) (gtest-printers.h:379)
==902==    by 0x134E6B: testing::AssertionResult testing::internal::CmpHelperEQFailure<std::__cxx11::basic_string<char, std::char_traits<char>, std::allocator<char> >, std::__cxx11::basic_string<char, std::char_traits<char>, std::allocator<char> > >(char const*, char const*, std::__cxx11::basic_string<char, std::char_traits<char>, std::allocator<char> > const&, std::__cxx11::basic_string<char, std::char_traits<char>, std::allocator<char> > const&) (gtest.h:1511)
==902==    by 0x134085: testing::AssertionResult testing::internal::CmpHelperEQ<std::__cxx11::basic_string<char, std::char_traits<char>, std::allocator<char> >, std::__cxx11::basic_string<char, std::char_traits<char>, std::allocator<char> > >(char const*, char const*, std::__cxx11::basic_string<char, std::char_traits<char>, std::allocator<char> > const&, std::__cxx11::basic_string<char, std::char_traits<char>, std::allocator<char> > const&) (gtest.h:1531)
==902==    by 0x133269: testing::AssertionResult testing::internal::EqHelper::Compare<std::__cxx11::basic_string<char, std::char_traits<char>, std::allocator<char> >, std::__cxx11::basic_string<char, std::char_traits<char>, std::allocator<char> >, (void*)0>(char const*, char const*, std::__cxx11::basic_string<char, std::char_traits<char>, std::allocator<char> > const&, std::__cxx11::basic_string<char, std::char_traits<char>, std::allocator<char> > const&) (gtest.h:1554)
==902==  If you believe this happened as a result of a stack
==902==  overflow in your program's main thread (unlikely but
==902==  possible), you can try to increase the size of the
==902==  main thread stack using the --main-stacksize= flag.
==902==  The main thread stack size used in this run was 8388608.
==902== 
==902== HEAP SUMMARY:
==902==     in use at exit: 67,120,691 bytes in 125 blocks
==902==   total heap usage: 431 allocs, 306 frees, 134,344,600 bytes allocated
==902== 
==902== LEAK SUMMARY:
==902==    definitely lost: 0 bytes in 0 blocks
==902==    indirectly lost: 0 bytes in 0 blocks
==902==      possibly lost: 0 bytes in 0 blocks
==902==    still reachable: 67,120,691 bytes in 125 blocks
==902==         suppressed: 0 bytes in 0 blocks
==902== Reachable blocks (those to which a pointer was found) are not shown.
==902== To see them, rerun with: --leak-check=full --show-leak-kinds=all
==902== 
==902== Use --track-origins=yes to see where uninitialised values come from
==902== For lists of detected and suppressed errors, rerun with: -s
==902== ERROR SUMMARY: 10000000 errors from 13 contexts (suppressed: 0 from 0)
<end of output>
Test time =  18.26 sec
----------------------------------------------------------
Test Failed.
"LabelList.Nominal" end time: Jan 29 04:22 UTC
"LabelList.Nominal" time elapsed: 00:00:18
----------------------------------------------------------

2/23 Testing: EmptyList.EmptyAndSize
2/23 Test: EmptyList.EmptyAndSize
Command: "/usr/bin/valgrind" "--tool=memcheck" "--leak-check=yes" "--trace-children=no" "/work/hw-nlicea/hw1/hw1_tests/label_tests/label_tests" "--gtest_filter=EmptyList.EmptyAndSize"
Directory: /work/hw-nlicea/hw1/hw1_tests/label_tests
"EmptyList.EmptyAndSize" start time: Jan 29 04:22 UTC
Output:
----------------------------------------------------------
==903== Memcheck, a memory error detector
==903== Copyright (C) 2002-2017, and GNU GPL'd, by Julian Seward et al.
==903== Using Valgrind-3.15.0 and LibVEX; rerun with -h for copyright info
==903== Command: /work/hw-nlicea/hw1/hw1_tests/label_tests/label_tests --gtest_filter=EmptyList.EmptyAndSize
==903== 
Running main() from /build/googletest-j5yxiC/googletest-1.10.0/googletest/src/gtest_main.cc
Note: Google Test filter = EmptyList.EmptyAndSize
[==========] Running 1 test from 1 test suite.
[----------] Global test environment set-up.
[----------] 1 test from EmptyList
[ RUN      ] EmptyList.EmptyAndSize
/work/hw-nlicea/hw1/hw1_tests/label_tests/label_tests.cpp:144: Failure
Expected equality of these values:
  true
  list1.empty()
    Which is: true
[  FAILED  ] EmptyList.EmptyAndSize (36 ms)
[----------] 1 test from EmptyList (42 ms total)

[----------] Global test environment tear-down
[==========] 1 test from 1 test suite ran. (59 ms total)
[  PASSED  ] 0 tests.
[  FAILED  ] 1 test, listed below:
[  FAILED  ] EmptyList.EmptyAndSize

 1 FAILED TEST
==903== 
==903== HEAP SUMMARY:
==903==     in use at exit: 0 bytes in 0 blocks
==903==   total heap usage: 446 allocs, 446 frees, 136,749 bytes allocated
==903== 
==903== All heap blocks were freed -- no leaks are possible
==903== 
==903== For lists of detected and suppressed errors, rerun with: -s
==903== ERROR SUMMARY: 0 errors from 0 contexts (suppressed: 0 from 0)
<end of output>
Test time =   0.89 sec
----------------------------------------------------------
Test Failed.
"EmptyList.EmptyAndSize" end time: Jan 29 04:22 UTC
"EmptyList.EmptyAndSize" time elapsed: 00:00:00
----------------------------------------------------------

3/23 Testing: EmptyList.OperationsOnEmptyList
3/23 Test: EmptyList.OperationsOnEmptyList
Command: "/usr/bin/valgrind" "--tool=memcheck" "--leak-check=yes" "--trace-children=no" "/work/hw-nlicea/hw1/hw1_tests/label_tests/label_tests" "--gtest_filter=EmptyList.OperationsOnEmptyList"
Directory: /work/hw-nlicea/hw1/hw1_tests/label_tests
"EmptyList.OperationsOnEmptyList" start time: Jan 29 04:22 UTC
Output:
----------------------------------------------------------
==904== Memcheck, a memory error detector
==904== Copyright (C) 2002-2017, and GNU GPL'd, by Julian Seward et al.
==904== Using Valgrind-3.15.0 and LibVEX; rerun with -h for copyright info
==904== Command: /work/hw-nlicea/hw1/hw1_tests/label_tests/label_tests --gtest_filter=EmptyList.OperationsOnEmptyList
==904== 
Running main() from /build/googletest-j5yxiC/googletest-1.10.0/googletest/src/gtest_main.cc
Note: Google Test filter = EmptyList.OperationsOnEmptyList
[==========] Running 1 test from 1 test suite.
[----------] Global test environment set-up.
[----------] 1 test from EmptyList
[ RUN      ] EmptyList.OperationsOnEmptyList
==904== Invalid read of size 2
==904==    at 0x4842B30: memmove (in /usr/lib/x86_64-linux-gnu/valgrind/vgpreload_memcheck-amd64-linux.so)
==904==    by 0x49B3B27: std::basic_streambuf<char, std::char_traits<char> >::xsputn(char const*, long) (in /usr/lib/x86_64-linux-gnu/libstdc++.so.6.0.28)
==904==    by 0x49A5823: std::basic_ostream<char, std::char_traits<char> >& std::__ostream_insert<char, std::char_traits<char> >(std::basic_ostream<char, std::char_traits<char> >&, char const*, long) (in /usr/lib/x86_64-linux-gnu/libstdc++.so.6.0.28)
==904==    by 0x139F33: operator<<(std::ostream&, LabelList::MsgToken const&) (labellist.cpp:116)
==904==    by 0x1383AE: void testing_internal::DefaultPrintNonContainerTo<LabelList::MsgToken>(LabelList::MsgToken const&, std::ostream*) (gtest-printers.h:287)
==904==    by 0x138330: void testing::internal::DefaultPrintTo<LabelList::MsgToken>(testing::internal::WrapPrinterType<(testing::internal::DefaultPrinterType)3>, LabelList::MsgToken const&, std::ostream*) (gtest-printers.h:468)
==904==    by 0x138240: void testing::internal::PrintTo<LabelList::MsgToken>(LabelList::MsgToken const&, std::ostream*) (gtest-printers.h:503)
==904==    by 0x1380C9: testing::internal::UniversalPrinter<LabelList::MsgToken>::Print(LabelList::MsgToken const&, std::ostream*) (gtest-printers.h:679)
==904==    by 0x137F54: void testing::internal::UniversalPrint<LabelList::MsgToken>(LabelList::MsgToken const&, std::ostream*) (gtest-printers.h:869)
==904==    by 0x137D13: testing::internal::UniversalTersePrinter<LabelList::MsgToken>::Print(LabelList::MsgToken const&, std::ostream*) (gtest-printers.h:797)
==904==    by 0x13771D: std::__cxx11::basic_string<char, std::char_traits<char>, std::allocator<char> > testing::PrintToString<LabelList::MsgToken>(LabelList::MsgToken const&) (gtest-printers.h:917)
==904==    by 0x136BDE: testing::internal::FormatForComparison<LabelList::MsgToken, LabelList::MsgToken>::Format[abi:cxx11](LabelList::MsgToken const&) (gtest-printers.h:314)
==904==  Address 0x4ddaab8 is 0 bytes after a block of size 8 alloc'd
==904==    at 0x483BE63: operator new(unsigned long) (in /usr/lib/x86_64-linux-gnu/valgrind/vgpreload_memcheck-amd64-linux.so)
==904==    by 0x13D7A9: __gnu_cxx::new_allocator<LabelList::MsgNode*>::allocate(unsigned long, void const*) (new_allocator.h:114)
==904==    by 0x13D27A: std::allocator_traits<std::allocator<LabelList::MsgNode*> >::allocate(std::allocator<LabelList::MsgNode*>&, unsigned long) (alloc_traits.h:444)
==904==    by 0x13CA27: std::_Vector_base<LabelList::MsgNode*, std::allocator<LabelList::MsgNode*> >::_M_allocate(unsigned long) (stl_vector.h:343)
==904==    by 0x13BC60: void std::vector<LabelList::MsgNode*, std::allocator<LabelList::MsgNode*> >::_M_range_initialize<LabelList::MsgNode* const*>(LabelList::MsgNode* const*, LabelList::MsgNode* const*, std::forward_iterator_tag) (stl_vector.h:1579)
==904==    by 0x13B435: std::vector<LabelList::MsgNode*, std::allocator<LabelList::MsgNode*> >::vector(std::initializer_list<LabelList::MsgNode*>, std::allocator<LabelList::MsgNode*> const&) (stl_vector.h:626)
==904==    by 0x139FA7: LabelList::LabelList() (labellist.cpp:125)
==904==    by 0x11D3C2: EmptyList_OperationsOnEmptyList_Test::TestBody() (label_tests.cpp:149)
==904==    by 0x16CE80: HandleSehExceptionsInMethodIfSupported<testing::Test, void> (gtest.cc:2433)
==904==    by 0x16CE80: void testing::internal::HandleExceptionsInMethodIfSupported<testing::Test, void>(testing::Test*, void (testing::Test::*)(), char const*) (gtest.cc:2469)
==904==    by 0x160B95: Run (gtest.cc:2508)
==904==    by 0x160B95: testing::Test::Run() (gtest.cc:2498)
==904==    by 0x160CF4: Run (gtest.cc:2684)
==904==    by 0x160CF4: testing::TestInfo::Run() (gtest.cc:2657)
==904==    by 0x160DDC: Run (gtest.cc:2816)
==904==    by 0x160DDC: testing::TestSuite::Run() (gtest.cc:2795)
==904== 
==904== Invalid read of size 2
==904==    at 0x4842B3F: memmove (in /usr/lib/x86_64-linux-gnu/valgrind/vgpreload_memcheck-amd64-linux.so)
==904==    by 0x49B3B27: std::basic_streambuf<char, std::char_traits<char> >::xsputn(char const*, long) (in /usr/lib/x86_64-linux-gnu/libstdc++.so.6.0.28)
==904==    by 0x49A5823: std::basic_ostream<char, std::char_traits<char> >& std::__ostream_insert<char, std::char_traits<char> >(std::basic_ostream<char, std::char_traits<char> >&, char const*, long) (in /usr/lib/x86_64-linux-gnu/libstdc++.so.6.0.28)
==904==    by 0x139F33: operator<<(std::ostream&, LabelList::MsgToken const&) (labellist.cpp:116)
==904==    by 0x1383AE: void testing_internal::DefaultPrintNonContainerTo<LabelList::MsgToken>(LabelList::MsgToken const&, std::ostream*) (gtest-printers.h:287)
==904==    by 0x138330: void testing::internal::DefaultPrintTo<LabelList::MsgToken>(testing::internal::WrapPrinterType<(testing::internal::DefaultPrinterType)3>, LabelList::MsgToken const&, std::ostream*) (gtest-printers.h:468)
==904==    by 0x138240: void testing::internal::PrintTo<LabelList::MsgToken>(LabelList::MsgToken const&, std::ostream*) (gtest-printers.h:503)
==904==    by 0x1380C9: testing::internal::UniversalPrinter<LabelList::MsgToken>::Print(LabelList::MsgToken const&, std::ostream*) (gtest-printers.h:679)
==904==    by 0x137F54: void testing::internal::UniversalPrint<LabelList::MsgToken>(LabelList::MsgToken const&, std::ostream*) (gtest-printers.h:869)
==904==    by 0x137D13: testing::internal::UniversalTersePrinter<LabelList::MsgToken>::Print(LabelList::MsgToken const&, std::ostream*) (gtest-printers.h:797)
==904==    by 0x13771D: std::__cxx11::basic_string<char, std::char_traits<char>, std::allocator<char> > testing::PrintToString<LabelList::MsgToken>(LabelList::MsgToken const&) (gtest-printers.h:917)
==904==    by 0x136BDE: testing::internal::FormatForComparison<LabelList::MsgToken, LabelList::MsgToken>::Format[abi:cxx11](LabelList::MsgToken const&) (gtest-printers.h:314)
==904==  Address 0x4ddaabc is 4 bytes after a block of size 8 alloc'd
==904==    at 0x483BE63: operator new(unsigned long) (in /usr/lib/x86_64-linux-gnu/valgrind/vgpreload_memcheck-amd64-linux.so)
==904==    by 0x13D7A9: __gnu_cxx::new_allocator<LabelList::MsgNode*>::allocate(unsigned long, void const*) (new_allocator.h:114)
==904==    by 0x13D27A: std::allocator_traits<std::allocator<LabelList::MsgNode*> >::allocate(std::allocator<LabelList::MsgNode*>&, unsigned long) (alloc_traits.h:444)
==904==    by 0x13CA27: std::_Vector_base<LabelList::MsgNode*, std::allocator<LabelList::MsgNode*> >::_M_allocate(unsigned long) (stl_vector.h:343)
==904==    by 0x13BC60: void std::vector<LabelList::MsgNode*, std::allocator<LabelList::MsgNode*> >::_M_range_initialize<LabelList::MsgNode* const*>(LabelList::MsgNode* const*, LabelList::MsgNode* const*, std::forward_iterator_tag) (stl_vector.h:1579)
==904==    by 0x13B435: std::vector<LabelList::MsgNode*, std::allocator<LabelList::MsgNode*> >::vector(std::initializer_list<LabelList::MsgNode*>, std::allocator<LabelList::MsgNode*> const&) (stl_vector.h:626)
==904==    by 0x139FA7: LabelList::LabelList() (labellist.cpp:125)
==904==    by 0x11D3C2: EmptyList_OperationsOnEmptyList_Test::TestBody() (label_tests.cpp:149)
==904==    by 0x16CE80: HandleSehExceptionsInMethodIfSupported<testing::Test, void> (gtest.cc:2433)
==904==    by 0x16CE80: void testing::internal::HandleExceptionsInMethodIfSupported<testing::Test, void>(testing::Test*, void (testing::Test::*)(), char const*) (gtest.cc:2469)
==904==    by 0x160B95: Run (gtest.cc:2508)
==904==    by 0x160B95: testing::Test::Run() (gtest.cc:2498)
==904==    by 0x160CF4: Run (gtest.cc:2684)
==904==    by 0x160CF4: testing::TestInfo::Run() (gtest.cc:2657)
==904==    by 0x160DDC: Run (gtest.cc:2816)
==904==    by 0x160DDC: testing::TestSuite::Run() (gtest.cc:2795)
==904== 
==904== Invalid read of size 1
==904==    at 0x4842B60: memmove (in /usr/lib/x86_64-linux-gnu/valgrind/vgpreload_memcheck-amd64-linux.so)
==904==    by 0x49B3B27: std::basic_streambuf<char, std::char_traits<char> >::xsputn(char const*, long) (in /usr/lib/x86_64-linux-gnu/libstdc++.so.6.0.28)
==904==    by 0x49A5823: std::basic_ostream<char, std::char_traits<char> >& std::__ostream_insert<char, std::char_traits<char> >(std::basic_ostream<char, std::char_traits<char> >&, char const*, long) (in /usr/lib/x86_64-linux-gnu/libstdc++.so.6.0.28)
==904==    by 0x139F33: operator<<(std::ostream&, LabelList::MsgToken const&) (labellist.cpp:116)
==904==    by 0x1383AE: void testing_internal::DefaultPrintNonContainerTo<LabelList::MsgToken>(LabelList::MsgToken const&, std::ostream*) (gtest-printers.h:287)
==904==    by 0x138330: void testing::internal::DefaultPrintTo<LabelList::MsgToken>(testing::internal::WrapPrinterType<(testing::internal::DefaultPrinterType)3>, LabelList::MsgToken const&, std::ostream*) (gtest-printers.h:468)
==904==    by 0x138240: void testing::internal::PrintTo<LabelList::MsgToken>(LabelList::MsgToken const&, std::ostream*) (gtest-printers.h:503)
==904==    by 0x1380C9: testing::internal::UniversalPrinter<LabelList::MsgToken>::Print(LabelList::MsgToken const&, std::ostream*) (gtest-printers.h:679)
==904==    by 0x137F54: void testing::internal::UniversalPrint<LabelList::MsgToken>(LabelList::MsgToken const&, std::ostream*) (gtest-printers.h:869)
==904==    by 0x137D13: testing::internal::UniversalTersePrinter<LabelList::MsgToken>::Print(LabelList::MsgToken const&, std::ostream*) (gtest-printers.h:797)
==904==    by 0x13771D: std::__cxx11::basic_string<char, std::char_traits<char>, std::allocator<char> > testing::PrintToString<LabelList::MsgToken>(LabelList::MsgToken const&) (gtest-printers.h:917)
==904==    by 0x136BDE: testing::internal::FormatForComparison<LabelList::MsgToken, LabelList::MsgToken>::Format[abi:cxx11](LabelList::MsgToken const&) (gtest-printers.h:314)
==904==  Address 0x4ddaabe is 6 bytes after a block of size 8 alloc'd
==904==    at 0x483BE63: operator new(unsigned long) (in /usr/lib/x86_64-linux-gnu/valgrind/vgpreload_memcheck-amd64-linux.so)
==904==    by 0x13D7A9: __gnu_cxx::new_allocator<LabelList::MsgNode*>::allocate(unsigned long, void const*) (new_allocator.h:114)
==904==    by 0x13D27A: std::allocator_traits<std::allocator<LabelList::MsgNode*> >::allocate(std::allocator<LabelList::MsgNode*>&, unsigned long) (alloc_traits.h:444)
==904==    by 0x13CA27: std::_Vector_base<LabelList::MsgNode*, std::allocator<LabelList::MsgNode*> >::_M_allocate(unsigned long) (stl_vector.h:343)
==904==    by 0x13BC60: void std::vector<LabelList::MsgNode*, std::allocator<LabelList::MsgNode*> >::_M_range_initialize<LabelList::MsgNode* const*>(LabelList::MsgNode* const*, LabelList::MsgNode* const*, std::forward_iterator_tag) (stl_vector.h:1579)
==904==    by 0x13B435: std::vector<LabelList::MsgNode*, std::allocator<LabelList::MsgNode*> >::vector(std::initializer_list<LabelList::MsgNode*>, std::allocator<LabelList::MsgNode*> const&) (stl_vector.h:626)
==904==    by 0x139FA7: LabelList::LabelList() (labellist.cpp:125)
==904==    by 0x11D3C2: EmptyList_OperationsOnEmptyList_Test::TestBody() (label_tests.cpp:149)
==904==    by 0x16CE80: HandleSehExceptionsInMethodIfSupported<testing::Test, void> (gtest.cc:2433)
==904==    by 0x16CE80: void testing::internal::HandleExceptionsInMethodIfSupported<testing::Test, void>(testing::Test*, void (testing::Test::*)(), char const*) (gtest.cc:2469)
==904==    by 0x160B95: Run (gtest.cc:2508)
==904==    by 0x160B95: testing::Test::Run() (gtest.cc:2498)
==904==    by 0x160CF4: Run (gtest.cc:2684)
==904==    by 0x160CF4: testing::TestInfo::Run() (gtest.cc:2657)
==904==    by 0x160DDC: Run (gtest.cc:2816)
==904==    by 0x160DDC: testing::TestSuite::Run() (gtest.cc:2795)
==904== 
==904== Invalid read of size 1
==904==    at 0x49B3B50: std::basic_streambuf<char, std::char_traits<char> >::xsputn(char const*, long) (in /usr/lib/x86_64-linux-gnu/libstdc++.so.6.0.28)
==904==    by 0x49A5823: std::basic_ostream<char, std::char_traits<char> >& std::__ostream_insert<char, std::char_traits<char> >(std::basic_ostream<char, std::char_traits<char> >&, char const*, long) (in /usr/lib/x86_64-linux-gnu/libstdc++.so.6.0.28)
==904==    by 0x139F33: operator<<(std::ostream&, LabelList::MsgToken const&) (labellist.cpp:116)
==904==    by 0x1383AE: void testing_internal::DefaultPrintNonContainerTo<LabelList::MsgToken>(LabelList::MsgToken const&, std::ostream*) (gtest-printers.h:287)
==904==    by 0x138330: void testing::internal::DefaultPrintTo<LabelList::MsgToken>(testing::internal::WrapPrinterType<(testing::internal::DefaultPrinterType)3>, LabelList::MsgToken const&, std::ostream*) (gtest-printers.h:468)
==904==    by 0x138240: void testing::internal::PrintTo<LabelList::MsgToken>(LabelList::MsgToken const&, std::ostream*) (gtest-printers.h:503)
==904==    by 0x1380C9: testing::internal::UniversalPrinter<LabelList::MsgToken>::Print(LabelList::MsgToken const&, std::ostream*) (gtest-printers.h:679)
==904==    by 0x137F54: void testing::internal::UniversalPrint<LabelList::MsgToken>(LabelList::MsgToken const&, std::ostream*) (gtest-printers.h:869)
==904==    by 0x137D13: testing::internal::UniversalTersePrinter<LabelList::MsgToken>::Print(LabelList::MsgToken const&, std::ostream*) (gtest-printers.h:797)
==904==    by 0x13771D: std::__cxx11::basic_string<char, std::char_traits<char>, std::allocator<char> > testing::PrintToString<LabelList::MsgToken>(LabelList::MsgToken const&) (gtest-printers.h:917)
==904==    by 0x136BDE: testing::internal::FormatForComparison<LabelList::MsgToken, LabelList::MsgToken>::Format[abi:cxx11](LabelList::MsgToken const&) (gtest-printers.h:314)
==904==    by 0x135E20: std::__cxx11::basic_string<char, std::char_traits<char>, std::allocator<char> > testing::internal::FormatForComparisonFailureMessage<LabelList::MsgToken, LabelList::MsgToken>(LabelList::MsgToken const&, LabelList::MsgToken const&) (gtest-printers.h:379)
==904==  Address 0x4ddaabf is 7 bytes after a block of size 8 alloc'd
==904==    at 0x483BE63: operator new(unsigned long) (in /usr/lib/x86_64-linux-gnu/valgrind/vgpreload_memcheck-amd64-linux.so)
==904==    by 0x13D7A9: __gnu_cxx::new_allocator<LabelList::MsgNode*>::allocate(unsigned long, void const*) (new_allocator.h:114)
==904==    by 0x13D27A: std::allocator_traits<std::allocator<LabelList::MsgNode*> >::allocate(std::allocator<LabelList::MsgNode*>&, unsigned long) (alloc_traits.h:444)
==904==    by 0x13CA27: std::_Vector_base<LabelList::MsgNode*, std::allocator<LabelList::MsgNode*> >::_M_allocate(unsigned long) (stl_vector.h:343)
==904==    by 0x13BC60: void std::vector<LabelList::MsgNode*, std::allocator<LabelList::MsgNode*> >::_M_range_initialize<LabelList::MsgNode* const*>(LabelList::MsgNode* const*, LabelList::MsgNode* const*, std::forward_iterator_tag) (stl_vector.h:1579)
==904==    by 0x13B435: std::vector<LabelList::MsgNode*, std::allocator<LabelList::MsgNode*> >::vector(std::initializer_list<LabelList::MsgNode*>, std::allocator<LabelList::MsgNode*> const&) (stl_vector.h:626)
==904==    by 0x139FA7: LabelList::LabelList() (labellist.cpp:125)
==904==    by 0x11D3C2: EmptyList_OperationsOnEmptyList_Test::TestBody() (label_tests.cpp:149)
==904==    by 0x16CE80: HandleSehExceptionsInMethodIfSupported<testing::Test, void> (gtest.cc:2433)
==904==    by 0x16CE80: void testing::internal::HandleExceptionsInMethodIfSupported<testing::Test, void>(testing::Test*, void (testing::Test::*)(), char const*) (gtest.cc:2469)
==904==    by 0x160B95: Run (gtest.cc:2508)
==904==    by 0x160B95: testing::Test::Run() (gtest.cc:2498)
==904==    by 0x160CF4: Run (gtest.cc:2684)
==904==    by 0x160CF4: testing::TestInfo::Run() (gtest.cc:2657)
==904==    by 0x160DDC: Run (gtest.cc:2816)
==904==    by 0x160DDC: testing::TestSuite::Run() (gtest.cc:2795)
==904== 
==904== Invalid read of size 8
==904==    at 0x4842C30: memmove (in /usr/lib/x86_64-linux-gnu/valgrind/vgpreload_memcheck-amd64-linux.so)
==904==    by 0x49B3B27: std::basic_streambuf<char, std::char_traits<char> >::xsputn(char const*, long) (in /usr/lib/x86_64-linux-gnu/libstdc++.so.6.0.28)
==904==    by 0x49A5823: std::basic_ostream<char, std::char_traits<char> >& std::__ostream_insert<char, std::char_traits<char> >(std::basic_ostream<char, std::char_traits<char> >&, char const*, long) (in /usr/lib/x86_64-linux-gnu/libstdc++.so.6.0.28)
==904==    by 0x139F33: operator<<(std::ostream&, LabelList::MsgToken const&) (labellist.cpp:116)
==904==    by 0x1383AE: void testing_internal::DefaultPrintNonContainerTo<LabelList::MsgToken>(LabelList::MsgToken const&, std::ostream*) (gtest-printers.h:287)
==904==    by 0x138330: void testing::internal::DefaultPrintTo<LabelList::MsgToken>(testing::internal::WrapPrinterType<(testing::internal::DefaultPrinterType)3>, LabelList::MsgToken const&, std::ostream*) (gtest-printers.h:468)
==904==    by 0x138240: void testing::internal::PrintTo<LabelList::MsgToken>(LabelList::MsgToken const&, std::ostream*) (gtest-printers.h:503)
==904==    by 0x1380C9: testing::internal::UniversalPrinter<LabelList::MsgToken>::Print(LabelList::MsgToken const&, std::ostream*) (gtest-printers.h:679)
==904==    by 0x137F54: void testing::internal::UniversalPrint<LabelList::MsgToken>(LabelList::MsgToken const&, std::ostream*) (gtest-printers.h:869)
==904==    by 0x137D13: testing::internal::UniversalTersePrinter<LabelList::MsgToken>::Print(LabelList::MsgToken const&, std::ostream*) (gtest-printers.h:797)
==904==    by 0x13771D: std::__cxx11::basic_string<char, std::char_traits<char>, std::allocator<char> > testing::PrintToString<LabelList::MsgToken>(LabelList::MsgToken const&) (gtest-printers.h:917)
==904==    by 0x136BDE: testing::internal::FormatForComparison<LabelList::MsgToken, LabelList::MsgToken>::Format[abi:cxx11](LabelList::MsgToken const&) (gtest-printers.h:314)
==904==  Address 0x4ddab58 is 8 bytes before a block of size 513 alloc'd
==904==    at 0x483BE63: operator new(unsigned long) (in /usr/lib/x86_64-linux-gnu/valgrind/vgpreload_memcheck-amd64-linux.so)
==904==    by 0x49B587F: std::__cxx11::basic_string<char, std::char_traits<char>, std::allocator<char> >::reserve(unsigned long) (in /usr/lib/x86_64-linux-gnu/libstdc++.so.6.0.28)
==904==    by 0x49AB336: std::__cxx11::basic_stringbuf<char, std::char_traits<char>, std::allocator<char> >::overflow(int) (in /usr/lib/x86_64-linux-gnu/libstdc++.so.6.0.28)
==904==    by 0x49B3B59: std::basic_streambuf<char, std::char_traits<char> >::xsputn(char const*, long) (in /usr/lib/x86_64-linux-gnu/libstdc++.so.6.0.28)
==904==    by 0x49A5823: std::basic_ostream<char, std::char_traits<char> >& std::__ostream_insert<char, std::char_traits<char> >(std::basic_ostream<char, std::char_traits<char> >&, char const*, long) (in /usr/lib/x86_64-linux-gnu/libstdc++.so.6.0.28)
==904==    by 0x139F33: operator<<(std::ostream&, LabelList::MsgToken const&) (labellist.cpp:116)
==904==    by 0x1383AE: void testing_internal::DefaultPrintNonContainerTo<LabelList::MsgToken>(LabelList::MsgToken const&, std::ostream*) (gtest-printers.h:287)
==904==    by 0x138330: void testing::internal::DefaultPrintTo<LabelList::MsgToken>(testing::internal::WrapPrinterType<(testing::internal::DefaultPrinterType)3>, LabelList::MsgToken const&, std::ostream*) (gtest-printers.h:468)
==904==    by 0x138240: void testing::internal::PrintTo<LabelList::MsgToken>(LabelList::MsgToken const&, std::ostream*) (gtest-printers.h:503)
==904==    by 0x1380C9: testing::internal::UniversalPrinter<LabelList::MsgToken>::Print(LabelList::MsgToken const&, std::ostream*) (gtest-printers.h:679)
==904==    by 0x137F54: void testing::internal::UniversalPrint<LabelList::MsgToken>(LabelList::MsgToken const&, std::ostream*) (gtest-printers.h:869)
==904==    by 0x137D13: testing::internal::UniversalTersePrinter<LabelList::MsgToken>::Print(LabelList::MsgToken const&, std::ostream*) (gtest-printers.h:797)
==904== 
[...]
==923==    by 0x16CE80: void testing::internal::HandleExceptionsInMethodIfSupported<testing::Test, void>(testing::Test*, void (testing::Test::*)(), char const*) (gtest.cc:2469)
==923==    by 0x160B95: Run (gtest.cc:2508)
==923==    by 0x160B95: testing::Test::Run() (gtest.cc:2498)
==923==    by 0x160CF4: Run (gtest.cc:2684)
==923==    by 0x160CF4: testing::TestInfo::Run() (gtest.cc:2657)
==923==    by 0x160DDC: Run (gtest.cc:2816)
==923==    by 0x160DDC: testing::TestSuite::Run() (gtest.cc:2795)
==923==    by 0x1612FB: testing::internal::UnitTestImpl::RunAllTests() (gtest.cc:5338)
==923==    by 0x16D3F0: HandleSehExceptionsInMethodIfSupported<testing::internal::UnitTestImpl, bool> (gtest.cc:2433)
==923==    by 0x16D3F0: bool testing::internal::HandleExceptionsInMethodIfSupported<testing::internal::UnitTestImpl, bool>(testing::internal::UnitTestImpl*, bool (testing::internal::UnitTestImpl::*)(), char const*) (gtest.cc:2469)
==923==    by 0x16152B: testing::UnitTest::Run() (gtest.cc:4925)
==923==    by 0x118AB3: main (in /work/hw-nlicea/hw1/hw1_tests/label_tests/label_tests)
==923==  Address 0x4ddae28 is 0 bytes after a block of size 8 alloc'd
==923==    at 0x483BE63: operator new(unsigned long) (in /usr/lib/x86_64-linux-gnu/valgrind/vgpreload_memcheck-amd64-linux.so)
==923==    by 0x13D7A9: __gnu_cxx::new_allocator<LabelList::MsgNode*>::allocate(unsigned long, void const*) (new_allocator.h:114)
==923==    by 0x13D27A: std::allocator_traits<std::allocator<LabelList::MsgNode*> >::allocate(std::allocator<LabelList::MsgNode*>&, unsigned long) (alloc_traits.h:444)
==923==    by 0x13CA27: std::_Vector_base<LabelList::MsgNode*, std::allocator<LabelList::MsgNode*> >::_M_allocate(unsigned long) (stl_vector.h:343)
==923==    by 0x13C66C: void std::vector<LabelList::MsgNode*, std::allocator<LabelList::MsgNode*> >::_M_realloc_insert<LabelList::MsgNode*>(__gnu_cxx::__normal_iterator<LabelList::MsgNode**, std::vector<LabelList::MsgNode*, std::allocator<LabelList::MsgNode*> > >, LabelList::MsgNode*&&) (vector.tcc:440)
==923==    by 0x13BAA5: void std::vector<LabelList::MsgNode*, std::allocator<LabelList::MsgNode*> >::emplace_back<LabelList::MsgNode*>(LabelList::MsgNode*&&) (vector.tcc:121)
==923==    by 0x13B291: std::vector<LabelList::MsgNode*, std::allocator<LabelList::MsgNode*> >::push_back(LabelList::MsgNode*&&) (stl_vector.h:1201)
==923==    by 0x139AC3: LabelList::MsgNode::MsgNode(std::__cxx11::basic_string<char, std::char_traits<char>, std::allocator<char> > const&) (labellist.cpp:11)
==923==    by 0x13A2ED: LabelList::add(std::__cxx11::basic_string<char, std::char_traits<char>, std::allocator<char> > const&) (labellist.cpp:175)
==923==    by 0x12F42B: Remove_UnlinkNodeLabel_Test::TestBody() (label_tests.cpp:577)
==923==    by 0x16CE80: HandleSehExceptionsInMethodIfSupported<testing::Test, void> (gtest.cc:2433)
==923==    by 0x16CE80: void testing::internal::HandleExceptionsInMethodIfSupported<testing::Test, void>(testing::Test*, void (testing::Test::*)(), char const*) (gtest.cc:2469)
==923==    by 0x160B95: Run (gtest.cc:2508)
==923==    by 0x160B95: testing::Test::Run() (gtest.cc:2498)
==923== 
==923== Invalid write of size 8
==923==    at 0x13A596: LabelList::label(LabelList::MsgToken const&, std::__cxx11::basic_string<char, std::char_traits<char>, std::allocator<char> > const&) (labellist.cpp:220)
==923==    by 0x12F513: Remove_UnlinkNodeLabel_Test::TestBody() (label_tests.cpp:579)
==923==    by 0x16CE80: HandleSehExceptionsInMethodIfSupported<testing::Test, void> (gtest.cc:2433)
==923==    by 0x16CE80: void testing::internal::HandleExceptionsInMethodIfSupported<testing::Test, void>(testing::Test*, void (testing::Test::*)(), char const*) (gtest.cc:2469)
==923==    by 0x160B95: Run (gtest.cc:2508)
==923==    by 0x160B95: testing::Test::Run() (gtest.cc:2498)
==923==    by 0x160CF4: Run (gtest.cc:2684)
==923==    by 0x160CF4: testing::TestInfo::Run() (gtest.cc:2657)
==923==    by 0x160DDC: Run (gtest.cc:2816)
==923==    by 0x160DDC: testing::TestSuite::Run() (gtest.cc:2795)
==923==    by 0x1612FB: testing::internal::UnitTestImpl::RunAllTests() (gtest.cc:5338)
==923==    by 0x16D3F0: HandleSehExceptionsInMethodIfSupported<testing::internal::UnitTestImpl, bool> (gtest.cc:2433)
==923==    by 0x16D3F0: bool testing::internal::HandleExceptionsInMethodIfSupported<testing::internal::UnitTestImpl, bool>(testing::internal::UnitTestImpl*, bool (testing::internal::UnitTestImpl::*)(), char const*) (gtest.cc:2469)
==923==    by 0x16152B: testing::UnitTest::Run() (gtest.cc:4925)
==923==    by 0x118AB3: main (in /work/hw-nlicea/hw1/hw1_tests/label_tests/label_tests)
==923==  Address 0x4ddadd8 is 0 bytes after a block of size 8 alloc'd
==923==    at 0x483BE63: operator new(unsigned long) (in /usr/lib/x86_64-linux-gnu/valgrind/vgpreload_memcheck-amd64-linux.so)
==923==    by 0x13D7A9: __gnu_cxx::new_allocator<LabelList::MsgNode*>::allocate(unsigned long, void const*) (new_allocator.h:114)
==923==    by 0x13D27A: std::allocator_traits<std::allocator<LabelList::MsgNode*> >::allocate(std::allocator<LabelList::MsgNode*>&, unsigned long) (alloc_traits.h:444)
==923==    by 0x13CA27: std::_Vector_base<LabelList::MsgNode*, std::allocator<LabelList::MsgNode*> >::_M_allocate(unsigned long) (stl_vector.h:343)
==923==    by 0x13C66C: void std::vector<LabelList::MsgNode*, std::allocator<LabelList::MsgNode*> >::_M_realloc_insert<LabelList::MsgNode*>(__gnu_cxx::__normal_iterator<LabelList::MsgNode**, std::vector<LabelList::MsgNode*, std::allocator<LabelList::MsgNode*> > >, LabelList::MsgNode*&&) (vector.tcc:440)
==923==    by 0x13BAA5: void std::vector<LabelList::MsgNode*, std::allocator<LabelList::MsgNode*> >::emplace_back<LabelList::MsgNode*>(LabelList::MsgNode*&&) (vector.tcc:121)
==923==    by 0x13B291: std::vector<LabelList::MsgNode*, std::allocator<LabelList::MsgNode*> >::push_back(LabelList::MsgNode*&&) (stl_vector.h:1201)
==923==    by 0x139AA4: LabelList::MsgNode::MsgNode(std::__cxx11::basic_string<char, std::char_traits<char>, std::allocator<char> > const&) (labellist.cpp:10)
==923==    by 0x13A2ED: LabelList::add(std::__cxx11::basic_string<char, std::char_traits<char>, std::allocator<char> > const&) (labellist.cpp:175)
==923==    by 0x12F42B: Remove_UnlinkNodeLabel_Test::TestBody() (label_tests.cpp:577)
==923==    by 0x16CE80: HandleSehExceptionsInMethodIfSupported<testing::Test, void> (gtest.cc:2433)
==923==    by 0x16CE80: void testing::internal::HandleExceptionsInMethodIfSupported<testing::Test, void>(testing::Test*, void (testing::Test::*)(), char const*) (gtest.cc:2469)
==923==    by 0x160B95: Run (gtest.cc:2508)
==923==    by 0x160B95: testing::Test::Run() (gtest.cc:2498)
==923== 
==923== Invalid write of size 8
==923==    at 0x13A5C2: LabelList::label(LabelList::MsgToken const&, std::__cxx11::basic_string<char, std::char_traits<char>, std::allocator<char> > const&) (labellist.cpp:223)
==923==    by 0x12F513: Remove_UnlinkNodeLabel_Test::TestBody() (label_tests.cpp:579)
==923==    by 0x16CE80: HandleSehExceptionsInMethodIfSupported<testing::Test, void> (gtest.cc:2433)
==923==    by 0x16CE80: void testing::internal::HandleExceptionsInMethodIfSupported<testing::Test, void>(testing::Test*, void (testing::Test::*)(), char const*) (gtest.cc:2469)
==923==    by 0x160B95: Run (gtest.cc:2508)
==923==    by 0x160B95: testing::Test::Run() (gtest.cc:2498)
==923==    by 0x160CF4: Run (gtest.cc:2684)
==923==    by 0x160CF4: testing::TestInfo::Run() (gtest.cc:2657)
==923==    by 0x160DDC: Run (gtest.cc:2816)
==923==    by 0x160DDC: testing::TestSuite::Run() (gtest.cc:2795)
==923==    by 0x1612FB: testing::internal::UnitTestImpl::RunAllTests() (gtest.cc:5338)
==923==    by 0x16D3F0: HandleSehExceptionsInMethodIfSupported<testing::internal::UnitTestImpl, bool> (gtest.cc:2433)
==923==    by 0x16D3F0: bool testing::internal::HandleExceptionsInMethodIfSupported<testing::internal::UnitTestImpl, bool>(testing::internal::UnitTestImpl*, bool (testing::internal::UnitTestImpl::*)(), char const*) (gtest.cc:2469)
==923==    by 0x16152B: testing::UnitTest::Run() (gtest.cc:4925)
==923==    by 0x118AB3: main (in /work/hw-nlicea/hw1/hw1_tests/label_tests/label_tests)
==923==  Address 0x4ddb0a8 is 0 bytes after a block of size 8 alloc'd
==923==    at 0x483BE63: operator new(unsigned long) (in /usr/lib/x86_64-linux-gnu/valgrind/vgpreload_memcheck-amd64-linux.so)
==923==    by 0x13D7A9: __gnu_cxx::new_allocator<LabelList::MsgNode*>::allocate(unsigned long, void const*) (new_allocator.h:114)
==923==    by 0x13D27A: std::allocator_traits<std::allocator<LabelList::MsgNode*> >::allocate(std::allocator<LabelList::MsgNode*>&, unsigned long) (alloc_traits.h:444)
==923==    by 0x13CA27: std::_Vector_base<LabelList::MsgNode*, std::allocator<LabelList::MsgNode*> >::_M_allocate(unsigned long) (stl_vector.h:343)
==923==    by 0x13C66C: void std::vector<LabelList::MsgNode*, std::allocator<LabelList::MsgNode*> >::_M_realloc_insert<LabelList::MsgNode*>(__gnu_cxx::__normal_iterator<LabelList::MsgNode**, std::vector<LabelList::MsgNode*, std::allocator<LabelList::MsgNode*> > >, LabelList::MsgNode*&&) (vector.tcc:440)
==923==    by 0x13BAA5: void std::vector<LabelList::MsgNode*, std::allocator<LabelList::MsgNode*> >::emplace_back<LabelList::MsgNode*>(LabelList::MsgNode*&&) (vector.tcc:121)
==923==    by 0x13B291: std::vector<LabelList::MsgNode*, std::allocator<LabelList::MsgNode*> >::push_back(LabelList::MsgNode*&&) (stl_vector.h:1201)
==923==    by 0x139AC3: LabelList::MsgNode::MsgNode(std::__cxx11::basic_string<char, std::char_traits<char>, std::allocator<char> > const&) (labellist.cpp:11)
==923==    by 0x13A2ED: LabelList::add(std::__cxx11::basic_string<char, std::char_traits<char>, std::allocator<char> > const&) (labellist.cpp:175)
==923==    by 0x12F42B: Remove_UnlinkNodeLabel_Test::TestBody() (label_tests.cpp:577)
==923==    by 0x16CE80: HandleSehExceptionsInMethodIfSupported<testing::Test, void> (gtest.cc:2433)
==923==    by 0x16CE80: void testing::internal::HandleExceptionsInMethodIfSupported<testing::Test, void>(testing::Test*, void (testing::Test::*)(), char const*) (gtest.cc:2469)
==923==    by 0x160B95: Run (gtest.cc:2508)
==923==    by 0x160B95: testing::Test::Run() (gtest.cc:2498)
==923== 
==923== Invalid write of size 8
==923==    at 0x13A5E0: LabelList::label(LabelList::MsgToken const&, std::__cxx11::basic_string<char, std::char_traits<char>, std::allocator<char> > const&) (labellist.cpp:224)
==923==    by 0x12F513: Remove_UnlinkNodeLabel_Test::TestBody() (label_tests.cpp:579)
==923==    by 0x16CE80: HandleSehExceptionsInMethodIfSupported<testing::Test, void> (gtest.cc:2433)
==923==    by 0x16CE80: void testing::internal::HandleExceptionsInMethodIfSupported<testing::Test, void>(testing::Test*, void (testing::Test::*)(), char const*) (gtest.cc:2469)
==923==    by 0x160B95: Run (gtest.cc:2508)
==923==    by 0x160B95: testing::Test::Run() (gtest.cc:2498)
==923==    by 0x160CF4: Run (gtest.cc:2684)
==923==    by 0x160CF4: testing::TestInfo::Run() (gtest.cc:2657)
==923==    by 0x160DDC: Run (gtest.cc:2816)
==923==    by 0x160DDC: testing::TestSuite::Run() (gtest.cc:2795)
==923==    by 0x1612FB: testing::internal::UnitTestImpl::RunAllTests() (gtest.cc:5338)
==923==    by 0x16D3F0: HandleSehExceptionsInMethodIfSupported<testing::internal::UnitTestImpl, bool> (gtest.cc:2433)
==923==    by 0x16D3F0: bool testing::internal::HandleExceptionsInMethodIfSupported<testing::internal::UnitTestImpl, bool>(testing::internal::UnitTestImpl*, bool (testing::internal::UnitTestImpl::*)(), char const*) (gtest.cc:2469)
==923==    by 0x16152B: testing::UnitTest::Run() (gtest.cc:4925)
==923==    by 0x118AB3: main (in /work/hw-nlicea/hw1/hw1_tests/label_tests/label_tests)
==923==  Address 0x4ddb058 is 0 bytes after a block of size 8 alloc'd
==923==    at 0x483BE63: operator new(unsigned long) (in /usr/lib/x86_64-linux-gnu/valgrind/vgpreload_memcheck-amd64-linux.so)
==923==    by 0x13D7A9: __gnu_cxx::new_allocator<LabelList::MsgNode*>::allocate(unsigned long, void const*) (new_allocator.h:114)
==923==    by 0x13D27A: std::allocator_traits<std::allocator<LabelList::MsgNode*> >::allocate(std::allocator<LabelList::MsgNode*>&, unsigned long) (alloc_traits.h:444)
==923==    by 0x13CA27: std::_Vector_base<LabelList::MsgNode*, std::allocator<LabelList::MsgNode*> >::_M_allocate(unsigned long) (stl_vector.h:343)
==923==    by 0x13C66C: void std::vector<LabelList::MsgNode*, std::allocator<LabelList::MsgNode*> >::_M_realloc_insert<LabelList::MsgNode*>(__gnu_cxx::__normal_iterator<LabelList::MsgNode**, std::vector<LabelList::MsgNode*, std::allocator<LabelList::MsgNode*> > >, LabelList::MsgNode*&&) (vector.tcc:440)
==923==    by 0x13BAA5: void std::vector<LabelList::MsgNode*, std::allocator<LabelList::MsgNode*> >::emplace_back<LabelList::MsgNode*>(LabelList::MsgNode*&&) (vector.tcc:121)
==923==    by 0x13B291: std::vector<LabelList::MsgNode*, std::allocator<LabelList::MsgNode*> >::push_back(LabelList::MsgNode*&&) (stl_vector.h:1201)
==923==    by 0x139AA4: LabelList::MsgNode::MsgNode(std::__cxx11::basic_string<char, std::char_traits<char>, std::allocator<char> > const&) (labellist.cpp:10)
==923==    by 0x13A2ED: LabelList::add(std::__cxx11::basic_string<char, std::char_traits<char>, std::allocator<char> > const&) (labellist.cpp:175)
==923==    by 0x12F42B: Remove_UnlinkNodeLabel_Test::TestBody() (label_tests.cpp:577)
==923==    by 0x16CE80: HandleSehExceptionsInMethodIfSupported<testing::Test, void> (gtest.cc:2433)
==923==    by 0x16CE80: void testing::internal::HandleExceptionsInMethodIfSupported<testing::Test, void>(testing::Test*, void (testing::Test::*)(), char const*) (gtest.cc:2469)
==923==    by 0x160B95: Run (gtest.cc:2508)
==923==    by 0x160B95: testing::Test::Run() (gtest.cc:2498)
==923== 
==923== Invalid read of size 8
==923==    at 0x13A6E5: LabelList::find(std::__cxx11::basic_string<char, std::char_traits<char>, std::allocator<char> > const&, std::__cxx11::basic_string<char, std::char_traits<char>, std::allocator<char> > const&) (labellist.cpp:245)
==923==    by 0x12F5B6: Remove_UnlinkNodeLabel_Test::TestBody() (label_tests.cpp:583)
==923==    by 0x16CE80: HandleSehExceptionsInMethodIfSupported<testing::Test, void> (gtest.cc:2433)
==923==    by 0x16CE80: void testing::internal::HandleExceptionsInMethodIfSupported<testing::Test, void>(testing::Test*, void (testing::Test::*)(), char const*) (gtest.cc:2469)
==923==    by 0x160B95: Run (gtest.cc:2508)
==923==    by 0x160B95: testing::Test::Run() (gtest.cc:2498)
==923==    by 0x160CF4: Run (gtest.cc:2684)
==923==    by 0x160CF4: testing::TestInfo::Run() (gtest.cc:2657)
==923==    by 0x160DDC: Run (gtest.cc:2816)
==923==    by 0x160DDC: testing::TestSuite::Run() (gtest.cc:2795)
==923==    by 0x1612FB: testing::internal::UnitTestImpl::RunAllTests() (gtest.cc:5338)
==923==    by 0x16D3F0: HandleSehExceptionsInMethodIfSupported<testing::internal::UnitTestImpl, bool> (gtest.cc:2433)
==923==    by 0x16D3F0: bool testing::internal::HandleExceptionsInMethodIfSupported<testing::internal::UnitTestImpl, bool>(testing::internal::UnitTestImpl*, bool (testing::internal::UnitTestImpl::*)(), char const*) (gtest.cc:2469)
==923==    by 0x16152B: testing::UnitTest::Run() (gtest.cc:4925)
==923==    by 0x118AB3: main (in /work/hw-nlicea/hw1/hw1_tests/label_tests/label_tests)
==923==  Address 0xfffcdde270 is not stack'd, malloc'd or (recently) free'd
==923== 
==923== 
==923== Process terminating with default action of signal 11 (SIGSEGV)
==923==  Access not within mapped region at address 0xFFFCDDE270
==923==    at 0x13A6E5: LabelList::find(std::__cxx11::basic_string<char, std::char_traits<char>, std::allocator<char> > const&, std::__cxx11::basic_string<char, std::char_traits<char>, std::allocator<char> > const&) (labellist.cpp:245)
==923==    by 0x12F5B6: Remove_UnlinkNodeLabel_Test::TestBody() (label_tests.cpp:583)
==923==    by 0x16CE80: HandleSehExceptionsInMethodIfSupported<testing::Test, void> (gtest.cc:2433)
==923==    by 0x16CE80: void testing::internal::HandleExceptionsInMethodIfSupported<testing::Test, void>(testing::Test*, void (testing::Test::*)(), char const*) (gtest.cc:2469)
==923==    by 0x160B95: Run (gtest.cc:2508)
==923==    by 0x160B95: testing::Test::Run() (gtest.cc:2498)
==923==    by 0x160CF4: Run (gtest.cc:2684)
==923==    by 0x160CF4: testing::TestInfo::Run() (gtest.cc:2657)
==923==    by 0x160DDC: Run (gtest.cc:2816)
==923==    by 0x160DDC: testing::TestSuite::Run() (gtest.cc:2795)
==923==    by 0x1612FB: testing::internal::UnitTestImpl::RunAllTests() (gtest.cc:5338)
==923==    by 0x16D3F0: HandleSehExceptionsInMethodIfSupported<testing::internal::UnitTestImpl, bool> (gtest.cc:2433)
==923==    by 0x16D3F0: bool testing::internal::HandleExceptionsInMethodIfSupported<testing::internal::UnitTestImpl, bool>(testing::internal::UnitTestImpl*, bool (testing::internal::UnitTestImpl::*)(), char const*) (gtest.cc:2469)
==923==    by 0x16152B: testing::UnitTest::Run() (gtest.cc:4925)
==923==    by 0x118AB3: main (in /work/hw-nlicea/hw1/hw1_tests/label_tests/label_tests)
==923==  If you believe this happened as a result of a stack
==923==  overflow in your program's main thread (unlikely but
==923==  possible), you can try to increase the size of the
==923==  main thread stack using the --main-stacksize= flag.
==923==  The main thread stack size used in this run was 8388608.
==923== 
==923== HEAP SUMMARY:
==923==     in use at exit: 12,092 bytes in 131 blocks
==923==   total heap usage: 418 allocs, 287 frees, 127,577 bytes allocated
==923== 
==923== LEAK SUMMARY:
==923==    definitely lost: 0 bytes in 0 blocks
==923==    indirectly lost: 0 bytes in 0 blocks
==923==      possibly lost: 0 bytes in 0 blocks
==923==    still reachable: 12,092 bytes in 131 blocks
==923==         suppressed: 0 bytes in 0 blocks
==923== Reachable blocks (those to which a pointer was found) are not shown.
==923== To see them, rerun with: --leak-check=full --show-leak-kinds=all
==923== 
==923== For lists of detected and suppressed errors, rerun with: -s
==923== ERROR SUMMARY: 7 errors from 5 contexts (suppressed: 0 from 0)
<end of output>
Test time =   0.94 sec
----------------------------------------------------------
Test Failed.
"Remove.UnlinkNodeLabel" end time: Jan 29 04:22 UTC
"Remove.UnlinkNodeLabel" time elapsed: 00:00:00
----------------------------------------------------------

23/23 Testing: Random.Random
23/23 Test: Random.Random
Command: "/usr/bin/valgrind" "--tool=memcheck" "--leak-check=yes" "--trace-children=no" "/work/hw-nlicea/hw1/hw1_tests/label_tests/label_tests" "--gtest_filter=Random.Random"
Directory: /work/hw-nlicea/hw1/hw1_tests/label_tests
"Random.Random" start time: Jan 29 04:22 UTC
Output:
----------------------------------------------------------
==924== Memcheck, a memory error detector
==924== Copyright (C) 2002-2017, and GNU GPL'd, by Julian Seward et al.
==924== Using Valgrind-3.15.0 and LibVEX; rerun with -h for copyright info
==924== Command: /work/hw-nlicea/hw1/hw1_tests/label_tests/label_tests --gtest_filter=Random.Random
==924== 
Running main() from /build/googletest-j5yxiC/googletest-1.10.0/googletest/src/gtest_main.cc
Note: Google Test filter = Random.Random
[==========] Running 0 tests from 0 test suites.
[==========] 0 tests from 0 test suites ran. (12 ms total)
[  PASSED  ] 0 tests.
==924== 
==924== HEAP SUMMARY:
==924==     in use at exit: 0 bytes in 0 blocks
==924==   total heap usage: 371 allocs, 371 frees, 126,790 bytes allocated
==924== 
==924== All heap blocks were freed -- no leaks are possible
==924== 
==924== For lists of detected and suppressed errors, rerun with: -s
==924== ERROR SUMMARY: 0 errors from 0 contexts (suppressed: 0 from 0)
<end of output>
Test time =   1.05 sec
----------------------------------------------------------
Test Passed.
"Random.Random" end time: Jan 29 04:22 UTC
"Random.Random" time elapsed: 00:00:01
----------------------------------------------------------

End testing: Jan 29 04:22 UTC
