Start testing: Apr 21 22:19 UTC
----------------------------------------------------------
1/30 Testing: SearchEng.ParserRegistration
1/30 Test: SearchEng.ParserRegistration
Command: "/usr/bin/valgrind" "--tool=memcheck" "--leak-check=yes" "--trace-children=no" "/work/hw-nlicea/hw2/hw2_tests/searcheng_tests/searcheng_tests" "--gtest_filter=SearchEng.ParserRegistration"
Directory: /work/hw-nlicea/hw2/hw2_tests/searcheng_tests
"SearchEng.ParserRegistration" start time: Apr 21 22:19 UTC
Output:
----------------------------------------------------------
==102== Memcheck, a memory error detector
==102== Copyright (C) 2002-2017, and GNU GPL'd, by Julian Seward et al.
==102== Using Valgrind-3.15.0 and LibVEX; rerun with -h for copyright info
==102== Command: /work/hw-nlicea/hw2/hw2_tests/searcheng_tests/searcheng_tests --gtest_filter=SearchEng.ParserRegistration
==102== 
Running main() from /build/googletest-j5yxiC/googletest-1.10.0/googletest/src/gtest_main.cc
Note: Google Test filter = SearchEng.ParserRegistration
[==========] Running 1 test from 1 test suite.
[----------] Global test environment set-up.
[----------] 1 test from SearchEng
[ RUN      ] SearchEng.ParserRegistration
[       OK ] SearchEng.ParserRegistration (481 ms)
[----------] 1 test from SearchEng (494 ms total)

[----------] Global test environment tear-down
[==========] 1 test from 1 test suite ran. (569 ms total)
[  PASSED  ] 1 test.
==102== 
==102== HEAP SUMMARY:
==102==     in use at exit: 0 bytes in 0 blocks
==102==   total heap usage: 296 allocs, 296 frees, 157,151 bytes allocated
==102== 
==102== All heap blocks were freed -- no leaks are possible
==102== 
==102== For lists of detected and suppressed errors, rerun with: -s
==102== ERROR SUMMARY: 0 errors from 0 contexts (suppressed: 0 from 0)
<end of output>
Test time =   3.89 sec
----------------------------------------------------------
Test Passed.
"SearchEng.ParserRegistration" end time: Apr 21 22:19 UTC
"SearchEng.ParserRegistration" time elapsed: 00:00:03
----------------------------------------------------------

2/30 Testing: SearchEng.ReadPageMultipleTimes
2/30 Test: SearchEng.ReadPageMultipleTimes
Command: "/usr/bin/valgrind" "--tool=memcheck" "--leak-check=yes" "--trace-children=no" "/work/hw-nlicea/hw2/hw2_tests/searcheng_tests/searcheng_tests" "--gtest_filter=SearchEng.ReadPageMultipleTimes"
Directory: /work/hw-nlicea/hw2/hw2_tests/searcheng_tests
"SearchEng.ReadPageMultipleTimes" start time: Apr 21 22:19 UTC
Output:
----------------------------------------------------------
==103== Memcheck, a memory error detector
==103== Copyright (C) 2002-2017, and GNU GPL'd, by Julian Seward et al.
==103== Using Valgrind-3.15.0 and LibVEX; rerun with -h for copyright info
==103== Command: /work/hw-nlicea/hw2/hw2_tests/searcheng_tests/searcheng_tests --gtest_filter=SearchEng.ReadPageMultipleTimes
==103== 
Running main() from /build/googletest-j5yxiC/googletest-1.10.0/googletest/src/gtest_main.cc
Note: Google Test filter = SearchEng.ReadPageMultipleTimes
[==========] Running 1 test from 1 test suite.
[----------] Global test environment set-up.
[----------] 1 test from SearchEng
[ RUN      ] SearchEng.ReadPageMultipleTimes
[       OK ] SearchEng.ReadPageMultipleTimes (451 ms)
[----------] 1 test from SearchEng (466 ms total)

[----------] Global test environment tear-down
[==========] 1 test from 1 test suite ran. (518 ms total)
[  PASSED  ] 1 test.
==103== 
==103== HEAP SUMMARY:
==103==     in use at exit: 0 bytes in 0 blocks
==103==   total heap usage: 320 allocs, 320 frees, 150,159 bytes allocated
==103== 
==103== All heap blocks were freed -- no leaks are possible
==103== 
==103== For lists of detected and suppressed errors, rerun with: -s
==103== ERROR SUMMARY: 0 errors from 0 contexts (suppressed: 0 from 0)
<end of output>
Test time =   2.72 sec
----------------------------------------------------------
Test Passed.
"SearchEng.ReadPageMultipleTimes" end time: Apr 21 22:19 UTC
"SearchEng.ReadPageMultipleTimes" time elapsed: 00:00:02
----------------------------------------------------------

3/30 Testing: SearchEng.ANDCombiner
3/30 Test: SearchEng.ANDCombiner
Command: "/usr/bin/valgrind" "--tool=memcheck" "--leak-check=yes" "--trace-children=no" "/work/hw-nlicea/hw2/hw2_tests/searcheng_tests/searcheng_tests" "--gtest_filter=SearchEng.ANDCombiner"
Directory: /work/hw-nlicea/hw2/hw2_tests/searcheng_tests
"SearchEng.ANDCombiner" start time: Apr 21 22:19 UTC
Output:
----------------------------------------------------------
==104== Memcheck, a memory error detector
==104== Copyright (C) 2002-2017, and GNU GPL'd, by Julian Seward et al.
==104== Using Valgrind-3.15.0 and LibVEX; rerun with -h for copyright info
==104== Command: /work/hw-nlicea/hw2/hw2_tests/searcheng_tests/searcheng_tests --gtest_filter=SearchEng.ANDCombiner
==104== 
Running main() from /build/googletest-j5yxiC/googletest-1.10.0/googletest/src/gtest_main.cc
Note: Google Test filter = SearchEng.ANDCombiner
[==========] Running 1 test from 1 test suite.
[----------] Global test environment set-up.
[----------] 1 test from SearchEng
[ RUN      ] SearchEng.ANDCombiner
[       OK ] SearchEng.ANDCombiner (457 ms)
[----------] 1 test from SearchEng (470 ms total)

[----------] Global test environment tear-down
[==========] 1 test from 1 test suite ran. (522 ms total)
[  PASSED  ] 1 test.
==104== 
==104== HEAP SUMMARY:
==104==     in use at exit: 0 bytes in 0 blocks
==104==   total heap usage: 368 allocs, 368 frees, 196,103 bytes allocated
==104== 
==104== All heap blocks were freed -- no leaks are possible
==104== 
==104== For lists of detected and suppressed errors, rerun with: -s
==104== ERROR SUMMARY: 0 errors from 0 contexts (suppressed: 0 from 0)
<end of output>
Test time =   2.93 sec
----------------------------------------------------------
Test Passed.
"SearchEng.ANDCombiner" end time: Apr 21 22:19 UTC
"SearchEng.ANDCombiner" time elapsed: 00:00:02
----------------------------------------------------------

4/30 Testing: SearchEng.ORCombiner
4/30 Test: SearchEng.ORCombiner
Command: "/usr/bin/valgrind" "--tool=memcheck" "--leak-check=yes" "--trace-children=no" "/work/hw-nlicea/hw2/hw2_tests/searcheng_tests/searcheng_tests" "--gtest_filter=SearchEng.ORCombiner"
Directory: /work/hw-nlicea/hw2/hw2_tests/searcheng_tests
"SearchEng.ORCombiner" start time: Apr 21 22:19 UTC
Output:
----------------------------------------------------------
==105== Memcheck, a memory error detector
==105== Copyright (C) 2002-2017, and GNU GPL'd, by Julian Seward et al.
==105== Using Valgrind-3.15.0 and LibVEX; rerun with -h for copyright info
==105== Command: /work/hw-nlicea/hw2/hw2_tests/searcheng_tests/searcheng_tests --gtest_filter=SearchEng.ORCombiner
==105== 
Running main() from /build/googletest-j5yxiC/googletest-1.10.0/googletest/src/gtest_main.cc
Note: Google Test filter = SearchEng.ORCombiner
[==========] Running 1 test from 1 test suite.
[----------] Global test environment set-up.
[----------] 1 test from SearchEng
[ RUN      ] SearchEng.ORCombiner
[       OK ] SearchEng.ORCombiner (365 ms)
[----------] 1 test from SearchEng (374 ms total)

[----------] Global test environment tear-down
[==========] 1 test from 1 test suite ran. (423 ms total)
[  PASSED  ] 1 test.
==105== 
==105== HEAP SUMMARY:
==105==     in use at exit: 0 bytes in 0 blocks
==105==   total heap usage: 387 allocs, 387 frees, 214,496 bytes allocated
==105== 
==105== All heap blocks were freed -- no leaks are possible
==105== 
==105== For lists of detected and suppressed errors, rerun with: -s
==105== ERROR SUMMARY: 0 errors from 0 contexts (suppressed: 0 from 0)
<end of output>
Test time =   2.53 sec
----------------------------------------------------------
Test Passed.
"SearchEng.ORCombiner" end time: Apr 21 22:19 UTC
"SearchEng.ORCombiner" time elapsed: 00:00:02
----------------------------------------------------------

5/30 Testing: SearchEng.DiffCombiner
5/30 Test: SearchEng.DiffCombiner
Command: "/usr/bin/valgrind" "--tool=memcheck" "--leak-check=yes" "--trace-children=no" "/work/hw-nlicea/hw2/hw2_tests/searcheng_tests/searcheng_tests" "--gtest_filter=SearchEng.DiffCombiner"
Directory: /work/hw-nlicea/hw2/hw2_tests/searcheng_tests
"SearchEng.DiffCombiner" start time: Apr 21 22:19 UTC
Output:
----------------------------------------------------------
==106== Memcheck, a memory error detector
==106== Copyright (C) 2002-2017, and GNU GPL'd, by Julian Seward et al.
==106== Using Valgrind-3.15.0 and LibVEX; rerun with -h for copyright info
==106== Command: /work/hw-nlicea/hw2/hw2_tests/searcheng_tests/searcheng_tests --gtest_filter=SearchEng.DiffCombiner
==106== 
Running main() from /build/googletest-j5yxiC/googletest-1.10.0/googletest/src/gtest_main.cc
Note: Google Test filter = SearchEng.DiffCombiner
[==========] Running 1 test from 1 test suite.
[----------] Global test environment set-up.
[----------] 1 test from SearchEng
[ RUN      ] SearchEng.DiffCombiner
[       OK ] SearchEng.DiffCombiner (598 ms)
[----------] 1 test from SearchEng (611 ms total)

[----------] Global test environment tear-down
[==========] 1 test from 1 test suite ran. (663 ms total)
[  PASSED  ] 1 test.
==106== 
==106== HEAP SUMMARY:
==106==     in use at exit: 0 bytes in 0 blocks
==106==   total heap usage: 386 allocs, 386 frees, 214,262 bytes allocated
==106== 
==106== All heap blocks were freed -- no leaks are possible
==106== 
==106== For lists of detected and suppressed errors, rerun with: -s
==106== ERROR SUMMARY: 0 errors from 0 contexts (suppressed: 0 from 0)
<end of output>
Test time =   2.72 sec
----------------------------------------------------------
Test Passed.
"SearchEng.DiffCombiner" end time: Apr 21 22:19 UTC
"SearchEng.DiffCombiner" time elapsed: 00:00:02
----------------------------------------------------------

6/30 Testing: SearchEng.RetrievePage
6/30 Test: SearchEng.RetrievePage
Command: "/usr/bin/valgrind" "--tool=memcheck" "--leak-check=yes" "--trace-children=no" "/work/hw-nlicea/hw2/hw2_tests/searcheng_tests/searcheng_tests" "--gtest_filter=SearchEng.RetrievePage"
Directory: /work/hw-nlicea/hw2/hw2_tests/searcheng_tests
"SearchEng.RetrievePage" start time: Apr 21 22:19 UTC
Output:
----------------------------------------------------------
==107== Memcheck, a memory error detector
==107== Copyright (C) 2002-2017, and GNU GPL'd, by Julian Seward et al.
==107== Using Valgrind-3.15.0 and LibVEX; rerun with -h for copyright info
==107== Command: /work/hw-nlicea/hw2/hw2_tests/searcheng_tests/searcheng_tests --gtest_filter=SearchEng.RetrievePage
==107== 
Running main() from /build/googletest-j5yxiC/googletest-1.10.0/googletest/src/gtest_main.cc
Note: Google Test filter = SearchEng.RetrievePage
[==========] Running 1 test from 1 test suite.
[----------] Global test environment set-up.
[----------] 1 test from SearchEng
[ RUN      ] SearchEng.RetrievePage
Checking links for page test-small/pga.md
Expect outgoing outgoingLinks: [test-small/pgc.md, test-small/pgg.md] actual [test-small/pgc.md, test-small/pgg.md]
Expect incoming outgoingLinks: [test-small/pgb.md] actual [test-small/pgb.md]
Checking links for page test-small/pgb.md
Expect outgoing outgoingLinks: [test-small/pga.md, test-small/pge.md, test-small/pgf.md] actual [test-small/pga.md, test-small/pge.md, test-small/pgf.md]
Expect incoming outgoingLinks: [test-small/pgc.md] actual [test-small/pgc.md]
Checking links for page test-small/pgc.md
Expect outgoing outgoingLinks: [test-small/pgb.md] actual [test-small/pgb.md]
Expect incoming outgoingLinks: [test-small/pga.md, test-small/pgd.md, test-small/pge.md] actual [test-small/pga.md, test-small/pgd.md, test-small/pge.md]
Checking links for page test-small/pgd.md
Expect outgoing outgoingLinks: [test-small/pgc.md] actual [test-small/pgc.md]
Expect incoming outgoingLinks: [test-small/pge.md] actual [test-small/pge.md]
Checking links for page test-small/pge.md
Expect outgoing outgoingLinks: [test-small/pgc.md, test-small/pgd.md, test-small/pgf.md] actual [test-small/pgc.md, test-small/pgd.md, test-small/pgf.md]
Expect incoming outgoingLinks: [test-small/pgb.md] actual [test-small/pgb.md]
Checking links for page test-small/pgf.md
Expect outgoing outgoingLinks: [] actual []
Expect incoming outgoingLinks: [test-small/pgb.md, test-small/pge.md] actual [test-small/pgb.md, test-small/pge.md]
Checking links for page test-small/pgg.md
Expect outgoing outgoingLinks: [] actual []
Expect incoming outgoingLinks: [test-small/pga.md] actual [test-small/pga.md]
[       OK ] SearchEng.RetrievePage (841 ms)
[----------] 1 test from SearchEng (853 ms total)

[----------] Global test environment tear-down
[==========] 1 test from 1 test suite ran. (915 ms total)
[  PASSED  ] 1 test.
==107== 
==107== HEAP SUMMARY:
==107==     in use at exit: 0 bytes in 0 blocks
==107==   total heap usage: 947 allocs, 947 frees, 254,277 bytes allocated
==107== 
==107== All heap blocks were freed -- no leaks are possible
==107== 
==107== For lists of detected and suppressed errors, rerun with: -s
==107== ERROR SUMMARY: 0 errors from 0 contexts (suppressed: 0 from 0)
<end of output>
Test time =   3.14 sec
----------------------------------------------------------
Test Passed.
"SearchEng.RetrievePage" end time: Apr 21 22:19 UTC
"SearchEng.RetrievePage" time elapsed: 00:00:03
----------------------------------------------------------

7/30 Testing: SearchEng.LinkCornerCases
7/30 Test: SearchEng.LinkCornerCases
Command: "/usr/bin/valgrind" "--tool=memcheck" "--leak-check=yes" "--trace-children=no" "/work/hw-nlicea/hw2/hw2_tests/searcheng_tests/searcheng_tests" "--gtest_filter=SearchEng.LinkCornerCases"
Directory: /work/hw-nlicea/hw2/hw2_tests/searcheng_tests
"SearchEng.LinkCornerCases" start time: Apr 21 22:19 UTC
Output:
----------------------------------------------------------
==108== Memcheck, a memory error detector
==108== Copyright (C) 2002-2017, and GNU GPL'd, by Julian Seward et al.
==108== Using Valgrind-3.15.0 and LibVEX; rerun with -h for copyright info
==108== Command: /work/hw-nlicea/hw2/hw2_tests/searcheng_tests/searcheng_tests --gtest_filter=SearchEng.LinkCornerCases
==108== 
Running main() from /build/googletest-j5yxiC/googletest-1.10.0/googletest/src/gtest_main.cc
Note: Google Test filter = SearchEng.LinkCornerCases
[==========] Running 1 test from 1 test suite.
[----------] Global test environment set-up.
[----------] 1 test from SearchEng
[ RUN      ] SearchEng.LinkCornerCases
[       OK ] SearchEng.LinkCornerCases (225 ms)
[----------] 1 test from SearchEng (235 ms total)

[----------] Global test environment tear-down
[==========] 1 test from 1 test suite ran. (268 ms total)
[  PASSED  ] 1 test.
==108== 
==108== HEAP SUMMARY:
==108==     in use at exit: 0 bytes in 0 blocks
==108==   total heap usage: 290 allocs, 290 frees, 138,884 bytes allocated
==108== 
==108== All heap blocks were freed -- no leaks are possible
==108== 
==108== For lists of detected and suppressed errors, rerun with: -s
==108== ERROR SUMMARY: 0 errors from 0 contexts (suppressed: 0 from 0)
<end of output>
Test time =   2.20 sec
----------------------------------------------------------
Test Passed.
"SearchEng.LinkCornerCases" end time: Apr 21 22:19 UTC
"SearchEng.LinkCornerCases" time elapsed: 00:00:02
----------------------------------------------------------

8/30 Testing: SearchEng.SameLink
8/30 Test: SearchEng.SameLink
Command: "/usr/bin/valgrind" "--tool=memcheck" "--leak-check=yes" "--trace-children=no" "/work/hw-nlicea/hw2/hw2_tests/searcheng_tests/searcheng_tests" "--gtest_filter=SearchEng.SameLink"
Directory: /work/hw-nlicea/hw2/hw2_tests/searcheng_tests
"SearchEng.SameLink" start time: Apr 21 22:19 UTC
Output:
----------------------------------------------------------
==109== Memcheck, a memory error detector
==109== Copyright (C) 2002-2017, and GNU GPL'd, by Julian Seward et al.
==109== Using Valgrind-3.15.0 and LibVEX; rerun with -h for copyright info
==109== Command: /work/hw-nlicea/hw2/hw2_tests/searcheng_tests/searcheng_tests --gtest_filter=SearchEng.SameLink
==109== 
Running main() from /build/googletest-j5yxiC/googletest-1.10.0/googletest/src/gtest_main.cc
Note: Google Test filter = SearchEng.SameLink
[==========] Running 1 test from 1 test suite.
[----------] Global test environment set-up.
[----------] 1 test from SearchEng
[ RUN      ] SearchEng.SameLink
[       OK ] SearchEng.SameLink (1890 ms)
[----------] 1 test from SearchEng (1901 ms total)

[----------] Global test environment tear-down
[==========] 1 test from 1 test suite ran. (1933 ms total)
[  PASSED  ] 1 test.
==109== 
==109== HEAP SUMMARY:
==109==     in use at exit: 0 bytes in 0 blocks
==109==   total heap usage: 298 allocs, 298 frees, 871,383 bytes allocated
==109== 
==109== All heap blocks were freed -- no leaks are possible
==109== 
==109== For lists of detected and suppressed errors, rerun with: -s
==109== ERROR SUMMARY: 0 errors from 0 contexts (suppressed: 0 from 0)
<end of output>
Test time =   3.87 sec
----------------------------------------------------------
Test Passed.
"SearchEng.SameLink" end time: Apr 21 22:19 UTC
"SearchEng.SameLink" time elapsed: 00:00:03
----------------------------------------------------------

9/30 Testing: SearchEng.DisplayPage
9/30 Test: SearchEng.DisplayPage
Command: "/usr/bin/valgrind" "--tool=memcheck" "--leak-check=yes" "--trace-children=no" "/work/hw-nlicea/hw2/hw2_tests/searcheng_tests/searcheng_tests" "--gtest_filter=SearchEng.DisplayPage"
Directory: /work/hw-nlicea/hw2/hw2_tests/searcheng_tests
"SearchEng.DisplayPage" start time: Apr 21 22:19 UTC
Output:
----------------------------------------------------------
==110== Memcheck, a memory error detector
==110== Copyright (C) 2002-2017, and GNU GPL'd, by Julian Seward et al.
==110== Using Valgrind-3.15.0 and LibVEX; rerun with -h for copyright info
==110== Command: /work/hw-nlicea/hw2/hw2_tests/searcheng_tests/searcheng_tests --gtest_filter=SearchEng.DisplayPage
==110== 
Running main() from /build/googletest-j5yxiC/googletest-1.10.0/googletest/src/gtest_main.cc
Note: Google Test filter = SearchEng.DisplayPage
[==========] Running 1 test from 1 test suite.
[----------] Global test environment set-up.
[----------] 1 test from SearchEng
[ RUN      ] SearchEng.DisplayPage
[       OK ] SearchEng.DisplayPage (356 ms)
[----------] 1 test from SearchEng (371 ms total)

[----------] Global test environment tear-down
[==========] 1 test from 1 test suite ran. (423 ms total)
[  PASSED  ] 1 test.
==110== 
==110== HEAP SUMMARY:
==110==     in use at exit: 0 bytes in 0 blocks
==110==   total heap usage: 299 allocs, 299 frees, 148,344 bytes allocated
==110== 
==110== All heap blocks were freed -- no leaks are possible
==110== 
==110== For lists of detected and suppressed errors, rerun with: -s
==110== ERROR SUMMARY: 0 errors from 0 contexts (suppressed: 0 from 0)
<end of output>
Test time =   2.78 sec
----------------------------------------------------------
Test Passed.
"SearchEng.DisplayPage" end time: Apr 21 22:19 UTC
"SearchEng.DisplayPage" time elapsed: 00:00:02
----------------------------------------------------------

10/30 Testing: Parsers.MdParserSpecialStart
10/30 Test: Parsers.MdParserSpecialStart
Command: "/usr/bin/valgrind" "--tool=memcheck" "--leak-check=yes" "--trace-children=no" "/work/hw-nlicea/hw2/hw2_tests/mdparser_tests/mdparser_tests" "--gtest_filter=Parsers.MdParserSpecialStart"
Directory: /work/hw-nlicea/hw2/hw2_tests/mdparser_tests
"Parsers.MdParserSpecialStart" start time: Apr 21 22:19 UTC
Output:
----------------------------------------------------------
==111== Memcheck, a memory error detector
==111== Copyright (C) 2002-2017, and GNU GPL'd, by Julian Seward et al.
==111== Using Valgrind-3.15.0 and LibVEX; rerun with -h for copyright info
==111== Command: /work/hw-nlicea/hw2/hw2_tests/mdparser_tests/mdparser_tests --gtest_filter=Parsers.MdParserSpecialStart
==111== 
Running main() from /build/googletest-j5yxiC/googletest-1.10.0/googletest/src/gtest_main.cc
Note: Google Test filter = Parsers.MdParserSpecialStart
[==========] Running 1 test from 1 test suite.
[----------] Global test environment set-up.
[----------] 1 test from Parsers
[ RUN      ] Parsers.MdParserSpecialStart
[       OK ] Parsers.MdParserSpecialStart (132 ms)
[----------] 1 test from Parsers (151 ms total)

[----------] Global test environment tear-down
[==========] 1 test from 1 test suite ran. (209 ms total)
[  PASSED  ] 1 test.
==111== 
==111== HEAP SUMMARY:
==111==     in use at exit: 0 bytes in 0 blocks
==111==   total heap usage: 300 allocs, 300 frees, 121,795 bytes allocated
==111== 
==111== All heap blocks were freed -- no leaks are possible
==111== 
==111== For lists of detected and suppressed errors, rerun with: -s
==111== ERROR SUMMARY: 0 errors from 0 contexts (suppressed: 0 from 0)
<end of output>
Test time =   2.84 sec
----------------------------------------------------------
Test Passed.
"Parsers.MdParserSpecialStart" end time: Apr 21 22:19 UTC
"Parsers.MdParserSpecialStart" time elapsed: 00:00:02
----------------------------------------------------------

11/30 Testing: Parsers.MdParserSpecialEnd
11/30 Test: Parsers.MdParserSpecialEnd
Command: "/usr/bin/valgrind" "--tool=memcheck" "--leak-check=yes" "--trace-children=no" "/work/hw-nlicea/hw2/hw2_tests/mdparser_tests/mdparser_tests" "--gtest_filter=Parsers.MdParserSpecialEnd"
Directory: /work/hw-nlicea/hw2/hw2_tests/mdparser_tests
"Parsers.MdParserSpecialEnd" start time: Apr 21 22:19 UTC
Output:
----------------------------------------------------------
==112== Memcheck, a memory error detector
==112== Copyright (C) 2002-2017, and GNU GPL'd, by Julian Seward et al.
==112== Using Valgrind-3.15.0 and LibVEX; rerun with -h for copyright info
==112== Command: /work/hw-nlicea/hw2/hw2_tests/mdparser_tests/mdparser_tests --gtest_filter=Parsers.MdParserSpecialEnd
==112== 
Running main() from /build/googletest-j5yxiC/googletest-1.10.0/googletest/src/gtest_main.cc
Note: Google Test filter = Parsers.MdParserSpecialEnd
[==========] Running 1 test from 1 test suite.
[----------] Global test environment set-up.
[----------] 1 test from Parsers
[ RUN      ] Parsers.MdParserSpecialEnd
[       OK ] Parsers.MdParserSpecialEnd (89 ms)
[----------] 1 test from Parsers (99 ms total)

[----------] Global test environment tear-down
[==========] 1 test from 1 test suite ran. (138 ms total)
[  PASSED  ] 1 test.
==112== 
==112== HEAP SUMMARY:
==112==     in use at exit: 0 bytes in 0 blocks
==112==   total heap usage: 300 allocs, 300 frees, 121,781 bytes allocated
==112== 
==112== All heap blocks were freed -- no leaks are possible
==112== 
==112== For lists of detected and suppressed errors, rerun with: -s
==112== ERROR SUMMARY: 0 errors from 0 contexts (suppressed: 0 from 0)
<end of output>
Test time =   2.24 sec
----------------------------------------------------------
Test Passed.
"Parsers.MdParserSpecialEnd" end time: Apr 21 22:19 UTC
"Parsers.MdParserSpecialEnd" time elapsed: 00:00:02
----------------------------------------------------------

12/30 Testing: Parsers.MdParserSpecialMiddle
12/30 Test: Parsers.MdParserSpecialMiddle
Command: "/usr/bin/valgrind" "--tool=memcheck" "--leak-check=yes" "--trace-children=no" "/work/hw-nlicea/hw2/hw2_tests/mdparser_tests/mdparser_tests" "--gtest_filter=Parsers.MdParserSpecialMiddle"
Directory: /work/hw-nlicea/hw2/hw2_tests/mdparser_tests
"Parsers.MdParserSpecialMiddle" start time: Apr 21 22:19 UTC
Output:
----------------------------------------------------------
==113== Memcheck, a memory error detector
==113== Copyright (C) 2002-2017, and GNU GPL'd, by Julian Seward et al.
==113== Using Valgrind-3.15.0 and LibVEX; rerun with -h for copyright info
==113== Command: /work/hw-nlicea/hw2/hw2_tests/mdparser_tests/mdparser_tests --gtest_filter=Parsers.MdParserSpecialMiddle
==113== 
Running main() from /build/googletest-j5yxiC/googletest-1.10.0/googletest/src/gtest_main.cc
Note: Google Test filter = Parsers.MdParserSpecialMiddle
[==========] Running 1 test from 1 test suite.
[----------] Global test environment set-up.
[----------] 1 test from Parsers
[ RUN      ] Parsers.MdParserSpecialMiddle
[       OK ] Parsers.MdParserSpecialMiddle (104 ms)
[----------] 1 test from Parsers (114 ms total)

[----------] Global test environment tear-down
[==========] 1 test from 1 test suite ran. (149 ms total)
[  PASSED  ] 1 test.
==113== 
==113== HEAP SUMMARY:
==113==     in use at exit: 0 bytes in 0 blocks
==113==   total heap usage: 304 allocs, 304 frees, 121,981 bytes allocated
==113== 
==113== All heap blocks were freed -- no leaks are possible
==113== 
==113== For lists of detected and suppressed errors, rerun with: -s
==113== ERROR SUMMARY: 0 errors from 0 contexts (suppressed: 0 from 0)
<end of output>
Test time =   2.29 sec
----------------------------------------------------------
Test Passed.
"Parsers.MdParserSpecialMiddle" end time: Apr 21 22:19 UTC
"Parsers.MdParserSpecialMiddle" time elapsed: 00:00:02
----------------------------------------------------------

13/30 Testing: Parsers.MdParserTextFull
13/30 Test: Parsers.MdParserTextFull
Command: "/usr/bin/valgrind" "--tool=memcheck" "--leak-check=yes" "--trace-children=no" "/work/hw-nlicea/hw2/hw2_tests/mdparser_tests/mdparser_tests" "--gtest_filter=Parsers.MdParserTextFull"
Directory: /work/hw-nlicea/hw2/hw2_tests/mdparser_tests
"Parsers.MdParserTextFull" start time: Apr 21 22:19 UTC
Output:
----------------------------------------------------------
==114== Memcheck, a memory error detector
==114== Copyright (C) 2002-2017, and GNU GPL'd, by Julian Seward et al.
==114== Using Valgrind-3.15.0 and LibVEX; rerun with -h for copyright info
==114== Command: /work/hw-nlicea/hw2/hw2_tests/mdparser_tests/mdparser_tests --gtest_filter=Parsers.MdParserTextFull
==114== 
Running main() from /build/googletest-j5yxiC/googletest-1.10.0/googletest/src/gtest_main.cc
Note: Google Test filter = Parsers.MdParserTextFull
[==========] Running 1 test from 1 test suite.
[----------] Global test environment set-up.
[----------] 1 test from Parsers
[ RUN      ] Parsers.MdParserTextFull
[       OK ] Parsers.MdParserTextFull (112 ms)
[----------] 1 test from Parsers (125 ms total)

[----------] Global test environment tear-down
[==========] 1 test from 1 test suite ran. (160 ms total)
[  PASSED  ] 1 test.
==114== 
==114== HEAP SUMMARY:
==114==     in use at exit: 0 bytes in 0 blocks
==114==   total heap usage: 318 allocs, 318 frees, 123,612 bytes allocated
==114== 
==114== All heap blocks were freed -- no leaks are possible
==114== 
==114== For lists of detected and suppressed errors, rerun with: -s
==114== ERROR SUMMARY: 0 errors from 0 contexts (suppressed: 0 from 0)
<end of output>
Test time =   2.06 sec
----------------------------------------------------------
Test Passed.
"Parsers.MdParserTextFull" end time: Apr 21 22:19 UTC
"Parsers.MdParserTextFull" time elapsed: 00:00:02
----------------------------------------------------------

14/30 Testing: Parsers.MdParserLinksSepStart
14/30 Test: Parsers.MdParserLinksSepStart
Command: "/usr/bin/valgrind" "--tool=memcheck" "--leak-check=yes" "--trace-children=no" "/work/hw-nlicea/hw2/hw2_tests/mdparser_tests/mdparser_tests" "--gtest_filter=Parsers.MdParserLinksSepStart"
Directory: /work/hw-nlicea/hw2/hw2_tests/mdparser_tests
"Parsers.MdParserLinksSepStart" start time: Apr 21 22:19 UTC
Output:
----------------------------------------------------------
==115== Memcheck, a memory error detector
==115== Copyright (C) 2002-2017, and GNU GPL'd, by Julian Seward et al.
==115== Using Valgrind-3.15.0 and LibVEX; rerun with -h for copyright info
==115== Command: /work/hw-nlicea/hw2/hw2_tests/mdparser_tests/mdparser_tests --gtest_filter=Parsers.MdParserLinksSepStart
==115== 
Running main() from /build/googletest-j5yxiC/googletest-1.10.0/googletest/src/gtest_main.cc
Note: Google Test filter = Parsers.MdParserLinksSepStart
[==========] Running 1 test from 1 test suite.
[----------] Global test environment set-up.
[----------] 1 test from Parsers
[ RUN      ] Parsers.MdParserLinksSepStart
[       OK ] Parsers.MdParserLinksSepStart (164 ms)
[----------] 1 test from Parsers (177 ms total)

[----------] Global test environment tear-down
[==========] 1 test from 1 test suite ran. (221 ms total)
[  PASSED  ] 1 test.
==115== 
==115== HEAP SUMMARY:
==115==     in use at exit: 0 bytes in 0 blocks
==115==   total heap usage: 312 allocs, 312 frees, 122,211 bytes allocated
==115== 
==115== All heap blocks were freed -- no leaks are possible
==115== 
==115== For lists of detected and suppressed errors, rerun with: -s
==115== ERROR SUMMARY: 0 errors from 0 contexts (suppressed: 0 from 0)
<end of output>
Test time =   2.15 sec
----------------------------------------------------------
Test Passed.
"Parsers.MdParserLinksSepStart" end time: Apr 21 22:19 UTC
"Parsers.MdParserLinksSepStart" time elapsed: 00:00:02
----------------------------------------------------------

15/30 Testing: Parsers.MdParserLinksSepEnd
15/30 Test: Parsers.MdParserLinksSepEnd
Command: "/usr/bin/valgrind" "--tool=memcheck" "--leak-check=yes" "--trace-children=no" "/work/hw-nlicea/hw2/hw2_tests/mdparser_tests/mdparser_tests" "--gtest_filter=Parsers.MdParserLinksSepEnd"
Directory: /work/hw-nlicea/hw2/hw2_tests/mdparser_tests
"Parsers.MdParserLinksSepEnd" start time: Apr 21 22:19 UTC
Output:
----------------------------------------------------------
==116== Memcheck, a memory error detector
==116== Copyright (C) 2002-2017, and GNU GPL'd, by Julian Seward et al.
==116== Using Valgrind-3.15.0 and LibVEX; rerun with -h for copyright info
==116== Command: /work/hw-nlicea/hw2/hw2_tests/mdparser_tests/mdparser_tests --gtest_filter=Parsers.MdParserLinksSepEnd
==116== 
Running main() from /build/googletest-j5yxiC/googletest-1.10.0/googletest/src/gtest_main.cc
Note: Google Test filter = Parsers.MdParserLinksSepEnd
[==========] Running 1 test from 1 test suite.
[----------] Global test environment set-up.
[----------] 1 test from Parsers
[ RUN      ] Parsers.MdParserLinksSepEnd
[       OK ] Parsers.MdParserLinksSepEnd (136 ms)
[----------] 1 test from Parsers (153 ms total)

[----------] Global test environment tear-down
[==========] 1 test from 1 test suite ran. (189 ms total)
[  PASSED  ] 1 test.
==116== 
==116== HEAP SUMMARY:
==116==     in use at exit: 0 bytes in 0 blocks
==116==   total heap usage: 312 allocs, 312 frees, 122,197 bytes allocated
==116== 
==116== All heap blocks were freed -- no leaks are possible
==116== 
==116== For lists of detected and suppressed errors, rerun with: -s
==116== ERROR SUMMARY: 0 errors from 0 contexts (suppressed: 0 from 0)
<end of output>
Test time =   2.29 sec
----------------------------------------------------------
Test Passed.
"Parsers.MdParserLinksSepEnd" end time: Apr 21 22:19 UTC
"Parsers.MdParserLinksSepEnd" time elapsed: 00:00:02
----------------------------------------------------------

16/30 Testing: Parsers.MdParserLinksSepMiddle
16/30 Test: Parsers.MdParserLinksSepMiddle
Command: "/usr/bin/valgrind" "--tool=memcheck" "--leak-check=yes" "--trace-children=no" "/work/hw-nlicea/hw2/hw2_tests/mdparser_tests/mdparser_tests" "--gtest_filter=Parsers.MdParserLinksSepMiddle"
Directory: /work/hw-nlicea/hw2/hw2_tests/mdparser_tests
"Parsers.MdParserLinksSepMiddle" start time: Apr 21 22:19 UTC
Output:
----------------------------------------------------------
==117== Memcheck, a memory error detector
==117== Copyright (C) 2002-2017, and GNU GPL'd, by Julian Seward et al.
==117== Using Valgrind-3.15.0 and LibVEX; rerun with -h for copyright info
==117== Command: /work/hw-nlicea/hw2/hw2_tests/mdparser_tests/mdparser_tests --gtest_filter=Parsers.MdParserLinksSepMiddle
==117== 
Running main() from /build/googletest-j5yxiC/googletest-1.10.0/googletest/src/gtest_main.cc
Note: Google Test filter = Parsers.MdParserLinksSepMiddle
[==========] Running 1 test from 1 test suite.
[----------] Global test environment set-up.
[----------] 1 test from Parsers
[ RUN      ] Parsers.MdParserLinksSepMiddle
[       OK ] Parsers.MdParserLinksSepMiddle (96 ms)
[----------] 1 test from Parsers (105 ms total)

[----------] Global test environment tear-down
[==========] 1 test from 1 test suite ran. (143 ms total)
[  PASSED  ] 1 test.
==117== 
==117== HEAP SUMMARY:
==117==     in use at exit: 0 bytes in 0 blocks
==117==   total heap usage: 314 allocs, 314 frees, 122,504 bytes allocated
==117== 
==117== All heap blocks were freed -- no leaks are possible
==117== 
==117== For lists of detected and suppressed errors, rerun with: -s
==117== ERROR SUMMARY: 0 errors from 0 contexts (suppressed: 0 from 0)
<end of output>
Test time =   2.05 sec
----------------------------------------------------------
Test Passed.
"Parsers.MdParserLinksSepMiddle" end time: Apr 21 22:19 UTC
"Parsers.MdParserLinksSepMiddle" time elapsed: 00:00:02
----------------------------------------------------------

17/30 Testing: Parsers.MdParserLinksFull
17/30 Test: Parsers.MdParserLinksFull
Command: "/usr/bin/valgrind" "--tool=memcheck" "--leak-check=yes" "--trace-children=no" "/work/hw-nlicea/hw2/hw2_tests/mdparser_tests/mdparser_tests" "--gtest_filter=Parsers.MdParserLinksFull"
Directory: /work/hw-nlicea/hw2/hw2_tests/mdparser_tests
"Parsers.MdParserLinksFull" start time: Apr 21 22:19 UTC
Output:
----------------------------------------------------------
==118== Memcheck, a memory error detector
==118== Copyright (C) 2002-2017, and GNU GPL'd, by Julian Seward et al.
==118== Using Valgrind-3.15.0 and LibVEX; rerun with -h for copyright info
==118== Command: /work/hw-nlicea/hw2/hw2_tests/mdparser_tests/mdparser_tests --gtest_filter=Parsers.MdParserLinksFull
==118== 
Running main() from /build/googletest-j5yxiC/googletest-1.10.0/googletest/src/gtest_main.cc
Note: Google Test filter = Parsers.MdParserLinksFull
[==========] Running 1 test from 1 test suite.
[----------] Global test environment set-up.
[----------] 1 test from Parsers
[ RUN      ] Parsers.MdParserLinksFull
[       OK ] Parsers.MdParserLinksFull (108 ms)
[----------] 1 test from Parsers (119 ms total)

[----------] Global test environment tear-down
[==========] 1 test from 1 test suite ran. (158 ms total)
[  PASSED  ] 1 test.
==118== 
==118== HEAP SUMMARY:
==118==     in use at exit: 0 bytes in 0 blocks
==118==   total heap usage: 312 allocs, 312 frees, 122,168 bytes allocated
==118== 
==118== All heap blocks were freed -- no leaks are possible
==118== 
==118== For lists of detected and suppressed errors, rerun with: -s
==118== ERROR SUMMARY: 0 errors from 0 contexts (suppressed: 0 from 0)
<end of output>
Test time =   2.08 sec
----------------------------------------------------------
Test Passed.
"Parsers.MdParserLinksFull" end time: Apr 21 22:20 UTC
"Parsers.MdParserLinksFull" time elapsed: 00:00:02
----------------------------------------------------------

18/30 Testing: Parsers.MDWriteupCornerCases
18/30 Test: Parsers.MDWriteupCornerCases
Command: "/usr/bin/valgrind" "--tool=memcheck" "--leak-check=yes" "--trace-children=no" "/work/hw-nlicea/hw2/hw2_tests/mdparser_tests/mdparser_tests" "--gtest_filter=Parsers.MDWriteupCornerCases"
Directory: /work/hw-nlicea/hw2/hw2_tests/mdparser_tests
"Parsers.MDWriteupCornerCases" start time: Apr 21 22:20 UTC
Output:
----------------------------------------------------------
==119== Memcheck, a memory error detector
==119== Copyright (C) 2002-2017, and GNU GPL'd, by Julian Seward et al.
==119== Using Valgrind-3.15.0 and LibVEX; rerun with -h for copyright info
==119== Command: /work/hw-nlicea/hw2/hw2_tests/mdparser_tests/mdparser_tests --gtest_filter=Parsers.MDWriteupCornerCases
==119== 
Running main() from /build/googletest-j5yxiC/googletest-1.10.0/googletest/src/gtest_main.cc
Note: Google Test filter = Parsers.MDWriteupCornerCases
[==========] Running 1 test from 1 test suite.
[----------] Global test environment set-up.
[----------] 1 test from Parsers
[ RUN      ] Parsers.MDWriteupCornerCases
[       OK ] Parsers.MDWriteupCornerCases (138 ms)
[----------] 1 test from Parsers (149 ms total)

[----------] Global test environment tear-down
[==========] 1 test from 1 test suite ran. (197 ms total)
[  PASSED  ] 1 test.
==119== 
==119== HEAP SUMMARY:
==119==     in use at exit: 0 bytes in 0 blocks
==119==   total heap usage: 329 allocs, 329 frees, 123,397 bytes allocated
==119== 
==119== All heap blocks were freed -- no leaks are possible
==119== 
==119== For lists of detected and suppressed errors, rerun with: -s
==119== ERROR SUMMARY: 0 errors from 0 contexts (suppressed: 0 from 0)
<end of output>
Test time =   2.12 sec
----------------------------------------------------------
Test Passed.
"Parsers.MDWriteupCornerCases" end time: Apr 21 22:20 UTC
"Parsers.MDWriteupCornerCases" time elapsed: 00:00:02
----------------------------------------------------------

19/30 Testing: Parsers.MDAnchorAnchor
19/30 Test: Parsers.MDAnchorAnchor
Command: "/usr/bin/valgrind" "--tool=memcheck" "--leak-check=yes" "--trace-children=no" "/work/hw-nlicea/hw2/hw2_tests/mdparser_tests/mdparser_tests" "--gtest_filter=Parsers.MDAnchorAnchor"
Directory: /work/hw-nlicea/hw2/hw2_tests/mdparser_tests
"Parsers.MDAnchorAnchor" start time: Apr 21 22:20 UTC
Output:
----------------------------------------------------------
==120== Memcheck, a memory error detector
==120== Copyright (C) 2002-2017, and GNU GPL'd, by Julian Seward et al.
==120== Using Valgrind-3.15.0 and LibVEX; rerun with -h for copyright info
==120== Command: /work/hw-nlicea/hw2/hw2_tests/mdparser_tests/mdparser_tests --gtest_filter=Parsers.MDAnchorAnchor
==120== 
Running main() from /build/googletest-j5yxiC/googletest-1.10.0/googletest/src/gtest_main.cc
Note: Google Test filter = Parsers.MDAnchorAnchor
[==========] Running 1 test from 1 test suite.
[----------] Global test environment set-up.
[----------] 1 test from Parsers
[ RUN      ] Parsers.MDAnchorAnchor
[       OK ] Parsers.MDAnchorAnchor (154 ms)
[----------] 1 test from Parsers (164 ms total)

[----------] Global test environment tear-down
[==========] 1 test from 1 test suite ran. (213 ms total)
[  PASSED  ] 1 test.
==120== 
==120== HEAP SUMMARY:
==120==     in use at exit: 0 bytes in 0 blocks
==120==   total heap usage: 325 allocs, 325 frees, 123,106 bytes allocated
==120== 
==120== All heap blocks were freed -- no leaks are possible
==120== 
==120== For lists of detected and suppressed errors, rerun with: -s
==120== ERROR SUMMARY: 0 errors from 0 contexts (suppressed: 0 from 0)
<end of output>
Test time =   2.17 sec
----------------------------------------------------------
Test Passed.
"Parsers.MDAnchorAnchor" end time: Apr 21 22:20 UTC
"Parsers.MDAnchorAnchor" time elapsed: 00:00:02
----------------------------------------------------------

20/30 Testing: Combiners.ANDCombiner
20/30 Test: Combiners.ANDCombiner
Command: "/usr/bin/valgrind" "--tool=memcheck" "--leak-check=yes" "--trace-children=no" "/work/hw-nlicea/hw2/hw2_tests/combiner_tests/combiner_tests" "--gtest_filter=Combiners.ANDCombiner"
Directory: /work/hw-nlicea/hw2/hw2_tests/combiner_tests
"Combiners.ANDCombiner" start time: Apr 21 22:20 UTC
Output:
----------------------------------------------------------
==121== Memcheck, a memory error detector
==121== Copyright (C) 2002-2017, and GNU GPL'd, by Julian Seward et al.
==121== Using Valgrind-3.15.0 and LibVEX; rerun with -h for copyright info
==121== Command: /work/hw-nlicea/hw2/hw2_tests/combiner_tests/combiner_tests --gtest_filter=Combiners.ANDCombiner
==121== 
Running main() from /build/googletest-j5yxiC/googletest-1.10.0/googletest/src/gtest_main.cc
Note: Google Test filter = Combiners.ANDCombiner
[==========] Running 1 test from 1 test suite.
[----------] Global test environment set-up.
[----------] 1 test from Combiners
[ RUN      ] Combiners.ANDCombiner
[       OK ] Combiners.ANDCombiner (148 ms)
[----------] 1 test from Combiners (157 ms total)

[----------] Global test environment tear-down
[==========] 1 test from 1 test suite ran. (203 ms total)
[  PASSED  ] 1 test.
==121== 
==121== HEAP SUMMARY:
==121==     in use at exit: 0 bytes in 0 blocks
==121==   total heap usage: 259 allocs, 259 frees, 119,827 bytes allocated
==121== 
==121== All heap blocks were freed -- no leaks are possible
==121== 
==121== For lists of detected and suppressed errors, rerun with: -s
==121== ERROR SUMMARY: 0 errors from 0 contexts (suppressed: 0 from 0)
<end of output>
Test time =   2.94 sec
----------------------------------------------------------
Test Passed.
"Combiners.ANDCombiner" end time: Apr 21 22:20 UTC
"Combiners.ANDCombiner" time elapsed: 00:00:02
----------------------------------------------------------

21/30 Testing: Combiners.ORCombiner
21/30 Test: Combiners.ORCombiner
Command: "/usr/bin/valgrind" "--tool=memcheck" "--leak-check=yes" "--trace-children=no" "/work/hw-nlicea/hw2/hw2_tests/combiner_tests/combiner_tests" "--gtest_filter=Combiners.ORCombiner"
Directory: /work/hw-nlicea/hw2/hw2_tests/combiner_tests
"Combiners.ORCombiner" start time: Apr 21 22:20 UTC
Output:
----------------------------------------------------------
==122== Memcheck, a memory error detector
==122== Copyright (C) 2002-2017, and GNU GPL'd, by Julian Seward et al.
==122== Using Valgrind-3.15.0 and LibVEX; rerun with -h for copyright info
==122== Command: /work/hw-nlicea/hw2/hw2_tests/combiner_tests/combiner_tests --gtest_filter=Combiners.ORCombiner
==122== 
Running main() from /build/googletest-j5yxiC/googletest-1.10.0/googletest/src/gtest_main.cc
Note: Google Test filter = Combiners.ORCombiner
[==========] Running 1 test from 1 test suite.
[----------] Global test environment set-up.
[----------] 1 test from Combiners
[ RUN      ] Combiners.ORCombiner
[       OK ] Combiners.ORCombiner (126 ms)
[----------] 1 test from Combiners (135 ms total)

[----------] Global test environment tear-down
[==========] 1 test from 1 test suite ran. (168 ms total)
[  PASSED  ] 1 test.
==122== 
==122== HEAP SUMMARY:
==122==     in use at exit: 0 bytes in 0 blocks
==122==   total heap usage: 267 allocs, 267 frees, 120,140 bytes allocated
==122== 
==122== All heap blocks were freed -- no leaks are possible
==122== 
==122== For lists of detected and suppressed errors, rerun with: -s
==122== ERROR SUMMARY: 0 errors from 0 contexts (suppressed: 0 from 0)
<end of output>
Test time =   2.11 sec
----------------------------------------------------------
Test Passed.
"Combiners.ORCombiner" end time: Apr 21 22:20 UTC
"Combiners.ORCombiner" time elapsed: 00:00:02
----------------------------------------------------------

22/30 Testing: Combiners.DiffCombiner
22/30 Test: Combiners.DiffCombiner
Command: "/usr/bin/valgrind" "--tool=memcheck" "--leak-check=yes" "--trace-children=no" "/work/hw-nlicea/hw2/hw2_tests/combiner_tests/combiner_tests" "--gtest_filter=Combiners.DiffCombiner"
Directory: /work/hw-nlicea/hw2/hw2_tests/combiner_tests
"Combiners.DiffCombiner" start time: Apr 21 22:20 UTC
Output:
----------------------------------------------------------
==123== Memcheck, a memory error detector
==123== Copyright (C) 2002-2017, and GNU GPL'd, by Julian Seward et al.
==123== Using Valgrind-3.15.0 and LibVEX; rerun with -h for copyright info
==123== Command: /work/hw-nlicea/hw2/hw2_tests/combiner_tests/combiner_tests --gtest_filter=Combiners.DiffCombiner
==123== 
Running main() from /build/googletest-j5yxiC/googletest-1.10.0/googletest/src/gtest_main.cc
Note: Google Test filter = Combiners.DiffCombiner
[==========] Running 1 test from 1 test suite.
[----------] Global test environment set-up.
[----------] 1 test from Combiners
[ RUN      ] Combiners.DiffCombiner
[       OK ] Combiners.DiffCombiner (157 ms)
[----------] 1 test from Combiners (169 ms total)

[----------] Global test environment tear-down
[==========] 1 test from 1 test suite ran. (210 ms total)
[  PASSED  ] 1 test.
==123== 
==123== HEAP SUMMARY:
==123==     in use at exit: 0 bytes in 0 blocks
==123==   total heap usage: 263 allocs, 263 frees, 119,994 bytes allocated
==123== 
==123== All heap blocks were freed -- no leaks are possible
==123== 
==123== For lists of detected and suppressed errors, rerun with: -s
==123== ERROR SUMMARY: 0 errors from 0 contexts (suppressed: 0 from 0)
<end of output>
Test time =   2.66 sec
----------------------------------------------------------
Test Passed.
"Combiners.DiffCombiner" end time: Apr 21 22:20 UTC
"Combiners.DiffCombiner" time elapsed: 00:00:02
----------------------------------------------------------

23/30 Testing: Cmdhandlers.AndHandler
23/30 Test: Cmdhandlers.AndHandler
Command: "/usr/bin/valgrind" "--tool=memcheck" "--leak-check=yes" "--trace-children=no" "/work/hw-nlicea/hw2/hw2_tests/cmdhandler_tests/cmdhandler_tests" "--gtest_filter=Cmdhandlers.AndHandler"
Directory: /work/hw-nlicea/hw2/hw2_tests/cmdhandler_tests
"Cmdhandlers.AndHandler" start time: Apr 21 22:20 UTC
Output:
----------------------------------------------------------
==124== Memcheck, a memory error detector
==124== Copyright (C) 2002-2017, and GNU GPL'd, by Julian Seward et al.
==124== Using Valgrind-3.15.0 and LibVEX; rerun with -h for copyright info
==124== Command: /work/hw-nlicea/hw2/hw2_tests/cmdhandler_tests/cmdhandler_tests --gtest_filter=Cmdhandlers.AndHandler
==124== 
Running main() from /build/googletest-j5yxiC/googletest-1.10.0/googletest/src/gtest_main.cc
Note: Google Test filter = Cmdhandlers.AndHandler
[==========] Running 1 test from 1 test suite.
[----------] Global test environment set-up.
[----------] 1 test from Cmdhandlers
[ RUN      ] Cmdhandlers.AndHandler
Unrecognized command
0
[       OK ] Cmdhandlers.AndHandler (63 ms)
[----------] 1 test from Cmdhandlers (71 ms total)

[----------] Global test environment tear-down
[==========] 1 test from 1 test suite ran. (108 ms total)
[  PASSED  ] 1 test.
==124== 
==124== HEAP SUMMARY:
==124==     in use at exit: 0 bytes in 0 blocks
==124==   total heap usage: 225 allocs, 225 frees, 117,890 bytes allocated
==124== 
==124== All heap blocks were freed -- no leaks are possible
==124== 
==124== For lists of detected and suppressed errors, rerun with: -s
==124== ERROR SUMMARY: 0 errors from 0 contexts (suppressed: 0 from 0)
<end of output>
Test time =   2.62 sec
----------------------------------------------------------
Test Passed.
"Cmdhandlers.AndHandler" end time: Apr 21 22:20 UTC
"Cmdhandlers.AndHandler" time elapsed: 00:00:02
----------------------------------------------------------

24/30 Testing: Cmdhandlers.OrHandler
24/30 Test: Cmdhandlers.OrHandler
Command: "/usr/bin/valgrind" "--tool=memcheck" "--leak-check=yes" "--trace-children=no" "/work/hw-nlicea/hw2/hw2_tests/cmdhandler_tests/cmdhandler_tests" "--gtest_filter=Cmdhandlers.OrHandler"
Directory: /work/hw-nlicea/hw2/hw2_tests/cmdhandler_tests
"Cmdhandlers.OrHandler" start time: Apr 21 22:20 UTC
Output:
----------------------------------------------------------
==125== Memcheck, a memory error detector
==125== Copyright (C) 2002-2017, and GNU GPL'd, by Julian Seward et al.
==125== Using Valgrind-3.15.0 and LibVEX; rerun with -h for copyright info
==125== Command: /work/hw-nlicea/hw2/hw2_tests/cmdhandler_tests/cmdhandler_tests --gtest_filter=Cmdhandlers.OrHandler
==125== 
Running main() from /build/googletest-j5yxiC/googletest-1.10.0/googletest/src/gtest_main.cc
Note: Google Test filter = Cmdhandlers.OrHandler
[==========] Running 1 test from 1 test suite.
[----------] Global test environment set-up.
[----------] 1 test from Cmdhandlers
[ RUN      ] Cmdhandlers.OrHandler
0
Unrecognized command
[       OK ] Cmdhandlers.OrHandler (41 ms)
[----------] 1 test from Cmdhandlers (50 ms total)

[----------] Global test environment tear-down
[==========] 1 test from 1 test suite ran. (80 ms total)
[  PASSED  ] 1 test.
==125== 
==125== HEAP SUMMARY:
==125==     in use at exit: 0 bytes in 0 blocks
==125==   total heap usage: 222 allocs, 222 frees, 117,659 bytes allocated
==125== 
==125== All heap blocks were freed -- no leaks are possible
==125== 
==125== For lists of detected and suppressed errors, rerun with: -s
==125== ERROR SUMMARY: 0 errors from 0 contexts (suppressed: 0 from 0)
<end of output>
Test time =   2.23 sec
----------------------------------------------------------
Test Passed.
"Cmdhandlers.OrHandler" end time: Apr 21 22:20 UTC
"Cmdhandlers.OrHandler" time elapsed: 00:00:02
----------------------------------------------------------

25/30 Testing: Cmdhandlers.DiffHandler
25/30 Test: Cmdhandlers.DiffHandler
Command: "/usr/bin/valgrind" "--tool=memcheck" "--leak-check=yes" "--trace-children=no" "/work/hw-nlicea/hw2/hw2_tests/cmdhandler_tests/cmdhandler_tests" "--gtest_filter=Cmdhandlers.DiffHandler"
Directory: /work/hw-nlicea/hw2/hw2_tests/cmdhandler_tests
"Cmdhandlers.DiffHandler" start time: Apr 21 22:20 UTC
Output:
----------------------------------------------------------
==126== Memcheck, a memory error detector
==126== Copyright (C) 2002-2017, and GNU GPL'd, by Julian Seward et al.
==126== Using Valgrind-3.15.0 and LibVEX; rerun with -h for copyright info
==126== Command: /work/hw-nlicea/hw2/hw2_tests/cmdhandler_tests/cmdhandler_tests --gtest_filter=Cmdhandlers.DiffHandler
==126== 
Running main() from /build/googletest-j5yxiC/googletest-1.10.0/googletest/src/gtest_main.cc
Note: Google Test filter = Cmdhandlers.DiffHandler
[==========] Running 1 test from 1 test suite.
[----------] Global test environment set-up.
[----------] 1 test from Cmdhandlers
[ RUN      ] Cmdhandlers.DiffHandler
0
Unrecognized command
[       OK ] Cmdhandlers.DiffHandler (47 ms)
[----------] 1 test from Cmdhandlers (56 ms total)

[----------] Global test environment tear-down
[==========] 1 test from 1 test suite ran. (90 ms total)
[  PASSED  ] 1 test.
==126== 
==126== HEAP SUMMARY:
==126==     in use at exit: 0 bytes in 0 blocks
==126==   total heap usage: 222 allocs, 222 frees, 117,673 bytes allocated
==126== 
==126== All heap blocks were freed -- no leaks are possible
==126== 
==126== For lists of detected and suppressed errors, rerun with: -s
==126== ERROR SUMMARY: 0 errors from 0 contexts (suppressed: 0 from 0)
<end of output>
Test time =   2.25 sec
----------------------------------------------------------
Test Passed.
"Cmdhandlers.DiffHandler" end time: Apr 21 22:20 UTC
"Cmdhandlers.DiffHandler" time elapsed: 00:00:02
----------------------------------------------------------

26/30 Testing: Cmdhandlers.IncomingHandler
26/30 Test: Cmdhandlers.IncomingHandler
Command: "/usr/bin/valgrind" "--tool=memcheck" "--leak-check=yes" "--trace-children=no" "/work/hw-nlicea/hw2/hw2_tests/cmdhandler_tests/cmdhandler_tests" "--gtest_filter=Cmdhandlers.IncomingHandler"
Directory: /work/hw-nlicea/hw2/hw2_tests/cmdhandler_tests
"Cmdhandlers.IncomingHandler" start time: Apr 21 22:20 UTC
Output:
----------------------------------------------------------
==127== Memcheck, a memory error detector
==127== Copyright (C) 2002-2017, and GNU GPL'd, by Julian Seward et al.
==127== Using Valgrind-3.15.0 and LibVEX; rerun with -h for copyright info
==127== Command: /work/hw-nlicea/hw2/hw2_tests/cmdhandler_tests/cmdhandler_tests --gtest_filter=Cmdhandlers.IncomingHandler
==127== 
Running main() from /build/googletest-j5yxiC/googletest-1.10.0/googletest/src/gtest_main.cc
Note: Google Test filter = Cmdhandlers.IncomingHandler
[==========] Running 1 test from 1 test suite.
[----------] Global test environment set-up.
[----------] 1 test from Cmdhandlers
[ RUN      ] Cmdhandlers.IncomingHandler
1
test-small/pgb.md
Unrecognized command
[       OK ] Cmdhandlers.IncomingHandler (342 ms)
[----------] 1 test from Cmdhandlers (354 ms total)

[----------] Global test environment tear-down
[==========] 1 test from 1 test suite ran. (408 ms total)
[  PASSED  ] 1 test.
==127== 
==127== HEAP SUMMARY:
==127==     in use at exit: 0 bytes in 0 blocks
==127==   total heap usage: 640 allocs, 640 frees, 218,623 bytes allocated
==127== 
==127== All heap blocks were freed -- no leaks are possible
==127== 
==127== For lists of detected and suppressed errors, rerun with: -s
==127== ERROR SUMMARY: 0 errors from 0 contexts (suppressed: 0 from 0)
<end of output>
Test time =   2.25 sec
----------------------------------------------------------
Test Passed.
"Cmdhandlers.IncomingHandler" end time: Apr 21 22:20 UTC
"Cmdhandlers.IncomingHandler" time elapsed: 00:00:02
----------------------------------------------------------

27/30 Testing: Cmdhandlers.OutgoingHandler
27/30 Test: Cmdhandlers.OutgoingHandler
Command: "/usr/bin/valgrind" "--tool=memcheck" "--leak-check=yes" "--trace-children=no" "/work/hw-nlicea/hw2/hw2_tests/cmdhandler_tests/cmdhandler_tests" "--gtest_filter=Cmdhandlers.OutgoingHandler"
Directory: /work/hw-nlicea/hw2/hw2_tests/cmdhandler_tests
"Cmdhandlers.OutgoingHandler" start time: Apr 21 22:20 UTC
Output:
----------------------------------------------------------
==128== Memcheck, a memory error detector
==128== Copyright (C) 2002-2017, and GNU GPL'd, by Julian Seward et al.
==128== Using Valgrind-3.15.0 and LibVEX; rerun with -h for copyright info
==128== Command: /work/hw-nlicea/hw2/hw2_tests/cmdhandler_tests/cmdhandler_tests --gtest_filter=Cmdhandlers.OutgoingHandler
==128== 
Running main() from /build/googletest-j5yxiC/googletest-1.10.0/googletest/src/gtest_main.cc
Note: Google Test filter = Cmdhandlers.OutgoingHandler
[==========] Running 1 test from 1 test suite.
[----------] Global test environment set-up.
[----------] 1 test from Cmdhandlers
[ RUN      ] Cmdhandlers.OutgoingHandler
0
Unrecognized command
[       OK ] Cmdhandlers.OutgoingHandler (284 ms)
[----------] 1 test from Cmdhandlers (295 ms total)

[----------] Global test environment tear-down
[==========] 1 test from 1 test suite ran. (346 ms total)
[  PASSED  ] 1 test.
==128== 
==128== HEAP SUMMARY:
==128==     in use at exit: 0 bytes in 0 blocks
==128==   total heap usage: 641 allocs, 641 frees, 218,644 bytes allocated
==128== 
==128== All heap blocks were freed -- no leaks are possible
==128== 
==128== For lists of detected and suppressed errors, rerun with: -s
==128== ERROR SUMMARY: 0 errors from 0 contexts (suppressed: 0 from 0)
<end of output>
Test time =   2.43 sec
----------------------------------------------------------
Test Passed.
"Cmdhandlers.OutgoingHandler" end time: Apr 21 22:20 UTC
"Cmdhandlers.OutgoingHandler" time elapsed: 00:00:02
----------------------------------------------------------

28/30 Testing: SearchShell.Query1
28/30 Test: SearchShell.Query1
Command: "/work/hw-nlicea/hw2/hw2_tests/shell_tests/shell_tests" "--gtest_filter=SearchShell.Query1"
Directory: /work/hw-nlicea/hw2/hw2_tests/shell_tests
"SearchShell.Query1" start time: Apr 21 22:20 UTC
Output:
----------------------------------------------------------
Running main() from /build/googletest-j5yxiC/googletest-1.10.0/googletest/src/gtest_main.cc
Note: Google Test filter = SearchShell.Query1
[==========] Running 1 test from 1 test suite.
[----------] Global test environment set-up.
[----------] 1 test from SearchShell
[ RUN      ] SearchShell.Query1
Current working directory: /work/hw-nlicea/hw2/hw2_tests/shell_tests
Student hw directory: /work/hw-nlicea/hw2
Attempting to compare ./shell-query1.out to ./test-small/shell-query1.in
[       OK ] SearchShell.Query1 (124 ms)
[----------] 1 test from SearchShell (124 ms total)

[----------] Global test environment tear-down
[==========] 1 test from 1 test suite ran. (124 ms total)
[  PASSED  ] 1 test.
<end of output>
Test time =   0.20 sec
----------------------------------------------------------
Test Passed.
"SearchShell.Query1" end time: Apr 21 22:20 UTC
"SearchShell.Query1" time elapsed: 00:00:00
----------------------------------------------------------

29/30 Testing: SearchShell.Query2
29/30 Test: SearchShell.Query2
Command: "/work/hw-nlicea/hw2/hw2_tests/shell_tests/shell_tests" "--gtest_filter=SearchShell.Query2"
Directory: /work/hw-nlicea/hw2/hw2_tests/shell_tests
"SearchShell.Query2" start time: Apr 21 22:20 UTC
Output:
----------------------------------------------------------
Running main() from /build/googletest-j5yxiC/googletest-1.10.0/googletest/src/gtest_main.cc
Note: Google Test filter = SearchShell.Query2
[==========] Running 1 test from 1 test suite.
[----------] Global test environment set-up.
[----------] 1 test from SearchShell
[ RUN      ] SearchShell.Query2
Current working directory: /work/hw-nlicea/hw2/hw2_tests/shell_tests
Student hw directory: /work/hw-nlicea/hw2
Attempting to compare ./shell-query2.out to ./test-small/shell-query2.in
/work/hw-nlicea/hw2/hw2_tests/shell_tests/shell_tests.cpp:64: Failure
Value of: res
  Actual: false (output files do not match)
Expected: true
[  FAILED  ] SearchShell.Query2 (130 ms)
[----------] 1 test from SearchShell (130 ms total)

[----------] Global test environment tear-down
[==========] 1 test from 1 test suite ran. (130 ms total)
[  PASSED  ] 0 tests.
[  FAILED  ] 1 test, listed below:
[  FAILED  ] SearchShell.Query2

 1 FAILED TEST
<end of output>
Test time =   0.17 sec
----------------------------------------------------------
Test Failed.
"SearchShell.Query2" end time: Apr 21 22:20 UTC
"SearchShell.Query2" time elapsed: 00:00:00
----------------------------------------------------------

30/30 Testing: SearchShell.Query3
30/30 Test: SearchShell.Query3
Command: "/work/hw-nlicea/hw2/hw2_tests/shell_tests/shell_tests" "--gtest_filter=SearchShell.Query3"
Directory: /work/hw-nlicea/hw2/hw2_tests/shell_tests
"SearchShell.Query3" start time: Apr 21 22:20 UTC
Output:
----------------------------------------------------------
Running main() from /build/googletest-j5yxiC/googletest-1.10.0/googletest/src/gtest_main.cc
Note: Google Test filter = SearchShell.Query3
[==========] Running 1 test from 1 test suite.
[----------] Global test environment set-up.
[----------] 1 test from SearchShell
[ RUN      ] SearchShell.Query3
Current working directory: /work/hw-nlicea/hw2/hw2_tests/shell_tests
Student hw directory: /work/hw-nlicea/hw2
Attempting to compare ./shell-query3.out to ./test-small/shell-query3.in
[       OK ] SearchShell.Query3 (120 ms)
[----------] 1 test from SearchShell (120 ms total)

[----------] Global test environment tear-down
[==========] 1 test from 1 test suite ran. (120 ms total)
[  PASSED  ] 1 test.
<end of output>
Test time =   0.18 sec
----------------------------------------------------------
Test Passed.
"SearchShell.Query3" end time: Apr 21 22:20 UTC
"SearchShell.Query3" time elapsed: 00:00:00
----------------------------------------------------------

End testing: Apr 21 22:20 UTC
