Start testing: Feb 12 02:10 UTC
----------------------------------------------------------
1/5 Testing: Cmdhandlers.AndHandler
1/5 Test: Cmdhandlers.AndHandler
Command: "/usr/bin/valgrind" "--tool=memcheck" "--leak-check=yes" "--trace-children=no" "/work/hw-nlicea/hw2/hw2_tests/cmdhandler_tests/cmdhandler_tests" "--gtest_filter=Cmdhandlers.AndHandler"
Directory: /work/hw-nlicea/hw2/hw2_tests/cmdhandler_tests
"Cmdhandlers.AndHandler" start time: Feb 12 02:10 UTC
Output:
----------------------------------------------------------
==1252== Memcheck, a memory error detector
==1252== Copyright (C) 2002-2017, and GNU GPL'd, by Julian Seward et al.
==1252== Using Valgrind-3.15.0 and LibVEX; rerun with -h for copyright info
==1252== Command: /work/hw-nlicea/hw2/hw2_tests/cmdhandler_tests/cmdhandler_tests --gtest_filter=Cmdhandlers.AndHandler
==1252== 
Running main() from /build/googletest-j5yxiC/googletest-1.10.0/googletest/src/gtest_main.cc
Note: Google Test filter = Cmdhandlers.AndHandler
[==========] Running 1 test from 1 test suite.
[----------] Global test environment set-up.
[----------] 1 test from Cmdhandlers
[ RUN      ] Cmdhandlers.AndHandler
Unrecognized command
0
[       OK ] Cmdhandlers.AndHandler (35 ms)
[----------] 1 test from Cmdhandlers (43 ms total)

[----------] Global test environment tear-down
[==========] 1 test from 1 test suite ran. (70 ms total)
[  PASSED  ] 1 test.
==1252== 
==1252== HEAP SUMMARY:
==1252==     in use at exit: 0 bytes in 0 blocks
==1252==   total heap usage: 222 allocs, 222 frees, 117,666 bytes allocated
==1252== 
==1252== All heap blocks were freed -- no leaks are possible
==1252== 
==1252== For lists of detected and suppressed errors, rerun with: -s
==1252== ERROR SUMMARY: 0 errors from 0 contexts (suppressed: 0 from 0)
<end of output>
Test time =   2.03 sec
----------------------------------------------------------
Test Passed.
"Cmdhandlers.AndHandler" end time: Feb 12 02:10 UTC
"Cmdhandlers.AndHandler" time elapsed: 00:00:02
----------------------------------------------------------

2/5 Testing: Cmdhandlers.OrHandler
2/5 Test: Cmdhandlers.OrHandler
Command: "/usr/bin/valgrind" "--tool=memcheck" "--leak-check=yes" "--trace-children=no" "/work/hw-nlicea/hw2/hw2_tests/cmdhandler_tests/cmdhandler_tests" "--gtest_filter=Cmdhandlers.OrHandler"
Directory: /work/hw-nlicea/hw2/hw2_tests/cmdhandler_tests
"Cmdhandlers.OrHandler" start time: Feb 12 02:10 UTC
Output:
----------------------------------------------------------
==1253== Memcheck, a memory error detector
==1253== Copyright (C) 2002-2017, and GNU GPL'd, by Julian Seward et al.
==1253== Using Valgrind-3.15.0 and LibVEX; rerun with -h for copyright info
==1253== Command: /work/hw-nlicea/hw2/hw2_tests/cmdhandler_tests/cmdhandler_tests --gtest_filter=Cmdhandlers.OrHandler
==1253== 
Running main() from /build/googletest-j5yxiC/googletest-1.10.0/googletest/src/gtest_main.cc
Note: Google Test filter = Cmdhandlers.OrHandler
[==========] Running 1 test from 1 test suite.
[----------] Global test environment set-up.
[----------] 1 test from Cmdhandlers
[ RUN      ] Cmdhandlers.OrHandler
0
Unrecognized command
[       OK ] Cmdhandlers.OrHandler (36 ms)
[----------] 1 test from Cmdhandlers (45 ms total)

[----------] Global test environment tear-down
[==========] 1 test from 1 test suite ran. (76 ms total)
[  PASSED  ] 1 test.
==1253== 
==1253== HEAP SUMMARY:
==1253==     in use at exit: 0 bytes in 0 blocks
==1253==   total heap usage: 222 allocs, 222 frees, 117,659 bytes allocated
==1253== 
==1253== All heap blocks were freed -- no leaks are possible
==1253== 
==1253== For lists of detected and suppressed errors, rerun with: -s
==1253== ERROR SUMMARY: 0 errors from 0 contexts (suppressed: 0 from 0)
<end of output>
Test time =   2.03 sec
----------------------------------------------------------
Test Passed.
"Cmdhandlers.OrHandler" end time: Feb 12 02:10 UTC
"Cmdhandlers.OrHandler" time elapsed: 00:00:02
----------------------------------------------------------

3/5 Testing: Cmdhandlers.DiffHandler
3/5 Test: Cmdhandlers.DiffHandler
Command: "/usr/bin/valgrind" "--tool=memcheck" "--leak-check=yes" "--trace-children=no" "/work/hw-nlicea/hw2/hw2_tests/cmdhandler_tests/cmdhandler_tests" "--gtest_filter=Cmdhandlers.DiffHandler"
Directory: /work/hw-nlicea/hw2/hw2_tests/cmdhandler_tests
"Cmdhandlers.DiffHandler" start time: Feb 12 02:10 UTC
Output:
----------------------------------------------------------
==1254== Memcheck, a memory error detector
==1254== Copyright (C) 2002-2017, and GNU GPL'd, by Julian Seward et al.
==1254== Using Valgrind-3.15.0 and LibVEX; rerun with -h for copyright info
==1254== Command: /work/hw-nlicea/hw2/hw2_tests/cmdhandler_tests/cmdhandler_tests --gtest_filter=Cmdhandlers.DiffHandler
==1254== 
Running main() from /build/googletest-j5yxiC/googletest-1.10.0/googletest/src/gtest_main.cc
Note: Google Test filter = Cmdhandlers.DiffHandler
[==========] Running 1 test from 1 test suite.
[----------] Global test environment set-up.
[----------] 1 test from Cmdhandlers
[ RUN      ] Cmdhandlers.DiffHandler
0
Unrecognized command
[       OK ] Cmdhandlers.DiffHandler (67 ms)
[----------] 1 test from Cmdhandlers (79 ms total)

[----------] Global test environment tear-down
[==========] 1 test from 1 test suite ran. (131 ms total)
[  PASSED  ] 1 test.
==1254== 
==1254== HEAP SUMMARY:
==1254==     in use at exit: 0 bytes in 0 blocks
==1254==   total heap usage: 222 allocs, 222 frees, 117,673 bytes allocated
==1254== 
==1254== All heap blocks were freed -- no leaks are possible
==1254== 
==1254== For lists of detected and suppressed errors, rerun with: -s
==1254== ERROR SUMMARY: 0 errors from 0 contexts (suppressed: 0 from 0)
<end of output>
Test time =   2.02 sec
----------------------------------------------------------
Test Passed.
"Cmdhandlers.DiffHandler" end time: Feb 12 02:10 UTC
"Cmdhandlers.DiffHandler" time elapsed: 00:00:02
----------------------------------------------------------

4/5 Testing: Cmdhandlers.IncomingHandler
4/5 Test: Cmdhandlers.IncomingHandler
Command: "/usr/bin/valgrind" "--tool=memcheck" "--leak-check=yes" "--trace-children=no" "/work/hw-nlicea/hw2/hw2_tests/cmdhandler_tests/cmdhandler_tests" "--gtest_filter=Cmdhandlers.IncomingHandler"
Directory: /work/hw-nlicea/hw2/hw2_tests/cmdhandler_tests
"Cmdhandlers.IncomingHandler" start time: Feb 12 02:10 UTC
Output:
----------------------------------------------------------
==1255== Memcheck, a memory error detector
==1255== Copyright (C) 2002-2017, and GNU GPL'd, by Julian Seward et al.
==1255== Using Valgrind-3.15.0 and LibVEX; rerun with -h for copyright info
==1255== Command: /work/hw-nlicea/hw2/hw2_tests/cmdhandler_tests/cmdhandler_tests --gtest_filter=Cmdhandlers.IncomingHandler
==1255== 
Running main() from /build/googletest-j5yxiC/googletest-1.10.0/googletest/src/gtest_main.cc
Note: Google Test filter = Cmdhandlers.IncomingHandler
[==========] Running 1 test from 1 test suite.
[----------] Global test environment set-up.
[----------] 1 test from Cmdhandlers
[ RUN      ] Cmdhandlers.IncomingHandler
1
test-small/pgb.md
Unrecognized command
[       OK ] Cmdhandlers.IncomingHandler (451 ms)
[----------] 1 test from Cmdhandlers (464 ms total)

[----------] Global test environment tear-down
[==========] 1 test from 1 test suite ran. (497 ms total)
[  PASSED  ] 1 test.
==1255== 
==1255== HEAP SUMMARY:
==1255==     in use at exit: 7,105 bytes in 112 blocks
==1255==   total heap usage: 640 allocs, 528 frees, 218,623 bytes allocated
==1255== 
==1255== 8 bytes in 1 blocks are definitely lost in loss record 1 of 27
==1255==    at 0x483BE63: operator new(unsigned long) (in /usr/lib/x86_64-linux-gnu/valgrind/vgpreload_memcheck-amd64-linux.so)
==1255==    by 0x11820A: searchEngFactory() (handler_tests.cpp:16)
==1255==    by 0x119326: Cmdhandlers_IncomingHandler_Test::TestBody() (handler_tests.cpp:49)
==1255==    by 0x1585C0: HandleSehExceptionsInMethodIfSupported<testing::Test, void> (gtest.cc:2433)
==1255==    by 0x1585C0: void testing::internal::HandleExceptionsInMethodIfSupported<testing::Test, void>(testing::Test*, void (testing::Test::*)(), char const*) (gtest.cc:2469)
==1255==    by 0x14BED5: Run (gtest.cc:2508)
==1255==    by 0x14BED5: testing::Test::Run() (gtest.cc:2498)
==1255==    by 0x14C034: Run (gtest.cc:2684)
==1255==    by 0x14C034: testing::TestInfo::Run() (gtest.cc:2657)
==1255==    by 0x14C11C: Run (gtest.cc:2816)
==1255==    by 0x14C11C: testing::TestSuite::Run() (gtest.cc:2795)
==1255==    by 0x14C63B: testing::internal::UnitTestImpl::RunAllTests() (gtest.cc:5338)
==1255==    by 0x158B30: HandleSehExceptionsInMethodIfSupported<testing::internal::UnitTestImpl, bool> (gtest.cc:2433)
==1255==    by 0x158B30: bool testing::internal::HandleExceptionsInMethodIfSupported<testing::internal::UnitTestImpl, bool>(testing::internal::UnitTestImpl*, bool (testing::internal::UnitTestImpl::*)(), char const*) (gtest.cc:2469)
==1255==    by 0x14C86B: testing::UnitTest::Run() (gtest.cc:4925)
==1255==    by 0x117CE3: main (in /work/hw-nlicea/hw2/hw2_tests/cmdhandler_tests/cmdhandler_tests)
==1255== 
==1255== 8 bytes in 1 blocks are definitely lost in loss record 2 of 27
==1255==    at 0x483BE63: operator new(unsigned long) (in /usr/lib/x86_64-linux-gnu/valgrind/vgpreload_memcheck-amd64-linux.so)
==1255==    by 0x118270: searchEngFactory() (handler_tests.cpp:17)
==1255==    by 0x119326: Cmdhandlers_IncomingHandler_Test::TestBody() (handler_tests.cpp:49)
==1255==    by 0x1585C0: HandleSehExceptionsInMethodIfSupported<testing::Test, void> (gtest.cc:2433)
==1255==    by 0x1585C0: void testing::internal::HandleExceptionsInMethodIfSupported<testing::Test, void>(testing::Test*, void (testing::Test::*)(), char const*) (gtest.cc:2469)
==1255==    by 0x14BED5: Run (gtest.cc:2508)
==1255==    by 0x14BED5: testing::Test::Run() (gtest.cc:2498)
==1255==    by 0x14C034: Run (gtest.cc:2684)
==1255==    by 0x14C034: testing::TestInfo::Run() (gtest.cc:2657)
==1255==    by 0x14C11C: Run (gtest.cc:2816)
==1255==    by 0x14C11C: testing::TestSuite::Run() (gtest.cc:2795)
==1255==    by 0x14C63B: testing::internal::UnitTestImpl::RunAllTests() (gtest.cc:5338)
==1255==    by 0x158B30: HandleSehExceptionsInMethodIfSupported<testing::internal::UnitTestImpl, bool> (gtest.cc:2433)
==1255==    by 0x158B30: bool testing::internal::HandleExceptionsInMethodIfSupported<testing::internal::UnitTestImpl, bool>(testing::internal::UnitTestImpl*, bool (testing::internal::UnitTestImpl::*)(), char const*) (gtest.cc:2469)
==1255==    by 0x14C86B: testing::UnitTest::Run() (gtest.cc:4925)
==1255==    by 0x117CE3: main (in /work/hw-nlicea/hw2/hw2_tests/cmdhandler_tests/cmdhandler_tests)
==1255== 
==1255== 7,089 (352 direct, 6,737 indirect) bytes in 2 blocks are definitely lost in loss record 27 of 27
==1255==    at 0x483BE63: operator new(unsigned long) (in /usr/lib/x86_64-linux-gnu/valgrind/vgpreload_memcheck-amd64-linux.so)
==1255==    by 0x122ECC: SearchEng::read_page(std::__cxx11::basic_string<char, std::char_traits<char>, std::allocator<char> > const&) (searcheng.cpp:96)
==1255==    by 0x122BE5: SearchEng::read_pages_from_index(std::__cxx11::basic_string<char, std::char_traits<char>, std::allocator<char> > const&) (searcheng.cpp:60)
==1255==    by 0x119372: Cmdhandlers_IncomingHandler_Test::TestBody() (handler_tests.cpp:50)
==1255==    by 0x1585C0: HandleSehExceptionsInMethodIfSupported<testing::Test, void> (gtest.cc:2433)
==1255==    by 0x1585C0: void testing::internal::HandleExceptionsInMethodIfSupported<testing::Test, void>(testing::Test*, void (testing::Test::*)(), char const*) (gtest.cc:2469)
==1255==    by 0x14BED5: Run (gtest.cc:2508)
==1255==    by 0x14BED5: testing::Test::Run() (gtest.cc:2498)
==1255==    by 0x14C034: Run (gtest.cc:2684)
==1255==    by 0x14C034: testing::TestInfo::Run() (gtest.cc:2657)
==1255==    by 0x14C11C: Run (gtest.cc:2816)
==1255==    by 0x14C11C: testing::TestSuite::Run() (gtest.cc:2795)
==1255==    by 0x14C63B: testing::internal::UnitTestImpl::RunAllTests() (gtest.cc:5338)
==1255==    by 0x158B30: HandleSehExceptionsInMethodIfSupported<testing::internal::UnitTestImpl, bool> (gtest.cc:2433)
==1255==    by 0x158B30: bool testing::internal::HandleExceptionsInMethodIfSupported<testing::internal::UnitTestImpl, bool>(testing::internal::UnitTestImpl*, bool (testing::internal::UnitTestImpl::*)(), char const*) (gtest.cc:2469)
==1255==    by 0x14C86B: testing::UnitTest::Run() (gtest.cc:4925)
==1255==    by 0x117CE3: main (in /work/hw-nlicea/hw2/hw2_tests/cmdhandler_tests/cmdhandler_tests)
==1255== 
==1255== LEAK SUMMARY:
==1255==    definitely lost: 368 bytes in 4 blocks
==1255==    indirectly lost: 6,737 bytes in 108 blocks
==1255==      possibly lost: 0 bytes in 0 blocks
==1255==    still reachable: 0 bytes in 0 blocks
==1255==         suppressed: 0 bytes in 0 blocks
==1255== 
==1255== For lists of detected and suppressed errors, rerun with: -s
==1255== ERROR SUMMARY: 3 errors from 3 contexts (suppressed: 0 from 0)
<end of output>
Test time =   2.71 sec
----------------------------------------------------------
Test Passed.
"Cmdhandlers.IncomingHandler" end time: Feb 12 02:10 UTC
"Cmdhandlers.IncomingHandler" time elapsed: 00:00:02
----------------------------------------------------------

5/5 Testing: Cmdhandlers.OutgoingHandler
5/5 Test: Cmdhandlers.OutgoingHandler
Command: "/usr/bin/valgrind" "--tool=memcheck" "--leak-check=yes" "--trace-children=no" "/work/hw-nlicea/hw2/hw2_tests/cmdhandler_tests/cmdhandler_tests" "--gtest_filter=Cmdhandlers.OutgoingHandler"
Directory: /work/hw-nlicea/hw2/hw2_tests/cmdhandler_tests
"Cmdhandlers.OutgoingHandler" start time: Feb 12 02:10 UTC
Output:
----------------------------------------------------------
==1256== Memcheck, a memory error detector
==1256== Copyright (C) 2002-2017, and GNU GPL'd, by Julian Seward et al.
==1256== Using Valgrind-3.15.0 and LibVEX; rerun with -h for copyright info
==1256== Command: /work/hw-nlicea/hw2/hw2_tests/cmdhandler_tests/cmdhandler_tests --gtest_filter=Cmdhandlers.OutgoingHandler
==1256== 
Running main() from /build/googletest-j5yxiC/googletest-1.10.0/googletest/src/gtest_main.cc
Note: Google Test filter = Cmdhandlers.OutgoingHandler
[==========] Running 1 test from 1 test suite.
[----------] Global test environment set-up.
[----------] 1 test from Cmdhandlers
[ RUN      ] Cmdhandlers.OutgoingHandler
0
Unrecognized command
[       OK ] Cmdhandlers.OutgoingHandler (337 ms)
[----------] 1 test from Cmdhandlers (346 ms total)

[----------] Global test environment tear-down
[==========] 1 test from 1 test suite ran. (388 ms total)
[  PASSED  ] 1 test.
==1256== 
==1256== HEAP SUMMARY:
==1256==     in use at exit: 7,105 bytes in 112 blocks
==1256==   total heap usage: 641 allocs, 529 frees, 218,644 bytes allocated
==1256== 
==1256== 8 bytes in 1 blocks are definitely lost in loss record 1 of 27
==1256==    at 0x483BE63: operator new(unsigned long) (in /usr/lib/x86_64-linux-gnu/valgrind/vgpreload_memcheck-amd64-linux.so)
==1256==    by 0x11820A: searchEngFactory() (handler_tests.cpp:16)
==1256==    by 0x119B4A: Cmdhandlers_OutgoingHandler_Test::TestBody() (handler_tests.cpp:62)
==1256==    by 0x1585C0: HandleSehExceptionsInMethodIfSupported<testing::Test, void> (gtest.cc:2433)
==1256==    by 0x1585C0: void testing::internal::HandleExceptionsInMethodIfSupported<testing::Test, void>(testing::Test*, void (testing::Test::*)(), char const*) (gtest.cc:2469)
==1256==    by 0x14BED5: Run (gtest.cc:2508)
==1256==    by 0x14BED5: testing::Test::Run() (gtest.cc:2498)
==1256==    by 0x14C034: Run (gtest.cc:2684)
==1256==    by 0x14C034: testing::TestInfo::Run() (gtest.cc:2657)
==1256==    by 0x14C11C: Run (gtest.cc:2816)
==1256==    by 0x14C11C: testing::TestSuite::Run() (gtest.cc:2795)
==1256==    by 0x14C63B: testing::internal::UnitTestImpl::RunAllTests() (gtest.cc:5338)
==1256==    by 0x158B30: HandleSehExceptionsInMethodIfSupported<testing::internal::UnitTestImpl, bool> (gtest.cc:2433)
==1256==    by 0x158B30: bool testing::internal::HandleExceptionsInMethodIfSupported<testing::internal::UnitTestImpl, bool>(testing::internal::UnitTestImpl*, bool (testing::internal::UnitTestImpl::*)(), char const*) (gtest.cc:2469)
==1256==    by 0x14C86B: testing::UnitTest::Run() (gtest.cc:4925)
==1256==    by 0x117CE3: main (in /work/hw-nlicea/hw2/hw2_tests/cmdhandler_tests/cmdhandler_tests)
==1256== 
==1256== 8 bytes in 1 blocks are definitely lost in loss record 2 of 27
==1256==    at 0x483BE63: operator new(unsigned long) (in /usr/lib/x86_64-linux-gnu/valgrind/vgpreload_memcheck-amd64-linux.so)
==1256==    by 0x118270: searchEngFactory() (handler_tests.cpp:17)
==1256==    by 0x119B4A: Cmdhandlers_OutgoingHandler_Test::TestBody() (handler_tests.cpp:62)
==1256==    by 0x1585C0: HandleSehExceptionsInMethodIfSupported<testing::Test, void> (gtest.cc:2433)
==1256==    by 0x1585C0: void testing::internal::HandleExceptionsInMethodIfSupported<testing::Test, void>(testing::Test*, void (testing::Test::*)(), char const*) (gtest.cc:2469)
==1256==    by 0x14BED5: Run (gtest.cc:2508)
==1256==    by 0x14BED5: testing::Test::Run() (gtest.cc:2498)
==1256==    by 0x14C034: Run (gtest.cc:2684)
==1256==    by 0x14C034: testing::TestInfo::Run() (gtest.cc:2657)
==1256==    by 0x14C11C: Run (gtest.cc:2816)
==1256==    by 0x14C11C: testing::TestSuite::Run() (gtest.cc:2795)
==1256==    by 0x14C63B: testing::internal::UnitTestImpl::RunAllTests() (gtest.cc:5338)
==1256==    by 0x158B30: HandleSehExceptionsInMethodIfSupported<testing::internal::UnitTestImpl, bool> (gtest.cc:2433)
==1256==    by 0x158B30: bool testing::internal::HandleExceptionsInMethodIfSupported<testing::internal::UnitTestImpl, bool>(testing::internal::UnitTestImpl*, bool (testing::internal::UnitTestImpl::*)(), char const*) (gtest.cc:2469)
==1256==    by 0x14C86B: testing::UnitTest::Run() (gtest.cc:4925)
==1256==    by 0x117CE3: main (in /work/hw-nlicea/hw2/hw2_tests/cmdhandler_tests/cmdhandler_tests)
==1256== 
==1256== 7,089 (352 direct, 6,737 indirect) bytes in 2 blocks are definitely lost in loss record 27 of 27
==1256==    at 0x483BE63: operator new(unsigned long) (in /usr/lib/x86_64-linux-gnu/valgrind/vgpreload_memcheck-amd64-linux.so)
==1256==    by 0x122ECC: SearchEng::read_page(std::__cxx11::basic_string<char, std::char_traits<char>, std::allocator<char> > const&) (searcheng.cpp:96)
==1256==    by 0x122BE5: SearchEng::read_pages_from_index(std::__cxx11::basic_string<char, std::char_traits<char>, std::allocator<char> > const&) (searcheng.cpp:60)
==1256==    by 0x119B96: Cmdhandlers_OutgoingHandler_Test::TestBody() (handler_tests.cpp:63)
==1256==    by 0x1585C0: HandleSehExceptionsInMethodIfSupported<testing::Test, void> (gtest.cc:2433)
==1256==    by 0x1585C0: void testing::internal::HandleExceptionsInMethodIfSupported<testing::Test, void>(testing::Test*, void (testing::Test::*)(), char const*) (gtest.cc:2469)
==1256==    by 0x14BED5: Run (gtest.cc:2508)
==1256==    by 0x14BED5: testing::Test::Run() (gtest.cc:2498)
==1256==    by 0x14C034: Run (gtest.cc:2684)
==1256==    by 0x14C034: testing::TestInfo::Run() (gtest.cc:2657)
==1256==    by 0x14C11C: Run (gtest.cc:2816)
==1256==    by 0x14C11C: testing::TestSuite::Run() (gtest.cc:2795)
==1256==    by 0x14C63B: testing::internal::UnitTestImpl::RunAllTests() (gtest.cc:5338)
==1256==    by 0x158B30: HandleSehExceptionsInMethodIfSupported<testing::internal::UnitTestImpl, bool> (gtest.cc:2433)
==1256==    by 0x158B30: bool testing::internal::HandleExceptionsInMethodIfSupported<testing::internal::UnitTestImpl, bool>(testing::internal::UnitTestImpl*, bool (testing::internal::UnitTestImpl::*)(), char const*) (gtest.cc:2469)
==1256==    by 0x14C86B: testing::UnitTest::Run() (gtest.cc:4925)
==1256==    by 0x117CE3: main (in /work/hw-nlicea/hw2/hw2_tests/cmdhandler_tests/cmdhandler_tests)
==1256== 
==1256== LEAK SUMMARY:
==1256==    definitely lost: 368 bytes in 4 blocks
==1256==    indirectly lost: 6,737 bytes in 108 blocks
==1256==      possibly lost: 0 bytes in 0 blocks
==1256==    still reachable: 0 bytes in 0 blocks
==1256==         suppressed: 0 bytes in 0 blocks
==1256== 
==1256== For lists of detected and suppressed errors, rerun with: -s
==1256== ERROR SUMMARY: 3 errors from 3 contexts (suppressed: 0 from 0)
<end of output>
Test time =   2.53 sec
----------------------------------------------------------
Test Passed.
"Cmdhandlers.OutgoingHandler" end time: Feb 12 02:10 UTC
"Cmdhandlers.OutgoingHandler" time elapsed: 00:00:02
----------------------------------------------------------

End testing: Feb 12 02:10 UTC
