Start testing: Feb 10 05:47 UTC
----------------------------------------------------------
1/3 Testing: Combiners.ANDCombiner
1/3 Test: Combiners.ANDCombiner
Command: "/usr/bin/valgrind" "--tool=memcheck" "--leak-check=yes" "--trace-children=no" "/work/hw-nlicea/hw2/hw2_tests/combiner_tests/combiner_tests" "--gtest_filter=Combiners.ANDCombiner"
Directory: /work/hw-nlicea/hw2/hw2_tests/combiner_tests
"Combiners.ANDCombiner" start time: Feb 10 05:47 UTC
Output:
----------------------------------------------------------
==978== Memcheck, a memory error detector
==978== Copyright (C) 2002-2017, and GNU GPL'd, by Julian Seward et al.
==978== Using Valgrind-3.15.0 and LibVEX; rerun with -h for copyright info
==978== Command: /work/hw-nlicea/hw2/hw2_tests/combiner_tests/combiner_tests --gtest_filter=Combiners.ANDCombiner
==978== 
Running main() from /build/googletest-j5yxiC/googletest-1.10.0/googletest/src/gtest_main.cc
Note: Google Test filter = Combiners.ANDCombiner
[==========] Running 1 test from 1 test suite.
[----------] Global test environment set-up.
[----------] 1 test from Combiners
[ RUN      ] Combiners.ANDCombiner
[       OK ] Combiners.ANDCombiner (55 ms)
[----------] 1 test from Combiners (61 ms total)

[----------] Global test environment tear-down
[==========] 1 test from 1 test suite ran. (78 ms total)
[  PASSED  ] 1 test.
==978== 
==978== HEAP SUMMARY:
==978==     in use at exit: 0 bytes in 0 blocks
==978==   total heap usage: 259 allocs, 259 frees, 119,827 bytes allocated
==978== 
==978== All heap blocks were freed -- no leaks are possible
==978== 
==978== For lists of detected and suppressed errors, rerun with: -s
==978== ERROR SUMMARY: 0 errors from 0 contexts (suppressed: 0 from 0)
<end of output>
Test time =   0.99 sec
----------------------------------------------------------
Test Passed.
"Combiners.ANDCombiner" end time: Feb 10 05:47 UTC
"Combiners.ANDCombiner" time elapsed: 00:00:00
----------------------------------------------------------

2/3 Testing: Combiners.ORCombiner
2/3 Test: Combiners.ORCombiner
Command: "/usr/bin/valgrind" "--tool=memcheck" "--leak-check=yes" "--trace-children=no" "/work/hw-nlicea/hw2/hw2_tests/combiner_tests/combiner_tests" "--gtest_filter=Combiners.ORCombiner"
Directory: /work/hw-nlicea/hw2/hw2_tests/combiner_tests
"Combiners.ORCombiner" start time: Feb 10 05:47 UTC
Output:
----------------------------------------------------------
==979== Memcheck, a memory error detector
==979== Copyright (C) 2002-2017, and GNU GPL'd, by Julian Seward et al.
==979== Using Valgrind-3.15.0 and LibVEX; rerun with -h for copyright info
==979== Command: /work/hw-nlicea/hw2/hw2_tests/combiner_tests/combiner_tests --gtest_filter=Combiners.ORCombiner
==979== 
Running main() from /build/googletest-j5yxiC/googletest-1.10.0/googletest/src/gtest_main.cc
Note: Google Test filter = Combiners.ORCombiner
[==========] Running 1 test from 1 test suite.
[----------] Global test environment set-up.
[----------] 1 test from Combiners
[ RUN      ] Combiners.ORCombiner
[       OK ] Combiners.ORCombiner (61 ms)
[----------] 1 test from Combiners (65 ms total)

[----------] Global test environment tear-down
[==========] 1 test from 1 test suite ran. (82 ms total)
[  PASSED  ] 1 test.
==979== 
==979== HEAP SUMMARY:
==979==     in use at exit: 0 bytes in 0 blocks
==979==   total heap usage: 267 allocs, 267 frees, 120,140 bytes allocated
==979== 
==979== All heap blocks were freed -- no leaks are possible
==979== 
==979== For lists of detected and suppressed errors, rerun with: -s
==979== ERROR SUMMARY: 0 errors from 0 contexts (suppressed: 0 from 0)
<end of output>
Test time =   0.92 sec
----------------------------------------------------------
Test Passed.
"Combiners.ORCombiner" end time: Feb 10 05:47 UTC
"Combiners.ORCombiner" time elapsed: 00:00:00
----------------------------------------------------------

3/3 Testing: Combiners.DiffCombiner
3/3 Test: Combiners.DiffCombiner
Command: "/usr/bin/valgrind" "--tool=memcheck" "--leak-check=yes" "--trace-children=no" "/work/hw-nlicea/hw2/hw2_tests/combiner_tests/combiner_tests" "--gtest_filter=Combiners.DiffCombiner"
Directory: /work/hw-nlicea/hw2/hw2_tests/combiner_tests
"Combiners.DiffCombiner" start time: Feb 10 05:47 UTC
Output:
----------------------------------------------------------
==980== Memcheck, a memory error detector
==980== Copyright (C) 2002-2017, and GNU GPL'd, by Julian Seward et al.
==980== Using Valgrind-3.15.0 and LibVEX; rerun with -h for copyright info
==980== Command: /work/hw-nlicea/hw2/hw2_tests/combiner_tests/combiner_tests --gtest_filter=Combiners.DiffCombiner
==980== 
Running main() from /build/googletest-j5yxiC/googletest-1.10.0/googletest/src/gtest_main.cc
Note: Google Test filter = Combiners.DiffCombiner
[==========] Running 1 test from 1 test suite.
[----------] Global test environment set-up.
[----------] 1 test from Combiners
[ RUN      ] Combiners.DiffCombiner
[       OK ] Combiners.DiffCombiner (62 ms)
[----------] 1 test from Combiners (67 ms total)

[----------] Global test environment tear-down
[==========] 1 test from 1 test suite ran. (83 ms total)
[  PASSED  ] 1 test.
==980== 
==980== HEAP SUMMARY:
==980==     in use at exit: 0 bytes in 0 blocks
==980==   total heap usage: 263 allocs, 263 frees, 119,994 bytes allocated
==980== 
==980== All heap blocks were freed -- no leaks are possible
==980== 
==980== For lists of detected and suppressed errors, rerun with: -s
==980== ERROR SUMMARY: 0 errors from 0 contexts (suppressed: 0 from 0)
<end of output>
Test time =   0.90 sec
----------------------------------------------------------
Test Passed.
"Combiners.DiffCombiner" end time: Feb 10 05:47 UTC
"Combiners.DiffCombiner" time elapsed: 00:00:00
----------------------------------------------------------

End testing: Feb 10 05:47 UTC
