Start testing: Jan 30 06:47 UTC
----------------------------------------------------------
1/23 Testing: LabelList.Nominal
1/23 Test: LabelList.Nominal
Command: "/usr/bin/valgrind" "--tool=memcheck" "--leak-check=yes" "--trace-children=no" "/work/hw-nlicea/hw1/hw1_tests/label_tests/label_tests" "--gtest_filter=LabelList.Nominal"
Directory: /work/hw-nlicea/hw1/hw1_tests/label_tests
"LabelList.Nominal" start time: Jan 30 06:47 UTC
Output:
----------------------------------------------------------
==289== Memcheck, a memory error detector
==289== Copyright (C) 2002-2017, and GNU GPL'd, by Julian Seward et al.
==289== Using Valgrind-3.15.0 and LibVEX; rerun with -h for copyright info
==289== Command: /work/hw-nlicea/hw1/hw1_tests/label_tests/label_tests --gtest_filter=LabelList.Nominal
==289== 
Running main() from /build/googletest-j5yxiC/googletest-1.10.0/googletest/src/gtest_main.cc
Note: Google Test filter = LabelList.Nominal
[==========] Running 1 test from 1 test suite.
[----------] Global test environment set-up.
[----------] 1 test from LabelList
[ RUN      ] LabelList.Nominal
==289== Invalid read of size 8
==289==    at 0x13B628: std::vector<LabelList::MsgNode*, std::allocator<LabelList::MsgNode*> >::operator[](unsigned long) (stl_vector.h:1043)
==289==    by 0x1398C7: LabelList::clear() (labellist.cpp:151)
==289==    by 0x139841: LabelList::~LabelList() (labellist.cpp:142)
==289==    by 0x11CFC0: LabelList_Nominal_Test::TestBody() (label_tests.cpp:108)
==289==    by 0x16DF40: HandleSehExceptionsInMethodIfSupported<testing::Test, void> (gtest.cc:2433)
==289==    by 0x16DF40: void testing::internal::HandleExceptionsInMethodIfSupported<testing::Test, void>(testing::Test*, void (testing::Test::*)(), char const*) (gtest.cc:2469)
==289==    by 0x161EE5: Run (gtest.cc:2508)
==289==    by 0x161EE5: testing::Test::Run() (gtest.cc:2498)
==289==    by 0x162044: Run (gtest.cc:2684)
==289==    by 0x162044: testing::TestInfo::Run() (gtest.cc:2657)
==289==    by 0x16212C: Run (gtest.cc:2816)
==289==    by 0x16212C: testing::TestSuite::Run() (gtest.cc:2795)
==289==    by 0x16264B: testing::internal::UnitTestImpl::RunAllTests() (gtest.cc:5338)
==289==    by 0x16E4B0: HandleSehExceptionsInMethodIfSupported<testing::internal::UnitTestImpl, bool> (gtest.cc:2433)
==289==    by 0x16E4B0: bool testing::internal::HandleExceptionsInMethodIfSupported<testing::internal::UnitTestImpl, bool>(testing::internal::UnitTestImpl*, bool (testing::internal::UnitTestImpl::*)(), char const*) (gtest.cc:2469)
==289==    by 0x16287B: testing::UnitTest::Run() (gtest.cc:4925)
==289==    by 0x118AD3: main (in /work/hw-nlicea/hw1/hw1_tests/label_tests/label_tests)
==289==  Address 0x4ddab88 is 72 bytes inside a block of size 120 free'd
==289==    at 0x483CFBF: operator delete(void*) (in /usr/lib/x86_64-linux-gnu/valgrind/vgpreload_memcheck-amd64-linux.so)
==289==    by 0x1398B2: LabelList::clear() (labellist.cpp:150)
==289==    by 0x139841: LabelList::~LabelList() (labellist.cpp:142)
==289==    by 0x11CFC0: LabelList_Nominal_Test::TestBody() (label_tests.cpp:108)
==289==    by 0x16DF40: HandleSehExceptionsInMethodIfSupported<testing::Test, void> (gtest.cc:2433)
==289==    by 0x16DF40: void testing::internal::HandleExceptionsInMethodIfSupported<testing::Test, void>(testing::Test*, void (testing::Test::*)(), char const*) (gtest.cc:2469)
==289==    by 0x161EE5: Run (gtest.cc:2508)
==289==    by 0x161EE5: testing::Test::Run() (gtest.cc:2498)
==289==    by 0x162044: Run (gtest.cc:2684)
==289==    by 0x162044: testing::TestInfo::Run() (gtest.cc:2657)
==289==    by 0x16212C: Run (gtest.cc:2816)
==289==    by 0x16212C: testing::TestSuite::Run() (gtest.cc:2795)
==289==    by 0x16264B: testing::internal::UnitTestImpl::RunAllTests() (gtest.cc:5338)
==289==    by 0x16E4B0: HandleSehExceptionsInMethodIfSupported<testing::internal::UnitTestImpl, bool> (gtest.cc:2433)
==289==    by 0x16E4B0: bool testing::internal::HandleExceptionsInMethodIfSupported<testing::internal::UnitTestImpl, bool>(testing::internal::UnitTestImpl*, bool (testing::internal::UnitTestImpl::*)(), char const*) (gtest.cc:2469)
==289==    by 0x16287B: testing::UnitTest::Run() (gtest.cc:4925)
==289==    by 0x118AD3: main (in /work/hw-nlicea/hw1/hw1_tests/label_tests/label_tests)
==289==  Block was alloc'd at
==289==    at 0x483BE63: operator new(unsigned long) (in /usr/lib/x86_64-linux-gnu/valgrind/vgpreload_memcheck-amd64-linux.so)
==289==    by 0x1399A5: LabelList::add(std::__cxx11::basic_string<char, std::char_traits<char>, std::allocator<char> > const&) (labellist.cpp:177)
==289==    by 0x11BEE2: LabelList_Nominal_Test::TestBody() (label_tests.cpp:114)
==289==    by 0x16DF40: HandleSehExceptionsInMethodIfSupported<testing::Test, void> (gtest.cc:2433)
==289==    by 0x16DF40: void testing::internal::HandleExceptionsInMethodIfSupported<testing::Test, void>(testing::Test*, void (testing::Test::*)(), char const*) (gtest.cc:2469)
==289==    by 0x161EE5: Run (gtest.cc:2508)
==289==    by 0x161EE5: testing::Test::Run() (gtest.cc:2498)
==289==    by 0x162044: Run (gtest.cc:2684)
==289==    by 0x162044: testing::TestInfo::Run() (gtest.cc:2657)
==289==    by 0x16212C: Run (gtest.cc:2816)
==289==    by 0x16212C: testing::TestSuite::Run() (gtest.cc:2795)
==289==    by 0x16264B: testing::internal::UnitTestImpl::RunAllTests() (gtest.cc:5338)
==289==    by 0x16E4B0: HandleSehExceptionsInMethodIfSupported<testing::internal::UnitTestImpl, bool> (gtest.cc:2433)
==289==    by 0x16E4B0: bool testing::internal::HandleExceptionsInMethodIfSupported<testing::internal::UnitTestImpl, bool>(testing::internal::UnitTestImpl*, bool (testing::internal::UnitTestImpl::*)(), char const*) (gtest.cc:2469)
==289==    by 0x16287B: testing::UnitTest::Run() (gtest.cc:4925)
==289==    by 0x118AD3: main (in /work/hw-nlicea/hw1/hw1_tests/label_tests/label_tests)
==289== 
==289== Invalid read of size 8
==289==    at 0x1398C8: LabelList::clear() (labellist.cpp:151)
==289==    by 0x139841: LabelList::~LabelList() (labellist.cpp:142)
==289==    by 0x11CFC0: LabelList_Nominal_Test::TestBody() (label_tests.cpp:108)
==289==    by 0x16DF40: HandleSehExceptionsInMethodIfSupported<testing::Test, void> (gtest.cc:2433)
==289==    by 0x16DF40: void testing::internal::HandleExceptionsInMethodIfSupported<testing::Test, void>(testing::Test*, void (testing::Test::*)(), char const*) (gtest.cc:2469)
==289==    by 0x161EE5: Run (gtest.cc:2508)
==289==    by 0x161EE5: testing::Test::Run() (gtest.cc:2498)
==289==    by 0x162044: Run (gtest.cc:2684)
==289==    by 0x162044: testing::TestInfo::Run() (gtest.cc:2657)
==289==    by 0x16212C: Run (gtest.cc:2816)
==289==    by 0x16212C: testing::TestSuite::Run() (gtest.cc:2795)
==289==    by 0x16264B: testing::internal::UnitTestImpl::RunAllTests() (gtest.cc:5338)
==289==    by 0x16E4B0: HandleSehExceptionsInMethodIfSupported<testing::internal::UnitTestImpl, bool> (gtest.cc:2433)
==289==    by 0x16E4B0: bool testing::internal::HandleExceptionsInMethodIfSupported<testing::internal::UnitTestImpl, bool>(testing::internal::UnitTestImpl*, bool (testing::internal::UnitTestImpl::*)(), char const*) (gtest.cc:2469)
==289==    by 0x16287B: testing::UnitTest::Run() (gtest.cc:4925)
==289==    by 0x118AD3: main (in /work/hw-nlicea/hw1/hw1_tests/label_tests/label_tests)
==289==  Address 0x4ddb170 is 0 bytes inside a block of size 16 free'd
==289==    at 0x483CFBF: operator delete(void*) (in /usr/lib/x86_64-linux-gnu/valgrind/vgpreload_memcheck-amd64-linux.so)
==289==    by 0x13E01F: __gnu_cxx::new_allocator<LabelList::MsgNode*>::deallocate(LabelList::MsgNode**, unsigned long) (new_allocator.h:128)
==289==    by 0x13CCF7: std::allocator_traits<std::allocator<LabelList::MsgNode*> >::deallocate(std::allocator<LabelList::MsgNode*>&, LabelList::MsgNode**, unsigned long) (alloc_traits.h:470)
==289==    by 0x13BB79: std::_Vector_base<LabelList::MsgNode*, std::allocator<LabelList::MsgNode*> >::_M_deallocate(LabelList::MsgNode**, unsigned long) (stl_vector.h:351)
==289==    by 0x13B4B3: std::_Vector_base<LabelList::MsgNode*, std::allocator<LabelList::MsgNode*> >::~_Vector_base() (stl_vector.h:332)
==289==    by 0x13B508: std::vector<LabelList::MsgNode*, std::allocator<LabelList::MsgNode*> >::~vector() (stl_vector.h:680)
==289==    by 0x13B36D: LabelList::MsgNode::~MsgNode() (labellist.h:38)
==289==    by 0x1398AA: LabelList::clear() (labellist.cpp:150)
==289==    by 0x139841: LabelList::~LabelList() (labellist.cpp:142)
==289==    by 0x11CFC0: LabelList_Nominal_Test::TestBody() (label_tests.cpp:108)
==289==    by 0x16DF40: HandleSehExceptionsInMethodIfSupported<testing::Test, void> (gtest.cc:2433)
==289==    by 0x16DF40: void testing::internal::HandleExceptionsInMethodIfSupported<testing::Test, void>(testing::Test*, void (testing::Test::*)(), char const*) (gtest.cc:2469)
==289==    by 0x161EE5: Run (gtest.cc:2508)
==289==    by 0x161EE5: testing::Test::Run() (gtest.cc:2498)
==289==  Block was alloc'd at
==289==    at 0x483BE63: operator new(unsigned long) (in /usr/lib/x86_64-linux-gnu/valgrind/vgpreload_memcheck-amd64-linux.so)
==289==    by 0x13EC15: __gnu_cxx::new_allocator<LabelList::MsgNode*>::allocate(unsigned long, void const*) (new_allocator.h:114)
==289==    by 0x13E685: std::allocator_traits<std::allocator<LabelList::MsgNode*> >::allocate(std::allocator<LabelList::MsgNode*>&, unsigned long) (alloc_traits.h:444)
==289==    by 0x13DE75: std::_Vector_base<LabelList::MsgNode*, std::allocator<LabelList::MsgNode*> >::_M_allocate(unsigned long) (stl_vector.h:343)
==289==    by 0x13D18E: void std::vector<LabelList::MsgNode*, std::allocator<LabelList::MsgNode*> >::_M_realloc_insert<LabelList::MsgNode*>(__gnu_cxx::__normal_iterator<LabelList::MsgNode**, std::vector<LabelList::MsgNode*, std::allocator<LabelList::MsgNode*> > >, LabelList::MsgNode*&&) (vector.tcc:440)
==289==    by 0x13BFB1: void std::vector<LabelList::MsgNode*, std::allocator<LabelList::MsgNode*> >::emplace_back<LabelList::MsgNode*>(LabelList::MsgNode*&&) (vector.tcc:121)
==289==    by 0x13B60F: std::vector<LabelList::MsgNode*, std::allocator<LabelList::MsgNode*> >::push_back(LabelList::MsgNode*&&) (stl_vector.h:1201)
==289==    by 0x139F34: LabelList::label(LabelList::MsgToken const&, std::__cxx11::basic_string<char, std::char_traits<char>, std::allocator<char> > const&) (labellist.cpp:248)
==289==    by 0x11BF3F: LabelList_Nominal_Test::TestBody() (label_tests.cpp:119)
==289==    by 0x16DF40: HandleSehExceptionsInMethodIfSupported<testing::Test, void> (gtest.cc:2433)
==289==    by 0x16DF40: void testing::internal::HandleExceptionsInMethodIfSupported<testing::Test, void>(testing::Test*, void (testing::Test::*)(), char const*) (gtest.cc:2469)
==289==    by 0x161EE5: Run (gtest.cc:2508)
==289==    by 0x161EE5: testing::Test::Run() (gtest.cc:2498)
==289==    by 0x162044: Run (gtest.cc:2684)
==289==    by 0x162044: testing::TestInfo::Run() (gtest.cc:2657)
==289== 
unknown file: Failure
C++ exception with description "token references an invalid message" thrown in the test body.
[  FAILED  ] LabelList.Nominal (133 ms)
[----------] 1 test from LabelList (144 ms total)

[----------] Global test environment tear-down
[==========] 1 test from 1 test suite ran. (169 ms total)
[  PASSED  ] 0 tests.
[  FAILED  ] 1 test, listed below:
[  FAILED  ] LabelList.Nominal

 1 FAILED TEST
==289== 
==289== HEAP SUMMARY:
==289==     in use at exit: 0 bytes in 0 blocks
==289==   total heap usage: 448 allocs, 448 frees, 134,962 bytes allocated
==289== 
==289== All heap blocks were freed -- no leaks are possible
==289== 
==289== For lists of detected and suppressed errors, rerun with: -s
==289== ERROR SUMMARY: 6 errors from 2 contexts (suppressed: 0 from 0)
<end of output>
Test time =   2.00 sec
----------------------------------------------------------
Test Failed.
"LabelList.Nominal" end time: Jan 30 06:47 UTC
"LabelList.Nominal" time elapsed: 00:00:02
----------------------------------------------------------

2/23 Testing: EmptyList.EmptyAndSize
2/23 Test: EmptyList.EmptyAndSize
Command: "/usr/bin/valgrind" "--tool=memcheck" "--leak-check=yes" "--trace-children=no" "/work/hw-nlicea/hw1/hw1_tests/label_tests/label_tests" "--gtest_filter=EmptyList.EmptyAndSize"
Directory: /work/hw-nlicea/hw1/hw1_tests/label_tests
"EmptyList.EmptyAndSize" start time: Jan 30 06:47 UTC
Output:
----------------------------------------------------------
==290== Memcheck, a memory error detector
==290== Copyright (C) 2002-2017, and GNU GPL'd, by Julian Seward et al.
==290== Using Valgrind-3.15.0 and LibVEX; rerun with -h for copyright info
==290== Command: /work/hw-nlicea/hw1/hw1_tests/label_tests/label_tests --gtest_filter=EmptyList.EmptyAndSize
==290== 
Running main() from /build/googletest-j5yxiC/googletest-1.10.0/googletest/src/gtest_main.cc
Note: Google Test filter = EmptyList.EmptyAndSize
[==========] Running 1 test from 1 test suite.
[----------] Global test environment set-up.
[----------] 1 test from EmptyList
[ RUN      ] EmptyList.EmptyAndSize
[       OK ] EmptyList.EmptyAndSize (38 ms)
[----------] 1 test from EmptyList (49 ms total)

[----------] Global test environment tear-down
[==========] 1 test from 1 test suite ran. (90 ms total)
[  PASSED  ] 1 test.
==290== 
==290== HEAP SUMMARY:
==290==     in use at exit: 0 bytes in 0 blocks
==290==   total heap usage: 406 allocs, 406 frees, 129,513 bytes allocated
==290== 
==290== All heap blocks were freed -- no leaks are possible
==290== 
==290== For lists of detected and suppressed errors, rerun with: -s
==290== ERROR SUMMARY: 0 errors from 0 contexts (suppressed: 0 from 0)
<end of output>
Test time =   1.86 sec
----------------------------------------------------------
Test Passed.
"EmptyList.EmptyAndSize" end time: Jan 30 06:47 UTC
"EmptyList.EmptyAndSize" time elapsed: 00:00:01
----------------------------------------------------------

3/23 Testing: EmptyList.OperationsOnEmptyList
3/23 Test: EmptyList.OperationsOnEmptyList
Command: "/usr/bin/valgrind" "--tool=memcheck" "--leak-check=yes" "--trace-children=no" "/work/hw-nlicea/hw1/hw1_tests/label_tests/label_tests" "--gtest_filter=EmptyList.OperationsOnEmptyList"
Directory: /work/hw-nlicea/hw1/hw1_tests/label_tests
"EmptyList.OperationsOnEmptyList" start time: Jan 30 06:47 UTC
Output:
----------------------------------------------------------
==291== Memcheck, a memory error detector
==291== Copyright (C) 2002-2017, and GNU GPL'd, by Julian Seward et al.
==291== Using Valgrind-3.15.0 and LibVEX; rerun with -h for copyright info
==291== Command: /work/hw-nlicea/hw1/hw1_tests/label_tests/label_tests --gtest_filter=EmptyList.OperationsOnEmptyList
==291== 
Running main() from /build/googletest-j5yxiC/googletest-1.10.0/googletest/src/gtest_main.cc
Note: Google Test filter = EmptyList.OperationsOnEmptyList
[==========] Running 1 test from 1 test suite.
[----------] Global test environment set-up.
[----------] 1 test from EmptyList
[ RUN      ] EmptyList.OperationsOnEmptyList
[       OK ] EmptyList.OperationsOnEmptyList (28 ms)
[----------] 1 test from EmptyList (35 ms total)

[----------] Global test environment tear-down
[==========] 1 test from 1 test suite ran. (60 ms total)
[  PASSED  ] 1 test.
==291== 
==291== HEAP SUMMARY:
==291==     in use at exit: 0 bytes in 0 blocks
==291==   total heap usage: 404 allocs, 404 frees, 129,560 bytes allocated
==291== 
==291== All heap blocks were freed -- no leaks are possible
==291== 
==291== For lists of detected and suppressed errors, rerun with: -s
==291== ERROR SUMMARY: 0 errors from 0 contexts (suppressed: 0 from 0)
<end of output>
Test time =   1.60 sec
----------------------------------------------------------
Test Passed.
"EmptyList.OperationsOnEmptyList" end time: Jan 30 06:47 UTC
"EmptyList.OperationsOnEmptyList" time elapsed: 00:00:01
----------------------------------------------------------

4/23 Testing: Exceptions.Find
4/23 Test: Exceptions.Find
Command: "/usr/bin/valgrind" "--tool=memcheck" "--leak-check=yes" "--trace-children=no" "/work/hw-nlicea/hw1/hw1_tests/label_tests/label_tests" "--gtest_filter=Exceptions.Find"
Directory: /work/hw-nlicea/hw1/hw1_tests/label_tests
"Exceptions.Find" start time: Jan 30 06:47 UTC
Output:
----------------------------------------------------------
==292== Memcheck, a memory error detector
==292== Copyright (C) 2002-2017, and GNU GPL'd, by Julian Seward et al.
==292== Using Valgrind-3.15.0 and LibVEX; rerun with -h for copyright info
==292== Command: /work/hw-nlicea/hw1/hw1_tests/label_tests/label_tests --gtest_filter=Exceptions.Find
==292== 
Running main() from /build/googletest-j5yxiC/googletest-1.10.0/googletest/src/gtest_main.cc
Note: Google Test filter = Exceptions.Find
[==========] Running 1 test from 1 test suite.
[----------] Global test environment set-up.
[----------] 1 test from Exceptions
[ RUN      ] Exceptions.Find
[       OK ] Exceptions.Find (78 ms)
[----------] 1 test from Exceptions (87 ms total)

[----------] Global test environment tear-down
[==========] 1 test from 1 test suite ran. (113 ms total)
[  PASSED  ] 1 test.
==292== 
==292== HEAP SUMMARY:
==292==     in use at exit: 0 bytes in 0 blocks
==292==   total heap usage: 384 allocs, 384 frees, 129,056 bytes allocated
==292== 
==292== All heap blocks were freed -- no leaks are possible
==292== 
==292== For lists of detected and suppressed errors, rerun with: -s
==292== ERROR SUMMARY: 0 errors from 0 contexts (suppressed: 0 from 0)
<end of output>
Test time =   1.60 sec
----------------------------------------------------------
Test Passed.
"Exceptions.Find" end time: Jan 30 06:47 UTC
"Exceptions.Find" time elapsed: 00:00:01
----------------------------------------------------------

5/23 Testing: Exceptions.Label
5/23 Test: Exceptions.Label
Command: "/usr/bin/valgrind" "--tool=memcheck" "--leak-check=yes" "--trace-children=no" "/work/hw-nlicea/hw1/hw1_tests/label_tests/label_tests" "--gtest_filter=Exceptions.Label"
Directory: /work/hw-nlicea/hw1/hw1_tests/label_tests
"Exceptions.Label" start time: Jan 30 06:47 UTC
Output:
----------------------------------------------------------
==293== Memcheck, a memory error detector
==293== Copyright (C) 2002-2017, and GNU GPL'd, by Julian Seward et al.
==293== Using Valgrind-3.15.0 and LibVEX; rerun with -h for copyright info
==293== Command: /work/hw-nlicea/hw1/hw1_tests/label_tests/label_tests --gtest_filter=Exceptions.Label
==293== 
Running main() from /build/googletest-j5yxiC/googletest-1.10.0/googletest/src/gtest_main.cc
Note: Google Test filter = Exceptions.Label
[==========] Running 1 test from 1 test suite.
[----------] Global test environment set-up.
[----------] 1 test from Exceptions
[ RUN      ] Exceptions.Label
[       OK ] Exceptions.Label (65 ms)
[----------] 1 test from Exceptions (75 ms total)

[----------] Global test environment tear-down
[==========] 1 test from 1 test suite ran. (114 ms total)
[  PASSED  ] 1 test.
==293== 
==293== HEAP SUMMARY:
==293==     in use at exit: 0 bytes in 0 blocks
==293==   total heap usage: 406 allocs, 406 frees, 129,620 bytes allocated
==293== 
==293== All heap blocks were freed -- no leaks are possible
==293== 
==293== For lists of detected and suppressed errors, rerun with: -s
==293== ERROR SUMMARY: 0 errors from 0 contexts (suppressed: 0 from 0)
<end of output>
Test time =   1.88 sec
----------------------------------------------------------
Test Passed.
"Exceptions.Label" end time: Jan 30 06:47 UTC
"Exceptions.Label" time elapsed: 00:00:01
----------------------------------------------------------

6/23 Testing: Exceptions.Print
6/23 Test: Exceptions.Print
Command: "/usr/bin/valgrind" "--tool=memcheck" "--leak-check=yes" "--trace-children=no" "/work/hw-nlicea/hw1/hw1_tests/label_tests/label_tests" "--gtest_filter=Exceptions.Print"
Directory: /work/hw-nlicea/hw1/hw1_tests/label_tests
"Exceptions.Print" start time: Jan 30 06:47 UTC
Output:
----------------------------------------------------------
==294== Memcheck, a memory error detector
==294== Copyright (C) 2002-2017, and GNU GPL'd, by Julian Seward et al.
==294== Using Valgrind-3.15.0 and LibVEX; rerun with -h for copyright info
==294== Command: /work/hw-nlicea/hw1/hw1_tests/label_tests/label_tests --gtest_filter=Exceptions.Print
==294== 
Running main() from /build/googletest-j5yxiC/googletest-1.10.0/googletest/src/gtest_main.cc
Note: Google Test filter = Exceptions.Print
[==========] Running 1 test from 1 test suite.
[----------] Global test environment set-up.
[----------] 1 test from Exceptions
[ RUN      ] Exceptions.Print
[       OK ] Exceptions.Print (70 ms)
[----------] 1 test from Exceptions (80 ms total)

[----------] Global test environment tear-down
[==========] 1 test from 1 test suite ran. (115 ms total)
[  PASSED  ] 1 test.
==294== 
==294== HEAP SUMMARY:
==294==     in use at exit: 0 bytes in 0 blocks
==294==   total heap usage: 406 allocs, 406 frees, 129,619 bytes allocated
==294== 
==294== All heap blocks were freed -- no leaks are possible
==294== 
==294== For lists of detected and suppressed errors, rerun with: -s
==294== ERROR SUMMARY: 0 errors from 0 contexts (suppressed: 0 from 0)
<end of output>
Test time =   1.45 sec
----------------------------------------------------------
Test Passed.
"Exceptions.Print" end time: Jan 30 06:47 UTC
"Exceptions.Print" time elapsed: 00:00:01
----------------------------------------------------------

7/23 Testing: Exceptions.Unlabel
7/23 Test: Exceptions.Unlabel
Command: "/usr/bin/valgrind" "--tool=memcheck" "--leak-check=yes" "--trace-children=no" "/work/hw-nlicea/hw1/hw1_tests/label_tests/label_tests" "--gtest_filter=Exceptions.Unlabel"
Directory: /work/hw-nlicea/hw1/hw1_tests/label_tests
"Exceptions.Unlabel" start time: Jan 30 06:47 UTC
Output:
----------------------------------------------------------
==295== Memcheck, a memory error detector
==295== Copyright (C) 2002-2017, and GNU GPL'd, by Julian Seward et al.
==295== Using Valgrind-3.15.0 and LibVEX; rerun with -h for copyright info
==295== Command: /work/hw-nlicea/hw1/hw1_tests/label_tests/label_tests --gtest_filter=Exceptions.Unlabel
==295== 
Running main() from /build/googletest-j5yxiC/googletest-1.10.0/googletest/src/gtest_main.cc
Note: Google Test filter = Exceptions.Unlabel
[==========] Running 1 test from 1 test suite.
[----------] Global test environment set-up.
[----------] 1 test from Exceptions
[ RUN      ] Exceptions.Unlabel
==295== Invalid read of size 8
==295==    at 0x13B628: std::vector<LabelList::MsgNode*, std::allocator<LabelList::MsgNode*> >::operator[](unsigned long) (stl_vector.h:1043)
==295==    by 0x1398C7: LabelList::clear() (labellist.cpp:151)
==295==    by 0x139841: LabelList::~LabelList() (labellist.cpp:142)
==295==    by 0x11EBAC: Exceptions_Unlabel_Test::TestBody() (label_tests.cpp:185)
==295==    by 0x16DF40: HandleSehExceptionsInMethodIfSupported<testing::Test, void> (gtest.cc:2433)
==295==    by 0x16DF40: void testing::internal::HandleExceptionsInMethodIfSupported<testing::Test, void>(testing::Test*, void (testing::Test::*)(), char const*) (gtest.cc:2469)
==295==    by 0x161EE5: Run (gtest.cc:2508)
==295==    by 0x161EE5: testing::Test::Run() (gtest.cc:2498)
==295==    by 0x162044: Run (gtest.cc:2684)
==295==    by 0x162044: testing::TestInfo::Run() (gtest.cc:2657)
==295==    by 0x16212C: Run (gtest.cc:2816)
==295==    by 0x16212C: testing::TestSuite::Run() (gtest.cc:2795)
==295==    by 0x16264B: testing::internal::UnitTestImpl::RunAllTests() (gtest.cc:5338)
==295==    by 0x16E4B0: HandleSehExceptionsInMethodIfSupported<testing::internal::UnitTestImpl, bool> (gtest.cc:2433)
==295==    by 0x16E4B0: bool testing::internal::HandleExceptionsInMethodIfSupported<testing::internal::UnitTestImpl, bool>(testing::internal::UnitTestImpl*, bool (testing::internal::UnitTestImpl::*)(), char const*) (gtest.cc:2469)
==295==    by 0x16287B: testing::UnitTest::Run() (gtest.cc:4925)
==295==    by 0x118AD3: main (in /work/hw-nlicea/hw1/hw1_tests/label_tests/label_tests)
==295==  Address 0x4ddab88 is 72 bytes inside a block of size 120 free'd
==295==    at 0x483CFBF: operator delete(void*) (in /usr/lib/x86_64-linux-gnu/valgrind/vgpreload_memcheck-amd64-linux.so)
==295==    by 0x1398B2: LabelList::clear() (labellist.cpp:150)
==295==    by 0x139841: LabelList::~LabelList() (labellist.cpp:142)
==295==    by 0x11EBAC: Exceptions_Unlabel_Test::TestBody() (label_tests.cpp:185)
==295==    by 0x16DF40: HandleSehExceptionsInMethodIfSupported<testing::Test, void> (gtest.cc:2433)
==295==    by 0x16DF40: void testing::internal::HandleExceptionsInMethodIfSupported<testing::Test, void>(testing::Test*, void (testing::Test::*)(), char const*) (gtest.cc:2469)
==295==    by 0x161EE5: Run (gtest.cc:2508)
==295==    by 0x161EE5: testing::Test::Run() (gtest.cc:2498)
==295==    by 0x162044: Run (gtest.cc:2684)
==295==    by 0x162044: testing::TestInfo::Run() (gtest.cc:2657)
==295==    by 0x16212C: Run (gtest.cc:2816)
==295==    by 0x16212C: testing::TestSuite::Run() (gtest.cc:2795)
==295==    by 0x16264B: testing::internal::UnitTestImpl::RunAllTests() (gtest.cc:5338)
==295==    by 0x16E4B0: HandleSehExceptionsInMethodIfSupported<testing::internal::UnitTestImpl, bool> (gtest.cc:2433)
==295==    by 0x16E4B0: bool testing::internal::HandleExceptionsInMethodIfSupported<testing::internal::UnitTestImpl, bool>(testing::internal::UnitTestImpl*, bool (testing::internal::UnitTestImpl::*)(), char const*) (gtest.cc:2469)
==295==    by 0x16287B: testing::UnitTest::Run() (gtest.cc:4925)
==295==    by 0x118AD3: main (in /work/hw-nlicea/hw1/hw1_tests/label_tests/label_tests)
==295==  Block was alloc'd at
==295==    at 0x483BE63: operator new(unsigned long) (in /usr/lib/x86_64-linux-gnu/valgrind/vgpreload_memcheck-amd64-linux.so)
==295==    by 0x1399A5: LabelList::add(std::__cxx11::basic_string<char, std::char_traits<char>, std::allocator<char> > const&) (labellist.cpp:177)
==295==    by 0x11E77F: Exceptions_Unlabel_Test::TestBody() (label_tests.cpp:186)
==295==    by 0x16DF40: HandleSehExceptionsInMethodIfSupported<testing::Test, void> (gtest.cc:2433)
==295==    by 0x16DF40: void testing::internal::HandleExceptionsInMethodIfSupported<testing::Test, void>(testing::Test*, void (testing::Test::*)(), char const*) (gtest.cc:2469)
==295==    by 0x161EE5: Run (gtest.cc:2508)
==295==    by 0x161EE5: testing::Test::Run() (gtest.cc:2498)
==295==    by 0x162044: Run (gtest.cc:2684)
==295==    by 0x162044: testing::TestInfo::Run() (gtest.cc:2657)
==295==    by 0x16212C: Run (gtest.cc:2816)
==295==    by 0x16212C: testing::TestSuite::Run() (gtest.cc:2795)
==295==    by 0x16264B: testing::internal::UnitTestImpl::RunAllTests() (gtest.cc:5338)
==295==    by 0x16E4B0: HandleSehExceptionsInMethodIfSupported<testing::internal::UnitTestImpl, bool> (gtest.cc:2433)
==295==    by 0x16E4B0: bool testing::internal::HandleExceptionsInMethodIfSupported<testing::internal::UnitTestImpl, bool>(testing::internal::UnitTestImpl*, bool (testing::internal::UnitTestImpl::*)(), char const*) (gtest.cc:2469)
==295==    by 0x16287B: testing::UnitTest::Run() (gtest.cc:4925)
==295==    by 0x118AD3: main (in /work/hw-nlicea/hw1/hw1_tests/label_tests/label_tests)
==295== 
==295== Invalid read of size 8
==295==    at 0x1398C8: LabelList::clear() (labellist.cpp:151)
==295==    by 0x139841: LabelList::~LabelList() (labellist.cpp:142)
==295==    by 0x11EBAC: Exceptions_Unlabel_Test::TestBody() (label_tests.cpp:185)
==295==    by 0x16DF40: HandleSehExceptionsInMethodIfSupported<testing::Test, void> (gtest.cc:2433)
==295==    by 0x16DF40: void testing::internal::HandleExceptionsInMethodIfSupported<testing::Test, void>(testing::Test*, void (testing::Test::*)(), char const*) (gtest.cc:2469)
==295==    by 0x161EE5: Run (gtest.cc:2508)
==295==    by 0x161EE5: testing::Test::Run() (gtest.cc:2498)
==295==    by 0x162044: Run (gtest.cc:2684)
==295==    by 0x162044: testing::TestInfo::Run() (gtest.cc:2657)
==295==    by 0x16212C: Run (gtest.cc:2816)
==295==    by 0x16212C: testing::TestSuite::Run() (gtest.cc:2795)
==295==    by 0x16264B: testing::internal::UnitTestImpl::RunAllTests() (gtest.cc:5338)
==295==    by 0x16E4B0: HandleSehExceptionsInMethodIfSupported<testing::internal::UnitTestImpl, bool> (gtest.cc:2433)
==295==    by 0x16E4B0: bool testing::internal::HandleExceptionsInMethodIfSupported<testing::internal::UnitTestImpl, bool>(testing::internal::UnitTestImpl*, bool (testing::internal::UnitTestImpl::*)(), char const*) (gtest.cc:2469)
==295==    by 0x16287B: testing::UnitTest::Run() (gtest.cc:4925)
==295==    by 0x118AD3: main (in /work/hw-nlicea/hw1/hw1_tests/label_tests/label_tests)
==295==  Address 0x4ddae10 is 0 bytes inside a block of size 16 free'd
==295==    at 0x483CFBF: operator delete(void*) (in /usr/lib/x86_64-linux-gnu/valgrind/vgpreload_memcheck-amd64-linux.so)
==295==    by 0x13E01F: __gnu_cxx::new_allocator<LabelList::MsgNode*>::deallocate(LabelList::MsgNode**, unsigned long) (new_allocator.h:128)
==295==    by 0x13CCF7: std::allocator_traits<std::allocator<LabelList::MsgNode*> >::deallocate(std::allocator<LabelList::MsgNode*>&, LabelList::MsgNode**, unsigned long) (alloc_traits.h:470)
==295==    by 0x13BB79: std::_Vector_base<LabelList::MsgNode*, std::allocator<LabelList::MsgNode*> >::_M_deallocate(LabelList::MsgNode**, unsigned long) (stl_vector.h:351)
==295==    by 0x13B4B3: std::_Vector_base<LabelList::MsgNode*, std::allocator<LabelList::MsgNode*> >::~_Vector_base() (stl_vector.h:332)
==295==    by 0x13B508: std::vector<LabelList::MsgNode*, std::allocator<LabelList::MsgNode*> >::~vector() (stl_vector.h:680)
==295==    by 0x13B36D: LabelList::MsgNode::~MsgNode() (labellist.h:38)
==295==    by 0x1398AA: LabelList::clear() (labellist.cpp:150)
==295==    by 0x139841: LabelList::~LabelList() (labellist.cpp:142)
==295==    by 0x11EBAC: Exceptions_Unlabel_Test::TestBody() (label_tests.cpp:185)
==295==    by 0x16DF40: HandleSehExceptionsInMethodIfSupported<testing::Test, void> (gtest.cc:2433)
==295==    by 0x16DF40: void testing::internal::HandleExceptionsInMethodIfSupported<testing::Test, void>(testing::Test*, void (testing::Test::*)(), char const*) (gtest.cc:2469)
==295==    by 0x161EE5: Run (gtest.cc:2508)
==295==    by 0x161EE5: testing::Test::Run() (gtest.cc:2498)
==295==  Block was alloc'd at
==295==    at 0x483BE63: operator new(unsigned long) (in /usr/lib/x86_64-linux-gnu/valgrind/vgpreload_memcheck-amd64-linux.so)
==295==    by 0x13EC15: __gnu_cxx::new_allocator<LabelList::MsgNode*>::allocate(unsigned long, void const*) (new_allocator.h:114)
==295==    by 0x13E685: std::allocator_traits<std::allocator<LabelList::MsgNode*> >::allocate(std::allocator<LabelList::MsgNode*>&, unsigned long) (alloc_traits.h:444)
==295==    by 0x13DE75: std::_Vector_base<LabelList::MsgNode*, std::allocator<LabelList::MsgNode*> >::_M_allocate(unsigned long) (stl_vector.h:343)
==295==    by 0x13D18E: void std::vector<LabelList::MsgNode*, std::allocator<LabelList::MsgNode*> >::_M_realloc_insert<LabelList::MsgNode*>(__gnu_cxx::__normal_iterator<LabelList::MsgNode**, std::vector<LabelList::MsgNode*, std::allocator<LabelList::MsgNode*> > >, LabelList::MsgNode*&&) (vector.tcc:440)
==295==    by 0x13BFB1: void std::vector<LabelList::MsgNode*, std::allocator<LabelList::MsgNode*> >::emplace_back<LabelList::MsgNode*>(LabelList::MsgNode*&&) (vector.tcc:121)
==295==    by 0x13B60F: std::vector<LabelList::MsgNode*, std::allocator<LabelList::MsgNode*> >::push_back(LabelList::MsgNode*&&) (stl_vector.h:1201)
==295==    by 0x139F34: LabelList::label(LabelList::MsgToken const&, std::__cxx11::basic_string<char, std::char_traits<char>, std::allocator<char> > const&) (labellist.cpp:248)
==295==    by 0x11E7EB: Exceptions_Unlabel_Test::TestBody() (label_tests.cpp:187)
==295==    by 0x16DF40: HandleSehExceptionsInMethodIfSupported<testing::Test, void> (gtest.cc:2433)
==295==    by 0x16DF40: void testing::internal::HandleExceptionsInMethodIfSupported<testing::Test, void>(testing::Test*, void (testing::Test::*)(), char const*) (gtest.cc:2469)
==295==    by 0x161EE5: Run (gtest.cc:2508)
==295==    by 0x161EE5: testing::Test::Run() (gtest.cc:2498)
==295==    by 0x162044: Run (gtest.cc:2684)
==295==    by 0x162044: testing::TestInfo::Run() (gtest.cc:2657)
==295== 
[       OK ] Exceptions.Unlabel (82 ms)
[----------] 1 test from Exceptions (88 ms total)

[----------] Global test environment tear-down
[==========] 1 test from 1 test suite ran. (110 ms total)
[  PASSED  ] 1 test.
==295== 
==295== HEAP SUMMARY:
==295==     in use at exit: 0 bytes in 0 blocks
==295==   total heap usage: 418 allocs, 418 frees, 130,267 bytes allocated
==295== 
==295== All heap blocks were freed -- no leaks are possible
==295== 
==295== For lists of detected and suppressed errors, rerun with: -s
==295== ERROR SUMMARY: 2 errors from 2 contexts (suppressed: 0 from 0)
<end of output>
Test time =   1.55 sec
----------------------------------------------------------
Test Passed.
"Exceptions.Unlabel" end time: Jan 30 06:47 UTC
"Exceptions.Unlabel" time elapsed: 00:00:01
----------------------------------------------------------

8/23 Testing: Label.Label1
8/23 Test: Label.Label1
Command: "/usr/bin/valgrind" "--tool=memcheck" "--leak-check=yes" "--trace-children=no" "/work/hw-nlicea/hw1/hw1_tests/label_tests/label_tests" "--gtest_filter=Label.Label1"
Directory: /work/hw-nlicea/hw1/hw1_tests/label_tests
"Label.Label1" start time: Jan 30 06:47 UTC
Output:
----------------------------------------------------------
==296== Memcheck, a memory error detector
==296== Copyright (C) 2002-2017, and GNU GPL'd, by Julian Seward et al.
==296== Using Valgrind-3.15.0 and LibVEX; rerun with -h for copyright info
==296== Command: /work/hw-nlicea/hw1/hw1_tests/label_tests/label_tests --gtest_filter=Label.Label1
==296== 
Running main() from /build/googletest-j5yxiC/googletest-1.10.0/googletest/src/gtest_main.cc
Note: Google Test filter = Label.Label1
[==========] Running 1 test from 1 test suite.
[----------] Global test environment set-up.
[----------] 1 test from Label
[ RUN      ] Label.Label1
==296== Conditional jump or move depends on uninitialised value(s)
==296==    at 0x13A277: LabelList::label(LabelList::MsgToken const&, std::__cxx11::basic_string<char, std::char_traits<char>, std::allocator<char> > const&) (labellist.cpp:294)
==296==    by 0x119B22: setupList1(LabelList&, std::__cxx11::basic_string<char, std::char_traits<char>, std::allocator<char> >*, LabelList::MsgToken*, unsigned long, bool) (label_tests.cpp:57)
==296==    by 0x11F084: Label_Label1_Test::TestBody() (label_tests.cpp:202)
==296==    by 0x16DF40: HandleSehExceptionsInMethodIfSupported<testing::Test, void> (gtest.cc:2433)
==296==    by 0x16DF40: void testing::internal::HandleExceptionsInMethodIfSupported<testing::Test, void>(testing::Test*, void (testing::Test::*)(), char const*) (gtest.cc:2469)
==296==    by 0x161EE5: Run (gtest.cc:2508)
==296==    by 0x161EE5: testing::Test::Run() (gtest.cc:2498)
==296==    by 0x162044: Run (gtest.cc:2684)
==296==    by 0x162044: testing::TestInfo::Run() (gtest.cc:2657)
==296==    by 0x16212C: Run (gtest.cc:2816)
==296==    by 0x16212C: testing::TestSuite::Run() (gtest.cc:2795)
==296==    by 0x16264B: testing::internal::UnitTestImpl::RunAllTests() (gtest.cc:5338)
==296==    by 0x16E4B0: HandleSehExceptionsInMethodIfSupported<testing::internal::UnitTestImpl, bool> (gtest.cc:2433)
==296==    by 0x16E4B0: bool testing::internal::HandleExceptionsInMethodIfSupported<testing::internal::UnitTestImpl, bool>(testing::internal::UnitTestImpl*, bool (testing::internal::UnitTestImpl::*)(), char const*) (gtest.cc:2469)
==296==    by 0x16287B: testing::UnitTest::Run() (gtest.cc:4925)
==296==    by 0x118AD3: main (in /work/hw-nlicea/hw1/hw1_tests/label_tests/label_tests)
==296== 
Label ld has 1 messages, when 2 is expected.
/work/hw-nlicea/hw1/hw1_tests/label_tests/label_tests.cpp:58: Failure
Value of: compareList({"m0", "m4"}, list1, "ld")
  Actual: false (Label ld has 1 messages, when 2 is expected.)
Expected: true
Label ld has 2 messages, when 3 is expected.
/work/hw-nlicea/hw1/hw1_tests/label_tests/label_tests.cpp:60: Failure
Value of: compareList({"m0", "m4", "m5"}, list1, "ld")
  Actual: false (Label ld has 2 messages, when 3 is expected.)
Expected: true
==296== Conditional jump or move depends on uninitialised value(s)
==296==    at 0x13A169: LabelList::label(LabelList::MsgToken const&, std::__cxx11::basic_string<char, std::char_traits<char>, std::allocator<char> > const&) (labellist.cpp:275)
==296==    by 0x11A122: setupList1(LabelList&, std::__cxx11::basic_string<char, std::char_traits<char>, std::allocator<char> >*, LabelList::MsgToken*, unsigned long, bool) (label_tests.cpp:61)
==296==    by 0x11F084: Label_Label1_Test::TestBody() (label_tests.cpp:202)
==296==    by 0x16DF40: HandleSehExceptionsInMethodIfSupported<testing::Test, void> (gtest.cc:2433)
==296==    by 0x16DF40: void testing::internal::HandleExceptionsInMethodIfSupported<testing::Test, void>(testing::Test*, void (testing::Test::*)(), char const*) (gtest.cc:2469)
==296==    by 0x161EE5: Run (gtest.cc:2508)
==296==    by 0x161EE5: testing::Test::Run() (gtest.cc:2498)
==296==    by 0x162044: Run (gtest.cc:2684)
==296==    by 0x162044: testing::TestInfo::Run() (gtest.cc:2657)
==296==    by 0x16212C: Run (gtest.cc:2816)
==296==    by 0x16212C: testing::TestSuite::Run() (gtest.cc:2795)
==296==    by 0x16264B: testing::internal::UnitTestImpl::RunAllTests() (gtest.cc:5338)
==296==    by 0x16E4B0: HandleSehExceptionsInMethodIfSupported<testing::internal::UnitTestImpl, bool> (gtest.cc:2433)
==296==    by 0x16E4B0: bool testing::internal::HandleExceptionsInMethodIfSupported<testing::internal::UnitTestImpl, bool>(testing::internal::UnitTestImpl*, bool (testing::internal::UnitTestImpl::*)(), char const*) (gtest.cc:2469)
==296==    by 0x16287B: testing::UnitTest::Run() (gtest.cc:4925)
==296==    by 0x118AD3: main (in /work/hw-nlicea/hw1/hw1_tests/label_tests/label_tests)
==296== 
==296== Conditional jump or move depends on uninitialised value(s)
==296==    at 0x13A277: LabelList::label(LabelList::MsgToken const&, std::__cxx11::basic_string<char, std::char_traits<char>, std::allocator<char> > const&) (labellist.cpp:294)
==296==    by 0x11A122: setupList1(LabelList&, std::__cxx11::basic_string<char, std::char_traits<char>, std::allocator<char> >*, LabelList::MsgToken*, unsigned long, bool) (label_tests.cpp:61)
==296==    by 0x11F084: Label_Label1_Test::TestBody() (label_tests.cpp:202)
==296==    by 0x16DF40: HandleSehExceptionsInMethodIfSupported<testing::Test, void> (gtest.cc:2433)
==296==    by 0x16DF40: void testing::internal::HandleExceptionsInMethodIfSupported<testing::Test, void>(testing::Test*, void (testing::Test::*)(), char const*) (gtest.cc:2469)
==296==    by 0x161EE5: Run (gtest.cc:2508)
==296==    by 0x161EE5: testing::Test::Run() (gtest.cc:2498)
==296==    by 0x162044: Run (gtest.cc:2684)
==296==    by 0x162044: testing::TestInfo::Run() (gtest.cc:2657)
==296==    by 0x16212C: Run (gtest.cc:2816)
==296==    by 0x16212C: testing::TestSuite::Run() (gtest.cc:2795)
==296==    by 0x16264B: testing::internal::UnitTestImpl::RunAllTests() (gtest.cc:5338)
==296==    by 0x16E4B0: HandleSehExceptionsInMethodIfSupported<testing::internal::UnitTestImpl, bool> (gtest.cc:2433)
==296==    by 0x16E4B0: bool testing::internal::HandleExceptionsInMethodIfSupported<testing::internal::UnitTestImpl, bool>(testing::internal::UnitTestImpl*, bool (testing::internal::UnitTestImpl::*)(), char const*) (gtest.cc:2469)
==296==    by 0x16287B: testing::UnitTest::Run() (gtest.cc:4925)
==296==    by 0x118AD3: main (in /work/hw-nlicea/hw1/hw1_tests/label_tests/label_tests)
==296== 
Label ld has 2 messages, when 4 is expected.
/work/hw-nlicea/hw1/hw1_tests/label_tests/label_tests.cpp:62: Failure
Value of: compareList({"m0", "m2", "m4", "m5"}, list1, "ld")
  Actual: false (Label ld has 2 messages, when 4 is expected.)
Expected: true
==296== Invalid read of size 8
==296==    at 0x13B628: std::vector<LabelList::MsgNode*, std::allocator<LabelList::MsgNode*> >::operator[](unsigned long) (stl_vector.h:1043)
==296==    by 0x1398C7: LabelList::clear() (labellist.cpp:151)
==296==    by 0x139841: LabelList::~LabelList() (labellist.cpp:142)
==296==    by 0x11F0BB: Label_Label1_Test::TestBody() (label_tests.cpp:197)
==296==    by 0x16DF40: HandleSehExceptionsInMethodIfSupported<testing::Test, void> (gtest.cc:2433)
==296==    by 0x16DF40: void testing::internal::HandleExceptionsInMethodIfSupported<testing::Test, void>(testing::Test*, void (testing::Test::*)(), char const*) (gtest.cc:2469)
==296==    by 0x161EE5: Run (gtest.cc:2508)
==296==    by 0x161EE5: testing::Test::Run() (gtest.cc:2498)
==296==    by 0x162044: Run (gtest.cc:2684)
==296==    by 0x162044: testing::TestInfo::Run() (gtest.cc:2657)
==296==    by 0x16212C: Run (gtest.cc:2816)
==296==    by 0x16212C: testing::TestSuite::Run() (gtest.cc:2795)
==296==    by 0x16264B: testing::internal::UnitTestImpl::RunAllTests() (gtest.cc:5338)
==296==    by 0x16E4B0: HandleSehExceptionsInMethodIfSupported<testing::internal::UnitTestImpl, bool> (gtest.cc:2433)
==296==    by 0x16E4B0: bool testing::internal::HandleExceptionsInMethodIfSupported<testing::internal::UnitTestImpl, bool>(testing::internal::UnitTestImpl*, bool (testing::internal::UnitTestImpl::*)(), char const*) (gtest.cc:2469)
==296==    by 0x16287B: testing::UnitTest::Run() (gtest.cc:4925)
==296==    by 0x118AD3: main (in /work/hw-nlicea/hw1/hw1_tests/label_tests/label_tests)
==296==  Address 0x4dda238 is 72 bytes inside a block of size 120 free'd
==296==    at 0x483CFBF: operator delete(void*) (in /usr/lib/x86_64-linux-gnu/valgrind/vgpreload_memcheck-amd64-linux.so)
==296==    by 0x1398B2: LabelList::clear() (labellist.cpp:150)
==296==    by 0x139841: LabelList::~LabelList() (labellist.cpp:142)
==296==    by 0x11F0BB: Label_Label1_Test::TestBody() (label_tests.cpp:197)
==296==    by 0x16DF40: HandleSehExceptionsInMethodIfSupported<testing::Test, void> (gtest.cc:2433)
==296==    by 0x16DF40: void testing::internal::HandleExceptionsInMethodIfSupported<testing::Test, void>(testing::Test*, void (testing::Test::*)(), char const*) (gtest.cc:2469)
==296==    by 0x161EE5: Run (gtest.cc:2508)
==296==    by 0x161EE5: testing::Test::Run() (gtest.cc:2498)
==296==    by 0x162044: Run (gtest.cc:2684)
==296==    by 0x162044: testing::TestInfo::Run() (gtest.cc:2657)
==296==    by 0x16212C: Run (gtest.cc:2816)
==296==    by 0x16212C: testing::TestSuite::Run() (gtest.cc:2795)
==296==    by 0x16264B: testing::internal::UnitTestImpl::RunAllTests() (gtest.cc:5338)
==296==    by 0x16E4B0: HandleSehExceptionsInMethodIfSupported<testing::internal::UnitTestImpl, bool> (gtest.cc:2433)
==296==    by 0x16E4B0: bool testing::internal::HandleExceptionsInMethodIfSupported<testing::internal::UnitTestImpl, bool>(testing::internal::UnitTestImpl*, bool (testing::internal::UnitTestImpl::*)(), char const*) (gtest.cc:2469)
==296==    by 0x16287B: testing::UnitTest::Run() (gtest.cc:4925)
==296==    by 0x118AD3: main (in /work/hw-nlicea/hw1/hw1_tests/label_tests/label_tests)
==296==  Block was alloc'd at
==296==    at 0x483BE63: operator new(unsigned long) (in /usr/lib/x86_64-linux-gnu/valgrind/vgpreload_memcheck-amd64-linux.so)
==296==    by 0x1399A5: LabelList::add(std::__cxx11::basic_string<char, std::char_traits<char>, std::allocator<char> > const&) (labellist.cpp:177)
==296==    by 0x119064: setupList1(LabelList&, std::__cxx11::basic_string<char, std::char_traits<char>, std::allocator<char> >*, LabelList::MsgToken*, unsigned long, bool) (label_tests.cpp:43)
==296==    by 0x11F084: Label_Label1_Test::TestBody() (label_tests.cpp:202)
==296==    by 0x16DF40: HandleSehExceptionsInMethodIfSupported<testing::Test, void> (gtest.cc:2433)
==296==    by 0x16DF40: void testing::internal::HandleExceptionsInMethodIfSupported<testing::Test, void>(testing::Test*, void (testing::Test::*)(), char const*) (gtest.cc:2469)
==296==    by 0x161EE5: Run (gtest.cc:2508)
==296==    by 0x161EE5: testing::Test::Run() (gtest.cc:2498)
==296==    by 0x162044: Run (gtest.cc:2684)
==296==    by 0x162044: testing::TestInfo::Run() (gtest.cc:2657)
==296==    by 0x16212C: Run (gtest.cc:2816)
==296==    by 0x16212C: testing::TestSuite::Run() (gtest.cc:2795)
==296==    by 0x16264B: testing::internal::UnitTestImpl::RunAllTests() (gtest.cc:5338)
==296==    by 0x16E4B0: HandleSehExceptionsInMethodIfSupported<testing::internal::UnitTestImpl, bool> (gtest.cc:2433)
==296==    by 0x16E4B0: bool testing::internal::HandleExceptionsInMethodIfSupported<testing::internal::UnitTestImpl, bool>(testing::internal::UnitTestImpl*, bool (testing::internal::UnitTestImpl::*)(), char const*) (gtest.cc:2469)
==296==    by 0x16287B: testing::UnitTest::Run() (gtest.cc:4925)
==296==    by 0x118AD3: main (in /work/hw-nlicea/hw1/hw1_tests/label_tests/label_tests)
==296== 
==296== Invalid read of size 8
==296==    at 0x1398C8: LabelList::clear() (labellist.cpp:151)
==296==    by 0x139841: LabelList::~LabelList() (labellist.cpp:142)
==296==    by 0x11F0BB: Label_Label1_Test::TestBody() (label_tests.cpp:197)
==296==    by 0x16DF40: HandleSehExceptionsInMethodIfSupported<testing::Test, void> (gtest.cc:2433)
==296==    by 0x16DF40: void testing::internal::HandleExceptionsInMethodIfSupported<testing::Test, void>(testing::Test*, void (testing::Test::*)(), char const*) (gtest.cc:2469)
==296==    by 0x161EE5: Run (gtest.cc:2508)
==296==    by 0x161EE5: testing::Test::Run() (gtest.cc:2498)
==296==    by 0x162044: Run (gtest.cc:2684)
==296==    by 0x162044: testing::TestInfo::Run() (gtest.cc:2657)
==296==    by 0x16212C: Run (gtest.cc:2816)
==296==    by 0x16212C: testing::TestSuite::Run() (gtest.cc:2795)
==296==    by 0x16264B: testing::internal::UnitTestImpl::RunAllTests() (gtest.cc:5338)
==296==    by 0x16E4B0: HandleSehExceptionsInMethodIfSupported<testing::internal::UnitTestImpl, bool> (gtest.cc:2433)
==296==    by 0x16E4B0: bool testing::internal::HandleExceptionsInMethodIfSupported<testing::internal::UnitTestImpl, bool>(testing::internal::UnitTestImpl*, bool (testing::internal::UnitTestImpl::*)(), char const*) (gtest.cc:2469)
==296==    by 0x16287B: testing::UnitTest::Run() (gtest.cc:4925)
==296==    by 0x118AD3: main (in /work/hw-nlicea/hw1/hw1_tests/label_tests/label_tests)
==296==  Address 0x4ddb5e0 is 0 bytes inside a block of size 40 free'd
==296==    at 0x483CFBF: operator delete(void*) (in /usr/lib/x86_64-linux-gnu/valgrind/vgpreload_memcheck-amd64-linux.so)
==296==    by 0x13E01F: __gnu_cxx::new_allocator<LabelList::MsgNode*>::deallocate(LabelList::MsgNode**, unsigned long) (new_allocator.h:128)
==296==    by 0x13CCF7: std::allocator_traits<std::allocator<LabelList::MsgNode*> >::deallocate(std::allocator<LabelList::MsgNode*>&, LabelList::MsgNode**, unsigned long) (alloc_traits.h:470)
==296==    by 0x13BB79: std::_Vector_base<LabelList::MsgNode*, std::allocator<LabelList::MsgNode*> >::_M_deallocate(LabelList::MsgNode**, unsigned long) (stl_vector.h:351)
==296==    by 0x13B4B3: std::_Vector_base<LabelList::MsgNode*, std::allocator<LabelList::MsgNode*> >::~_Vector_base() (stl_vector.h:332)
==296==    by 0x13B508: std::vector<LabelList::MsgNode*, std::allocator<LabelList::MsgNode*> >::~vector() (stl_vector.h:680)
==296==    by 0x13B36D: LabelList::MsgNode::~MsgNode() (labellist.h:38)
==296==    by 0x1398AA: LabelList::clear() (labellist.cpp:150)
==296==    by 0x139841: LabelList::~LabelList() (labellist.cpp:142)
==296==    by 0x11F0BB: Label_Label1_Test::TestBody() (label_tests.cpp:197)
==296==    by 0x16DF40: HandleSehExceptionsInMethodIfSupported<testing::Test, void> (gtest.cc:2433)
==296==    by 0x16DF40: void testing::internal::HandleExceptionsInMethodIfSupported<testing::Test, void>(testing::Test*, void (testing::Test::*)(), char const*) (gtest.cc:2469)
==296==    by 0x161EE5: Run (gtest.cc:2508)
==296==    by 0x161EE5: testing::Test::Run() (gtest.cc:2498)
==296==  Block was alloc'd at
==296==    at 0x483BE63: operator new(unsigned long) (in /usr/lib/x86_64-linux-gnu/valgrind/vgpreload_memcheck-amd64-linux.so)
==296==    by 0x13EC15: __gnu_cxx::new_allocator<LabelList::MsgNode*>::allocate(unsigned long, void const*) (new_allocator.h:114)
==296==    by 0x13E685: std::allocator_traits<std::allocator<LabelList::MsgNode*> >::allocate(std::allocator<LabelList::MsgNode*>&, unsigned long) (alloc_traits.h:444)
==296==    by 0x13DE75: std::_Vector_base<LabelList::MsgNode*, std::allocator<LabelList::MsgNode*> >::_M_allocate(unsigned long) (stl_vector.h:343)
==296==    by 0x13C57B: std::vector<LabelList::MsgNode*, std::allocator<LabelList::MsgNode*> >::_M_fill_insert(__gnu_cxx::__normal_iterator<LabelList::MsgNode**, std::vector<LabelList::MsgNode*, std::allocator<LabelList::MsgNode*> > >, unsigned long, LabelList::MsgNode* const&) (vector.tcc:561)
==296==    by 0x13B910: std::vector<LabelList::MsgNode*, std::allocator<LabelList::MsgNode*> >::resize(unsigned long, LabelList::MsgNode* const&) (stl_vector.h:957)
==296==    by 0x139FBC: LabelList::label(LabelList::MsgToken const&, std::__cxx11::basic_string<char, std::char_traits<char>, std::allocator<char> > const&) (labellist.cpp:255)
==296==    by 0x119B22: setupList1(LabelList&, std::__cxx11::basic_string<char, std::char_traits<char>, std::allocator<char> >*, LabelList::MsgToken*, unsigned long, bool) (label_tests.cpp:57)
==296==    by 0x11F084: Label_Label1_Test::TestBody() (label_tests.cpp:202)
==296==    by 0x16DF40: HandleSehExceptionsInMethodIfSupported<testing::Test, void> (gtest.cc:2433)
==296==    by 0x16DF40: void testing::internal::HandleExceptionsInMethodIfSupported<testing::Test, void>(testing::Test*, void (testing::Test::*)(), char const*) (gtest.cc:2469)
==296==    by 0x161EE5: Run (gtest.cc:2508)
==296==    by 0x161EE5: testing::Test::Run() (gtest.cc:2498)
==296==    by 0x162044: Run (gtest.cc:2684)
==296==    by 0x162044: testing::TestInfo::Run() (gtest.cc:2657)
==296== 
[  FAILED  ] Label.Label1 (193 ms)
[----------] 1 test from Label (201 ms total)

[----------] Global test environment tear-down
[==========] 1 test from 1 test suite ran. (231 ms total)
[  PASSED  ] 0 tests.
[  FAILED  ] 1 test, listed below:
[  FAILED  ] Label.Label1

 1 FAILED TEST
==296== 
==296== HEAP SUMMARY:
==296==     in use at exit: 0 bytes in 0 blocks
==296==   total heap usage: 563 allocs, 563 frees, 156,501 bytes allocated
==296== 
==296== All heap blocks were freed -- no leaks are possible
==296== 
==296== Use --track-origins=yes to see where uninitialised values come from
==296== For lists of detected and suppressed errors, rerun with: -s
==296== ERROR SUMMARY: 17 errors from 5 contexts (suppressed: 0 from 0)
<end of output>
Test time =   1.86 sec
----------------------------------------------------------
Test Failed.
"Label.Label1" end time: Jan 30 06:47 UTC
"Label.Label1" time elapsed: 00:00:01
----------------------------------------------------------

9/23 Testing: Label.Label2
9/23 Test: Label.Label2
Command: "/usr/bin/valgrind" "--tool=memcheck" "--leak-check=yes" "--trace-children=no" "/work/hw-nlicea/hw1/hw1_tests/label_tests/label_tests" "--gtest_filter=Label.Label2"
Directory: /work/hw-nlicea/hw1/hw1_tests/label_tests
"Label.Label2" start time: Jan 30 06:47 UTC
Output:
----------------------------------------------------------
==297== Memcheck, a memory error detector
==297== Copyright (C) 2002-2017, and GNU GPL'd, by Julian Seward et al.
==297== Using Valgrind-3.15.0 and LibVEX; rerun with -h for copyright info
==297== Command: /work/hw-nlicea/hw1/hw1_tests/label_tests/label_tests --gtest_filter=Label.Label2
==297== 
Running main() from /build/googletest-j5yxiC/googletest-1.10.0/googletest/src/gtest_main.cc
Note: Google Test filter = Label.Label2
[==========] Running 1 test from 1 test suite.
[----------] Global test environment set-up.
[----------] 1 test from Label
[ RUN      ] Label.Label2
==297== Conditional jump or move depends on uninitialised value(s)
==297==    at 0x13A277: LabelList::label(LabelList::MsgToken const&, std::__cxx11::basic_string<char, std::char_traits<char>, std::allocator<char> > const&) (labellist.cpp:294)
==297==    by 0x119B22: setupList1(LabelList&, std::__cxx11::basic_string<char, std::char_traits<char>, std::allocator<char> >*, LabelList::MsgToken*, unsigned long, bool) (label_tests.cpp:57)
==297==    by 0x11F404: Label_Label2_Test::TestBody() (label_tests.cpp:214)
==297==    by 0x16DF40: HandleSehExceptionsInMethodIfSupported<testing::Test, void> (gtest.cc:2433)
==297==    by 0x16DF40: void testing::internal::HandleExceptionsInMethodIfSupported<testing::Test, void>(testing::Test*, void (testing::Test::*)(), char const*) (gtest.cc:2469)
==297==    by 0x161EE5: Run (gtest.cc:2508)
==297==    by 0x161EE5: testing::Test::Run() (gtest.cc:2498)
==297==    by 0x162044: Run (gtest.cc:2684)
==297==    by 0x162044: testing::TestInfo::Run() (gtest.cc:2657)
==297==    by 0x16212C: Run (gtest.cc:2816)
==297==    by 0x16212C: testing::TestSuite::Run() (gtest.cc:2795)
==297==    by 0x16264B: testing::internal::UnitTestImpl::RunAllTests() (gtest.cc:5338)
==297==    by 0x16E4B0: HandleSehExceptionsInMethodIfSupported<testing::internal::UnitTestImpl, bool> (gtest.cc:2433)
==297==    by 0x16E4B0: bool testing::internal::HandleExceptionsInMethodIfSupported<testing::internal::UnitTestImpl, bool>(testing::internal::UnitTestImpl*, bool (testing::internal::UnitTestImpl::*)(), char const*) (gtest.cc:2469)
==297==    by 0x16287B: testing::UnitTest::Run() (gtest.cc:4925)
==297==    by 0x118AD3: main (in /work/hw-nlicea/hw1/hw1_tests/label_tests/label_tests)
==297== 
Label ld has 1 messages, when 2 is expected.
/work/hw-nlicea/hw1/hw1_tests/label_tests/label_tests.cpp:58: Failure
Value of: compareList({"m0", "m4"}, list1, "ld")
  Actual: false (Label ld has 1 messages, when 2 is expected.)
Expected: true
Label ld has 2 messages, when 3 is expected.
/work/hw-nlicea/hw1/hw1_tests/label_tests/label_tests.cpp:60: Failure
Value of: compareList({"m0", "m4", "m5"}, list1, "ld")
  Actual: false (Label ld has 2 messages, when 3 is expected.)
Expected: true
==297== Conditional jump or move depends on uninitialised value(s)
==297==    at 0x13A169: LabelList::label(LabelList::MsgToken const&, std::__cxx11::basic_string<char, std::char_traits<char>, std::allocator<char> > const&) (labellist.cpp:275)
==297==    by 0x11A122: setupList1(LabelList&, std::__cxx11::basic_string<char, std::char_traits<char>, std::allocator<char> >*, LabelList::MsgToken*, unsigned long, bool) (label_tests.cpp:61)
==297==    by 0x11F404: Label_Label2_Test::TestBody() (label_tests.cpp:214)
==297==    by 0x16DF40: HandleSehExceptionsInMethodIfSupported<testing::Test, void> (gtest.cc:2433)
==297==    by 0x16DF40: void testing::internal::HandleExceptionsInMethodIfSupported<testing::Test, void>(testing::Test*, void (testing::Test::*)(), char const*) (gtest.cc:2469)
==297==    by 0x161EE5: Run (gtest.cc:2508)
==297==    by 0x161EE5: testing::Test::Run() (gtest.cc:2498)
==297==    by 0x162044: Run (gtest.cc:2684)
==297==    by 0x162044: testing::TestInfo::Run() (gtest.cc:2657)
==297==    by 0x16212C: Run (gtest.cc:2816)
==297==    by 0x16212C: testing::TestSuite::Run() (gtest.cc:2795)
==297==    by 0x16264B: testing::internal::UnitTestImpl::RunAllTests() (gtest.cc:5338)
==297==    by 0x16E4B0: HandleSehExceptionsInMethodIfSupported<testing::internal::UnitTestImpl, bool> (gtest.cc:2433)
==297==    by 0x16E4B0: bool testing::internal::HandleExceptionsInMethodIfSupported<testing::internal::UnitTestImpl, bool>(testing::internal::UnitTestImpl*, bool (testing::internal::UnitTestImpl::*)(), char const*) (gtest.cc:2469)
==297==    by 0x16287B: testing::UnitTest::Run() (gtest.cc:4925)
==297==    by 0x118AD3: main (in /work/hw-nlicea/hw1/hw1_tests/label_tests/label_tests)
==297== 
==297== Conditional jump or move depends on uninitialised value(s)
==297==    at 0x13A277: LabelList::label(LabelList::MsgToken const&, std::__cxx11::basic_string<char, std::char_traits<char>, std::allocator<char> > const&) (labellist.cpp:294)
==297==    by 0x11A122: setupList1(LabelList&, std::__cxx11::basic_string<char, std::char_traits<char>, std::allocator<char> >*, LabelList::MsgToken*, unsigned long, bool) (label_tests.cpp:61)
==297==    by 0x11F404: Label_Label2_Test::TestBody() (label_tests.cpp:214)
==297==    by 0x16DF40: HandleSehExceptionsInMethodIfSupported<testing::Test, void> (gtest.cc:2433)
==297==    by 0x16DF40: void testing::internal::HandleExceptionsInMethodIfSupported<testing::Test, void>(testing::Test*, void (testing::Test::*)(), char const*) (gtest.cc:2469)
==297==    by 0x161EE5: Run (gtest.cc:2508)
==297==    by 0x161EE5: testing::Test::Run() (gtest.cc:2498)
==297==    by 0x162044: Run (gtest.cc:2684)
==297==    by 0x162044: testing::TestInfo::Run() (gtest.cc:2657)
==297==    by 0x16212C: Run (gtest.cc:2816)
==297==    by 0x16212C: testing::TestSuite::Run() (gtest.cc:2795)
==297==    by 0x16264B: testing::internal::UnitTestImpl::RunAllTests() (gtest.cc:5338)
==297==    by 0x16E4B0: HandleSehExceptionsInMethodIfSupported<testing::internal::UnitTestImpl, bool> (gtest.cc:2433)
==297==    by 0x16E4B0: bool testing::internal::HandleExceptionsInMethodIfSupported<testing::internal::UnitTestImpl, bool>(testing::internal::UnitTestImpl*, bool (testing::internal::UnitTestImpl::*)(), char const*) (gtest.cc:2469)
==297==    by 0x16287B: testing::UnitTest::Run() (gtest.cc:4925)
==297==    by 0x118AD3: main (in /work/hw-nlicea/hw1/hw1_tests/label_tests/label_tests)
==297== 
Label ld has 2 messages, when 4 is expected.
/work/hw-nlicea/hw1/hw1_tests/label_tests/label_tests.cpp:62: Failure
Value of: compareList({"m0", "m2", "m4", "m5"}, list1, "ld")
  Actual: false (Label ld has 2 messages, when 4 is expected.)
Expected: true
==297== Conditional jump or move depends on uninitialised value(s)
==297==    at 0x13A277: LabelList::label(LabelList::MsgToken const&, std::__cxx11::basic_string<char, std::char_traits<char>, std::allocator<char> > const&) (labellist.cpp:294)
==297==    by 0x11F454: Label_Label2_Test::TestBody() (label_tests.cpp:219)
==297==    by 0x16DF40: HandleSehExceptionsInMethodIfSupported<testing::Test, void> (gtest.cc:2433)
==297==    by 0x16DF40: void testing::internal::HandleExceptionsInMethodIfSupported<testing::Test, void>(testing::Test*, void (testing::Test::*)(), char const*) (gtest.cc:2469)
==297==    by 0x161EE5: Run (gtest.cc:2508)
==297==    by 0x161EE5: testing::Test::Run() (gtest.cc:2498)
==297==    by 0x162044: Run (gtest.cc:2684)
==297==    by 0x162044: testing::TestInfo::Run() (gtest.cc:2657)
==297==    by 0x16212C: Run (gtest.cc:2816)
==297==    by 0x16212C: testing::TestSuite::Run() (gtest.cc:2795)
==297==    by 0x16264B: testing::internal::UnitTestImpl::RunAllTests() (gtest.cc:5338)
==297==    by 0x16E4B0: HandleSehExceptionsInMethodIfSupported<testing::internal::UnitTestImpl, bool> (gtest.cc:2433)
==297==    by 0x16E4B0: bool testing::internal::HandleExceptionsInMethodIfSupported<testing::internal::UnitTestImpl, bool>(testing::internal::UnitTestImpl*, bool (testing::internal::UnitTestImpl::*)(), char const*) (gtest.cc:2469)
==297==    by 0x16287B: testing::UnitTest::Run() (gtest.cc:4925)
==297==    by 0x118AD3: main (in /work/hw-nlicea/hw1/hw1_tests/label_tests/label_tests)
==297== 
Label ld has 2 messages, when 4 is expected.
/work/hw-nlicea/hw1/hw1_tests/label_tests/label_tests.cpp:226: Failure
Value of: compareList({"m0", "m2", "m4", "m5"}, list1, "ld")
  Actual: false (Label ld has 2 messages, when 4 is expected.)
Expected: true
==297== Invalid read of size 8
==297==    at 0x13B628: std::vector<LabelList::MsgNode*, std::allocator<LabelList::MsgNode*> >::operator[](unsigned long) (stl_vector.h:1043)
==297==    by 0x1398C7: LabelList::clear() (labellist.cpp:151)
==297==    by 0x139841: LabelList::~LabelList() (labellist.cpp:142)
==297==    by 0x11FED8: Label_Label2_Test::TestBody() (label_tests.cpp:209)
==297==    by 0x16DF40: HandleSehExceptionsInMethodIfSupported<testing::Test, void> (gtest.cc:2433)
==297==    by 0x16DF40: void testing::internal::HandleExceptionsInMethodIfSupported<testing::Test, void>(testing::Test*, void (testing::Test::*)(), char const*) (gtest.cc:2469)
==297==    by 0x161EE5: Run (gtest.cc:2508)
==297==    by 0x161EE5: testing::Test::Run() (gtest.cc:2498)
==297==    by 0x162044: Run (gtest.cc:2684)
==297==    by 0x162044: testing::TestInfo::Run() (gtest.cc:2657)
==297==    by 0x16212C: Run (gtest.cc:2816)
==297==    by 0x16212C: testing::TestSuite::Run() (gtest.cc:2795)
==297==    by 0x16264B: testing::internal::UnitTestImpl::RunAllTests() (gtest.cc:5338)
==297==    by 0x16E4B0: HandleSehExceptionsInMethodIfSupported<testing::internal::UnitTestImpl, bool> (gtest.cc:2433)
==297==    by 0x16E4B0: bool testing::internal::HandleExceptionsInMethodIfSupported<testing::internal::UnitTestImpl, bool>(testing::internal::UnitTestImpl*, bool (testing::internal::UnitTestImpl::*)(), char const*) (gtest.cc:2469)
==297==    by 0x16287B: testing::UnitTest::Run() (gtest.cc:4925)
==297==    by 0x118AD3: main (in /work/hw-nlicea/hw1/hw1_tests/label_tests/label_tests)
==297==  Address 0x4dda238 is 72 bytes inside a block of size 120 free'd
==297==    at 0x483CFBF: operator delete(void*) (in /usr/lib/x86_64-linux-gnu/valgrind/vgpreload_memcheck-amd64-linux.so)
==297==    by 0x1398B2: LabelList::clear() (labellist.cpp:150)
==297==    by 0x139841: LabelList::~LabelList() (labellist.cpp:142)
==297==    by 0x11FED8: Label_Label2_Test::TestBody() (label_tests.cpp:209)
==297==    by 0x16DF40: HandleSehExceptionsInMethodIfSupported<testing::Test, void> (gtest.cc:2433)
==297==    by 0x16DF40: void testing::internal::HandleExceptionsInMethodIfSupported<testing::Test, void>(testing::Test*, void (testing::Test::*)(), char const*) (gtest.cc:2469)
==297==    by 0x161EE5: Run (gtest.cc:2508)
==297==    by 0x161EE5: testing::Test::Run() (gtest.cc:2498)
==297==    by 0x162044: Run (gtest.cc:2684)
==297==    by 0x162044: testing::TestInfo::Run() (gtest.cc:2657)
==297==    by 0x16212C: Run (gtest.cc:2816)
==297==    by 0x16212C: testing::TestSuite::Run() (gtest.cc:2795)
==297==    by 0x16264B: testing::internal::UnitTestImpl::RunAllTests() (gtest.cc:5338)
==297==    by 0x16E4B0: HandleSehExceptionsInMethodIfSupported<testing::internal::UnitTestImpl, bool> (gtest.cc:2433)
==297==    by 0x16E4B0: bool testing::internal::HandleExceptionsInMethodIfSupported<testing::internal::UnitTestImpl, bool>(testing::internal::UnitTestImpl*, bool (testing::internal::UnitTestImpl::*)(), char const*) (gtest.cc:2469)
==297==    by 0x16287B: testing::UnitTest::Run() (gtest.cc:4925)
==297==    by 0x118AD3: main (in /work/hw-nlicea/hw1/hw1_tests/label_tests/label_tests)
==297==  Block was alloc'd at
==297==    at 0x483BE63: operator new(unsigned long) (in /usr/lib/x86_64-linux-gnu/valgrind/vgpreload_memcheck-amd64-linux.so)
==297==    by 0x1399A5: LabelList::add(std::__cxx11::basic_string<char, std::char_traits<char>, std::allocator<char> > const&) (labellist.cpp:177)
==297==    by 0x119064: setupList1(LabelList&, std::__cxx11::basic_string<char, std::char_traits<char>, std::allocator<char> >*, LabelList::MsgToken*, unsigned long, bool) (label_tests.cpp:43)
==297==    by 0x11F404: Label_Label2_Test::TestBody() (label_tests.cpp:214)
==297==    by 0x16DF40: HandleSehExceptionsInMethodIfSupported<testing::Test, void> (gtest.cc:2433)
==297==    by 0x16DF40: void testing::internal::HandleExceptionsInMethodIfSupported<testing::Test, void>(testing::Test*, void (testing::Test::*)(), char const*) (gtest.cc:2469)
==297==    by 0x161EE5: Run (gtest.cc:2508)
==297==    by 0x161EE5: testing::Test::Run() (gtest.cc:2498)
==297==    by 0x162044: Run (gtest.cc:2684)
==297==    by 0x162044: testing::TestInfo::Run() (gtest.cc:2657)
==297==    by 0x16212C: Run (gtest.cc:2816)
==297==    by 0x16212C: testing::TestSuite::Run() (gtest.cc:2795)
==297==    by 0x16264B: testing::internal::UnitTestImpl::RunAllTests() (gtest.cc:5338)
==297==    by 0x16E4B0: HandleSehExceptionsInMethodIfSupported<testing::internal::UnitTestImpl, bool> (gtest.cc:2433)
==297==    by 0x16E4B0: bool testing::internal::HandleExceptionsInMethodIfSupported<testing::internal::UnitTestImpl, bool>(testing::internal::UnitTestImpl*, bool (testing::internal::UnitTestImpl::*)(), char const*) (gtest.cc:2469)
==297==    by 0x16287B: testing::UnitTest::Run() (gtest.cc:4925)
==297==    by 0x118AD3: main (in /work/hw-nlicea/hw1/hw1_tests/label_tests/label_tests)
==297== 
==297== Invalid read of size 8
==297==    at 0x1398C8: LabelList::clear() (labellist.cpp:151)
==297==    by 0x139841: LabelList::~LabelList() (labellist.cpp:142)
==297==    by 0x11FED8: Label_Label2_Test::TestBody() (label_tests.cpp:209)
==297==    by 0x16DF40: HandleSehExceptionsInMethodIfSupported<testing::Test, void> (gtest.cc:2433)
==297==    by 0x16DF40: void testing::internal::HandleExceptionsInMethodIfSupported<testing::Test, void>(testing::Test*, void (testing::Test::*)(), char const*) (gtest.cc:2469)
==297==    by 0x161EE5: Run (gtest.cc:2508)
==297==    by 0x161EE5: testing::Test::Run() (gtest.cc:2498)
==297==    by 0x162044: Run (gtest.cc:2684)
==297==    by 0x162044: testing::TestInfo::Run() (gtest.cc:2657)
==297==    by 0x16212C: Run (gtest.cc:2816)
==297==    by 0x16212C: testing::TestSuite::Run() (gtest.cc:2795)
==297==    by 0x16264B: testing::internal::UnitTestImpl::RunAllTests() (gtest.cc:5338)
==297==    by 0x16E4B0: HandleSehExceptionsInMethodIfSupported<testing::internal::UnitTestImpl, bool> (gtest.cc:2433)
==297==    by 0x16E4B0: bool testing::internal::HandleExceptionsInMethodIfSupported<testing::internal::UnitTestImpl, bool>(testing::internal::UnitTestImpl*, bool (testing::internal::UnitTestImpl::*)(), char const*) (gtest.cc:2469)
==297==    by 0x16287B: testing::UnitTest::Run() (gtest.cc:4925)
==297==    by 0x118AD3: main (in /work/hw-nlicea/hw1/hw1_tests/label_tests/label_tests)
==297==  Address 0x4ddb5e0 is 0 bytes inside a block of size 40 free'd
==297==    at 0x483CFBF: operator delete(void*) (in /usr/lib/x86_64-linux-gnu/valgrind/vgpreload_memcheck-amd64-linux.so)
==297==    by 0x13E01F: __gnu_cxx::new_allocator<LabelList::MsgNode*>::deallocate(LabelList::MsgNode**, unsigned long) (new_allocator.h:128)
==297==    by 0x13CCF7: std::allocator_traits<std::allocator<LabelList::MsgNode*> >::deallocate(std::allocator<LabelList::MsgNode*>&, LabelList::MsgNode**, unsigned long) (alloc_traits.h:470)
==297==    by 0x13BB79: std::_Vector_base<LabelList::MsgNode*, std::allocator<LabelList::MsgNode*> >::_M_deallocate(LabelList::MsgNode**, unsigned long) (stl_vector.h:351)
==297==    by 0x13B4B3: std::_Vector_base<LabelList::MsgNode*, std::allocator<LabelList::MsgNode*> >::~_Vector_base() (stl_vector.h:332)
==297==    by 0x13B508: std::vector<LabelList::MsgNode*, std::allocator<LabelList::MsgNode*> >::~vector() (stl_vector.h:680)
==297==    by 0x13B36D: LabelList::MsgNode::~MsgNode() (labellist.h:38)
==297==    by 0x1398AA: LabelList::clear() (labellist.cpp:150)
==297==    by 0x139841: LabelList::~LabelList() (labellist.cpp:142)
==297==    by 0x11FED8: Label_Label2_Test::TestBody() (label_tests.cpp:209)
==297==    by 0x16DF40: HandleSehExceptionsInMethodIfSupported<testing::Test, void> (gtest.cc:2433)
==297==    by 0x16DF40: void testing::internal::HandleExceptionsInMethodIfSupported<testing::Test, void>(testing::Test*, void (testing::Test::*)(), char const*) (gtest.cc:2469)
==297==    by 0x161EE5: Run (gtest.cc:2508)
==297==    by 0x161EE5: testing::Test::Run() (gtest.cc:2498)
==297==  Block was alloc'd at
==297==    at 0x483BE63: operator new(unsigned long) (in /usr/lib/x86_64-linux-gnu/valgrind/vgpreload_memcheck-amd64-linux.so)
==297==    by 0x13EC15: __gnu_cxx::new_allocator<LabelList::MsgNode*>::allocate(unsigned long, void const*) (new_allocator.h:114)
==297==    by 0x13E685: std::allocator_traits<std::allocator<LabelList::MsgNode*> >::allocate(std::allocator<LabelList::MsgNode*>&, unsigned long) (alloc_traits.h:444)
==297==    by 0x13DE75: std::_Vector_base<LabelList::MsgNode*, std::allocator<LabelList::MsgNode*> >::_M_allocate(unsigned long) (stl_vector.h:343)
==297==    by 0x13C57B: std::vector<LabelList::MsgNode*, std::allocator<LabelList::MsgNode*> >::_M_fill_insert(__gnu_cxx::__normal_iterator<LabelList::MsgNode**, std::vector<LabelList::MsgNode*, std::allocator<LabelList::MsgNode*> > >, unsigned long, LabelList::MsgNode* const&) (vector.tcc:561)
==297==    by 0x13B910: std::vector<LabelList::MsgNode*, std::allocator<LabelList::MsgNode*> >::resize(unsigned long, LabelList::MsgNode* const&) (stl_vector.h:957)
==297==    by 0x139FBC: LabelList::label(LabelList::MsgToken const&, std::__cxx11::basic_string<char, std::char_traits<char>, std::allocator<char> > const&) (labellist.cpp:255)
==297==    by 0x119B22: setupList1(LabelList&, std::__cxx11::basic_string<char, std::char_traits<char>, std::allocator<char> >*, LabelList::MsgToken*, unsigned long, bool) (label_tests.cpp:57)
==297==    by 0x11F404: Label_Label2_Test::TestBody() (label_tests.cpp:214)
==297==    by 0x16DF40: HandleSehExceptionsInMethodIfSupported<testing::Test, void> (gtest.cc:2433)
==297==    by 0x16DF40: void testing::internal::HandleExceptionsInMethodIfSupported<testing::Test, void>(testing::Test*, void (testing::Test::*)(), char const*) (gtest.cc:2469)
==297==    by 0x161EE5: Run (gtest.cc:2508)
==297==    by 0x161EE5: testing::Test::Run() (gtest.cc:2498)
==297==    by 0x162044: Run (gtest.cc:2684)
==297==    by 0x162044: testing::TestInfo::Run() (gtest.cc:2657)
==297== 
[  FAILED  ] Label.Label2 (143 ms)
[----------] 1 test from Label (149 ms total)

[----------] Global test environment tear-down
[==========] 1 test from 1 test suite ran. (171 ms total)
[  PASSED  ] 0 tests.
[  FAILED  ] 1 test, listed below:
[  FAILED  ] Label.Label2

 1 FAILED TEST
==297== 
==297== HEAP SUMMARY:
==297==     in use at exit: 0 bytes in 0 blocks
==297==   total heap usage: 613 allocs, 613 frees, 165,150 bytes allocated
==297== 
==297== All heap blocks were freed -- no leaks are possible
==297== 
==297== Use --track-origins=yes to see where uninitialised values come from
==297== For lists of detected and suppressed errors, rerun with: -s
==297== ERROR SUMMARY: 18 errors from 6 contexts (suppressed: 0 from 0)
<end of output>
Test time =   1.62 sec
----------------------------------------------------------
Test Failed.
"Label.Label2" end time: Jan 30 06:47 UTC
"Label.Label2" time elapsed: 00:00:01
----------------------------------------------------------

10/23 Testing: Find.FindEmpty
10/23 Test: Find.FindEmpty
Command: "/usr/bin/valgrind" "--tool=memcheck" "--leak-check=yes" "--trace-children=no" "/work/hw-nlicea/hw1/hw1_tests/label_tests/label_tests" "--gtest_filter=Find.FindEmpty"
Directory: /work/hw-nlicea/hw1/hw1_tests/label_tests
"Find.FindEmpty" start time: Jan 30 06:47 UTC
Output:
----------------------------------------------------------
==298== Memcheck, a memory error detector
==298== Copyright (C) 2002-2017, and GNU GPL'd, by Julian Seward et al.
==298== Using Valgrind-3.15.0 and LibVEX; rerun with -h for copyright info
==298== Command: /work/hw-nlicea/hw1/hw1_tests/label_tests/label_tests --gtest_filter=Find.FindEmpty
==298== 
Running main() from /build/googletest-j5yxiC/googletest-1.10.0/googletest/src/gtest_main.cc
Note: Google Test filter = Find.FindEmpty
[==========] Running 1 test from 1 test suite.
[----------] Global test environment set-up.
[----------] 1 test from Find
[ RUN      ] Find.FindEmpty
[       OK ] Find.FindEmpty (26 ms)
[----------] 1 test from Find (33 ms total)

[----------] Global test environment tear-down
[==========] 1 test from 1 test suite ran. (71 ms total)
[  PASSED  ] 1 test.
==298== 
==298== HEAP SUMMARY:
==298==     in use at exit: 0 bytes in 0 blocks
==298==   total heap usage: 380 allocs, 380 frees, 128,675 bytes allocated
==298== 
==298== All heap blocks were freed -- no leaks are possible
==298== 
==298== For lists of detected and suppressed errors, rerun with: -s
==298== ERROR SUMMARY: 0 errors from 0 contexts (suppressed: 0 from 0)
<end of output>
Test time =   1.65 sec
----------------------------------------------------------
Test Passed.
"Find.FindEmpty" end time: Jan 30 06:47 UTC
"Find.FindEmpty" time elapsed: 00:00:01
----------------------------------------------------------

11/23 Testing: Find.FindViaMessage
11/23 Test: Find.FindViaMessage
Command: "/usr/bin/valgrind" "--tool=memcheck" "--leak-check=yes" "--trace-children=no" "/work/hw-nlicea/hw1/hw1_tests/label_tests/label_tests" "--gtest_filter=Find.FindViaMessage"
Directory: /work/hw-nlicea/hw1/hw1_tests/label_tests
"Find.FindViaMessage" start time: Jan 30 06:47 UTC
Output:
----------------------------------------------------------
==299== Memcheck, a memory error detector
==299== Copyright (C) 2002-2017, and GNU GPL'd, by Julian Seward et al.
==299== Using Valgrind-3.15.0 and LibVEX; rerun with -h for copyright info
==299== Command: /work/hw-nlicea/hw1/hw1_tests/label_tests/label_tests --gtest_filter=Find.FindViaMessage
==299== 
Running main() from /build/googletest-j5yxiC/googletest-1.10.0/googletest/src/gtest_main.cc
Note: Google Test filter = Find.FindViaMessage
[==========] Running 1 test from 1 test suite.
[----------] Global test environment set-up.
[----------] 1 test from Find
[ RUN      ] Find.FindViaMessage
==299== Conditional jump or move depends on uninitialised value(s)
==299==    at 0x13A277: LabelList::label(LabelList::MsgToken const&, std::__cxx11::basic_string<char, std::char_traits<char>, std::allocator<char> > const&) (labellist.cpp:294)
==299==    by 0x119B22: setupList1(LabelList&, std::__cxx11::basic_string<char, std::char_traits<char>, std::allocator<char> >*, LabelList::MsgToken*, unsigned long, bool) (label_tests.cpp:57)
==299==    by 0x1209CA: Find_FindViaMessage_Test::TestBody() (label_tests.cpp:244)
==299==    by 0x16DF40: HandleSehExceptionsInMethodIfSupported<testing::Test, void> (gtest.cc:2433)
==299==    by 0x16DF40: void testing::internal::HandleExceptionsInMethodIfSupported<testing::Test, void>(testing::Test*, void (testing::Test::*)(), char const*) (gtest.cc:2469)
==299==    by 0x161EE5: Run (gtest.cc:2508)
==299==    by 0x161EE5: testing::Test::Run() (gtest.cc:2498)
==299==    by 0x162044: Run (gtest.cc:2684)
==299==    by 0x162044: testing::TestInfo::Run() (gtest.cc:2657)
==299==    by 0x16212C: Run (gtest.cc:2816)
==299==    by 0x16212C: testing::TestSuite::Run() (gtest.cc:2795)
==299==    by 0x16264B: testing::internal::UnitTestImpl::RunAllTests() (gtest.cc:5338)
==299==    by 0x16E4B0: HandleSehExceptionsInMethodIfSupported<testing::internal::UnitTestImpl, bool> (gtest.cc:2433)
==299==    by 0x16E4B0: bool testing::internal::HandleExceptionsInMethodIfSupported<testing::internal::UnitTestImpl, bool>(testing::internal::UnitTestImpl*, bool (testing::internal::UnitTestImpl::*)(), char const*) (gtest.cc:2469)
==299==    by 0x16287B: testing::UnitTest::Run() (gtest.cc:4925)
==299==    by 0x118AD3: main (in /work/hw-nlicea/hw1/hw1_tests/label_tests/label_tests)
==299== 
==299== Conditional jump or move depends on uninitialised value(s)
==299==    at 0x13A169: LabelList::label(LabelList::MsgToken const&, std::__cxx11::basic_string<char, std::char_traits<char>, std::allocator<char> > const&) (labellist.cpp:275)
==299==    by 0x11A122: setupList1(LabelList&, std::__cxx11::basic_string<char, std::char_traits<char>, std::allocator<char> >*, LabelList::MsgToken*, unsigned long, bool) (label_tests.cpp:61)
==299==    by 0x1209CA: Find_FindViaMessage_Test::TestBody() (label_tests.cpp:244)
==299==    by 0x16DF40: HandleSehExceptionsInMethodIfSupported<testing::Test, void> (gtest.cc:2433)
==299==    by 0x16DF40: void testing::internal::HandleExceptionsInMethodIfSupported<testing::Test, void>(testing::Test*, void (testing::Test::*)(), char const*) (gtest.cc:2469)
==299==    by 0x161EE5: Run (gtest.cc:2508)
==299==    by 0x161EE5: testing::Test::Run() (gtest.cc:2498)
==299==    by 0x162044: Run (gtest.cc:2684)
==299==    by 0x162044: testing::TestInfo::Run() (gtest.cc:2657)
==299==    by 0x16212C: Run (gtest.cc:2816)
==299==    by 0x16212C: testing::TestSuite::Run() (gtest.cc:2795)
==299==    by 0x16264B: testing::internal::UnitTestImpl::RunAllTests() (gtest.cc:5338)
==299==    by 0x16E4B0: HandleSehExceptionsInMethodIfSupported<testing::internal::UnitTestImpl, bool> (gtest.cc:2433)
==299==    by 0x16E4B0: bool testing::internal::HandleExceptionsInMethodIfSupported<testing::internal::UnitTestImpl, bool>(testing::internal::UnitTestImpl*, bool (testing::internal::UnitTestImpl::*)(), char const*) (gtest.cc:2469)
==299==    by 0x16287B: testing::UnitTest::Run() (gtest.cc:4925)
==299==    by 0x118AD3: main (in /work/hw-nlicea/hw1/hw1_tests/label_tests/label_tests)
==299== 
==299== Conditional jump or move depends on uninitialised value(s)
==299==    at 0x13A277: LabelList::label(LabelList::MsgToken const&, std::__cxx11::basic_string<char, std::char_traits<char>, std::allocator<char> > const&) (labellist.cpp:294)
==299==    by 0x11A122: setupList1(LabelList&, std::__cxx11::basic_string<char, std::char_traits<char>, std::allocator<char> >*, LabelList::MsgToken*, unsigned long, bool) (label_tests.cpp:61)
==299==    by 0x1209CA: Find_FindViaMessage_Test::TestBody() (label_tests.cpp:244)
==299==    by 0x16DF40: HandleSehExceptionsInMethodIfSupported<testing::Test, void> (gtest.cc:2433)
==299==    by 0x16DF40: void testing::internal::HandleExceptionsInMethodIfSupported<testing::Test, void>(testing::Test*, void (testing::Test::*)(), char const*) (gtest.cc:2469)
==299==    by 0x161EE5: Run (gtest.cc:2508)
==299==    by 0x161EE5: testing::Test::Run() (gtest.cc:2498)
==299==    by 0x162044: Run (gtest.cc:2684)
==299==    by 0x162044: testing::TestInfo::Run() (gtest.cc:2657)
==299==    by 0x16212C: Run (gtest.cc:2816)
==299==    by 0x16212C: testing::TestSuite::Run() (gtest.cc:2795)
==299==    by 0x16264B: testing::internal::UnitTestImpl::RunAllTests() (gtest.cc:5338)
==299==    by 0x16E4B0: HandleSehExceptionsInMethodIfSupported<testing::internal::UnitTestImpl, bool> (gtest.cc:2433)
==299==    by 0x16E4B0: bool testing::internal::HandleExceptionsInMethodIfSupported<testing::internal::UnitTestImpl, bool>(testing::internal::UnitTestImpl*, bool (testing::internal::UnitTestImpl::*)(), char const*) (gtest.cc:2469)
==299==    by 0x16287B: testing::UnitTest::Run() (gtest.cc:4925)
==299==    by 0x118AD3: main (in /work/hw-nlicea/hw1/hw1_tests/label_tests/label_tests)
==299== 
/work/hw-nlicea/hw1/hw1_tests/label_tests/label_tests.cpp:248: Failure
Expected equality of these values:
  tokens[2]
    Which is: m2
  t
    Which is: 
==299== Invalid read of size 8
==299==    at 0x13B628: std::vector<LabelList::MsgNode*, std::allocator<LabelList::MsgNode*> >::operator[](unsigned long) (stl_vector.h:1043)
==299==    by 0x1398C7: LabelList::clear() (labellist.cpp:151)
==299==    by 0x139841: LabelList::~LabelList() (labellist.cpp:142)
==299==    by 0x120BA4: Find_FindViaMessage_Test::TestBody() (label_tests.cpp:239)
==299==    by 0x16DF40: HandleSehExceptionsInMethodIfSupported<testing::Test, void> (gtest.cc:2433)
==299==    by 0x16DF40: void testing::internal::HandleExceptionsInMethodIfSupported<testing::Test, void>(testing::Test*, void (testing::Test::*)(), char const*) (gtest.cc:2469)
==299==    by 0x161EE5: Run (gtest.cc:2508)
==299==    by 0x161EE5: testing::Test::Run() (gtest.cc:2498)
==299==    by 0x162044: Run (gtest.cc:2684)
==299==    by 0x162044: testing::TestInfo::Run() (gtest.cc:2657)
==299==    by 0x16212C: Run (gtest.cc:2816)
==299==    by 0x16212C: testing::TestSuite::Run() (gtest.cc:2795)
==299==    by 0x16264B: testing::internal::UnitTestImpl::RunAllTests() (gtest.cc:5338)
==299==    by 0x16E4B0: HandleSehExceptionsInMethodIfSupported<testing::internal::UnitTestImpl, bool> (gtest.cc:2433)
[...]
==309==    by 0x161EE5: Run (gtest.cc:2508)
==309==    by 0x161EE5: testing::Test::Run() (gtest.cc:2498)
==309==  Block was alloc'd at
==309==    at 0x483BE63: operator new(unsigned long) (in /usr/lib/x86_64-linux-gnu/valgrind/vgpreload_memcheck-amd64-linux.so)
==309==    by 0x13EC15: __gnu_cxx::new_allocator<LabelList::MsgNode*>::allocate(unsigned long, void const*) (new_allocator.h:114)
==309==    by 0x13E685: std::allocator_traits<std::allocator<LabelList::MsgNode*> >::allocate(std::allocator<LabelList::MsgNode*>&, unsigned long) (alloc_traits.h:444)
==309==    by 0x13DE75: std::_Vector_base<LabelList::MsgNode*, std::allocator<LabelList::MsgNode*> >::_M_allocate(unsigned long) (stl_vector.h:343)
==309==    by 0x13D18E: void std::vector<LabelList::MsgNode*, std::allocator<LabelList::MsgNode*> >::_M_realloc_insert<LabelList::MsgNode*>(__gnu_cxx::__normal_iterator<LabelList::MsgNode**, std::vector<LabelList::MsgNode*, std::allocator<LabelList::MsgNode*> > >, LabelList::MsgNode*&&) (vector.tcc:440)
==309==    by 0x13BFB1: void std::vector<LabelList::MsgNode*, std::allocator<LabelList::MsgNode*> >::emplace_back<LabelList::MsgNode*>(LabelList::MsgNode*&&) (vector.tcc:121)
==309==    by 0x13B60F: std::vector<LabelList::MsgNode*, std::allocator<LabelList::MsgNode*> >::push_back(LabelList::MsgNode*&&) (stl_vector.h:1201)
==309==    by 0x139192: LabelList::MsgNode::MsgNode(std::__cxx11::basic_string<char, std::char_traits<char>, std::allocator<char> > const&) (labellist.cpp:10)
==309==    by 0x1399B7: LabelList::add(std::__cxx11::basic_string<char, std::char_traits<char>, std::allocator<char> > const&) (labellist.cpp:177)
==309==    by 0x12DB0B: MsgToken_NextPrev_Test::TestBody() (label_tests.cpp:547)
==309==    by 0x16DF40: HandleSehExceptionsInMethodIfSupported<testing::Test, void> (gtest.cc:2433)
==309==    by 0x16DF40: void testing::internal::HandleExceptionsInMethodIfSupported<testing::Test, void>(testing::Test*, void (testing::Test::*)(), char const*) (gtest.cc:2469)
==309==    by 0x161EE5: Run (gtest.cc:2508)
==309==    by 0x161EE5: testing::Test::Run() (gtest.cc:2498)
==309== 
[       OK ] MsgToken.NextPrev (109 ms)
[----------] 1 test from MsgToken (121 ms total)

[----------] Global test environment tear-down
[==========] 1 test from 1 test suite ran. (168 ms total)
[  PASSED  ] 1 test.
==309== 
==309== HEAP SUMMARY:
==309==     in use at exit: 0 bytes in 0 blocks
==309==   total heap usage: 434 allocs, 434 frees, 130,446 bytes allocated
==309== 
==309== All heap blocks were freed -- no leaks are possible
==309== 
==309== Use --track-origins=yes to see where uninitialised values come from
==309== For lists of detected and suppressed errors, rerun with: -s
==309== ERROR SUMMARY: 14 errors from 4 contexts (suppressed: 0 from 0)
<end of output>
Test time =   2.06 sec
----------------------------------------------------------
Test Passed.
"MsgToken.NextPrev" end time: Jan 30 06:47 UTC
"MsgToken.NextPrev" time elapsed: 00:00:02
----------------------------------------------------------

22/23 Testing: Remove.UnlinkNodeLabel
22/23 Test: Remove.UnlinkNodeLabel
Command: "/usr/bin/valgrind" "--tool=memcheck" "--leak-check=yes" "--trace-children=no" "/work/hw-nlicea/hw1/hw1_tests/label_tests/label_tests" "--gtest_filter=Remove.UnlinkNodeLabel"
Directory: /work/hw-nlicea/hw1/hw1_tests/label_tests
"Remove.UnlinkNodeLabel" start time: Jan 30 06:47 UTC
Output:
----------------------------------------------------------
==310== Memcheck, a memory error detector
==310== Copyright (C) 2002-2017, and GNU GPL'd, by Julian Seward et al.
==310== Using Valgrind-3.15.0 and LibVEX; rerun with -h for copyright info
==310== Command: /work/hw-nlicea/hw1/hw1_tests/label_tests/label_tests --gtest_filter=Remove.UnlinkNodeLabel
==310== 
Running main() from /build/googletest-j5yxiC/googletest-1.10.0/googletest/src/gtest_main.cc
Note: Google Test filter = Remove.UnlinkNodeLabel
[==========] Running 1 test from 1 test suite.
[----------] Global test environment set-up.
[----------] 1 test from Remove
[ RUN      ] Remove.UnlinkNodeLabel
==310== Conditional jump or move depends on uninitialised value(s)
==310==    at 0x13A169: LabelList::label(LabelList::MsgToken const&, std::__cxx11::basic_string<char, std::char_traits<char>, std::allocator<char> > const&) (labellist.cpp:275)
==310==    by 0x12EC01: Remove_UnlinkNodeLabel_Test::TestBody() (label_tests.cpp:580)
==310==    by 0x16DF40: HandleSehExceptionsInMethodIfSupported<testing::Test, void> (gtest.cc:2433)
==310==    by 0x16DF40: void testing::internal::HandleExceptionsInMethodIfSupported<testing::Test, void>(testing::Test*, void (testing::Test::*)(), char const*) (gtest.cc:2469)
==310==    by 0x161EE5: Run (gtest.cc:2508)
==310==    by 0x161EE5: testing::Test::Run() (gtest.cc:2498)
==310==    by 0x162044: Run (gtest.cc:2684)
==310==    by 0x162044: testing::TestInfo::Run() (gtest.cc:2657)
==310==    by 0x16212C: Run (gtest.cc:2816)
==310==    by 0x16212C: testing::TestSuite::Run() (gtest.cc:2795)
==310==    by 0x16264B: testing::internal::UnitTestImpl::RunAllTests() (gtest.cc:5338)
==310==    by 0x16E4B0: HandleSehExceptionsInMethodIfSupported<testing::internal::UnitTestImpl, bool> (gtest.cc:2433)
==310==    by 0x16E4B0: bool testing::internal::HandleExceptionsInMethodIfSupported<testing::internal::UnitTestImpl, bool>(testing::internal::UnitTestImpl*, bool (testing::internal::UnitTestImpl::*)(), char const*) (gtest.cc:2469)
==310==    by 0x16287B: testing::UnitTest::Run() (gtest.cc:4925)
==310==    by 0x118AD3: main (in /work/hw-nlicea/hw1/hw1_tests/label_tests/label_tests)
==310== 
==310== Invalid read of size 8
==310==    at 0x13B628: std::vector<LabelList::MsgNode*, std::allocator<LabelList::MsgNode*> >::operator[](unsigned long) (stl_vector.h:1043)
==310==    by 0x1398C7: LabelList::clear() (labellist.cpp:151)
==310==    by 0x139841: LabelList::~LabelList() (labellist.cpp:142)
==310==    by 0x12F339: Remove_UnlinkNodeLabel_Test::TestBody() (label_tests.cpp:573)
==310==    by 0x16DF40: HandleSehExceptionsInMethodIfSupported<testing::Test, void> (gtest.cc:2433)
==310==    by 0x16DF40: void testing::internal::HandleExceptionsInMethodIfSupported<testing::Test, void>(testing::Test*, void (testing::Test::*)(), char const*) (gtest.cc:2469)
==310==    by 0x161EE5: Run (gtest.cc:2508)
==310==    by 0x161EE5: testing::Test::Run() (gtest.cc:2498)
==310==    by 0x162044: Run (gtest.cc:2684)
==310==    by 0x162044: testing::TestInfo::Run() (gtest.cc:2657)
==310==    by 0x16212C: Run (gtest.cc:2816)
==310==    by 0x16212C: testing::TestSuite::Run() (gtest.cc:2795)
==310==    by 0x16264B: testing::internal::UnitTestImpl::RunAllTests() (gtest.cc:5338)
==310==    by 0x16E4B0: HandleSehExceptionsInMethodIfSupported<testing::internal::UnitTestImpl, bool> (gtest.cc:2433)
==310==    by 0x16E4B0: bool testing::internal::HandleExceptionsInMethodIfSupported<testing::internal::UnitTestImpl, bool>(testing::internal::UnitTestImpl*, bool (testing::internal::UnitTestImpl::*)(), char const*) (gtest.cc:2469)
==310==    by 0x16287B: testing::UnitTest::Run() (gtest.cc:4925)
==310==    by 0x118AD3: main (in /work/hw-nlicea/hw1/hw1_tests/label_tests/label_tests)
==310==  Address 0x4ddad08 is 72 bytes inside a block of size 120 free'd
==310==    at 0x483CFBF: operator delete(void*) (in /usr/lib/x86_64-linux-gnu/valgrind/vgpreload_memcheck-amd64-linux.so)
==310==    by 0x1398B2: LabelList::clear() (labellist.cpp:150)
==310==    by 0x139841: LabelList::~LabelList() (labellist.cpp:142)
==310==    by 0x12F339: Remove_UnlinkNodeLabel_Test::TestBody() (label_tests.cpp:573)
==310==    by 0x16DF40: HandleSehExceptionsInMethodIfSupported<testing::Test, void> (gtest.cc:2433)
==310==    by 0x16DF40: void testing::internal::HandleExceptionsInMethodIfSupported<testing::Test, void>(testing::Test*, void (testing::Test::*)(), char const*) (gtest.cc:2469)
==310==    by 0x161EE5: Run (gtest.cc:2508)
==310==    by 0x161EE5: testing::Test::Run() (gtest.cc:2498)
==310==    by 0x162044: Run (gtest.cc:2684)
==310==    by 0x162044: testing::TestInfo::Run() (gtest.cc:2657)
==310==    by 0x16212C: Run (gtest.cc:2816)
==310==    by 0x16212C: testing::TestSuite::Run() (gtest.cc:2795)
==310==    by 0x16264B: testing::internal::UnitTestImpl::RunAllTests() (gtest.cc:5338)
==310==    by 0x16E4B0: HandleSehExceptionsInMethodIfSupported<testing::internal::UnitTestImpl, bool> (gtest.cc:2433)
==310==    by 0x16E4B0: bool testing::internal::HandleExceptionsInMethodIfSupported<testing::internal::UnitTestImpl, bool>(testing::internal::UnitTestImpl*, bool (testing::internal::UnitTestImpl::*)(), char const*) (gtest.cc:2469)
==310==    by 0x16287B: testing::UnitTest::Run() (gtest.cc:4925)
==310==    by 0x118AD3: main (in /work/hw-nlicea/hw1/hw1_tests/label_tests/label_tests)
==310==  Block was alloc'd at
==310==    at 0x483BE63: operator new(unsigned long) (in /usr/lib/x86_64-linux-gnu/valgrind/vgpreload_memcheck-amd64-linux.so)
==310==    by 0x1399A5: LabelList::add(std::__cxx11::basic_string<char, std::char_traits<char>, std::allocator<char> > const&) (labellist.cpp:177)
==310==    by 0x12EB19: Remove_UnlinkNodeLabel_Test::TestBody() (label_tests.cpp:578)
==310==    by 0x16DF40: HandleSehExceptionsInMethodIfSupported<testing::Test, void> (gtest.cc:2433)
==310==    by 0x16DF40: void testing::internal::HandleExceptionsInMethodIfSupported<testing::Test, void>(testing::Test*, void (testing::Test::*)(), char const*) (gtest.cc:2469)
==310==    by 0x161EE5: Run (gtest.cc:2508)
==310==    by 0x161EE5: testing::Test::Run() (gtest.cc:2498)
==310==    by 0x162044: Run (gtest.cc:2684)
==310==    by 0x162044: testing::TestInfo::Run() (gtest.cc:2657)
==310==    by 0x16212C: Run (gtest.cc:2816)
==310==    by 0x16212C: testing::TestSuite::Run() (gtest.cc:2795)
==310==    by 0x16264B: testing::internal::UnitTestImpl::RunAllTests() (gtest.cc:5338)
==310==    by 0x16E4B0: HandleSehExceptionsInMethodIfSupported<testing::internal::UnitTestImpl, bool> (gtest.cc:2433)
==310==    by 0x16E4B0: bool testing::internal::HandleExceptionsInMethodIfSupported<testing::internal::UnitTestImpl, bool>(testing::internal::UnitTestImpl*, bool (testing::internal::UnitTestImpl::*)(), char const*) (gtest.cc:2469)
==310==    by 0x16287B: testing::UnitTest::Run() (gtest.cc:4925)
==310==    by 0x118AD3: main (in /work/hw-nlicea/hw1/hw1_tests/label_tests/label_tests)
==310== 
==310== Invalid read of size 8
==310==    at 0x1398C8: LabelList::clear() (labellist.cpp:151)
==310==    by 0x139841: LabelList::~LabelList() (labellist.cpp:142)
==310==    by 0x12F339: Remove_UnlinkNodeLabel_Test::TestBody() (label_tests.cpp:573)
==310==    by 0x16DF40: HandleSehExceptionsInMethodIfSupported<testing::Test, void> (gtest.cc:2433)
==310==    by 0x16DF40: void testing::internal::HandleExceptionsInMethodIfSupported<testing::Test, void>(testing::Test*, void (testing::Test::*)(), char const*) (gtest.cc:2469)
==310==    by 0x161EE5: Run (gtest.cc:2508)
==310==    by 0x161EE5: testing::Test::Run() (gtest.cc:2498)
==310==    by 0x162044: Run (gtest.cc:2684)
==310==    by 0x162044: testing::TestInfo::Run() (gtest.cc:2657)
==310==    by 0x16212C: Run (gtest.cc:2816)
==310==    by 0x16212C: testing::TestSuite::Run() (gtest.cc:2795)
==310==    by 0x16264B: testing::internal::UnitTestImpl::RunAllTests() (gtest.cc:5338)
==310==    by 0x16E4B0: HandleSehExceptionsInMethodIfSupported<testing::internal::UnitTestImpl, bool> (gtest.cc:2433)
==310==    by 0x16E4B0: bool testing::internal::HandleExceptionsInMethodIfSupported<testing::internal::UnitTestImpl, bool>(testing::internal::UnitTestImpl*, bool (testing::internal::UnitTestImpl::*)(), char const*) (gtest.cc:2469)
==310==    by 0x16287B: testing::UnitTest::Run() (gtest.cc:4925)
==310==    by 0x118AD3: main (in /work/hw-nlicea/hw1/hw1_tests/label_tests/label_tests)
==310==  Address 0x4ddaf90 is 0 bytes inside a block of size 16 free'd
==310==    at 0x483CFBF: operator delete(void*) (in /usr/lib/x86_64-linux-gnu/valgrind/vgpreload_memcheck-amd64-linux.so)
==310==    by 0x13E01F: __gnu_cxx::new_allocator<LabelList::MsgNode*>::deallocate(LabelList::MsgNode**, unsigned long) (new_allocator.h:128)
==310==    by 0x13CCF7: std::allocator_traits<std::allocator<LabelList::MsgNode*> >::deallocate(std::allocator<LabelList::MsgNode*>&, LabelList::MsgNode**, unsigned long) (alloc_traits.h:470)
==310==    by 0x13BB79: std::_Vector_base<LabelList::MsgNode*, std::allocator<LabelList::MsgNode*> >::_M_deallocate(LabelList::MsgNode**, unsigned long) (stl_vector.h:351)
==310==    by 0x13B4B3: std::_Vector_base<LabelList::MsgNode*, std::allocator<LabelList::MsgNode*> >::~_Vector_base() (stl_vector.h:332)
==310==    by 0x13B508: std::vector<LabelList::MsgNode*, std::allocator<LabelList::MsgNode*> >::~vector() (stl_vector.h:680)
==310==    by 0x13B36D: LabelList::MsgNode::~MsgNode() (labellist.h:38)
==310==    by 0x1398AA: LabelList::clear() (labellist.cpp:150)
==310==    by 0x139841: LabelList::~LabelList() (labellist.cpp:142)
==310==    by 0x12F339: Remove_UnlinkNodeLabel_Test::TestBody() (label_tests.cpp:573)
==310==    by 0x16DF40: HandleSehExceptionsInMethodIfSupported<testing::Test, void> (gtest.cc:2433)
==310==    by 0x16DF40: void testing::internal::HandleExceptionsInMethodIfSupported<testing::Test, void>(testing::Test*, void (testing::Test::*)(), char const*) (gtest.cc:2469)
==310==    by 0x161EE5: Run (gtest.cc:2508)
==310==    by 0x161EE5: testing::Test::Run() (gtest.cc:2498)
==310==  Block was alloc'd at
==310==    at 0x483BE63: operator new(unsigned long) (in /usr/lib/x86_64-linux-gnu/valgrind/vgpreload_memcheck-amd64-linux.so)
==310==    by 0x13EC15: __gnu_cxx::new_allocator<LabelList::MsgNode*>::allocate(unsigned long, void const*) (new_allocator.h:114)
==310==    by 0x13E685: std::allocator_traits<std::allocator<LabelList::MsgNode*> >::allocate(std::allocator<LabelList::MsgNode*>&, unsigned long) (alloc_traits.h:444)
==310==    by 0x13DE75: std::_Vector_base<LabelList::MsgNode*, std::allocator<LabelList::MsgNode*> >::_M_allocate(unsigned long) (stl_vector.h:343)
==310==    by 0x13D18E: void std::vector<LabelList::MsgNode*, std::allocator<LabelList::MsgNode*> >::_M_realloc_insert<LabelList::MsgNode*>(__gnu_cxx::__normal_iterator<LabelList::MsgNode**, std::vector<LabelList::MsgNode*, std::allocator<LabelList::MsgNode*> > >, LabelList::MsgNode*&&) (vector.tcc:440)
==310==    by 0x13BFB1: void std::vector<LabelList::MsgNode*, std::allocator<LabelList::MsgNode*> >::emplace_back<LabelList::MsgNode*>(LabelList::MsgNode*&&) (vector.tcc:121)
==310==    by 0x13B60F: std::vector<LabelList::MsgNode*, std::allocator<LabelList::MsgNode*> >::push_back(LabelList::MsgNode*&&) (stl_vector.h:1201)
==310==    by 0x139F34: LabelList::label(LabelList::MsgToken const&, std::__cxx11::basic_string<char, std::char_traits<char>, std::allocator<char> > const&) (labellist.cpp:248)
==310==    by 0x12EC01: Remove_UnlinkNodeLabel_Test::TestBody() (label_tests.cpp:580)
==310==    by 0x16DF40: HandleSehExceptionsInMethodIfSupported<testing::Test, void> (gtest.cc:2433)
==310==    by 0x16DF40: void testing::internal::HandleExceptionsInMethodIfSupported<testing::Test, void>(testing::Test*, void (testing::Test::*)(), char const*) (gtest.cc:2469)
==310==    by 0x161EE5: Run (gtest.cc:2508)
==310==    by 0x161EE5: testing::Test::Run() (gtest.cc:2498)
==310==    by 0x162044: Run (gtest.cc:2684)
==310==    by 0x162044: testing::TestInfo::Run() (gtest.cc:2657)
==310== 
[       OK ] Remove.UnlinkNodeLabel (107 ms)
[----------] 1 test from Remove (114 ms total)

[----------] Global test environment tear-down
[==========] 1 test from 1 test suite ran. (137 ms total)
[  PASSED  ] 1 test.
==310== 
==310== HEAP SUMMARY:
==310==     in use at exit: 160 bytes in 4 blocks
==310==   total heap usage: 440 allocs, 436 frees, 130,929 bytes allocated
==310== 
==310== 160 (120 direct, 40 indirect) bytes in 1 blocks are definitely lost in loss record 4 of 4
==310==    at 0x483BE63: operator new(unsigned long) (in /usr/lib/x86_64-linux-gnu/valgrind/vgpreload_memcheck-amd64-linux.so)
==310==    by 0x1399A5: LabelList::add(std::__cxx11::basic_string<char, std::char_traits<char>, std::allocator<char> > const&) (labellist.cpp:177)
==310==    by 0x12EB19: Remove_UnlinkNodeLabel_Test::TestBody() (label_tests.cpp:578)
==310==    by 0x16DF40: HandleSehExceptionsInMethodIfSupported<testing::Test, void> (gtest.cc:2433)
==310==    by 0x16DF40: void testing::internal::HandleExceptionsInMethodIfSupported<testing::Test, void>(testing::Test*, void (testing::Test::*)(), char const*) (gtest.cc:2469)
==310==    by 0x161EE5: Run (gtest.cc:2508)
==310==    by 0x161EE5: testing::Test::Run() (gtest.cc:2498)
==310==    by 0x162044: Run (gtest.cc:2684)
==310==    by 0x162044: testing::TestInfo::Run() (gtest.cc:2657)
==310==    by 0x16212C: Run (gtest.cc:2816)
==310==    by 0x16212C: testing::TestSuite::Run() (gtest.cc:2795)
==310==    by 0x16264B: testing::internal::UnitTestImpl::RunAllTests() (gtest.cc:5338)
==310==    by 0x16E4B0: HandleSehExceptionsInMethodIfSupported<testing::internal::UnitTestImpl, bool> (gtest.cc:2433)
==310==    by 0x16E4B0: bool testing::internal::HandleExceptionsInMethodIfSupported<testing::internal::UnitTestImpl, bool>(testing::internal::UnitTestImpl*, bool (testing::internal::UnitTestImpl::*)(), char const*) (gtest.cc:2469)
==310==    by 0x16287B: testing::UnitTest::Run() (gtest.cc:4925)
==310==    by 0x118AD3: main (in /work/hw-nlicea/hw1/hw1_tests/label_tests/label_tests)
==310== 
==310== LEAK SUMMARY:
==310==    definitely lost: 120 bytes in 1 blocks
==310==    indirectly lost: 40 bytes in 3 blocks
==310==      possibly lost: 0 bytes in 0 blocks
==310==    still reachable: 0 bytes in 0 blocks
==310==         suppressed: 0 bytes in 0 blocks
==310== 
==310== Use --track-origins=yes to see where uninitialised values come from
==310== For lists of detected and suppressed errors, rerun with: -s
==310== ERROR SUMMARY: 8 errors from 4 contexts (suppressed: 0 from 0)
<end of output>
Test time =   2.08 sec
----------------------------------------------------------
Test Passed.
"Remove.UnlinkNodeLabel" end time: Jan 30 06:47 UTC
"Remove.UnlinkNodeLabel" time elapsed: 00:00:02
----------------------------------------------------------

23/23 Testing: Random.Random
23/23 Test: Random.Random
Command: "/usr/bin/valgrind" "--tool=memcheck" "--leak-check=yes" "--trace-children=no" "/work/hw-nlicea/hw1/hw1_tests/label_tests/label_tests" "--gtest_filter=Random.Random"
Directory: /work/hw-nlicea/hw1/hw1_tests/label_tests
"Random.Random" start time: Jan 30 06:47 UTC
Output:
----------------------------------------------------------
==311== Memcheck, a memory error detector
==311== Copyright (C) 2002-2017, and GNU GPL'd, by Julian Seward et al.
==311== Using Valgrind-3.15.0 and LibVEX; rerun with -h for copyright info
==311== Command: /work/hw-nlicea/hw1/hw1_tests/label_tests/label_tests --gtest_filter=Random.Random
==311== 
Running main() from /build/googletest-j5yxiC/googletest-1.10.0/googletest/src/gtest_main.cc
Note: Google Test filter = Random.Random
[==========] Running 0 tests from 0 test suites.
[==========] 0 tests from 0 test suites ran. (24 ms total)
[  PASSED  ] 0 tests.
==311== 
==311== HEAP SUMMARY:
==311==     in use at exit: 0 bytes in 0 blocks
==311==   total heap usage: 371 allocs, 371 frees, 126,790 bytes allocated
==311== 
==311== All heap blocks were freed -- no leaks are possible
==311== 
==311== For lists of detected and suppressed errors, rerun with: -s
==311== ERROR SUMMARY: 0 errors from 0 contexts (suppressed: 0 from 0)
<end of output>
Test time =   1.54 sec
----------------------------------------------------------
Test Passed.
"Random.Random" end time: Jan 30 06:47 UTC
"Random.Random" time elapsed: 00:00:01
----------------------------------------------------------

End testing: Jan 30 06:47 UTC
