<?xml version="1.0" encoding="UTF-8"?>
<Site BuildName="(empty)"
	BuildStamp="20220420-2100-Experimental"
	Name="(empty)"
	Generator="ctest-3.16.3"
	CompilerName=""
	CompilerVersion=""
	OSName="Linux"
	Hostname="b32f506a0c32"
	OSRelease="5.10.16.3-microsoft-standard-WSL2"
	OSVersion="#1 SMP Fri Apr 2 22:23:49 UTC 2021"
	OSPlatform="x86_64"
	Is64Bits="1"
	VendorString="GenuineIntel"
	VendorID="Intel Corporation"
	FamilyID="6"
	ModelID="142"
	ProcessorCacheSize="8192"
	NumberOfLogicalCPU="8"
	NumberOfPhysicalCPU="4"
	TotalVirtualMemory="4096"
	TotalPhysicalMemory="12640"
	LogicalProcessorsPerPhysical="2"
	ProcessorClockFrequency="1992.01"
	>
	<Testing>
		<StartDateTime>Apr 20 21:00 UTC</StartDateTime>
		<StartTestTime>1650488411</StartTestTime>
		<TestList>
			<Test>./searcheng_tests/SearchEng.ParserRegistration</Test>
			<Test>./searcheng_tests/SearchEng.ReadPageMultipleTimes</Test>
			<Test>./searcheng_tests/SearchEng.ANDCombiner</Test>
			<Test>./searcheng_tests/SearchEng.ORCombiner</Test>
			<Test>./searcheng_tests/SearchEng.DiffCombiner</Test>
			<Test>./searcheng_tests/SearchEng.RetrievePage</Test>
			<Test>./searcheng_tests/SearchEng.LinkCornerCases</Test>
			<Test>./searcheng_tests/SearchEng.SameLink</Test>
			<Test>./searcheng_tests/SearchEng.DisplayPage</Test>
			<Test>./mdparser_tests/Parsers.MdParserSpecialStart</Test>
			<Test>./mdparser_tests/Parsers.MdParserSpecialEnd</Test>
			<Test>./mdparser_tests/Parsers.MdParserSpecialMiddle</Test>
			<Test>./mdparser_tests/Parsers.MdParserTextFull</Test>
			<Test>./mdparser_tests/Parsers.MdParserLinksSepStart</Test>
			<Test>./mdparser_tests/Parsers.MdParserLinksSepEnd</Test>
			<Test>./mdparser_tests/Parsers.MdParserLinksSepMiddle</Test>
			<Test>./mdparser_tests/Parsers.MdParserLinksFull</Test>
			<Test>./mdparser_tests/Parsers.MDWriteupCornerCases</Test>
			<Test>./mdparser_tests/Parsers.MDAnchorAnchor</Test>
			<Test>./combiner_tests/Combiners.ANDCombiner</Test>
			<Test>./combiner_tests/Combiners.ORCombiner</Test>
			<Test>./combiner_tests/Combiners.DiffCombiner</Test>
			<Test>./cmdhandler_tests/Cmdhandlers.AndHandler</Test>
			<Test>./cmdhandler_tests/Cmdhandlers.OrHandler</Test>
			<Test>./cmdhandler_tests/Cmdhandlers.DiffHandler</Test>
			<Test>./cmdhandler_tests/Cmdhandlers.IncomingHandler</Test>
			<Test>./cmdhandler_tests/Cmdhandlers.OutgoingHandler</Test>
			<Test>./shell_tests/SearchShell.Query1</Test>
			<Test>./shell_tests/SearchShell.Query2</Test>
			<Test>./shell_tests/SearchShell.Query3</Test>
		</TestList>
		<Test Status="passed">
			<Name>SearchEng.ParserRegistration</Name>
			<Path>./searcheng_tests</Path>
			<FullName>./searcheng_tests/SearchEng.ParserRegistration</FullName>
			<FullCommandLine>/usr/bin/valgrind "--tool=memcheck" "--leak-check=yes" "--trace-children=no" "/work/hw-nlicea/hw2/hw2_tests/searcheng_tests/searcheng_tests" "--gtest_filter=SearchEng.ParserRegistration"</FullCommandLine>
			<Results>
				<NamedMeasurement type="numeric/double" name="Execution Time">
					<Value>1.63653</Value>
				</NamedMeasurement>
				<NamedMeasurement type="numeric/double" name="Processors">
					<Value>1</Value>
				</NamedMeasurement>
				<NamedMeasurement type="text/string" name="Completion Status">
					<Value>Completed</Value>
				</NamedMeasurement>
				<NamedMeasurement type="text/string" name="Command Line">
					<Value>/usr/bin/valgrind "--tool=memcheck" "--leak-check=yes" "--trace-children=no" "/work/hw-nlicea/hw2/hw2_tests/searcheng_tests/searcheng_tests" "--gtest_filter=SearchEng.ParserRegistration"</Value>
				</NamedMeasurement>
				<Measurement>
					<Value>==900== Memcheck, a memory error detector
==900== Copyright (C) 2002-2017, and GNU GPL'd, by Julian Seward et al.
==900== Using Valgrind-3.15.0 and LibVEX; rerun with -h for copyright info
==900== Command: /work/hw-nlicea/hw2/hw2_tests/searcheng_tests/searcheng_tests --gtest_filter=SearchEng.ParserRegistration
==900== 
Running main() from /build/googletest-j5yxiC/googletest-1.10.0/googletest/src/gtest_main.cc
Note: Google Test filter = SearchEng.ParserRegistration
[==========] Running 1 test from 1 test suite.
[----------] Global test environment set-up.
[----------] 1 test from SearchEng
[ RUN      ] SearchEng.ParserRegistration
[       OK ] SearchEng.ParserRegistration (206 ms)
[----------] 1 test from SearchEng (213 ms total)

[----------] Global test environment tear-down
[==========] 1 test from 1 test suite ran. (241 ms total)
[  PASSED  ] 1 test.
==900== 
==900== HEAP SUMMARY:
==900==     in use at exit: 0 bytes in 0 blocks
==900==   total heap usage: 296 allocs, 296 frees, 157,151 bytes allocated
==900== 
==900== All heap blocks were freed -- no leaks are possible
==900== 
==900== For lists of detected and suppressed errors, rerun with: -s
==900== ERROR SUMMARY: 0 errors from 0 contexts (suppressed: 0 from 0)
</Value>
				</Measurement>
			</Results>
		</Test>
		<Test Status="passed">
			<Name>SearchEng.ReadPageMultipleTimes</Name>
			<Path>./searcheng_tests</Path>
			<FullName>./searcheng_tests/SearchEng.ReadPageMultipleTimes</FullName>
			<FullCommandLine>/usr/bin/valgrind "--tool=memcheck" "--leak-check=yes" "--trace-children=no" "/work/hw-nlicea/hw2/hw2_tests/searcheng_tests/searcheng_tests" "--gtest_filter=SearchEng.ReadPageMultipleTimes"</FullCommandLine>
			<Results>
				<NamedMeasurement type="numeric/double" name="Execution Time">
					<Value>1.96103</Value>
				</NamedMeasurement>
				<NamedMeasurement type="numeric/double" name="Processors">
					<Value>1</Value>
				</NamedMeasurement>
				<NamedMeasurement type="text/string" name="Completion Status">
					<Value>Completed</Value>
				</NamedMeasurement>
				<NamedMeasurement type="text/string" name="Command Line">
					<Value>/usr/bin/valgrind "--tool=memcheck" "--leak-check=yes" "--trace-children=no" "/work/hw-nlicea/hw2/hw2_tests/searcheng_tests/searcheng_tests" "--gtest_filter=SearchEng.ReadPageMultipleTimes"</Value>
				</NamedMeasurement>
				<Measurement>
					<Value>==901== Memcheck, a memory error detector
==901== Copyright (C) 2002-2017, and GNU GPL'd, by Julian Seward et al.
==901== Using Valgrind-3.15.0 and LibVEX; rerun with -h for copyright info
==901== Command: /work/hw-nlicea/hw2/hw2_tests/searcheng_tests/searcheng_tests --gtest_filter=SearchEng.ReadPageMultipleTimes
==901== 
Running main() from /build/googletest-j5yxiC/googletest-1.10.0/googletest/src/gtest_main.cc
Note: Google Test filter = SearchEng.ReadPageMultipleTimes
[==========] Running 1 test from 1 test suite.
[----------] Global test environment set-up.
[----------] 1 test from SearchEng
[ RUN      ] SearchEng.ReadPageMultipleTimes
[       OK ] SearchEng.ReadPageMultipleTimes (281 ms)
[----------] 1 test from SearchEng (288 ms total)

[----------] Global test environment tear-down
[==========] 1 test from 1 test suite ran. (313 ms total)
[  PASSED  ] 1 test.
==901== 
==901== HEAP SUMMARY:
==901==     in use at exit: 0 bytes in 0 blocks
==901==   total heap usage: 320 allocs, 320 frees, 150,159 bytes allocated
==901== 
==901== All heap blocks were freed -- no leaks are possible
==901== 
==901== For lists of detected and suppressed errors, rerun with: -s
==901== ERROR SUMMARY: 0 errors from 0 contexts (suppressed: 0 from 0)
</Value>
				</Measurement>
			</Results>
		</Test>
		<Test Status="passed">
			<Name>SearchEng.ANDCombiner</Name>
			<Path>./searcheng_tests</Path>
			<FullName>./searcheng_tests/SearchEng.ANDCombiner</FullName>
			<FullCommandLine>/usr/bin/valgrind "--tool=memcheck" "--leak-check=yes" "--trace-children=no" "/work/hw-nlicea/hw2/hw2_tests/searcheng_tests/searcheng_tests" "--gtest_filter=SearchEng.ANDCombiner"</FullCommandLine>
			<Results>
				<NamedMeasurement type="numeric/double" name="Execution Time">
					<Value>1.81615</Value>
				</NamedMeasurement>
				<NamedMeasurement type="numeric/double" name="Processors">
					<Value>1</Value>
				</NamedMeasurement>
				<NamedMeasurement type="text/string" name="Completion Status">
					<Value>Completed</Value>
				</NamedMeasurement>
				<NamedMeasurement type="text/string" name="Command Line">
					<Value>/usr/bin/valgrind "--tool=memcheck" "--leak-check=yes" "--trace-children=no" "/work/hw-nlicea/hw2/hw2_tests/searcheng_tests/searcheng_tests" "--gtest_filter=SearchEng.ANDCombiner"</Value>
				</NamedMeasurement>
				<Measurement>
					<Value>==902== Memcheck, a memory error detector
==902== Copyright (C) 2002-2017, and GNU GPL'd, by Julian Seward et al.
==902== Using Valgrind-3.15.0 and LibVEX; rerun with -h for copyright info
==902== Command: /work/hw-nlicea/hw2/hw2_tests/searcheng_tests/searcheng_tests --gtest_filter=SearchEng.ANDCombiner
==902== 
Running main() from /build/googletest-j5yxiC/googletest-1.10.0/googletest/src/gtest_main.cc
Note: Google Test filter = SearchEng.ANDCombiner
[==========] Running 1 test from 1 test suite.
[----------] Global test environment set-up.
[----------] 1 test from SearchEng
[ RUN      ] SearchEng.ANDCombiner
[       OK ] SearchEng.ANDCombiner (369 ms)
[----------] 1 test from SearchEng (381 ms total)

[----------] Global test environment tear-down
[==========] 1 test from 1 test suite ran. (410 ms total)
[  PASSED  ] 1 test.
==902== 
==902== HEAP SUMMARY:
==902==     in use at exit: 0 bytes in 0 blocks
==902==   total heap usage: 368 allocs, 368 frees, 196,103 bytes allocated
==902== 
==902== All heap blocks were freed -- no leaks are possible
==902== 
==902== For lists of detected and suppressed errors, rerun with: -s
==902== ERROR SUMMARY: 0 errors from 0 contexts (suppressed: 0 from 0)
</Value>
				</Measurement>
			</Results>
		</Test>
		<Test Status="passed">
			<Name>SearchEng.ORCombiner</Name>
			<Path>./searcheng_tests</Path>
			<FullName>./searcheng_tests/SearchEng.ORCombiner</FullName>
			<FullCommandLine>/usr/bin/valgrind "--tool=memcheck" "--leak-check=yes" "--trace-children=no" "/work/hw-nlicea/hw2/hw2_tests/searcheng_tests/searcheng_tests" "--gtest_filter=SearchEng.ORCombiner"</FullCommandLine>
			<Results>
				<NamedMeasurement type="numeric/double" name="Execution Time">
					<Value>1.71613</Value>
				</NamedMeasurement>
				<NamedMeasurement type="numeric/double" name="Processors">
					<Value>1</Value>
				</NamedMeasurement>
				<NamedMeasurement type="text/string" name="Completion Status">
					<Value>Completed</Value>
				</NamedMeasurement>
				<NamedMeasurement type="text/string" name="Command Line">
					<Value>/usr/bin/valgrind "--tool=memcheck" "--leak-check=yes" "--trace-children=no" "/work/hw-nlicea/hw2/hw2_tests/searcheng_tests/searcheng_tests" "--gtest_filter=SearchEng.ORCombiner"</Value>
				</NamedMeasurement>
				<Measurement>
					<Value>==903== Memcheck, a memory error detector
==903== Copyright (C) 2002-2017, and GNU GPL'd, by Julian Seward et al.
==903== Using Valgrind-3.15.0 and LibVEX; rerun with -h for copyright info
==903== Command: /work/hw-nlicea/hw2/hw2_tests/searcheng_tests/searcheng_tests --gtest_filter=SearchEng.ORCombiner
==903== 
Running main() from /build/googletest-j5yxiC/googletest-1.10.0/googletest/src/gtest_main.cc
Note: Google Test filter = SearchEng.ORCombiner
[==========] Running 1 test from 1 test suite.
[----------] Global test environment set-up.
[----------] 1 test from SearchEng
[ RUN      ] SearchEng.ORCombiner
[       OK ] SearchEng.ORCombiner (253 ms)
[----------] 1 test from SearchEng (260 ms total)

[----------] Global test environment tear-down
[==========] 1 test from 1 test suite ran. (285 ms total)
[  PASSED  ] 1 test.
==903== 
==903== HEAP SUMMARY:
==903==     in use at exit: 0 bytes in 0 blocks
==903==   total heap usage: 387 allocs, 387 frees, 214,496 bytes allocated
==903== 
==903== All heap blocks were freed -- no leaks are possible
==903== 
==903== For lists of detected and suppressed errors, rerun with: -s
==903== ERROR SUMMARY: 0 errors from 0 contexts (suppressed: 0 from 0)
</Value>
				</Measurement>
			</Results>
		</Test>
		<Test Status="passed">
			<Name>SearchEng.DiffCombiner</Name>
			<Path>./searcheng_tests</Path>
			<FullName>./searcheng_tests/SearchEng.DiffCombiner</FullName>
			<FullCommandLine>/usr/bin/valgrind "--tool=memcheck" "--leak-check=yes" "--trace-children=no" "/work/hw-nlicea/hw2/hw2_tests/searcheng_tests/searcheng_tests" "--gtest_filter=SearchEng.DiffCombiner"</FullCommandLine>
			<Results>
				<NamedMeasurement type="numeric/double" name="Execution Time">
					<Value>1.5153</Value>
				</NamedMeasurement>
				<NamedMeasurement type="numeric/double" name="Processors">
					<Value>1</Value>
				</NamedMeasurement>
				<NamedMeasurement type="text/string" name="Completion Status">
					<Value>Completed</Value>
				</NamedMeasurement>
				<NamedMeasurement type="text/string" name="Command Line">
					<Value>/usr/bin/valgrind "--tool=memcheck" "--leak-check=yes" "--trace-children=no" "/work/hw-nlicea/hw2/hw2_tests/searcheng_tests/searcheng_tests" "--gtest_filter=SearchEng.DiffCombiner"</Value>
				</NamedMeasurement>
				<Measurement>
					<Value>==904== Memcheck, a memory error detector
==904== Copyright (C) 2002-2017, and GNU GPL'd, by Julian Seward et al.
==904== Using Valgrind-3.15.0 and LibVEX; rerun with -h for copyright info
==904== Command: /work/hw-nlicea/hw2/hw2_tests/searcheng_tests/searcheng_tests --gtest_filter=SearchEng.DiffCombiner
==904== 
Running main() from /build/googletest-j5yxiC/googletest-1.10.0/googletest/src/gtest_main.cc
Note: Google Test filter = SearchEng.DiffCombiner
[==========] Running 1 test from 1 test suite.
[----------] Global test environment set-up.
[----------] 1 test from SearchEng
[ RUN      ] SearchEng.DiffCombiner
[       OK ] SearchEng.DiffCombiner (266 ms)
[----------] 1 test from SearchEng (273 ms total)

[----------] Global test environment tear-down
[==========] 1 test from 1 test suite ran. (299 ms total)
[  PASSED  ] 1 test.
==904== 
==904== HEAP SUMMARY:
==904==     in use at exit: 0 bytes in 0 blocks
==904==   total heap usage: 386 allocs, 386 frees, 214,262 bytes allocated
==904== 
==904== All heap blocks were freed -- no leaks are possible
==904== 
==904== For lists of detected and suppressed errors, rerun with: -s
==904== ERROR SUMMARY: 0 errors from 0 contexts (suppressed: 0 from 0)
</Value>
				</Measurement>
			</Results>
		</Test>
		<Test Status="passed">
			<Name>SearchEng.RetrievePage</Name>
			<Path>./searcheng_tests</Path>
			<FullName>./searcheng_tests/SearchEng.RetrievePage</FullName>
			<FullCommandLine>/usr/bin/valgrind "--tool=memcheck" "--leak-check=yes" "--trace-children=no" "/work/hw-nlicea/hw2/hw2_tests/searcheng_tests/searcheng_tests" "--gtest_filter=SearchEng.RetrievePage"</FullCommandLine>
			<Results>
				<NamedMeasurement type="numeric/double" name="Execution Time">
					<Value>1.75404</Value>
				</NamedMeasurement>
				<NamedMeasurement type="numeric/double" name="Processors">
					<Value>1</Value>
				</NamedMeasurement>
				<NamedMeasurement type="text/string" name="Completion Status">
					<Value>Completed</Value>
				</NamedMeasurement>
				<NamedMeasurement type="text/string" name="Command Line">
					<Value>/usr/bin/valgrind "--tool=memcheck" "--leak-check=yes" "--trace-children=no" "/work/hw-nlicea/hw2/hw2_tests/searcheng_tests/searcheng_tests" "--gtest_filter=SearchEng.RetrievePage"</Value>
				</NamedMeasurement>
				<Measurement>
					<Value>==905== Memcheck, a memory error detector
==905== Copyright (C) 2002-2017, and GNU GPL'd, by Julian Seward et al.
==905== Using Valgrind-3.15.0 and LibVEX; rerun with -h for copyright info
==905== Command: /work/hw-nlicea/hw2/hw2_tests/searcheng_tests/searcheng_tests --gtest_filter=SearchEng.RetrievePage
==905== 
Running main() from /build/googletest-j5yxiC/googletest-1.10.0/googletest/src/gtest_main.cc
Note: Google Test filter = SearchEng.RetrievePage
[==========] Running 1 test from 1 test suite.
[----------] Global test environment set-up.
[----------] 1 test from SearchEng
[ RUN      ] SearchEng.RetrievePage
Checking links for page test-small/pga.md
Expect outgoing outgoingLinks: [test-small/pgc.md, test-small/pgg.md] actual [test-small/pgc.md, test-small/pgg.md]
Expect incoming outgoingLinks: [test-small/pgb.md] actual [test-small/pgb.md]
Checking links for page test-small/pgb.md
Expect outgoing outgoingLinks: [test-small/pga.md, test-small/pge.md, test-small/pgf.md] actual [test-small/pga.md, test-small/pge.md, test-small/pgf.md]
Expect incoming outgoingLinks: [test-small/pgc.md] actual [test-small/pgc.md]
Checking links for page test-small/pgc.md
Expect outgoing outgoingLinks: [test-small/pgb.md] actual [test-small/pgb.md]
Expect incoming outgoingLinks: [test-small/pga.md, test-small/pgd.md, test-small/pge.md] actual [test-small/pga.md, test-small/pgd.md, test-small/pge.md]
Checking links for page test-small/pgd.md
Expect outgoing outgoingLinks: [test-small/pgc.md] actual [test-small/pgc.md]
Expect incoming outgoingLinks: [test-small/pge.md] actual [test-small/pge.md]
Checking links for page test-small/pge.md
Expect outgoing outgoingLinks: [test-small/pgc.md, test-small/pgd.md, test-small/pgf.md] actual [test-small/pgc.md, test-small/pgd.md, test-small/pgf.md]
Expect incoming outgoingLinks: [test-small/pgb.md] actual [test-small/pgb.md]
Checking links for page test-small/pgf.md
Expect outgoing outgoingLinks: [] actual []
Expect incoming outgoingLinks: [test-small/pgb.md, test-small/pge.md] actual [test-small/pgb.md, test-small/pge.md]
Checking links for page test-small/pgg.md
Expect outgoing outgoingLinks: [] actual []
Expect incoming outgoingLinks: [test-small/pga.md] actual [test-small/pga.md]
[       OK ] SearchEng.RetrievePage (289 ms)
[----------] 1 test from SearchEng (296 ms total)

[----------] Global test environment tear-down
[==========] 1 test from 1 test suite ran. (321 ms total)
[  PASSED  ] 1 test.
==905== 
==905== HEAP SUMMARY:
==905==     in use at exit: 0 bytes in 0 blocks
==905==   total heap usage: 947 allocs, 947 frees, 254,277 bytes allocated
==905== 
==905== All heap blocks were freed -- no leaks are possible
==905== 
==905== For lists of detected and suppressed errors, rerun with: -s
==905== ERROR SUMMARY: 0 errors from 0 contexts (suppressed: 0 from 0)
</Value>
				</Measurement>
			</Results>
		</Test>
		<Test Status="passed">
			<Name>SearchEng.LinkCornerCases</Name>
			<Path>./searcheng_tests</Path>
			<FullName>./searcheng_tests/SearchEng.LinkCornerCases</FullName>
			<FullCommandLine>/usr/bin/valgrind "--tool=memcheck" "--leak-check=yes" "--trace-children=no" "/work/hw-nlicea/hw2/hw2_tests/searcheng_tests/searcheng_tests" "--gtest_filter=SearchEng.LinkCornerCases"</FullCommandLine>
			<Results>
				<NamedMeasurement type="numeric/double" name="Execution Time">
					<Value>1.88508</Value>
				</NamedMeasurement>
				<NamedMeasurement type="numeric/double" name="Processors">
					<Value>1</Value>
				</NamedMeasurement>
				<NamedMeasurement type="text/string" name="Completion Status">
					<Value>Completed</Value>
				</NamedMeasurement>
				<NamedMeasurement type="text/string" name="Command Line">
					<Value>/usr/bin/valgrind "--tool=memcheck" "--leak-check=yes" "--trace-children=no" "/work/hw-nlicea/hw2/hw2_tests/searcheng_tests/searcheng_tests" "--gtest_filter=SearchEng.LinkCornerCases"</Value>
				</NamedMeasurement>
				<Measurement>
					<Value>==906== Memcheck, a memory error detector
==906== Copyright (C) 2002-2017, and GNU GPL'd, by Julian Seward et al.
==906== Using Valgrind-3.15.0 and LibVEX; rerun with -h for copyright info
==906== Command: /work/hw-nlicea/hw2/hw2_tests/searcheng_tests/searcheng_tests --gtest_filter=SearchEng.LinkCornerCases
==906== 
Running main() from /build/googletest-j5yxiC/googletest-1.10.0/googletest/src/gtest_main.cc
Note: Google Test filter = SearchEng.LinkCornerCases
[==========] Running 1 test from 1 test suite.
[----------] Global test environment set-up.
[----------] 1 test from SearchEng
[ RUN      ] SearchEng.LinkCornerCases
[       OK ] SearchEng.LinkCornerCases (234 ms)
[----------] 1 test from SearchEng (242 ms total)

[----------] Global test environment tear-down
[==========] 1 test from 1 test suite ran. (276 ms total)
[  PASSED  ] 1 test.
==906== 
==906== HEAP SUMMARY:
==906==     in use at exit: 0 bytes in 0 blocks
==906==   total heap usage: 290 allocs, 290 frees, 138,884 bytes allocated
==906== 
==906== All heap blocks were freed -- no leaks are possible
==906== 
==906== For lists of detected and suppressed errors, rerun with: -s
==906== ERROR SUMMARY: 0 errors from 0 contexts (suppressed: 0 from 0)
</Value>
				</Measurement>
			</Results>
		</Test>
		<Test Status="passed">
			<Name>SearchEng.SameLink</Name>
			<Path>./searcheng_tests</Path>
			<FullName>./searcheng_tests/SearchEng.SameLink</FullName>
			<FullCommandLine>/usr/bin/valgrind "--tool=memcheck" "--leak-check=yes" "--trace-children=no" "/work/hw-nlicea/hw2/hw2_tests/searcheng_tests/searcheng_tests" "--gtest_filter=SearchEng.SameLink"</FullCommandLine>
			<Results>
				<NamedMeasurement type="numeric/double" name="Execution Time">
					<Value>2.54916</Value>
				</NamedMeasurement>
				<NamedMeasurement type="numeric/double" name="Processors">
					<Value>1</Value>
				</NamedMeasurement>
				<NamedMeasurement type="text/string" name="Completion Status">
					<Value>Completed</Value>
				</NamedMeasurement>
				<NamedMeasurement type="text/string" name="Command Line">
					<Value>/usr/bin/valgrind "--tool=memcheck" "--leak-check=yes" "--trace-children=no" "/work/hw-nlicea/hw2/hw2_tests/searcheng_tests/searcheng_tests" "--gtest_filter=SearchEng.SameLink"</Value>
				</NamedMeasurement>
				<Measurement>
					<Value>==907== Memcheck, a memory error detector
==907== Copyright (C) 2002-2017, and GNU GPL'd, by Julian Seward et al.
==907== Using Valgrind-3.15.0 and LibVEX; rerun with -h for copyright info
==907== Command: /work/hw-nlicea/hw2/hw2_tests/searcheng_tests/searcheng_tests --gtest_filter=SearchEng.SameLink
==907== 
Running main() from /build/googletest-j5yxiC/googletest-1.10.0/googletest/src/gtest_main.cc
Note: Google Test filter = SearchEng.SameLink
[==========] Running 1 test from 1 test suite.
[----------] Global test environment set-up.
[----------] 1 test from SearchEng
[ RUN      ] SearchEng.SameLink
[       OK ] SearchEng.SameLink (1293 ms)
[----------] 1 test from SearchEng (1300 ms total)

[----------] Global test environment tear-down
[==========] 1 test from 1 test suite ran. (1326 ms total)
[  PASSED  ] 1 test.
==907== 
==907== HEAP SUMMARY:
==907==     in use at exit: 0 bytes in 0 blocks
==907==   total heap usage: 298 allocs, 298 frees, 871,383 bytes allocated
==907== 
==907== All heap blocks were freed -- no leaks are possible
==907== 
==907== For lists of detected and suppressed errors, rerun with: -s
==907== ERROR SUMMARY: 0 errors from 0 contexts (suppressed: 0 from 0)
</Value>
				</Measurement>
			</Results>
		</Test>
		<Test Status="passed">
			<Name>SearchEng.DisplayPage</Name>
			<Path>./searcheng_tests</Path>
			<FullName>./searcheng_tests/SearchEng.DisplayPage</FullName>
			<FullCommandLine>/usr/bin/valgrind "--tool=memcheck" "--leak-check=yes" "--trace-children=no" "/work/hw-nlicea/hw2/hw2_tests/searcheng_tests/searcheng_tests" "--gtest_filter=SearchEng.DisplayPage"</FullCommandLine>
			<Results>
				<NamedMeasurement type="numeric/double" name="Execution Time">
					<Value>1.71905</Value>
				</NamedMeasurement>
				<NamedMeasurement type="numeric/double" name="Processors">
					<Value>1</Value>
				</NamedMeasurement>
				<NamedMeasurement type="text/string" name="Completion Status">
					<Value>Completed</Value>
				</NamedMeasurement>
				<NamedMeasurement type="text/string" name="Command Line">
					<Value>/usr/bin/valgrind "--tool=memcheck" "--leak-check=yes" "--trace-children=no" "/work/hw-nlicea/hw2/hw2_tests/searcheng_tests/searcheng_tests" "--gtest_filter=SearchEng.DisplayPage"</Value>
				</NamedMeasurement>
				<Measurement>
					<Value>==908== Memcheck, a memory error detector
==908== Copyright (C) 2002-2017, and GNU GPL'd, by Julian Seward et al.
==908== Using Valgrind-3.15.0 and LibVEX; rerun with -h for copyright info
==908== Command: /work/hw-nlicea/hw2/hw2_tests/searcheng_tests/searcheng_tests --gtest_filter=SearchEng.DisplayPage
==908== 
Running main() from /build/googletest-j5yxiC/googletest-1.10.0/googletest/src/gtest_main.cc
Note: Google Test filter = SearchEng.DisplayPage
[==========] Running 1 test from 1 test suite.
[----------] Global test environment set-up.
[----------] 1 test from SearchEng
[ RUN      ] SearchEng.DisplayPage
[       OK ] SearchEng.DisplayPage (207 ms)
[----------] 1 test from SearchEng (217 ms total)

[----------] Global test environment tear-down
[==========] 1 test from 1 test suite ran. (246 ms total)
[  PASSED  ] 1 test.
==908== 
==908== HEAP SUMMARY:
==908==     in use at exit: 0 bytes in 0 blocks
==908==   total heap usage: 299 allocs, 299 frees, 148,344 bytes allocated
==908== 
==908== All heap blocks were freed -- no leaks are possible
==908== 
==908== For lists of detected and suppressed errors, rerun with: -s
==908== ERROR SUMMARY: 0 errors from 0 contexts (suppressed: 0 from 0)
</Value>
				</Measurement>
			</Results>
		</Test>
		<Test Status="passed">
			<Name>Parsers.MdParserSpecialStart</Name>
			<Path>./mdparser_tests</Path>
			<FullName>./mdparser_tests/Parsers.MdParserSpecialStart</FullName>
			<FullCommandLine>/usr/bin/valgrind "--tool=memcheck" "--leak-check=yes" "--trace-children=no" "/work/hw-nlicea/hw2/hw2_tests/mdparser_tests/mdparser_tests" "--gtest_filter=Parsers.MdParserSpecialStart"</FullCommandLine>
			<Results>
				<NamedMeasurement type="numeric/double" name="Execution Time">
					<Value>1.75155</Value>
				</NamedMeasurement>
				<NamedMeasurement type="numeric/double" name="Processors">
					<Value>1</Value>
				</NamedMeasurement>
				<NamedMeasurement type="text/string" name="Completion Status">
					<Value>Completed</Value>
				</NamedMeasurement>
				<NamedMeasurement type="text/string" name="Command Line">
					<Value>/usr/bin/valgrind "--tool=memcheck" "--leak-check=yes" "--trace-children=no" "/work/hw-nlicea/hw2/hw2_tests/mdparser_tests/mdparser_tests" "--gtest_filter=Parsers.MdParserSpecialStart"</Value>
				</NamedMeasurement>
				<Measurement>
					<Value>==909== Memcheck, a memory error detector
==909== Copyright (C) 2002-2017, and GNU GPL'd, by Julian Seward et al.
==909== Using Valgrind-3.15.0 and LibVEX; rerun with -h for copyright info
==909== Command: /work/hw-nlicea/hw2/hw2_tests/mdparser_tests/mdparser_tests --gtest_filter=Parsers.MdParserSpecialStart
==909== 
Running main() from /build/googletest-j5yxiC/googletest-1.10.0/googletest/src/gtest_main.cc
Note: Google Test filter = Parsers.MdParserSpecialStart
[==========] Running 1 test from 1 test suite.
[----------] Global test environment set-up.
[----------] 1 test from Parsers
[ RUN      ] Parsers.MdParserSpecialStart
[       OK ] Parsers.MdParserSpecialStart (69 ms)
[----------] 1 test from Parsers (75 ms total)

[----------] Global test environment tear-down
[==========] 1 test from 1 test suite ran. (101 ms total)
[  PASSED  ] 1 test.
==909== 
==909== HEAP SUMMARY:
==909==     in use at exit: 0 bytes in 0 blocks
==909==   total heap usage: 300 allocs, 300 frees, 121,795 bytes allocated
==909== 
==909== All heap blocks were freed -- no leaks are possible
==909== 
==909== For lists of detected and suppressed errors, rerun with: -s
==909== ERROR SUMMARY: 0 errors from 0 contexts (suppressed: 0 from 0)
</Value>
				</Measurement>
			</Results>
		</Test>
		<Test Status="passed">
			<Name>Parsers.MdParserSpecialEnd</Name>
			<Path>./mdparser_tests</Path>
			<FullName>./mdparser_tests/Parsers.MdParserSpecialEnd</FullName>
			<FullCommandLine>/usr/bin/valgrind "--tool=memcheck" "--leak-check=yes" "--trace-children=no" "/work/hw-nlicea/hw2/hw2_tests/mdparser_tests/mdparser_tests" "--gtest_filter=Parsers.MdParserSpecialEnd"</FullCommandLine>
			<Results>
				<NamedMeasurement type="numeric/double" name="Execution Time">
					<Value>1.6392</Value>
				</NamedMeasurement>
				<NamedMeasurement type="numeric/double" name="Processors">
					<Value>1</Value>
				</NamedMeasurement>
				<NamedMeasurement type="text/string" name="Completion Status">
					<Value>Completed</Value>
				</NamedMeasurement>
				<NamedMeasurement type="text/string" name="Command Line">
					<Value>/usr/bin/valgrind "--tool=memcheck" "--leak-check=yes" "--trace-children=no" "/work/hw-nlicea/hw2/hw2_tests/mdparser_tests/mdparser_tests" "--gtest_filter=Parsers.MdParserSpecialEnd"</Value>
				</NamedMeasurement>
				<Measurement>
					<Value>==910== Memcheck, a memory error detector
==910== Copyright (C) 2002-2017, and GNU GPL'd, by Julian Seward et al.
==910== Using Valgrind-3.15.0 and LibVEX; rerun with -h for copyright info
==910== Command: /work/hw-nlicea/hw2/hw2_tests/mdparser_tests/mdparser_tests --gtest_filter=Parsers.MdParserSpecialEnd
==910== 
Running main() from /build/googletest-j5yxiC/googletest-1.10.0/googletest/src/gtest_main.cc
Note: Google Test filter = Parsers.MdParserSpecialEnd
[==========] Running 1 test from 1 test suite.
[----------] Global test environment set-up.
[----------] 1 test from Parsers
[ RUN      ] Parsers.MdParserSpecialEnd
[       OK ] Parsers.MdParserSpecialEnd (69 ms)
[----------] 1 test from Parsers (76 ms total)

[----------] Global test environment tear-down
[==========] 1 test from 1 test suite ran. (99 ms total)
[  PASSED  ] 1 test.
==910== 
==910== HEAP SUMMARY:
==910==     in use at exit: 0 bytes in 0 blocks
==910==   total heap usage: 300 allocs, 300 frees, 121,781 bytes allocated
==910== 
==910== All heap blocks were freed -- no leaks are possible
==910== 
==910== For lists of detected and suppressed errors, rerun with: -s
==910== ERROR SUMMARY: 0 errors from 0 contexts (suppressed: 0 from 0)
</Value>
				</Measurement>
			</Results>
		</Test>
		<Test Status="passed">
			<Name>Parsers.MdParserSpecialMiddle</Name>
			<Path>./mdparser_tests</Path>
			<FullName>./mdparser_tests/Parsers.MdParserSpecialMiddle</FullName>
			<FullCommandLine>/usr/bin/valgrind "--tool=memcheck" "--leak-check=yes" "--trace-children=no" "/work/hw-nlicea/hw2/hw2_tests/mdparser_tests/mdparser_tests" "--gtest_filter=Parsers.MdParserSpecialMiddle"</FullCommandLine>
			<Results>
				<NamedMeasurement type="numeric/double" name="Execution Time">
					<Value>1.57988</Value>
				</NamedMeasurement>
				<NamedMeasurement type="numeric/double" name="Processors">
					<Value>1</Value>
				</NamedMeasurement>
				<NamedMeasurement type="text/string" name="Completion Status">
					<Value>Completed</Value>
				</NamedMeasurement>
				<NamedMeasurement type="text/string" name="Command Line">
					<Value>/usr/bin/valgrind "--tool=memcheck" "--leak-check=yes" "--trace-children=no" "/work/hw-nlicea/hw2/hw2_tests/mdparser_tests/mdparser_tests" "--gtest_filter=Parsers.MdParserSpecialMiddle"</Value>
				</NamedMeasurement>
				<Measurement>
					<Value>==911== Memcheck, a memory error detector
==911== Copyright (C) 2002-2017, and GNU GPL'd, by Julian Seward et al.
==911== Using Valgrind-3.15.0 and LibVEX; rerun with -h for copyright info
==911== Command: /work/hw-nlicea/hw2/hw2_tests/mdparser_tests/mdparser_tests --gtest_filter=Parsers.MdParserSpecialMiddle
==911== 
Running main() from /build/googletest-j5yxiC/googletest-1.10.0/googletest/src/gtest_main.cc
Note: Google Test filter = Parsers.MdParserSpecialMiddle
[==========] Running 1 test from 1 test suite.
[----------] Global test environment set-up.
[----------] 1 test from Parsers
[ RUN      ] Parsers.MdParserSpecialMiddle
[       OK ] Parsers.MdParserSpecialMiddle (84 ms)
[----------] 1 test from Parsers (91 ms total)

[----------] Global test environment tear-down
[==========] 1 test from 1 test suite ran. (118 ms total)
[  PASSED  ] 1 test.
==911== 
==911== HEAP SUMMARY:
==911==     in use at exit: 0 bytes in 0 blocks
==911==   total heap usage: 304 allocs, 304 frees, 121,981 bytes allocated
==911== 
==911== All heap blocks were freed -- no leaks are possible
==911== 
==911== For lists of detected and suppressed errors, rerun with: -s
==911== ERROR SUMMARY: 0 errors from 0 contexts (suppressed: 0 from 0)
</Value>
				</Measurement>
			</Results>
		</Test>
		<Test Status="passed">
			<Name>Parsers.MdParserTextFull</Name>
			<Path>./mdparser_tests</Path>
			<FullName>./mdparser_tests/Parsers.MdParserTextFull</FullName>
			<FullCommandLine>/usr/bin/valgrind "--tool=memcheck" "--leak-check=yes" "--trace-children=no" "/work/hw-nlicea/hw2/hw2_tests/mdparser_tests/mdparser_tests" "--gtest_filter=Parsers.MdParserTextFull"</FullCommandLine>
			<Results>
				<NamedMeasurement type="numeric/double" name="Execution Time">
					<Value>1.57094</Value>
				</NamedMeasurement>
				<NamedMeasurement type="numeric/double" name="Processors">
					<Value>1</Value>
				</NamedMeasurement>
				<NamedMeasurement type="text/string" name="Completion Status">
					<Value>Completed</Value>
				</NamedMeasurement>
				<NamedMeasurement type="text/string" name="Command Line">
					<Value>/usr/bin/valgrind "--tool=memcheck" "--leak-check=yes" "--trace-children=no" "/work/hw-nlicea/hw2/hw2_tests/mdparser_tests/mdparser_tests" "--gtest_filter=Parsers.MdParserTextFull"</Value>
				</NamedMeasurement>
				<Measurement>
					<Value>==912== Memcheck, a memory error detector
==912== Copyright (C) 2002-2017, and GNU GPL'd, by Julian Seward et al.
==912== Using Valgrind-3.15.0 and LibVEX; rerun with -h for copyright info
==912== Command: /work/hw-nlicea/hw2/hw2_tests/mdparser_tests/mdparser_tests --gtest_filter=Parsers.MdParserTextFull
==912== 
Running main() from /build/googletest-j5yxiC/googletest-1.10.0/googletest/src/gtest_main.cc
Note: Google Test filter = Parsers.MdParserTextFull
[==========] Running 1 test from 1 test suite.
[----------] Global test environment set-up.
[----------] 1 test from Parsers
[ RUN      ] Parsers.MdParserTextFull
[       OK ] Parsers.MdParserTextFull (90 ms)
[----------] 1 test from Parsers (98 ms total)

[----------] Global test environment tear-down
[==========] 1 test from 1 test suite ran. (122 ms total)
[  PASSED  ] 1 test.
==912== 
==912== HEAP SUMMARY:
==912==     in use at exit: 0 bytes in 0 blocks
==912==   total heap usage: 318 allocs, 318 frees, 123,612 bytes allocated
==912== 
==912== All heap blocks were freed -- no leaks are possible
==912== 
==912== For lists of detected and suppressed errors, rerun with: -s
==912== ERROR SUMMARY: 0 errors from 0 contexts (suppressed: 0 from 0)
</Value>
				</Measurement>
			</Results>
		</Test>
		<Test Status="passed">
			<Name>Parsers.MdParserLinksSepStart</Name>
			<Path>./mdparser_tests</Path>
			<FullName>./mdparser_tests/Parsers.MdParserLinksSepStart</FullName>
			<FullCommandLine>/usr/bin/valgrind "--tool=memcheck" "--leak-check=yes" "--trace-children=no" "/work/hw-nlicea/hw2/hw2_tests/mdparser_tests/mdparser_tests" "--gtest_filter=Parsers.MdParserLinksSepStart"</FullCommandLine>
			<Results>
				<NamedMeasurement type="numeric/double" name="Execution Time">
					<Value>2.31834</Value>
				</NamedMeasurement>
				<NamedMeasurement type="numeric/double" name="Processors">
					<Value>1</Value>
				</NamedMeasurement>
				<NamedMeasurement type="text/string" name="Completion Status">
					<Value>Completed</Value>
				</NamedMeasurement>
				<NamedMeasurement type="text/string" name="Command Line">
					<Value>/usr/bin/valgrind "--tool=memcheck" "--leak-check=yes" "--trace-children=no" "/work/hw-nlicea/hw2/hw2_tests/mdparser_tests/mdparser_tests" "--gtest_filter=Parsers.MdParserLinksSepStart"</Value>
				</NamedMeasurement>
				<Measurement>
					<Value>==913== Memcheck, a memory error detector
==913== Copyright (C) 2002-2017, and GNU GPL'd, by Julian Seward et al.
==913== Using Valgrind-3.15.0 and LibVEX; rerun with -h for copyright info
==913== Command: /work/hw-nlicea/hw2/hw2_tests/mdparser_tests/mdparser_tests --gtest_filter=Parsers.MdParserLinksSepStart
==913== 
Running main() from /build/googletest-j5yxiC/googletest-1.10.0/googletest/src/gtest_main.cc
Note: Google Test filter = Parsers.MdParserLinksSepStart
[==========] Running 1 test from 1 test suite.
[----------] Global test environment set-up.
[----------] 1 test from Parsers
[ RUN      ] Parsers.MdParserLinksSepStart
[       OK ] Parsers.MdParserLinksSepStart (159 ms)
[----------] 1 test from Parsers (172 ms total)

[----------] Global test environment tear-down
[==========] 1 test from 1 test suite ran. (228 ms total)
[  PASSED  ] 1 test.
==913== 
==913== HEAP SUMMARY:
==913==     in use at exit: 0 bytes in 0 blocks
==913==   total heap usage: 312 allocs, 312 frees, 122,211 bytes allocated
==913== 
==913== All heap blocks were freed -- no leaks are possible
==913== 
==913== For lists of detected and suppressed errors, rerun with: -s
==913== ERROR SUMMARY: 0 errors from 0 contexts (suppressed: 0 from 0)
</Value>
				</Measurement>
			</Results>
		</Test>
		<Test Status="passed">
			<Name>Parsers.MdParserLinksSepEnd</Name>
			<Path>./mdparser_tests</Path>
			<FullName>./mdparser_tests/Parsers.MdParserLinksSepEnd</FullName>
			<FullCommandLine>/usr/bin/valgrind "--tool=memcheck" "--leak-check=yes" "--trace-children=no" "/work/hw-nlicea/hw2/hw2_tests/mdparser_tests/mdparser_tests" "--gtest_filter=Parsers.MdParserLinksSepEnd"</FullCommandLine>
			<Results>
				<NamedMeasurement type="numeric/double" name="Execution Time">
					<Value>2.39423</Value>
				</NamedMeasurement>
				<NamedMeasurement type="numeric/double" name="Processors">
					<Value>1</Value>
				</NamedMeasurement>
				<NamedMeasurement type="text/string" name="Completion Status">
					<Value>Completed</Value>
				</NamedMeasurement>
				<NamedMeasurement type="text/string" name="Command Line">
					<Value>/usr/bin/valgrind "--tool=memcheck" "--leak-check=yes" "--trace-children=no" "/work/hw-nlicea/hw2/hw2_tests/mdparser_tests/mdparser_tests" "--gtest_filter=Parsers.MdParserLinksSepEnd"</Value>
				</NamedMeasurement>
				<Measurement>
					<Value>==914== Memcheck, a memory error detector
==914== Copyright (C) 2002-2017, and GNU GPL'd, by Julian Seward et al.
==914== Using Valgrind-3.15.0 and LibVEX; rerun with -h for copyright info
==914== Command: /work/hw-nlicea/hw2/hw2_tests/mdparser_tests/mdparser_tests --gtest_filter=Parsers.MdParserLinksSepEnd
==914== 
Running main() from /build/googletest-j5yxiC/googletest-1.10.0/googletest/src/gtest_main.cc
Note: Google Test filter = Parsers.MdParserLinksSepEnd
[==========] Running 1 test from 1 test suite.
[----------] Global test environment set-up.
[----------] 1 test from Parsers
[ RUN      ] Parsers.MdParserLinksSepEnd
[       OK ] Parsers.MdParserLinksSepEnd (131 ms)
[----------] 1 test from Parsers (144 ms total)

[----------] Global test environment tear-down
[==========] 1 test from 1 test suite ran. (179 ms total)
[  PASSED  ] 1 test.
==914== 
==914== HEAP SUMMARY:
==914==     in use at exit: 0 bytes in 0 blocks
==914==   total heap usage: 312 allocs, 312 frees, 122,197 bytes allocated
==914== 
==914== All heap blocks were freed -- no leaks are possible
==914== 
==914== For lists of detected and suppressed errors, rerun with: -s
==914== ERROR SUMMARY: 0 errors from 0 contexts (suppressed: 0 from 0)
</Value>
				</Measurement>
			</Results>
		</Test>
		<Test Status="passed">
			<Name>Parsers.MdParserLinksSepMiddle</Name>
			<Path>./mdparser_tests</Path>
			<FullName>./mdparser_tests/Parsers.MdParserLinksSepMiddle</FullName>
			<FullCommandLine>/usr/bin/valgrind "--tool=memcheck" "--leak-check=yes" "--trace-children=no" "/work/hw-nlicea/hw2/hw2_tests/mdparser_tests/mdparser_tests" "--gtest_filter=Parsers.MdParserLinksSepMiddle"</FullCommandLine>
			<Results>
				<NamedMeasurement type="numeric/double" name="Execution Time">
					<Value>2.61838</Value>
				</NamedMeasurement>
				<NamedMeasurement type="numeric/double" name="Processors">
					<Value>1</Value>
				</NamedMeasurement>
				<NamedMeasurement type="text/string" name="Completion Status">
					<Value>Completed</Value>
				</NamedMeasurement>
				<NamedMeasurement type="text/string" name="Command Line">
					<Value>/usr/bin/valgrind "--tool=memcheck" "--leak-check=yes" "--trace-children=no" "/work/hw-nlicea/hw2/hw2_tests/mdparser_tests/mdparser_tests" "--gtest_filter=Parsers.MdParserLinksSepMiddle"</Value>
				</NamedMeasurement>
				<Measurement>
					<Value>==915== Memcheck, a memory error detector
==915== Copyright (C) 2002-2017, and GNU GPL'd, by Julian Seward et al.
==915== Using Valgrind-3.15.0 and LibVEX; rerun with -h for copyright info
==915== Command: /work/hw-nlicea/hw2/hw2_tests/mdparser_tests/mdparser_tests --gtest_filter=Parsers.MdParserLinksSepMiddle
==915== 
Running main() from /build/googletest-j5yxiC/googletest-1.10.0/googletest/src/gtest_main.cc
Note: Google Test filter = Parsers.MdParserLinksSepMiddle
[==========] Running 1 test from 1 test suite.
[----------] Global test environment set-up.
[----------] 1 test from Parsers
[ RUN      ] Parsers.MdParserLinksSepMiddle
[       OK ] Parsers.MdParserLinksSepMiddle (132 ms)
[----------] 1 test from Parsers (145 ms total)

[----------] Global test environment tear-down
[==========] 1 test from 1 test suite ran. (193 ms total)
[  PASSED  ] 1 test.
==915== 
==915== HEAP SUMMARY:
==915==     in use at exit: 0 bytes in 0 blocks
==915==   total heap usage: 314 allocs, 314 frees, 122,504 bytes allocated
==915== 
==915== All heap blocks were freed -- no leaks are possible
==915== 
==915== For lists of detected and suppressed errors, rerun with: -s
==915== ERROR SUMMARY: 0 errors from 0 contexts (suppressed: 0 from 0)
</Value>
				</Measurement>
			</Results>
		</Test>
		<Test Status="passed">
			<Name>Parsers.MdParserLinksFull</Name>
			<Path>./mdparser_tests</Path>
			<FullName>./mdparser_tests/Parsers.MdParserLinksFull</FullName>
			<FullCommandLine>/usr/bin/valgrind "--tool=memcheck" "--leak-check=yes" "--trace-children=no" "/work/hw-nlicea/hw2/hw2_tests/mdparser_tests/mdparser_tests" "--gtest_filter=Parsers.MdParserLinksFull"</FullCommandLine>
			<Results>
				<NamedMeasurement type="numeric/double" name="Execution Time">
					<Value>2.27492</Value>
				</NamedMeasurement>
				<NamedMeasurement type="numeric/double" name="Processors">
					<Value>1</Value>
				</NamedMeasurement>
				<NamedMeasurement type="text/string" name="Completion Status">
					<Value>Completed</Value>
				</NamedMeasurement>
				<NamedMeasurement type="text/string" name="Command Line">
					<Value>/usr/bin/valgrind "--tool=memcheck" "--leak-check=yes" "--trace-children=no" "/work/hw-nlicea/hw2/hw2_tests/mdparser_tests/mdparser_tests" "--gtest_filter=Parsers.MdParserLinksFull"</Value>
				</NamedMeasurement>
				<Measurement>
					<Value>==916== Memcheck, a memory error detector
==916== Copyright (C) 2002-2017, and GNU GPL'd, by Julian Seward et al.
==916== Using Valgrind-3.15.0 and LibVEX; rerun with -h for copyright info
==916== Command: /work/hw-nlicea/hw2/hw2_tests/mdparser_tests/mdparser_tests --gtest_filter=Parsers.MdParserLinksFull
==916== 
Running main() from /build/googletest-j5yxiC/googletest-1.10.0/googletest/src/gtest_main.cc
Note: Google Test filter = Parsers.MdParserLinksFull
[==========] Running 1 test from 1 test suite.
[----------] Global test environment set-up.
[----------] 1 test from Parsers
[ RUN      ] Parsers.MdParserLinksFull
[       OK ] Parsers.MdParserLinksFull (83 ms)
[----------] 1 test from Parsers (92 ms total)

[----------] Global test environment tear-down
[==========] 1 test from 1 test suite ran. (118 ms total)
[  PASSED  ] 1 test.
==916== 
==916== HEAP SUMMARY:
==916==     in use at exit: 0 bytes in 0 blocks
==916==   total heap usage: 312 allocs, 312 frees, 122,168 bytes allocated
==916== 
==916== All heap blocks were freed -- no leaks are possible
==916== 
==916== For lists of detected and suppressed errors, rerun with: -s
==916== ERROR SUMMARY: 0 errors from 0 contexts (suppressed: 0 from 0)
</Value>
				</Measurement>
			</Results>
		</Test>
		<Test Status="passed">
			<Name>Parsers.MDWriteupCornerCases</Name>
			<Path>./mdparser_tests</Path>
			<FullName>./mdparser_tests/Parsers.MDWriteupCornerCases</FullName>
			<FullCommandLine>/usr/bin/valgrind "--tool=memcheck" "--leak-check=yes" "--trace-children=no" "/work/hw-nlicea/hw2/hw2_tests/mdparser_tests/mdparser_tests" "--gtest_filter=Parsers.MDWriteupCornerCases"</FullCommandLine>
			<Results>
				<NamedMeasurement type="numeric/double" name="Execution Time">
					<Value>1.55874</Value>
				</NamedMeasurement>
				<NamedMeasurement type="numeric/double" name="Processors">
					<Value>1</Value>
				</NamedMeasurement>
				<NamedMeasurement type="text/string" name="Completion Status">
					<Value>Completed</Value>
				</NamedMeasurement>
				<NamedMeasurement type="text/string" name="Command Line">
					<Value>/usr/bin/valgrind "--tool=memcheck" "--leak-check=yes" "--trace-children=no" "/work/hw-nlicea/hw2/hw2_tests/mdparser_tests/mdparser_tests" "--gtest_filter=Parsers.MDWriteupCornerCases"</Value>
				</NamedMeasurement>
				<Measurement>
					<Value>==917== Memcheck, a memory error detector
==917== Copyright (C) 2002-2017, and GNU GPL'd, by Julian Seward et al.
==917== Using Valgrind-3.15.0 and LibVEX; rerun with -h for copyright info
==917== Command: /work/hw-nlicea/hw2/hw2_tests/mdparser_tests/mdparser_tests --gtest_filter=Parsers.MDWriteupCornerCases
==917== 
Running main() from /build/googletest-j5yxiC/googletest-1.10.0/googletest/src/gtest_main.cc
Note: Google Test filter = Parsers.MDWriteupCornerCases
[==========] Running 1 test from 1 test suite.
[----------] Global test environment set-up.
[----------] 1 test from Parsers
[ RUN      ] Parsers.MDWriteupCornerCases
[       OK ] Parsers.MDWriteupCornerCases (85 ms)
[----------] 1 test from Parsers (93 ms total)

[----------] Global test environment tear-down
[==========] 1 test from 1 test suite ran. (120 ms total)
[  PASSED  ] 1 test.
==917== 
==917== HEAP SUMMARY:
==917==     in use at exit: 0 bytes in 0 blocks
==917==   total heap usage: 329 allocs, 329 frees, 123,397 bytes allocated
==917== 
==917== All heap blocks were freed -- no leaks are possible
==917== 
==917== For lists of detected and suppressed errors, rerun with: -s
==917== ERROR SUMMARY: 0 errors from 0 contexts (suppressed: 0 from 0)
</Value>
				</Measurement>
			</Results>
		</Test>
		<Test Status="passed">
			<Name>Parsers.MDAnchorAnchor</Name>
			<Path>./mdparser_tests</Path>
			<FullName>./mdparser_tests/Parsers.MDAnchorAnchor</FullName>
			<FullCommandLine>/usr/bin/valgrind "--tool=memcheck" "--leak-check=yes" "--trace-children=no" "/work/hw-nlicea/hw2/hw2_tests/mdparser_tests/mdparser_tests" "--gtest_filter=Parsers.MDAnchorAnchor"</FullCommandLine>
			<Results>
				<NamedMeasurement type="numeric/double" name="Execution Time">
					<Value>1.89235</Value>
				</NamedMeasurement>
				<NamedMeasurement type="numeric/double" name="Processors">
					<Value>1</Value>
				</NamedMeasurement>
				<NamedMeasurement type="text/string" name="Completion Status">
					<Value>Completed</Value>
				</NamedMeasurement>
				<NamedMeasurement type="text/string" name="Command Line">
					<Value>/usr/bin/valgrind "--tool=memcheck" "--leak-check=yes" "--trace-children=no" "/work/hw-nlicea/hw2/hw2_tests/mdparser_tests/mdparser_tests" "--gtest_filter=Parsers.MDAnchorAnchor"</Value>
				</NamedMeasurement>
				<Measurement>
					<Value>==918== Memcheck, a memory error detector
==918== Copyright (C) 2002-2017, and GNU GPL'd, by Julian Seward et al.
==918== Using Valgrind-3.15.0 and LibVEX; rerun with -h for copyright info
==918== Command: /work/hw-nlicea/hw2/hw2_tests/mdparser_tests/mdparser_tests --gtest_filter=Parsers.MDAnchorAnchor
==918== 
Running main() from /build/googletest-j5yxiC/googletest-1.10.0/googletest/src/gtest_main.cc
Note: Google Test filter = Parsers.MDAnchorAnchor
[==========] Running 1 test from 1 test suite.
[----------] Global test environment set-up.
[----------] 1 test from Parsers
[ RUN      ] Parsers.MDAnchorAnchor
[       OK ] Parsers.MDAnchorAnchor (115 ms)
[----------] 1 test from Parsers (124 ms total)

[----------] Global test environment tear-down
[==========] 1 test from 1 test suite ran. (170 ms total)
[  PASSED  ] 1 test.
==918== 
==918== HEAP SUMMARY:
==918==     in use at exit: 0 bytes in 0 blocks
==918==   total heap usage: 325 allocs, 325 frees, 123,106 bytes allocated
==918== 
==918== All heap blocks were freed -- no leaks are possible
==918== 
==918== For lists of detected and suppressed errors, rerun with: -s
==918== ERROR SUMMARY: 0 errors from 0 contexts (suppressed: 0 from 0)
</Value>
				</Measurement>
			</Results>
		</Test>
		<Test Status="passed">
			<Name>Combiners.ANDCombiner</Name>
			<Path>./combiner_tests</Path>
			<FullName>./combiner_tests/Combiners.ANDCombiner</FullName>
			<FullCommandLine>/usr/bin/valgrind "--tool=memcheck" "--leak-check=yes" "--trace-children=no" "/work/hw-nlicea/hw2/hw2_tests/combiner_tests/combiner_tests" "--gtest_filter=Combiners.ANDCombiner"</FullCommandLine>
			<Results>
				<NamedMeasurement type="numeric/double" name="Execution Time">
					<Value>2.15706</Value>
				</NamedMeasurement>
				<NamedMeasurement type="numeric/double" name="Processors">
					<Value>1</Value>
				</NamedMeasurement>
				<NamedMeasurement type="text/string" name="Completion Status">
					<Value>Completed</Value>
				</NamedMeasurement>
				<NamedMeasurement type="text/string" name="Command Line">
					<Value>/usr/bin/valgrind "--tool=memcheck" "--leak-check=yes" "--trace-children=no" "/work/hw-nlicea/hw2/hw2_tests/combiner_tests/combiner_tests" "--gtest_filter=Combiners.ANDCombiner"</Value>
				</NamedMeasurement>
				<Measurement>
					<Value>==919== Memcheck, a memory error detector
==919== Copyright (C) 2002-2017, and GNU GPL'd, by Julian Seward et al.
==919== Using Valgrind-3.15.0 and LibVEX; rerun with -h for copyright info
==919== Command: /work/hw-nlicea/hw2/hw2_tests/combiner_tests/combiner_tests --gtest_filter=Combiners.ANDCombiner
==919== 
Running main() from /build/googletest-j5yxiC/googletest-1.10.0/googletest/src/gtest_main.cc
Note: Google Test filter = Combiners.ANDCombiner
[==========] Running 1 test from 1 test suite.
[----------] Global test environment set-up.
[----------] 1 test from Combiners
[ RUN      ] Combiners.ANDCombiner
[       OK ] Combiners.ANDCombiner (89 ms)
[----------] 1 test from Combiners (99 ms total)

[----------] Global test environment tear-down
[==========] 1 test from 1 test suite ran. (128 ms total)
[  PASSED  ] 1 test.
==919== 
==919== HEAP SUMMARY:
==919==     in use at exit: 0 bytes in 0 blocks
==919==   total heap usage: 259 allocs, 259 frees, 119,827 bytes allocated
==919== 
==919== All heap blocks were freed -- no leaks are possible
==919== 
==919== For lists of detected and suppressed errors, rerun with: -s
==919== ERROR SUMMARY: 0 errors from 0 contexts (suppressed: 0 from 0)
</Value>
				</Measurement>
			</Results>
		</Test>
		<Test Status="passed">
			<Name>Combiners.ORCombiner</Name>
			<Path>./combiner_tests</Path>
			<FullName>./combiner_tests/Combiners.ORCombiner</FullName>
			<FullCommandLine>/usr/bin/valgrind "--tool=memcheck" "--leak-check=yes" "--trace-children=no" "/work/hw-nlicea/hw2/hw2_tests/combiner_tests/combiner_tests" "--gtest_filter=Combiners.ORCombiner"</FullCommandLine>
			<Results>
				<NamedMeasurement type="numeric/double" name="Execution Time">
					<Value>1.94909</Value>
				</NamedMeasurement>
				<NamedMeasurement type="numeric/double" name="Processors">
					<Value>1</Value>
				</NamedMeasurement>
				<NamedMeasurement type="text/string" name="Completion Status">
					<Value>Completed</Value>
				</NamedMeasurement>
				<NamedMeasurement type="text/string" name="Command Line">
					<Value>/usr/bin/valgrind "--tool=memcheck" "--leak-check=yes" "--trace-children=no" "/work/hw-nlicea/hw2/hw2_tests/combiner_tests/combiner_tests" "--gtest_filter=Combiners.ORCombiner"</Value>
				</NamedMeasurement>
				<Measurement>
					<Value>==920== Memcheck, a memory error detector
==920== Copyright (C) 2002-2017, and GNU GPL'd, by Julian Seward et al.
==920== Using Valgrind-3.15.0 and LibVEX; rerun with -h for copyright info
==920== Command: /work/hw-nlicea/hw2/hw2_tests/combiner_tests/combiner_tests --gtest_filter=Combiners.ORCombiner
==920== 
Running main() from /build/googletest-j5yxiC/googletest-1.10.0/googletest/src/gtest_main.cc
Note: Google Test filter = Combiners.ORCombiner
[==========] Running 1 test from 1 test suite.
[----------] Global test environment set-up.
[----------] 1 test from Combiners
[ RUN      ] Combiners.ORCombiner
[       OK ] Combiners.ORCombiner (88 ms)
[----------] 1 test from Combiners (95 ms total)

[----------] Global test environment tear-down
[==========] 1 test from 1 test suite ran. (120 ms total)
[  PASSED  ] 1 test.
==920== 
==920== HEAP SUMMARY:
==920==     in use at exit: 0 bytes in 0 blocks
==920==   total heap usage: 267 allocs, 267 frees, 120,140 bytes allocated
==920== 
==920== All heap blocks were freed -- no leaks are possible
==920== 
==920== For lists of detected and suppressed errors, rerun with: -s
==920== ERROR SUMMARY: 0 errors from 0 contexts (suppressed: 0 from 0)
</Value>
				</Measurement>
			</Results>
		</Test>
		<Test Status="passed">
			<Name>Combiners.DiffCombiner</Name>
			<Path>./combiner_tests</Path>
			<FullName>./combiner_tests/Combiners.DiffCombiner</FullName>
			<FullCommandLine>/usr/bin/valgrind "--tool=memcheck" "--leak-check=yes" "--trace-children=no" "/work/hw-nlicea/hw2/hw2_tests/combiner_tests/combiner_tests" "--gtest_filter=Combiners.DiffCombiner"</FullCommandLine>
			<Results>
				<NamedMeasurement type="numeric/double" name="Execution Time">
					<Value>1.7084</Value>
				</NamedMeasurement>
				<NamedMeasurement type="numeric/double" name="Processors">
					<Value>1</Value>
				</NamedMeasurement>
				<NamedMeasurement type="text/string" name="Completion Status">
					<Value>Completed</Value>
				</NamedMeasurement>
				<NamedMeasurement type="text/string" name="Command Line">
					<Value>/usr/bin/valgrind "--tool=memcheck" "--leak-check=yes" "--trace-children=no" "/work/hw-nlicea/hw2/hw2_tests/combiner_tests/combiner_tests" "--gtest_filter=Combiners.DiffCombiner"</Value>
				</NamedMeasurement>
				<Measurement>
					<Value>==921== Memcheck, a memory error detector
==921== Copyright (C) 2002-2017, and GNU GPL'd, by Julian Seward et al.
==921== Using Valgrind-3.15.0 and LibVEX; rerun with -h for copyright info
==921== Command: /work/hw-nlicea/hw2/hw2_tests/combiner_tests/combiner_tests --gtest_filter=Combiners.DiffCombiner
==921== 
Running main() from /build/googletest-j5yxiC/googletest-1.10.0/googletest/src/gtest_main.cc
Note: Google Test filter = Combiners.DiffCombiner
[==========] Running 1 test from 1 test suite.
[----------] Global test environment set-up.
[----------] 1 test from Combiners
[ RUN      ] Combiners.DiffCombiner
[       OK ] Combiners.DiffCombiner (162 ms)
[----------] 1 test from Combiners (176 ms total)

[----------] Global test environment tear-down
[==========] 1 test from 1 test suite ran. (205 ms total)
[  PASSED  ] 1 test.
==921== 
==921== HEAP SUMMARY:
==921==     in use at exit: 0 bytes in 0 blocks
==921==   total heap usage: 263 allocs, 263 frees, 119,994 bytes allocated
==921== 
==921== All heap blocks were freed -- no leaks are possible
==921== 
==921== For lists of detected and suppressed errors, rerun with: -s
==921== ERROR SUMMARY: 0 errors from 0 contexts (suppressed: 0 from 0)
</Value>
				</Measurement>
			</Results>
		</Test>
		<Test Status="passed">
			<Name>Cmdhandlers.AndHandler</Name>
			<Path>./cmdhandler_tests</Path>
			<FullName>./cmdhandler_tests/Cmdhandlers.AndHandler</FullName>
			<FullCommandLine>/usr/bin/valgrind "--tool=memcheck" "--leak-check=yes" "--trace-children=no" "/work/hw-nlicea/hw2/hw2_tests/cmdhandler_tests/cmdhandler_tests" "--gtest_filter=Cmdhandlers.AndHandler"</FullCommandLine>
			<Results>
				<NamedMeasurement type="numeric/double" name="Execution Time">
					<Value>1.93227</Value>
				</NamedMeasurement>
				<NamedMeasurement type="numeric/double" name="Processors">
					<Value>1</Value>
				</NamedMeasurement>
				<NamedMeasurement type="text/string" name="Completion Status">
					<Value>Completed</Value>
				</NamedMeasurement>
				<NamedMeasurement type="text/string" name="Command Line">
					<Value>/usr/bin/valgrind "--tool=memcheck" "--leak-check=yes" "--trace-children=no" "/work/hw-nlicea/hw2/hw2_tests/cmdhandler_tests/cmdhandler_tests" "--gtest_filter=Cmdhandlers.AndHandler"</Value>
				</NamedMeasurement>
				<Measurement>
					<Value>==922== Memcheck, a memory error detector
==922== Copyright (C) 2002-2017, and GNU GPL'd, by Julian Seward et al.
==922== Using Valgrind-3.15.0 and LibVEX; rerun with -h for copyright info
==922== Command: /work/hw-nlicea/hw2/hw2_tests/cmdhandler_tests/cmdhandler_tests --gtest_filter=Cmdhandlers.AndHandler
==922== 
Running main() from /build/googletest-j5yxiC/googletest-1.10.0/googletest/src/gtest_main.cc
Note: Google Test filter = Cmdhandlers.AndHandler
[==========] Running 1 test from 1 test suite.
[----------] Global test environment set-up.
[----------] 1 test from Cmdhandlers
[ RUN      ] Cmdhandlers.AndHandler
Unrecognized command
0
[       OK ] Cmdhandlers.AndHandler (49 ms)
[----------] 1 test from Cmdhandlers (57 ms total)

[----------] Global test environment tear-down
[==========] 1 test from 1 test suite ran. (82 ms total)
[  PASSED  ] 1 test.
==922== 
==922== HEAP SUMMARY:
==922==     in use at exit: 0 bytes in 0 blocks
==922==   total heap usage: 225 allocs, 225 frees, 117,890 bytes allocated
==922== 
==922== All heap blocks were freed -- no leaks are possible
==922== 
==922== For lists of detected and suppressed errors, rerun with: -s
==922== ERROR SUMMARY: 0 errors from 0 contexts (suppressed: 0 from 0)
</Value>
				</Measurement>
			</Results>
		</Test>
		<Test Status="passed">
			<Name>Cmdhandlers.OrHandler</Name>
			<Path>./cmdhandler_tests</Path>
			<FullName>./cmdhandler_tests/Cmdhandlers.OrHandler</FullName>
			<FullCommandLine>/usr/bin/valgrind "--tool=memcheck" "--leak-check=yes" "--trace-children=no" "/work/hw-nlicea/hw2/hw2_tests/cmdhandler_tests/cmdhandler_tests" "--gtest_filter=Cmdhandlers.OrHandler"</FullCommandLine>
			<Results>
				<NamedMeasurement type="numeric/double" name="Execution Time">
					<Value>1.78662</Value>
				</NamedMeasurement>
				<NamedMeasurement type="numeric/double" name="Processors">
					<Value>1</Value>
				</NamedMeasurement>
				<NamedMeasurement type="text/string" name="Completion Status">
					<Value>Completed</Value>
				</NamedMeasurement>
				<NamedMeasurement type="text/string" name="Command Line">
					<Value>/usr/bin/valgrind "--tool=memcheck" "--leak-check=yes" "--trace-children=no" "/work/hw-nlicea/hw2/hw2_tests/cmdhandler_tests/cmdhandler_tests" "--gtest_filter=Cmdhandlers.OrHandler"</Value>
				</NamedMeasurement>
				<Measurement>
					<Value>==923== Memcheck, a memory error detector
==923== Copyright (C) 2002-2017, and GNU GPL'd, by Julian Seward et al.
==923== Using Valgrind-3.15.0 and LibVEX; rerun with -h for copyright info
==923== Command: /work/hw-nlicea/hw2/hw2_tests/cmdhandler_tests/cmdhandler_tests --gtest_filter=Cmdhandlers.OrHandler
==923== 
Running main() from /build/googletest-j5yxiC/googletest-1.10.0/googletest/src/gtest_main.cc
Note: Google Test filter = Cmdhandlers.OrHandler
[==========] Running 1 test from 1 test suite.
[----------] Global test environment set-up.
[----------] 1 test from Cmdhandlers
[ RUN      ] Cmdhandlers.OrHandler
0
Unrecognized command
[       OK ] Cmdhandlers.OrHandler (35 ms)
[----------] 1 test from Cmdhandlers (42 ms total)

[----------] Global test environment tear-down
[==========] 1 test from 1 test suite ran. (69 ms total)
[  PASSED  ] 1 test.
==923== 
==923== HEAP SUMMARY:
==923==     in use at exit: 0 bytes in 0 blocks
==923==   total heap usage: 222 allocs, 222 frees, 117,659 bytes allocated
==923== 
==923== All heap blocks were freed -- no leaks are possible
==923== 
==923== For lists of detected and suppressed errors, rerun with: -s
==923== ERROR SUMMARY: 0 errors from 0 contexts (suppressed: 0 from 0)
</Value>
				</Measurement>
			</Results>
		</Test>
		<Test Status="passed">
			<Name>Cmdhandlers.DiffHandler</Name>
			<Path>./cmdhandler_tests</Path>
			<FullName>./cmdhandler_tests/Cmdhandlers.DiffHandler</FullName>
			<FullCommandLine>/usr/bin/valgrind "--tool=memcheck" "--leak-check=yes" "--trace-children=no" "/work/hw-nlicea/hw2/hw2_tests/cmdhandler_tests/cmdhandler_tests" "--gtest_filter=Cmdhandlers.DiffHandler"</FullCommandLine>
			<Results>
				<NamedMeasurement type="numeric/double" name="Execution Time">
					<Value>1.63039</Value>
				</NamedMeasurement>
				<NamedMeasurement type="numeric/double" name="Processors">
					<Value>1</Value>
				</NamedMeasurement>
				<NamedMeasurement type="text/string" name="Completion Status">
					<Value>Completed</Value>
				</NamedMeasurement>
				<NamedMeasurement type="text/string" name="Command Line">
					<Value>/usr/bin/valgrind "--tool=memcheck" "--leak-check=yes" "--trace-children=no" "/work/hw-nlicea/hw2/hw2_tests/cmdhandler_tests/cmdhandler_tests" "--gtest_filter=Cmdhandlers.DiffHandler"</Value>
				</NamedMeasurement>
				<Measurement>
					<Value>==924== Memcheck, a memory error detector
==924== Copyright (C) 2002-2017, and GNU GPL'd, by Julian Seward et al.
==924== Using Valgrind-3.15.0 and LibVEX; rerun with -h for copyright info
==924== Command: /work/hw-nlicea/hw2/hw2_tests/cmdhandler_tests/cmdhandler_tests --gtest_filter=Cmdhandlers.DiffHandler
==924== 
Running main() from /build/googletest-j5yxiC/googletest-1.10.0/googletest/src/gtest_main.cc
Note: Google Test filter = Cmdhandlers.DiffHandler
[==========] Running 1 test from 1 test suite.
[----------] Global test environment set-up.
[----------] 1 test from Cmdhandlers
[ RUN      ] Cmdhandlers.DiffHandler
0
Unrecognized command
[       OK ] Cmdhandlers.DiffHandler (33 ms)
[----------] 1 test from Cmdhandlers (40 ms total)

[----------] Global test environment tear-down
[==========] 1 test from 1 test suite ran. (65 ms total)
[  PASSED  ] 1 test.
==924== 
==924== HEAP SUMMARY:
==924==     in use at exit: 0 bytes in 0 blocks
==924==   total heap usage: 222 allocs, 222 frees, 117,673 bytes allocated
==924== 
==924== All heap blocks were freed -- no leaks are possible
==924== 
==924== For lists of detected and suppressed errors, rerun with: -s
==924== ERROR SUMMARY: 0 errors from 0 contexts (suppressed: 0 from 0)
</Value>
				</Measurement>
			</Results>
		</Test>
		<Test Status="passed">
			<Name>Cmdhandlers.IncomingHandler</Name>
			<Path>./cmdhandler_tests</Path>
			<FullName>./cmdhandler_tests/Cmdhandlers.IncomingHandler</FullName>
			<FullCommandLine>/usr/bin/valgrind "--tool=memcheck" "--leak-check=yes" "--trace-children=no" "/work/hw-nlicea/hw2/hw2_tests/cmdhandler_tests/cmdhandler_tests" "--gtest_filter=Cmdhandlers.IncomingHandler"</FullCommandLine>
			<Results>
				<NamedMeasurement type="numeric/double" name="Execution Time">
					<Value>1.75036</Value>
				</NamedMeasurement>
				<NamedMeasurement type="numeric/double" name="Processors">
					<Value>1</Value>
				</NamedMeasurement>
				<NamedMeasurement type="text/string" name="Completion Status">
					<Value>Completed</Value>
				</NamedMeasurement>
				<NamedMeasurement type="text/string" name="Command Line">
					<Value>/usr/bin/valgrind "--tool=memcheck" "--leak-check=yes" "--trace-children=no" "/work/hw-nlicea/hw2/hw2_tests/cmdhandler_tests/cmdhandler_tests" "--gtest_filter=Cmdhandlers.IncomingHandler"</Value>
				</NamedMeasurement>
				<Measurement>
					<Value>==925== Memcheck, a memory error detector
==925== Copyright (C) 2002-2017, and GNU GPL'd, by Julian Seward et al.
==925== Using Valgrind-3.15.0 and LibVEX; rerun with -h for copyright info
==925== Command: /work/hw-nlicea/hw2/hw2_tests/cmdhandler_tests/cmdhandler_tests --gtest_filter=Cmdhandlers.IncomingHandler
==925== 
Running main() from /build/googletest-j5yxiC/googletest-1.10.0/googletest/src/gtest_main.cc
Note: Google Test filter = Cmdhandlers.IncomingHandler
[==========] Running 1 test from 1 test suite.
[----------] Global test environment set-up.
[----------] 1 test from Cmdhandlers
[ RUN      ] Cmdhandlers.IncomingHandler
1
test-small/pgb.md
Unrecognized command
[       OK ] Cmdhandlers.IncomingHandler (325 ms)
[----------] 1 test from Cmdhandlers (334 ms total)

[----------] Global test environment tear-down
[==========] 1 test from 1 test suite ran. (363 ms total)
[  PASSED  ] 1 test.
==925== 
==925== HEAP SUMMARY:
==925==     in use at exit: 0 bytes in 0 blocks
==925==   total heap usage: 640 allocs, 640 frees, 218,623 bytes allocated
==925== 
==925== All heap blocks were freed -- no leaks are possible
==925== 
==925== For lists of detected and suppressed errors, rerun with: -s
==925== ERROR SUMMARY: 0 errors from 0 contexts (suppressed: 0 from 0)
</Value>
				</Measurement>
			</Results>
		</Test>
		<Test Status="passed">
			<Name>Cmdhandlers.OutgoingHandler</Name>
			<Path>./cmdhandler_tests</Path>
			<FullName>./cmdhandler_tests/Cmdhandlers.OutgoingHandler</FullName>
			<FullCommandLine>/usr/bin/valgrind "--tool=memcheck" "--leak-check=yes" "--trace-children=no" "/work/hw-nlicea/hw2/hw2_tests/cmdhandler_tests/cmdhandler_tests" "--gtest_filter=Cmdhandlers.OutgoingHandler"</FullCommandLine>
			<Results>
				<NamedMeasurement type="numeric/double" name="Execution Time">
					<Value>2.07561</Value>
				</NamedMeasurement>
				<NamedMeasurement type="numeric/double" name="Processors">
					<Value>1</Value>
				</NamedMeasurement>
				<NamedMeasurement type="text/string" name="Completion Status">
					<Value>Completed</Value>
				</NamedMeasurement>
				<NamedMeasurement type="text/string" name="Command Line">
					<Value>/usr/bin/valgrind "--tool=memcheck" "--leak-check=yes" "--trace-children=no" "/work/hw-nlicea/hw2/hw2_tests/cmdhandler_tests/cmdhandler_tests" "--gtest_filter=Cmdhandlers.OutgoingHandler"</Value>
				</NamedMeasurement>
				<Measurement>
					<Value>==926== Memcheck, a memory error detector
==926== Copyright (C) 2002-2017, and GNU GPL'd, by Julian Seward et al.
==926== Using Valgrind-3.15.0 and LibVEX; rerun with -h for copyright info
==926== Command: /work/hw-nlicea/hw2/hw2_tests/cmdhandler_tests/cmdhandler_tests --gtest_filter=Cmdhandlers.OutgoingHandler
==926== 
Running main() from /build/googletest-j5yxiC/googletest-1.10.0/googletest/src/gtest_main.cc
Note: Google Test filter = Cmdhandlers.OutgoingHandler
[==========] Running 1 test from 1 test suite.
[----------] Global test environment set-up.
[----------] 1 test from Cmdhandlers
[ RUN      ] Cmdhandlers.OutgoingHandler
0
Unrecognized command
[       OK ] Cmdhandlers.OutgoingHandler (349 ms)
[----------] 1 test from Cmdhandlers (360 ms total)

[----------] Global test environment tear-down
[==========] 1 test from 1 test suite ran. (414 ms total)
[  PASSED  ] 1 test.
==926== 
==926== HEAP SUMMARY:
==926==     in use at exit: 0 bytes in 0 blocks
==926==   total heap usage: 641 allocs, 641 frees, 218,644 bytes allocated
==926== 
==926== All heap blocks were freed -- no leaks are possible
==926== 
==926== For lists of detected and suppressed errors, rerun with: -s
==926== ERROR SUMMARY: 0 errors from 0 contexts (suppressed: 0 from 0)
</Value>
				</Measurement>
			</Results>
		</Test>
		<Test Status="passed">
			<Name>SearchShell.Query1</Name>
			<Path>./shell_tests</Path>
			<FullName>./shell_tests/SearchShell.Query1</FullName>
			<FullCommandLine>/work/hw-nlicea/hw2/hw2_tests/shell_tests/shell_tests "--gtest_filter=SearchShell.Query1"</FullCommandLine>
			<Results>
				<NamedMeasurement type="numeric/double" name="Execution Time">
					<Value>0.142058</Value>
				</NamedMeasurement>
				<NamedMeasurement type="numeric/double" name="Processors">
					<Value>1</Value>
				</NamedMeasurement>
				<NamedMeasurement type="text/string" name="Completion Status">
					<Value>Completed</Value>
				</NamedMeasurement>
				<NamedMeasurement type="text/string" name="Command Line">
					<Value>/work/hw-nlicea/hw2/hw2_tests/shell_tests/shell_tests "--gtest_filter=SearchShell.Query1"</Value>
				</NamedMeasurement>
				<Measurement>
					<Value>Running main() from /build/googletest-j5yxiC/googletest-1.10.0/googletest/src/gtest_main.cc
Note: Google Test filter = SearchShell.Query1
[==========] Running 1 test from 1 test suite.
[----------] Global test environment set-up.
[----------] 1 test from SearchShell
[ RUN      ] SearchShell.Query1
Current working directory: /work/hw-nlicea/hw2/hw2_tests/shell_tests
Student hw directory: /work/hw-nlicea/hw2
Attempting to compare ./shell-query1.out to ./test-small/shell-query1.in
[       OK ] SearchShell.Query1 (98 ms)
[----------] 1 test from SearchShell (98 ms total)

[----------] Global test environment tear-down
[==========] 1 test from 1 test suite ran. (98 ms total)
[  PASSED  ] 1 test.
</Value>
				</Measurement>
			</Results>
		</Test>
		<Test Status="failed">
			<Name>SearchShell.Query2</Name>
			<Path>./shell_tests</Path>
			<FullName>./shell_tests/SearchShell.Query2</FullName>
			<FullCommandLine>/work/hw-nlicea/hw2/hw2_tests/shell_tests/shell_tests "--gtest_filter=SearchShell.Query2"</FullCommandLine>
			<Results>
				<NamedMeasurement type="text/string" name="Exit Code">
					<Value>Failed</Value>
				</NamedMeasurement>
				<NamedMeasurement type="text/string" name="Exit Value">
					<Value>1</Value>
				</NamedMeasurement>
				<NamedMeasurement type="numeric/double" name="Execution Time">
					<Value>0.147567</Value>
				</NamedMeasurement>
				<NamedMeasurement type="numeric/double" name="Processors">
					<Value>1</Value>
				</NamedMeasurement>
				<NamedMeasurement type="text/string" name="Completion Status">
					<Value>Completed</Value>
				</NamedMeasurement>
				<NamedMeasurement type="text/string" name="Command Line">
					<Value>/work/hw-nlicea/hw2/hw2_tests/shell_tests/shell_tests "--gtest_filter=SearchShell.Query2"</Value>
				</NamedMeasurement>
				<Measurement>
					<Value>Running main() from /build/googletest-j5yxiC/googletest-1.10.0/googletest/src/gtest_main.cc
Note: Google Test filter = SearchShell.Query2
[==========] Running 1 test from 1 test suite.
[----------] Global test environment set-up.
[----------] 1 test from SearchShell
[ RUN      ] SearchShell.Query2
Current working directory: /work/hw-nlicea/hw2/hw2_tests/shell_tests
Student hw directory: /work/hw-nlicea/hw2
Attempting to compare ./shell-query2.out to ./test-small/shell-query2.in
/work/hw-nlicea/hw2/hw2_tests/shell_tests/shell_tests.cpp:64: Failure
Value of: res
  Actual: false (output files do not match)
Expected: true
[  FAILED  ] SearchShell.Query2 (88 ms)
[----------] 1 test from SearchShell (88 ms total)

[----------] Global test environment tear-down
[==========] 1 test from 1 test suite ran. (88 ms total)
[  PASSED  ] 0 tests.
[  FAILED  ] 1 test, listed below:
[  FAILED  ] SearchShell.Query2

 1 FAILED TEST
</Value>
				</Measurement>
			</Results>
		</Test>
		<Test Status="passed">
			<Name>SearchShell.Query3</Name>
			<Path>./shell_tests</Path>
			<FullName>./shell_tests/SearchShell.Query3</FullName>
			<FullCommandLine>/work/hw-nlicea/hw2/hw2_tests/shell_tests/shell_tests "--gtest_filter=SearchShell.Query3"</FullCommandLine>
			<Results>
				<NamedMeasurement type="numeric/double" name="Execution Time">
					<Value>0.150581</Value>
				</NamedMeasurement>
				<NamedMeasurement type="numeric/double" name="Processors">
					<Value>1</Value>
				</NamedMeasurement>
				<NamedMeasurement type="text/string" name="Completion Status">
					<Value>Completed</Value>
				</NamedMeasurement>
				<NamedMeasurement type="text/string" name="Command Line">
					<Value>/work/hw-nlicea/hw2/hw2_tests/shell_tests/shell_tests "--gtest_filter=SearchShell.Query3"</Value>
				</NamedMeasurement>
				<Measurement>
					<Value>Running main() from /build/googletest-j5yxiC/googletest-1.10.0/googletest/src/gtest_main.cc
Note: Google Test filter = SearchShell.Query3
[==========] Running 1 test from 1 test suite.
[----------] Global test environment set-up.
[----------] 1 test from SearchShell
[ RUN      ] SearchShell.Query3
Current working directory: /work/hw-nlicea/hw2/hw2_tests/shell_tests
Student hw directory: /work/hw-nlicea/hw2
Attempting to compare ./shell-query3.out to ./test-small/shell-query3.in
[       OK ] SearchShell.Query3 (95 ms)
[----------] 1 test from SearchShell (95 ms total)

[----------] Global test environment tear-down
[==========] 1 test from 1 test suite ran. (95 ms total)
[  PASSED  ] 1 test.
</Value>
				</Measurement>
			</Results>
		</Test>
		<EndDateTime>Apr 20 21:01 UTC</EndDateTime>
		<EndTestTime>1650488462</EndTestTime>
		<ElapsedMinutes>0</ElapsedMinutes>
	</Testing>
</Site>
